[2023-11-22 05:06:52,455] [builder.py:193]            [INFO]     |====================================================================================================|
[2023-11-22 05:06:52,455] [builder.py:193]            [INFO]     |                                   Jack Ryan Collection in Movies                                   |
[2023-11-22 05:06:52,456] [builder.py:193]            [INFO]     |====================================================================================================|
[2023-11-22 05:06:52,456] [builder.py:194]            [INFO]     |                                                                                                    |
[2023-11-22 05:06:52,456] [builder.py:205]            [INFO]     |================================ Building Definition From Templates ================================|
[2023-11-22 05:06:52,456] [builder.py:206]            [DEBUG]    |                                                                                                    |
[2023-11-22 05:06:52,456] [builder.py:216]            [DEBUG]    | Templates Called: Franchise                                                                        |
[2023-11-22 05:06:52,456] [builder.py:217]            [DEBUG]    |                                                                                                    |
[2023-11-22 05:06:52,457] [meta.py:550]               [DEBUG]    |==================================== Final Template Attributes =====================================|
[2023-11-22 05:06:52,457] [meta.py:551]               [DEBUG]    |                                                                                                    |
[2023-11-22 05:06:52,457] [meta.py:552]               [DEBUG]    | {'url_poster': 'https://theposterdb.com/api/assets/150542', 'sort_title': '++++_Jack Ryan', 'collection_mode': 'hide', 'collection_order': 'release', 'delete_not_scheduled': True, 'run_again': True, 'visible_home': False, 'visible_shared': False, 'sync_mode': 'sync'} |
[2023-11-22 05:06:52,457] [meta.py:553]               [DEBUG]    |                                                                                                    |
[2023-11-22 05:06:52,457] [builder.py:233]            [INFO]     |================================= Validating Jack Ryan Attributes ==================================|
[2023-11-22 05:06:52,537] [builder.py:500]            [DEBUG]    |                                                                                                    |
[2023-11-22 05:06:52,537] [builder.py:501]            [DEBUG]    | Validating Method: delete_not_scheduled                                                            |
[2023-11-22 05:06:52,537] [builder.py:502]            [DEBUG]    | Value: True                                                                                        |
[2023-11-22 05:06:52,537] [builder.py:558]            [DEBUG]    |                                                                                                    |
[2023-11-22 05:06:52,537] [builder.py:559]            [DEBUG]    | Validating Method: run_again                                                                       |
[2023-11-22 05:06:52,537] [builder.py:560]            [DEBUG]    | Value: True                                                                                        |
[2023-11-22 05:06:52,538] [builder.py:579]            [DEBUG]    |                                                                                                    |
[2023-11-22 05:06:52,538] [builder.py:580]            [DEBUG]    | Validating Method: sync_mode                                                                       |
[2023-11-22 05:06:52,538] [builder.py:584]            [DEBUG]    | Value: sync                                                                                        |
[2023-11-22 05:06:52,538] [builder.py:682]            [DEBUG]    |                                                                                                    |
[2023-11-22 05:06:52,538] [builder.py:683]            [DEBUG]    | Validating Method: collection_order                                                                |
[2023-11-22 05:06:52,538] [builder.py:684]            [DEBUG]    | Value: release                                                                                     |
[2023-11-22 05:06:52,538] [builder.py:715]            [DEBUG]    |                                                                                                    |
[2023-11-22 05:06:52,538] [builder.py:719]            [DEBUG]    | Validating Method: trakt_list                                                                      |
[2023-11-22 05:06:52,538] [builder.py:720]            [DEBUG]    | Value: https://trakt.tv/users/magalop/lists/jack-ryan?sort=released,desc                           |
[2023-11-22 05:06:52,656] [builder.py:715]            [DEBUG]    |                                                                                                    |
[2023-11-22 05:06:52,656] [builder.py:719]            [DEBUG]    | Validating Method: summary                                                                         |
[2023-11-22 05:06:52,656] [builder.py:720]            [DEBUG]    | Value: A collection of independent movies that do not need to be watched in order all featuring John Patrick "Jack" Ryan, a fictional character created by Tom Clancy. |
[2023-11-22 05:06:52,656] [builder.py:715]            [DEBUG]    |                                                                                                    |
[2023-11-22 05:06:52,656] [builder.py:719]            [DEBUG]    | Validating Method: url_poster                                                                      |
[2023-11-22 05:06:52,656] [builder.py:720]            [DEBUG]    | Value: https://theposterdb.com/api/assets/150542                                                   |
[2023-11-22 05:06:53,188] [builder.py:715]            [DEBUG]    |                                                                                                    |
[2023-11-22 05:06:53,188] [builder.py:719]            [DEBUG]    | Validating Method: sort_title                                                                      |
[2023-11-22 05:06:53,189] [builder.py:720]            [DEBUG]    | Value: ++++_Jack Ryan                                                                              |
[2023-11-22 05:06:53,189] [builder.py:715]            [DEBUG]    |                                                                                                    |
[2023-11-22 05:06:53,189] [builder.py:719]            [DEBUG]    | Validating Method: collection_mode                                                                 |
[2023-11-22 05:06:53,189] [builder.py:720]            [DEBUG]    | Value: hide                                                                                        |
[2023-11-22 05:06:53,189] [builder.py:715]            [DEBUG]    |                                                                                                    |
[2023-11-22 05:06:53,189] [builder.py:719]            [DEBUG]    | Validating Method: visible_home                                                                    |
[2023-11-22 05:06:53,189] [builder.py:720]            [DEBUG]    | Value: False                                                                                       |
[2023-11-22 05:06:53,189] [builder.py:715]            [DEBUG]    |                                                                                                    |
[2023-11-22 05:06:53,189] [builder.py:719]            [DEBUG]    | Validating Method: visible_shared                                                                  |
[2023-11-22 05:06:53,189] [builder.py:720]            [DEBUG]    | Value: False                                                                                       |
[2023-11-22 05:06:53,189] [builder.py:885]            [INFO]     |                                                                                                    |
[2023-11-22 05:06:53,190] [builder.py:886]            [INFO]     | Validation Successful                                                                              |
[2023-11-22 05:06:53,190] [plex_meta_manager.py:636]  [INFO]     |                                                                                                    |
[2023-11-22 05:06:53,190] [plex_meta_manager.py:638]  [INFO]     |=================================== Running Jack Ryan Collection ===================================|
[2023-11-22 05:06:53,190] [plex_meta_manager.py:652]  [INFO]     |                                                                                                    |
[2023-11-22 05:06:53,190] [plex_meta_manager.py:653]  [INFO]     | Sync Mode: sync                                                                                    |
[2023-11-22 05:06:53,190] [plex_meta_manager.py:656]  [DEBUG]    |                                                                                                    |
[2023-11-22 05:06:53,190] [plex_meta_manager.py:657]  [DEBUG]    | Builder: trakt_list: https://trakt.tv/users/magalop/lists/jack-ryan?sort=released,desc             |
[2023-11-22 05:06:53,190] [plex_meta_manager.py:658]  [INFO]     |                                                                                                    |
[2023-11-22 05:06:53,190] [trakt.py:493]              [INFO]     | Processing Trakt List: https://trakt.tv/users/magalop/lists/jack-ryan?sort=released,desc           |
[2023-11-22 05:06:53,313] [builder.py:1665]           [DEBUG]    |                                                                                                    |
[2023-11-22 05:06:53,313] [builder.py:1666]           [DEBUG]    | 5 IDs Found                                                                                        |
[2023-11-22 05:06:53,313] [builder.py:1668]           [DEBUG]    |                                                                                                    |
[2023-11-22 05:06:53,313] [builder.py:2249]           [INFO]     |                                                                                                    |
[2023-11-22 05:06:53,313] [builder.py:2250]           [INFO]     |================================== Adding to Jack Ryan Collection ==================================|
[2023-11-22 05:06:53,313] [builder.py:2251]           [INFO]     |                                                                                                    |
[2023-11-22 05:06:53,313] [builder.py:2265]           [INFO]     | 1/4 | Jack Ryan Collection | = | The Hunt for Red October (1990)                                   |
[2023-11-22 05:06:53,313] [builder.py:2265]           [INFO]     | 2/4 | Jack Ryan Collection | = | Patriot Games (1992)                                              |
[2023-11-22 05:06:53,313] [builder.py:2265]           [INFO]     | 3/4 | Jack Ryan Collection | = | Clear and Present Danger (1994)                                   |
[2023-11-22 05:06:53,314] [builder.py:2265]           [INFO]     | 4/4 | Jack Ryan Collection | = | The Sum of All Fears (2002)                                       |
[2023-11-22 05:06:53,314] [builder.py:2285]           [INFO]     |                                                                                                    |
[2023-11-22 05:06:53,314] [builder.py:2287]           [INFO]     | 4 Movies Processed 0 Movies Added                                                                  |
[2023-11-22 05:06:53,317] [builder.py:2422]           [INFO]     |                                                                                                    |
[2023-11-22 05:06:53,317] [builder.py:2423]           [INFO]     | 1 Movie Missing                                                                                    |
[2023-11-22 05:06:54,068] [builder.py:2623]           [INFO]     |                                                                                                    |
[2023-11-22 05:06:54,068] [builder.py:2624]           [INFO]     |============================= Updating Details of Jack Ryan Collection =============================|
[2023-11-22 05:06:54,068] [builder.py:2625]           [INFO]     |                                                                                                    |
[2023-11-22 05:06:54,073] [builder.py:2689]           [INFO]     | Collection Metadata Edits                                                                          |
[2023-11-22 05:06:54,076] [util.py:178]               [DEBUG]    | 2 posters found:                                                                                   |
[2023-11-22 05:06:54,076] [util.py:180]               [DEBUG]    | Method: url_poster Poster: https://theposterdb.com/api/assets/150542                               |
[2023-11-22 05:06:54,076] [util.py:180]               [DEBUG]    | Method: asset_directory Poster: {'attribute': 'asset_directory', 'location': '//config/assets/movies/Jack Ryan/poster.jpg', 'prefix': "Jack Ryan's ", 'is_poster': True, 'is_url': False, 'compare': 834853, 'message': "Jack Ryan's poster to [File] //config/assets/movies/Jack Ryan/poster.jpg"} |
[2023-11-22 05:06:54,076] [library.py:177]            [INFO]     | Detail: Jack Ryan's poster update not needed                                                       |
[2023-11-22 05:06:54,153] [plex_meta_manager.py:780]  [INFO]     |                                                                                                    |
[2023-11-22 05:06:54,153] [plex_meta_manager.py:781]  [INFO]     |====================================================================================================|
[2023-11-22 05:06:54,154] [plex_meta_manager.py:781]  [INFO]     |                                   Finished Jack Ryan Collection                                    |
[2023-11-22 05:06:54,154] [plex_meta_manager.py:781]  [INFO]     |                                    Collection Run Time: 0:00:01                                    |
[2023-11-22 05:06:54,154] [plex_meta_manager.py:781]  [INFO]     |====================================================================================================|
