[2023-11-22 05:07:38,300] [builder.py:193]            [INFO]     |====================================================================================================|
[2023-11-22 05:07:38,300] [builder.py:193]            [INFO]     |                                   Christmas Collection in Movies                                   |
[2023-11-22 05:07:38,300] [builder.py:193]            [INFO]     |====================================================================================================|
[2023-11-22 05:07:38,300] [builder.py:194]            [INFO]     |                                                                                                    |
[2023-11-22 05:07:38,300] [builder.py:205]            [INFO]     |================================ Building Definition From Templates ================================|
[2023-11-22 05:07:38,300] [builder.py:206]            [DEBUG]    |                                                                                                    |
[2023-11-22 05:07:38,300] [builder.py:216]            [DEBUG]    | Templates Called: Holiday                                                                          |
[2023-11-22 05:07:38,300] [builder.py:217]            [DEBUG]    |                                                                                                    |
[2023-11-22 05:07:38,301] [meta.py:550]               [DEBUG]    |==================================== Final Template Attributes =====================================|
[2023-11-22 05:07:38,301] [meta.py:551]               [DEBUG]    |                                                                                                    |
[2023-11-22 05:07:38,301] [meta.py:552]               [DEBUG]    | {'sort_title': 'Christmas', 'url_poster': 'https://theposterdb.com/api/assets/212635', 'collection_order': 'release.desc', 'schedule': 'daily', 'delete_not_scheduled': False, 'run_again': True, 'sync_mode': 'sync'} |
[2023-11-22 05:07:38,301] [meta.py:553]               [DEBUG]    |                                                                                                    |
[2023-11-22 05:07:38,301] [builder.py:233]            [INFO]     |================================= Validating Christmas Attributes ==================================|
[2023-11-22 05:07:38,501] [builder.py:500]            [DEBUG]    |                                                                                                    |
[2023-11-22 05:07:38,501] [builder.py:501]            [DEBUG]    | Validating Method: delete_not_scheduled                                                            |
[2023-11-22 05:07:38,501] [builder.py:502]            [DEBUG]    | Value: False                                                                                       |
[2023-11-22 05:07:38,502] [builder.py:519]            [DEBUG]    |                                                                                                    |
[2023-11-22 05:07:38,502] [builder.py:520]            [DEBUG]    | Validating Method: schedule                                                                        |
[2023-11-22 05:07:38,502] [builder.py:524]            [DEBUG]    | Value: daily                                                                                       |
[2023-11-22 05:07:38,502] [builder.py:558]            [DEBUG]    |                                                                                                    |
[2023-11-22 05:07:38,502] [builder.py:559]            [DEBUG]    | Validating Method: run_again                                                                       |
[2023-11-22 05:07:38,502] [builder.py:560]            [DEBUG]    | Value: True                                                                                        |
[2023-11-22 05:07:38,502] [builder.py:579]            [DEBUG]    |                                                                                                    |
[2023-11-22 05:07:38,502] [builder.py:580]            [DEBUG]    | Validating Method: sync_mode                                                                       |
[2023-11-22 05:07:38,502] [builder.py:584]            [DEBUG]    | Value: sync                                                                                        |
[2023-11-22 05:07:38,502] [builder.py:682]            [DEBUG]    |                                                                                                    |
[2023-11-22 05:07:38,502] [builder.py:683]            [DEBUG]    | Validating Method: collection_order                                                                |
[2023-11-22 05:07:38,502] [builder.py:684]            [DEBUG]    | Value: release.desc                                                                                |
[2023-11-22 05:07:38,503] [builder.py:715]            [DEBUG]    |                                                                                                    |
[2023-11-22 05:07:38,503] [builder.py:719]            [DEBUG]    | Validating Method: visible_home                                                                    |
[2023-11-22 05:07:38,503] [builder.py:720]            [DEBUG]    | Value: range(12/01-12/31)                                                                          |
[2023-11-22 05:07:38,503] [builder.py:715]            [DEBUG]    |                                                                                                    |
[2023-11-22 05:07:38,504] [builder.py:719]            [DEBUG]    | Validating Method: visible_shared                                                                  |
[2023-11-22 05:07:38,504] [builder.py:720]            [DEBUG]    | Value: range(12/01-12/31)                                                                          |
[2023-11-22 05:07:38,504] [builder.py:715]            [DEBUG]    |                                                                                                    |
[2023-11-22 05:07:38,504] [builder.py:719]            [DEBUG]    | Validating Method: trakt_list                                                                      |
[2023-11-22 05:07:38,504] [builder.py:720]            [DEBUG]    | Value: ['https://trakt.tv/users/jjjonesjr33/lists/christmas', 'https://trakt.tv/users/jjjonesjr33/lists/christmas-static-list'] |
[2023-11-22 05:07:39,069] [builder.py:715]            [DEBUG]    |                                                                                                    |
[2023-11-22 05:07:39,069] [builder.py:719]            [DEBUG]    | Validating Method: summary                                                                         |
[2023-11-22 05:07:39,069] [builder.py:720]            [DEBUG]    | Value: This collection revolves around the plot involving Christmas.                               |
[2023-11-22 05:07:39,069] [builder.py:715]            [DEBUG]    |                                                                                                    |
[2023-11-22 05:07:39,069] [builder.py:719]            [DEBUG]    | Validating Method: sort_title                                                                      |
[2023-11-22 05:07:39,069] [builder.py:720]            [DEBUG]    | Value: Christmas                                                                                   |
[2023-11-22 05:07:39,069] [builder.py:715]            [DEBUG]    |                                                                                                    |
[2023-11-22 05:07:39,070] [builder.py:719]            [DEBUG]    | Validating Method: url_poster                                                                      |
[2023-11-22 05:07:39,070] [builder.py:720]            [DEBUG]    | Value: https://theposterdb.com/api/assets/212635                                                   |
[2023-11-22 05:07:39,589] [builder.py:885]            [INFO]     |                                                                                                    |
[2023-11-22 05:07:39,589] [builder.py:886]            [INFO]     | Validation Successful                                                                              |
[2023-11-22 05:07:39,589] [plex_meta_manager.py:636]  [INFO]     |                                                                                                    |
[2023-11-22 05:07:39,589] [plex_meta_manager.py:638]  [INFO]     |=================================== Running Christmas Collection ===================================|
[2023-11-22 05:07:39,589] [plex_meta_manager.py:652]  [INFO]     |                                                                                                    |
[2023-11-22 05:07:39,589] [plex_meta_manager.py:653]  [INFO]     | Sync Mode: sync                                                                                    |
[2023-11-22 05:07:39,589] [plex_meta_manager.py:656]  [DEBUG]    |                                                                                                    |
[2023-11-22 05:07:39,589] [plex_meta_manager.py:657]  [DEBUG]    | Builder: trakt_list: https://trakt.tv/users/jjjonesjr33/lists/christmas                            |
[2023-11-22 05:07:39,589] [plex_meta_manager.py:658]  [INFO]     |                                                                                                    |
[2023-11-22 05:07:39,589] [trakt.py:493]              [INFO]     | Processing Trakt List: https://trakt.tv/users/jjjonesjr33/lists/christmas                          |
[2023-11-22 05:07:39,841] [builder.py:1665]           [DEBUG]    |                                                                                                    |
[2023-11-22 05:07:39,841] [builder.py:1666]           [DEBUG]    | 605 IDs Found                                                                                      |
[2023-11-22 05:07:39,841] [builder.py:1668]           [DEBUG]    |                                                                                                    |
[2023-11-22 05:07:39,845] [plex_meta_manager.py:656]  [DEBUG]    |                                                                                                    |
[2023-11-22 05:07:39,845] [plex_meta_manager.py:657]  [DEBUG]    | Builder: trakt_list: https://trakt.tv/users/jjjonesjr33/lists/christmas-static-list                |
[2023-11-22 05:07:39,845] [plex_meta_manager.py:658]  [INFO]     |                                                                                                    |
[2023-11-22 05:07:39,845] [trakt.py:493]              [INFO]     | Processing Trakt List: https://trakt.tv/users/jjjonesjr33/lists/christmas-static-list              |
[2023-11-22 05:07:40,346] [builder.py:1665]           [DEBUG]    |                                                                                                    |
[2023-11-22 05:07:40,346] [builder.py:1666]           [DEBUG]    | 1208 IDs Found                                                                                     |
[2023-11-22 05:07:40,346] [builder.py:1668]           [DEBUG]    |                                                                                                    |
[2023-11-22 05:07:40,357] [builder.py:2249]           [INFO]     |                                                                                                    |
[2023-11-22 05:07:40,357] [builder.py:2250]           [INFO]     |================================== Adding to Christmas Collection ==================================|
[2023-11-22 05:07:40,357] [builder.py:2251]           [INFO]     |                                                                                                    |
[2023-11-22 05:07:40,357] [builder.py:2265]           [INFO]     |  1/61 | Christmas Collection | = | It's a Wonderful Life (1946)                                    |
[2023-11-22 05:07:40,358] [builder.py:2265]           [INFO]     |  2/61 | Christmas Collection | = | How the Grinch Stole Christmas! (1966)                          |
[2023-11-22 05:07:40,358] [builder.py:2265]           [INFO]     |  3/61 | Christmas Collection | = | The Nightmare Before Christmas (1993)                           |
[2023-11-22 05:07:40,358] [builder.py:2265]           [INFO]     |  4/61 | Christmas Collection | = | A Charlie Brown Christmas (1965)                                |
[2023-11-22 05:07:40,358] [builder.py:2265]           [INFO]     |  5/61 | Christmas Collection | = | A Christmas Story (1983)                                        |
[2023-11-22 05:07:40,359] [builder.py:2265]           [INFO]     |  6/61 | Christmas Collection | = | Klaus (2019)                                                    |
[2023-11-22 05:07:40,359] [builder.py:2265]           [INFO]     |  7/61 | Christmas Collection | = | Scrooge (1951)                                                  |
[2023-11-22 05:07:40,359] [builder.py:2265]           [INFO]     |  8/61 | Christmas Collection | = | Rudolph the Red-Nosed Reindeer (1964)                           |
[2023-11-22 05:07:40,359] [builder.py:2265]           [INFO]     |  9/61 | Christmas Collection | = | The Year Without a Santa Claus (1974)                           |
[2023-11-22 05:07:40,359] [builder.py:2265]           [INFO]     | 10/61 | Christmas Collection | = | The Muppet Christmas Carol (1992)                               |
[2023-11-22 05:07:40,360] [builder.py:2265]           [INFO]     | 11/61 | Christmas Collection | = | Gremlins (1984)                                                 |
[2023-11-22 05:07:40,360] [builder.py:2265]           [INFO]     | 12/61 | Christmas Collection | = | Arthur Christmas (2011)                                         |
[2023-11-22 05:07:40,360] [builder.py:2265]           [INFO]     | 13/61 | Christmas Collection | = | A Christmas Carol (1984)                                        |
[2023-11-22 05:07:40,360] [builder.py:2265]           [INFO]     | 14/61 | Christmas Collection | = | Elf (2003)                                                      |
[2023-11-22 05:07:40,360] [builder.py:2265]           [INFO]     | 15/61 | Christmas Collection | = | Love Actually (2003)                                            |
[2023-11-22 05:07:40,361] [builder.py:2265]           [INFO]     | 16/61 | Christmas Collection | = | Home Alone (1990)                                               |
[2023-11-22 05:07:40,361] [builder.py:2265]           [INFO]     | 17/61 | Christmas Collection | = | Frosty the Snowman (1969)                                       |
[2023-11-22 05:07:40,361] [builder.py:2265]           [INFO]     | 18/61 | Christmas Collection | = | The Polar Express (2004)                                        |
[2023-11-22 05:07:40,361] [builder.py:2265]           [INFO]     | 19/61 | Christmas Collection | = | A Christmas Carol (2009)                                        |
[2023-11-22 05:07:40,361] [builder.py:2265]           [INFO]     | 20/61 | Christmas Collection | = | The Holiday (2006)                                              |
[2023-11-22 05:07:40,361] [builder.py:2265]           [INFO]     | 21/61 | Christmas Collection | = | The Santa Clause (1994)                                         |
[2023-11-22 05:07:40,362] [builder.py:2265]           [INFO]     | 22/61 | Christmas Collection | = | Prancer (1989)                                                  |
[2023-11-22 05:07:40,362] [builder.py:2265]           [INFO]     | 23/61 | Christmas Collection | = | The LEGO Star Wars Holiday Special (2020)                       |
[2023-11-22 05:07:40,362] [builder.py:2265]           [INFO]     | 24/61 | Christmas Collection | = | 8-Bit Christmas (2021)                                          |
[2023-11-22 05:07:40,362] [builder.py:2265]           [INFO]     | 25/61 | Christmas Collection | = | The Christmas Chronicles (2018)                                 |
[2023-11-22 05:07:40,362] [builder.py:2265]           [INFO]     | 26/61 | Christmas Collection | = | The Family Stone (2005)                                         |
[2023-11-22 05:07:40,362] [builder.py:2265]           [INFO]     | 27/61 | Christmas Collection | = | The Family Man (2000)                                           |
[2023-11-22 05:07:40,362] [builder.py:2265]           [INFO]     | 28/61 | Christmas Collection | = | The Grinch (2018)                                               |
[2023-11-22 05:07:40,362] [builder.py:2265]           [INFO]     | 29/61 | Christmas Collection | = | Scrooged (1988)                                                 |
[2023-11-22 05:07:40,363] [builder.py:2265]           [INFO]     | 30/61 | Christmas Collection | = | How the Grinch Stole Christmas (2000)                           |
[2023-11-22 05:07:40,363] [builder.py:2265]           [INFO]     | 31/61 | Christmas Collection | = | Home Alone 2: Lost in New York (1992)                           |
[2023-11-22 05:07:40,363] [builder.py:2265]           [INFO]     | 32/61 | Christmas Collection | = | The Santa Clause 2 (2002)                                       |
[2023-11-22 05:07:40,363] [builder.py:2265]           [INFO]     | 33/61 | Christmas Collection | = | The Christmas Chronicles: Part Two (2020)                       |
[2023-11-22 05:07:40,363] [builder.py:2265]           [INFO]     | 34/61 | Christmas Collection | = | The Santa Clause 3: The Escape Clause (2006)                    |
[2023-11-22 05:07:40,363] [builder.py:2265]           [INFO]     | 35/61 | Christmas Collection | = | Trapped in Paradise (1994)                                      |
[2023-11-22 05:07:40,363] [builder.py:2265]           [INFO]     | 36/61 | Christmas Collection | = | The Boss Baby: Christmas Bonus (2022)                           |
[2023-11-22 05:07:40,363] [builder.py:2265]           [INFO]     | 37/61 | Christmas Collection | = | The Christmas Candle (2013)                                     |
[2023-11-22 05:07:40,364] [builder.py:2265]           [INFO]     | 38/61 | Christmas Collection | = | Legend of Frosty the Snowman (2005)                             |
[2023-11-22 05:07:40,364] [builder.py:2265]           [INFO]     | 39/61 | Christmas Collection | = | Curious George: A Very Monkey Christmas (2009)                  |
[2023-11-22 05:07:40,364] [builder.py:2265]           [INFO]     | 40/61 | Christmas Collection | = | Mickey's Christmas Carol (1983)                                 |
[2023-11-22 05:07:40,364] [builder.py:2265]           [INFO]     | 41/61 | Christmas Collection | = | Kiss Kiss Bang Bang (2005)                                      |
[2023-11-22 05:07:40,364] [builder.py:2265]           [INFO]     | 42/61 | Christmas Collection | = | The Chronicles of Narnia: The Lion, the Witch and the Wardrobe (2005) |
[2023-11-22 05:07:40,364] [builder.py:2265]           [INFO]     | 43/61 | Christmas Collection | = | The Long Kiss Goodnight (1996)                                  |
[2023-11-22 05:07:40,365] [builder.py:2265]           [INFO]     | 44/61 | Christmas Collection | = | Brazil (1985)                                                   |
[2023-11-22 05:07:40,365] [builder.py:2265]           [INFO]     | 45/61 | Christmas Collection | = | Trading Places (1983)                                           |
[2023-11-22 05:07:40,365] [builder.py:2265]           [INFO]     | 46/61 | Christmas Collection | = | While You Were Sleeping (1995)                                  |
[2023-11-22 05:07:40,365] [builder.py:2265]           [INFO]     | 47/61 | Christmas Collection | = | Die Hard 2 (1990)                                               |
[2023-11-22 05:07:40,365] [builder.py:2265]           [INFO]     | 48/61 | Christmas Collection | = | Die Hard (1988)                                                 |
[2023-11-22 05:07:40,366] [builder.py:2265]           [INFO]     | 49/61 | Christmas Collection | = | About a Boy (2002)                                              |
[2023-11-22 05:07:40,366] [builder.py:2265]           [INFO]     | 50/61 | Christmas Collection | = | Ghostbusters II (1989)                                          |
[2023-11-22 05:07:40,366] [builder.py:2265]           [INFO]     | 51/61 | Christmas Collection | = | Lethal Weapon (1987)                                            |
[2023-11-22 05:07:40,366] [builder.py:2265]           [INFO]     | 52/61 | Christmas Collection | = | Planes, Trains & Automobiles (1987)                             |
[2023-11-22 05:07:40,366] [builder.py:2265]           [INFO]     | 53/61 | Christmas Collection | = | Santa Claus Is Comin' to Town (1970)                            |
[2023-11-22 05:07:40,367] [builder.py:2265]           [INFO]     | 54/61 | Christmas Collection | = | Better Off Dead... (1985)                                       |
[2023-11-22 05:07:40,367] [builder.py:2265]           [INFO]     | 55/61 | Christmas Collection | = | Big (1988)                                                      |
[2023-11-22 05:07:40,367] [builder.py:2265]           [INFO]     | 56/61 | Christmas Collection | = | Home for the Holidays (1995)                                    |
[2023-11-22 05:07:40,367] [builder.py:2265]           [INFO]     | 57/61 | Christmas Collection | = | Iron Man (2008)                                                 |
[2023-11-22 05:07:40,367] [builder.py:2265]           [INFO]     | 58/61 | Christmas Collection | = | Iron Man 3 (2013)                                               |
[2023-11-22 05:07:40,367] [builder.py:2265]           [INFO]     | 59/61 | Christmas Collection | = | Rise of the Guardians (2012)                                    |
[2023-11-22 05:07:40,367] [builder.py:2265]           [INFO]     | 60/61 | Christmas Collection | = | Serendipity (2001)                                              |
[2023-11-22 05:07:40,368] [builder.py:2265]           [INFO]     | 61/61 | Christmas Collection | = | The Shop Around the Corner (1940)                               |
[2023-11-22 05:07:40,368] [builder.py:2285]           [INFO]     |                                                                                                    |
[2023-11-22 05:07:40,368] [builder.py:2287]           [INFO]     | 61 Movies Processed 0 Movies Added                                                                 |
[2023-11-22 05:07:44,385] [builder.py:2411]           [ERROR]    | TMDb Error: No Movie found for TMDb ID 29447                                                       |
[2023-11-22 05:07:44,735] [builder.py:2411]           [ERROR]    | TMDb Error: No Movie found for TMDb ID 79046                                                       |
[2023-11-22 05:07:44,891] [builder.py:2411]           [ERROR]    | TMDb Error: No Movie found for TMDb ID 704660                                                      |
[2023-11-22 05:07:45,808] [builder.py:2411]           [ERROR]    | TMDb Error: No Movie found for TMDb ID 372406                                                      |
[2023-11-22 05:07:46,429] [builder.py:2411]           [ERROR]    | TMDb Error: No Movie found for TMDb ID 242507                                                      |
[2023-11-22 05:07:47,022] [builder.py:2411]           [ERROR]    | TMDb Error: No Movie found for TMDb ID 313744                                                      |
[2023-11-22 05:07:47,428] [builder.py:2411]           [ERROR]    | TMDb Error: No Movie found for TMDb ID 64000                                                       |
[2023-11-22 05:07:47,517] [builder.py:2411]           [ERROR]    | TMDb Error: No Movie found for TMDb ID 79984                                                       |
[2023-11-22 05:07:47,614] [builder.py:2411]           [ERROR]    | TMDb Error: No Movie found for TMDb ID 181842                                                      |
[2023-11-22 05:07:47,712] [builder.py:2411]           [ERROR]    | TMDb Error: No Movie found for TMDb ID 366698                                                      |
[2023-11-22 05:07:47,801] [builder.py:2411]           [ERROR]    | TMDb Error: No Movie found for TMDb ID 81222                                                       |
[2023-11-22 05:07:49,160] [builder.py:2411]           [ERROR]    | TMDb Error: No Movie found for TMDb ID 936657                                                      |
[2023-11-22 05:07:49,326] [builder.py:2411]           [ERROR]    | TMDb Error: No Movie found for TMDb ID 464505                                                      |
[2023-11-22 05:07:49,717] [builder.py:2422]           [INFO]     |                                                                                                    |
[2023-11-22 05:07:49,718] [builder.py:2423]           [INFO]     | 1446 Movies Missing                                                                                |
[2023-11-22 05:07:50,596] [builder.py:2623]           [INFO]     |                                                                                                    |
[2023-11-22 05:07:50,597] [builder.py:2624]           [INFO]     |============================= Updating Details of Christmas Collection =============================|
[2023-11-22 05:07:50,597] [builder.py:2625]           [INFO]     |                                                                                                    |
[2023-11-22 05:07:50,602] [builder.py:2689]           [INFO]     | Collection Metadata Edits                                                                          |
[2023-11-22 05:07:50,604] [util.py:178]               [DEBUG]    | 2 posters found:                                                                                   |
[2023-11-22 05:07:50,605] [util.py:180]               [DEBUG]    | Method: url_poster Poster: https://theposterdb.com/api/assets/212635                               |
[2023-11-22 05:07:50,605] [util.py:180]               [DEBUG]    | Method: asset_directory Poster: {'attribute': 'asset_directory', 'location': '//config/assets/movies/Christmas/poster.png', 'prefix': "Christmas's ", 'is_poster': True, 'is_url': False, 'compare': 3873589, 'message': "Christmas's poster to [File] //config/assets/movies/Christmas/poster.png"} |
[2023-11-22 05:07:50,605] [library.py:177]            [INFO]     | Detail: Christmas's poster update not needed                                                       |
[2023-11-22 05:07:50,799] [builder.py:2780]           [INFO]     |                                                                                                    |
[2023-11-22 05:07:50,799] [builder.py:2781]           [INFO]     |=================================== Sorting Christmas Collection ===================================|
[2023-11-22 05:07:50,799] [builder.py:2782]           [INFO]     |                                                                                                    |
[2023-11-22 05:07:51,024] [builder.py:2809]           [INFO]     | Moving The Boss Baby: Christmas Bonus (2022) to the beginning                                      |
[2023-11-22 05:07:51,121] [builder.py:2809]           [INFO]     | Moving 8-Bit Christmas (2021) after The Boss Baby: Christmas Bonus (2022)                          |
[2023-11-22 05:07:51,219] [builder.py:2809]           [INFO]     | Moving The Christmas Chronicles: Part Two (2020) after 8-Bit Christmas (2021)                      |
[2023-11-22 05:07:51,315] [builder.py:2809]           [INFO]     | Moving The LEGO Star Wars Holiday Special (2020) after The Christmas Chronicles: Part Two (2020)   |
[2023-11-22 05:07:51,411] [builder.py:2809]           [INFO]     | Moving Klaus (2019) after The LEGO Star Wars Holiday Special (2020)                                |
[2023-11-22 05:07:51,506] [builder.py:2809]           [INFO]     | Moving The Christmas Chronicles (2018) after Klaus (2019)                                          |
[2023-11-22 05:07:51,613] [builder.py:2809]           [INFO]     | Moving The Grinch (2018) after The Christmas Chronicles (2018)                                     |
[2023-11-22 05:07:51,712] [builder.py:2809]           [INFO]     | Moving The Christmas Candle (2013) after The Grinch (2018)                                         |
[2023-11-22 05:07:51,808] [builder.py:2809]           [INFO]     | Moving Iron Man 3 (2013) after The Christmas Candle (2013)                                         |
[2023-11-22 05:07:51,905] [builder.py:2809]           [INFO]     | Moving Rise of the Guardians (2012) after Iron Man 3 (2013)                                        |
[2023-11-22 05:07:52,002] [builder.py:2809]           [INFO]     | Moving Arthur Christmas (2011) after Rise of the Guardians (2012)                                  |
[2023-11-22 05:07:52,098] [builder.py:2809]           [INFO]     | Moving Curious George: A Very Monkey Christmas (2009) after Arthur Christmas (2011)                |
[2023-11-22 05:07:52,196] [builder.py:2809]           [INFO]     | Moving A Christmas Carol (2009) after Curious George: A Very Monkey Christmas (2009)               |
[2023-11-22 05:07:52,293] [builder.py:2809]           [INFO]     | Moving Iron Man (2008) after A Christmas Carol (2009)                                              |
[2023-11-22 05:07:52,387] [builder.py:2809]           [INFO]     | Moving The Holiday (2006) after Iron Man (2008)                                                    |
[2023-11-22 05:07:52,482] [builder.py:2809]           [INFO]     | Moving The Santa Clause 3: The Escape Clause (2006) after The Holiday (2006)                       |
[2023-11-22 05:07:52,581] [builder.py:2809]           [INFO]     | Moving The Family Stone (2005) after The Santa Clause 3: The Escape Clause (2006)                  |
[2023-11-22 05:07:52,676] [builder.py:2809]           [INFO]     | Moving The Chronicles of Narnia: The Lion, the Witch and the Wardrobe (2005) after The Family Stone (2005) |
[2023-11-22 05:07:52,774] [builder.py:2809]           [INFO]     | Moving Legend of Frosty the Snowman (2005) after The Chronicles of Narnia: The Lion, the Witch and the Wardrobe (2005) |
[2023-11-22 05:07:52,871] [builder.py:2809]           [INFO]     | Moving Kiss Kiss Bang Bang (2005) after Legend of Frosty the Snowman (2005)                        |
[2023-11-22 05:07:52,968] [builder.py:2809]           [INFO]     | Moving The Polar Express (2004) after Kiss Kiss Bang Bang (2005)                                   |
[2023-11-22 05:07:53,064] [builder.py:2809]           [INFO]     | Moving Love Actually (2003) after The Polar Express (2004)                                         |
[2023-11-22 05:07:53,159] [builder.py:2809]           [INFO]     | Moving Elf (2003) after Love Actually (2003)                                                       |
[2023-11-22 05:07:53,257] [builder.py:2809]           [INFO]     | Moving The Santa Clause 2 (2002) after Elf (2003)                                                  |
[2023-11-22 05:07:53,352] [builder.py:2809]           [INFO]     | Moving About a Boy (2002) after The Santa Clause 2 (2002)                                          |
[2023-11-22 05:07:53,450] [builder.py:2809]           [INFO]     | Moving Serendipity (2001) after About a Boy (2002)                                                 |
[2023-11-22 05:07:53,548] [builder.py:2809]           [INFO]     | Moving The Family Man (2000) after Serendipity (2001)                                              |
[2023-11-22 05:07:53,646] [builder.py:2809]           [INFO]     | Moving How the Grinch Stole Christmas (2000) after The Family Man (2000)                           |
[2023-11-22 05:07:53,647] [plex_meta_manager.py:780]  [INFO]     |                                                                                                    |
[2023-11-22 05:07:53,647] [plex_meta_manager.py:781]  [INFO]     |====================================================================================================|
[2023-11-22 05:07:53,647] [plex_meta_manager.py:781]  [INFO]     |                                   Finished Christmas Collection                                    |
[2023-11-22 05:07:53,647] [plex_meta_manager.py:781]  [INFO]     |                                    Collection Run Time: 0:00:15                                    |
[2023-11-22 05:07:53,647] [plex_meta_manager.py:781]  [INFO]     |====================================================================================================|
