[2023-11-08 05:01:26,294] [builder.py:193]            [INFO]     |====================================================================================================|
[2023-11-08 05:01:26,294] [builder.py:193]            [INFO]     |                                 Philip K Dick Collection in Movies                                 |
[2023-11-08 05:01:26,294] [builder.py:193]            [INFO]     |====================================================================================================|
[2023-11-08 05:01:26,294] [builder.py:194]            [INFO]     |                                                                                                    |
[2023-11-08 05:01:26,294] [builder.py:205]            [INFO]     |================================ Building Definition From Templates ================================|
[2023-11-08 05:01:26,294] [builder.py:206]            [DEBUG]    |                                                                                                    |
[2023-11-08 05:01:26,294] [builder.py:216]            [DEBUG]    | Templates Called: Writer                                                                           |
[2023-11-08 05:01:26,294] [builder.py:217]            [DEBUG]    |                                                                                                    |
[2023-11-08 05:01:26,295] [meta.py:550]               [DEBUG]    |==================================== Final Template Attributes =====================================|
[2023-11-08 05:01:26,295] [meta.py:551]               [DEBUG]    |                                                                                                    |
[2023-11-08 05:01:26,295] [meta.py:552]               [DEBUG]    | {'tmdb_person': 584, 'sort_title': '++_Philip K Dick', 'collection_order': 'release', 'collection_mode': 'hide'} |
[2023-11-08 05:01:26,295] [meta.py:553]               [DEBUG]    |                                                                                                    |
[2023-11-08 05:01:26,295] [builder.py:233]            [INFO]     |=============================== Validating Philip K Dick Attributes ================================|
[2023-11-08 05:01:26,402] [builder.py:591]            [DEBUG]    |                                                                                                    |
[2023-11-08 05:01:26,402] [builder.py:592]            [DEBUG]    | Validating Method: tmdb_person                                                                     |
[2023-11-08 05:01:26,402] [builder.py:596]            [DEBUG]    | Value: 584                                                                                         |
[2023-11-08 05:01:26,512] [builder.py:682]            [DEBUG]    |                                                                                                    |
[2023-11-08 05:01:26,512] [builder.py:683]            [DEBUG]    | Validating Method: collection_order                                                                |
[2023-11-08 05:01:26,512] [builder.py:684]            [DEBUG]    | Value: release                                                                                     |
[2023-11-08 05:01:26,513] [builder.py:715]            [DEBUG]    |                                                                                                    |
[2023-11-08 05:01:26,513] [builder.py:719]            [DEBUG]    | Validating Method: writer                                                                          |
[2023-11-08 05:01:26,513] [builder.py:720]            [DEBUG]    | Value: tmdb                                                                                        |
[2023-11-08 05:01:26,667] [builder.py:715]            [DEBUG]    |                                                                                                    |
[2023-11-08 05:01:26,667] [builder.py:719]            [DEBUG]    | Validating Method: summary                                                                         |
[2023-11-08 05:01:26,667] [builder.py:720]            [DEBUG]    | Value: American short story writer, novelist, and essayist. Dick has been hailed as one of the most original and thought-provoking writers of science fiction. He is regarded as one of the most prolific writers of the form during the mid-twentieth century. Since his death, Dick's work has been the subject of numerous critical studies and cinematic adaptations. Critics praise his short stories as innovative and provocative, contending that Dick's fiction cleverly explores scientific, social, and metaphysical issues of concern to post-World War II America. |
[2023-11-08 05:01:26,667] [builder.py:715]            [DEBUG]    |                                                                                                    |
[2023-11-08 05:01:26,667] [builder.py:719]            [DEBUG]    | Validating Method: sort_title                                                                      |
[2023-11-08 05:01:26,667] [builder.py:720]            [DEBUG]    | Value: ++_Philip K Dick                                                                            |
[2023-11-08 05:01:26,667] [builder.py:715]            [DEBUG]    |                                                                                                    |
[2023-11-08 05:01:26,667] [builder.py:719]            [DEBUG]    | Validating Method: collection_mode                                                                 |
[2023-11-08 05:01:26,668] [builder.py:720]            [DEBUG]    | Value: hide                                                                                        |
[2023-11-08 05:01:26,668] [builder.py:885]            [INFO]     |                                                                                                    |
[2023-11-08 05:01:26,668] [builder.py:886]            [INFO]     | Validation Successful                                                                              |
[2023-11-08 05:01:26,668] [plex_meta_manager.py:636]  [INFO]     |                                                                                                    |
[2023-11-08 05:01:26,668] [plex_meta_manager.py:638]  [INFO]     |================================= Running Philip K Dick Collection =================================|
[2023-11-08 05:01:26,668] [plex_meta_manager.py:652]  [INFO]     |                                                                                                    |
[2023-11-08 05:01:26,668] [plex_meta_manager.py:653]  [INFO]     | Sync Mode: append                                                                                  |
[2023-11-08 05:01:26,668] [plex_meta_manager.py:656]  [DEBUG]    |                                                                                                    |
[2023-11-08 05:01:26,668] [plex_meta_manager.py:657]  [DEBUG]    | Builder: plex_search: (1, "Plex Movie Search\nSort By: ['title.asc']\nFilter:\n  Match any of the following:\n    Writer is Philip K. Dick", '?type=1&sort=titleSort&push=1&writer=66813&pop=1') |
[2023-11-08 05:01:26,668] [plex_meta_manager.py:658]  [INFO]     |                                                                                                    |
[2023-11-08 05:01:26,668] [plex.py:946]               [INFO]     | Processing Plex Movie Search                                                                       |
                                                                 | Sort By: ['title.asc']                                                                             |
                                                                 | Filter:                                                                                            |
                                                                 |   Match any of the following:                                                                      |
                                                                 |     Writer is Philip K. Dick                                                                       |
[2023-11-08 05:01:26,685] [builder.py:1665]           [DEBUG]    |                                                                                                    |
[2023-11-08 05:01:26,685] [builder.py:1666]           [DEBUG]    | 5 IDs Found                                                                                        |
[2023-11-08 05:01:26,686] [builder.py:1668]           [DEBUG]    |                                                                                                    |
[2023-11-08 05:01:26,686] [builder.py:2249]           [INFO]     |                                                                                                    |
[2023-11-08 05:01:26,686] [builder.py:2250]           [INFO]     |================================ Adding to Philip K Dick Collection ================================|
[2023-11-08 05:01:26,686] [builder.py:2251]           [INFO]     |                                                                                                    |
[2023-11-08 05:01:26,686] [builder.py:2265]           [INFO]     | 1/5 | Philip K Dick Collection | = | The Adjustment Bureau (2011)                                  |
[2023-11-08 05:01:26,686] [builder.py:2265]           [INFO]     | 2/5 | Philip K Dick Collection | = | Blade Runner (1982)                                           |
[2023-11-08 05:01:26,686] [builder.py:2265]           [INFO]     | 3/5 | Philip K Dick Collection | = | Blade Runner 2049 (2017)                                      |
[2023-11-08 05:01:26,686] [builder.py:2265]           [INFO]     | 4/5 | Philip K Dick Collection | = | Minority Report (2002)                                        |
[2023-11-08 05:01:26,686] [builder.py:2265]           [INFO]     | 5/5 | Philip K Dick Collection | = | Total Recall (1990)                                           |
[2023-11-08 05:01:26,686] [builder.py:2285]           [INFO]     |                                                                                                    |
[2023-11-08 05:01:26,686] [builder.py:2287]           [INFO]     | 5 Movies Processed 0 Movies Added                                                                  |
[2023-11-08 05:01:26,692] [builder.py:2623]           [INFO]     |                                                                                                    |
[2023-11-08 05:01:26,692] [builder.py:2624]           [INFO]     |=========================== Updating Details of Philip K Dick Collection ===========================|
[2023-11-08 05:01:26,692] [builder.py:2625]           [INFO]     |                                                                                                    |
[2023-11-08 05:01:26,702] [builder.py:2689]           [INFO]     | Collection Metadata Edits                                                                          |
[2023-11-08 05:01:26,702] [util.py:178]               [DEBUG]    | 1 poster found:                                                                                    |
[2023-11-08 05:01:26,702] [util.py:180]               [DEBUG]    | Method: tmdb_person Poster: https://image.tmdb.org/t/p/original/8J46Z9coRCXApsA5WoTC2CLAaOw.jpg    |
[2023-11-08 05:01:26,703] [library.py:177]            [INFO]     | Detail: poster update not needed                                                                   |
[2023-11-08 05:01:26,793] [plex_meta_manager.py:780]  [INFO]     |                                                                                                    |
[2023-11-08 05:01:26,793] [plex_meta_manager.py:781]  [INFO]     |====================================================================================================|
[2023-11-08 05:01:26,793] [plex_meta_manager.py:781]  [INFO]     |                                 Finished Philip K Dick Collection                                  |
[2023-11-08 05:01:26,793] [plex_meta_manager.py:781]  [INFO]     |                                    Collection Run Time: 0:00:00                                    |
[2023-11-08 05:01:26,793] [plex_meta_manager.py:781]  [INFO]     |====================================================================================================|
