[2023-03-02 05:05:36,898] [builder.py:193]            [INFO]     |====================================================================================================|
[2023-03-02 05:05:36,898] [builder.py:193]            [INFO]     |                                 Oscar Winners Collection in Movies                                 |
[2023-03-02 05:05:36,898] [builder.py:193]            [INFO]     |====================================================================================================|
[2023-03-02 05:05:36,898] [builder.py:194]            [INFO]     |                                                                                                    |
[2023-03-02 05:05:36,898] [builder.py:205]            [INFO]     |================================ Building Definition From Templates ================================|
[2023-03-02 05:05:36,898] [builder.py:206]            [DEBUG]    |                                                                                                    |
[2023-03-02 05:05:36,898] [builder.py:216]            [DEBUG]    | Templates Called: Charts                                                                           |
[2023-03-02 05:05:36,898] [builder.py:217]            [DEBUG]    |                                                                                                    |
[2023-03-02 05:05:36,899] [meta.py:550]               [DEBUG]    |==================================== Final Template Attributes =====================================|
[2023-03-02 05:05:36,899] [meta.py:551]               [DEBUG]    |                                                                                                    |
[2023-03-02 05:05:36,899] [meta.py:552]               [DEBUG]    | {'url_poster': 'https://i.imgur.com/9yKqpqa.png', 'collection_mode': 'hide', 'collection_order': 'release', 'visible_home': False, 'visible_shared': True, 'sync_mode': 'sync'} |
[2023-03-02 05:05:36,899] [meta.py:553]               [DEBUG]    |                                                                                                    |
[2023-03-02 05:05:36,899] [builder.py:233]            [INFO]     |=============================== Validating Oscar Winners Attributes ================================|
[2023-03-02 05:05:37,478] [builder.py:579]            [DEBUG]    |                                                                                                    |
[2023-03-02 05:05:37,478] [builder.py:580]            [DEBUG]    | Validating Method: sync_mode                                                                       |
[2023-03-02 05:05:37,478] [builder.py:584]            [DEBUG]    | Value: sync                                                                                        |
[2023-03-02 05:05:37,478] [builder.py:682]            [DEBUG]    |                                                                                                    |
[2023-03-02 05:05:37,479] [builder.py:683]            [DEBUG]    | Validating Method: collection_order                                                                |
[2023-03-02 05:05:37,479] [builder.py:684]            [DEBUG]    | Value: release                                                                                     |
[2023-03-02 05:05:37,479] [builder.py:715]            [DEBUG]    |                                                                                                    |
[2023-03-02 05:05:37,479] [builder.py:719]            [DEBUG]    | Validating Method: imdb_list                                                                       |
[2023-03-02 05:05:37,479] [builder.py:720]            [DEBUG]    | Value: https://www.imdb.com/search/title/?title_type=feature,documentary&groups=oscar_winner       |
[2023-03-02 05:05:38,060] [builder.py:715]            [DEBUG]    |                                                                                                    |
[2023-03-02 05:05:38,060] [builder.py:719]            [DEBUG]    | Validating Method: sort_title                                                                      |
[2023-03-02 05:05:38,060] [builder.py:720]            [DEBUG]    | Value: *101d                                                                                       |
[2023-03-02 05:05:38,060] [builder.py:715]            [DEBUG]    |                                                                                                    |
[2023-03-02 05:05:38,060] [builder.py:719]            [DEBUG]    | Validating Method: summary                                                                         |
[2023-03-02 05:05:38,060] [builder.py:720]            [DEBUG]    | Value: Oscar Winning Movies                                                                        |
[2023-03-02 05:05:38,060] [builder.py:715]            [DEBUG]    |                                                                                                    |
[2023-03-02 05:05:38,060] [builder.py:719]            [DEBUG]    | Validating Method: url_poster                                                                      |
[2023-03-02 05:05:38,061] [builder.py:720]            [DEBUG]    | Value: https://i.imgur.com/9yKqpqa.png                                                             |
[2023-03-02 05:05:38,251] [builder.py:715]            [DEBUG]    |                                                                                                    |
[2023-03-02 05:05:38,252] [builder.py:719]            [DEBUG]    | Validating Method: collection_mode                                                                 |
[2023-03-02 05:05:38,252] [builder.py:720]            [DEBUG]    | Value: hide                                                                                        |
[2023-03-02 05:05:38,252] [builder.py:715]            [DEBUG]    |                                                                                                    |
[2023-03-02 05:05:38,252] [builder.py:719]            [DEBUG]    | Validating Method: visible_home                                                                    |
[2023-03-02 05:05:38,252] [builder.py:720]            [DEBUG]    | Value: False                                                                                       |
[2023-03-02 05:05:38,252] [builder.py:715]            [DEBUG]    |                                                                                                    |
[2023-03-02 05:05:38,252] [builder.py:719]            [DEBUG]    | Validating Method: visible_shared                                                                  |
[2023-03-02 05:05:38,252] [builder.py:720]            [DEBUG]    | Value: True                                                                                        |
[2023-03-02 05:05:38,253] [builder.py:885]            [INFO]     |                                                                                                    |
[2023-03-02 05:05:38,253] [builder.py:886]            [INFO]     | Validation Successful                                                                              |
[2023-03-02 05:05:38,253] [plex_meta_manager.py:636]  [INFO]     |                                                                                                    |
[2023-03-02 05:05:38,253] [plex_meta_manager.py:638]  [INFO]     |================================= Running Oscar Winners Collection =================================|
[2023-03-02 05:05:38,253] [plex_meta_manager.py:652]  [INFO]     |                                                                                                    |
[2023-03-02 05:05:38,253] [plex_meta_manager.py:653]  [INFO]     | Sync Mode: sync                                                                                    |
[2023-03-02 05:05:38,253] [plex_meta_manager.py:656]  [DEBUG]    |                                                                                                    |
[2023-03-02 05:05:38,253] [plex_meta_manager.py:657]  [DEBUG]    | Builder: imdb_list: {'url': 'https://www.imdb.com/search/title/?title_type=feature,documentary&groups=oscar_winner', 'limit': 0} |
[2023-03-02 05:05:38,253] [plex_meta_manager.py:658]  [INFO]     |                                                                                                    |
[2023-03-02 05:05:38,253] [imdb.py:205]               [INFO]     | Processing IMDb List: https://www.imdb.com/search/title/?title_type=feature,documentary&groups=oscar_winner |
[2023-03-02 05:05:55,600] [builder.py:1665]           [DEBUG]    |                                                                                                    |
[2023-03-02 05:05:55,600] [builder.py:1666]           [DEBUG]    | 1130 IDs Found                                                                                     |
[2023-03-02 05:05:55,600] [builder.py:1668]           [DEBUG]    |                                                                                                    |
[2023-03-02 05:05:55,679] [builder.py:2249]           [INFO]     |                                                                                                    |
[2023-03-02 05:05:55,680] [builder.py:2250]           [INFO]     |================================ Adding to Oscar Winners Collection ================================|
[2023-03-02 05:05:55,680] [builder.py:2251]           [INFO]     |                                                                                                    |
[2023-03-02 05:05:55,680] [builder.py:2265]           [INFO]     |   1/159 | Oscar Winners Collection | = | The Godfather (1972)                                      |
[2023-03-02 05:05:55,680] [builder.py:2265]           [INFO]     |   2/159 | Oscar Winners Collection | = | Top Gun (1986)                                            |
[2023-03-02 05:05:55,681] [builder.py:2265]           [INFO]     |   3/159 | Oscar Winners Collection | = | Once Upon a Time in Hollywood (2019)                      |
[2023-03-02 05:05:55,681] [builder.py:2265]           [INFO]     |   4/159 | Oscar Winners Collection | = | Interstellar (2014)                                       |
[2023-03-02 05:05:55,682] [builder.py:2265]           [INFO]     |   5/159 | Oscar Winners Collection | = | Avatar (2009)                                             |
[2023-03-02 05:05:55,682] [builder.py:2265]           [INFO]     |   6/159 | Oscar Winners Collection | = | Pulp Fiction (1994)                                       |
[2023-03-02 05:05:55,682] [builder.py:2265]           [INFO]     |   7/159 | Oscar Winners Collection | = | The Lord of the Rings: The Fellowship of the Ring (2001)  |
[2023-03-02 05:05:55,683] [builder.py:2265]           [INFO]     |   8/159 | Oscar Winners Collection | = | Dune (2021)                                               |
[2023-03-02 05:05:55,683] [builder.py:2265]           [INFO]     |   9/159 | Oscar Winners Collection | = | The Dark Knight (2008)                                    |
[2023-03-02 05:05:55,684] [builder.py:2265]           [INFO]     |  10/159 | Oscar Winners Collection | = | Black Panther (2018)                                      |
[2023-03-02 05:05:55,684] [builder.py:2265]           [INFO]     |  11/159 | Oscar Winners Collection | = | Inception (2010)                                          |
[2023-03-02 05:05:55,685] [builder.py:2265]           [INFO]     |  12/159 | Oscar Winners Collection | = | The Silence of the Lambs (1991)                           |
[2023-03-02 05:05:55,685] [builder.py:2265]           [INFO]     |  13/159 | Oscar Winners Collection | = | Parasite (2019)                                           |
[2023-03-02 05:05:55,686] [builder.py:2265]           [INFO]     |  14/159 | Oscar Winners Collection | = | Forrest Gump (1994)                                       |
[2023-03-02 05:05:55,686] [builder.py:2265]           [INFO]     |  15/159 | Oscar Winners Collection | = | Good Will Hunting (1997)                                  |
[2023-03-02 05:05:55,686] [builder.py:2265]           [INFO]     |  16/159 | Oscar Winners Collection | = | Joker (2019)                                              |
[2023-03-02 05:05:55,687] [builder.py:2265]           [INFO]     |  17/159 | Oscar Winners Collection | = | Back to the Future (1985)                                 |
[2023-03-02 05:05:55,687] [builder.py:2265]           [INFO]     |  18/159 | Oscar Winners Collection | = | Blade Runner 2049 (2017)                                  |
[2023-03-02 05:05:55,688] [builder.py:2265]           [INFO]     |  19/159 | Oscar Winners Collection | = | Schindler's List (1993)                                   |
[2023-03-02 05:05:55,688] [builder.py:2265]           [INFO]     |  20/159 | Oscar Winners Collection | = | Gladiator (2000)                                          |
[2023-03-02 05:05:55,688] [builder.py:2265]           [INFO]     |  21/159 | Oscar Winners Collection | = | Spider-Man: Into the Spider-Verse (2018)                  |
[2023-03-02 05:05:55,689] [builder.py:2265]           [INFO]     |  22/159 | Oscar Winners Collection | = | Inglourious Basterds (2009)                               |
[2023-03-02 05:05:55,689] [builder.py:2265]           [INFO]     |  23/159 | Oscar Winners Collection | = | Jurassic Park (1993)                                      |
[2023-03-02 05:05:55,690] [builder.py:2265]           [INFO]     |  24/159 | Oscar Winners Collection | = | Goodfellas (1990)                                         |
[2023-03-02 05:05:55,690] [builder.py:2265]           [INFO]     |  25/159 | Oscar Winners Collection | = | Saving Private Ryan (1998)                                |
[2023-03-02 05:05:55,690] [builder.py:2265]           [INFO]     |  26/159 | Oscar Winners Collection | = | The Lord of the Rings: The Return of the King (2003)      |
[2023-03-02 05:05:55,691] [builder.py:2265]           [INFO]     |  27/159 | Oscar Winners Collection | = | No Time to Die (2021)                                     |
[2023-03-02 05:05:55,691] [builder.py:2265]           [INFO]     |  28/159 | Oscar Winners Collection | = | Eternal Sunshine of the Spotless Mind (2004)              |
[2023-03-02 05:05:55,692] [builder.py:2265]           [INFO]     |  29/159 | Oscar Winners Collection | = | Little Women (2019)                                       |
[2023-03-02 05:05:55,692] [builder.py:2265]           [INFO]     |  30/159 | Oscar Winners Collection | = | Get Out (2017)                                            |
[2023-03-02 05:05:55,693] [builder.py:2265]           [INFO]     |  31/159 | Oscar Winners Collection | = | Encanto (2021)                                            |
[2023-03-02 05:05:55,693] [builder.py:2265]           [INFO]     |  32/159 | Oscar Winners Collection | = | The Matrix (1999)                                         |
[2023-03-02 05:05:55,694] [builder.py:2265]           [INFO]     |  33/159 | Oscar Winners Collection | = | Birdman or (The Unexpected Virtue of Ignorance) (2014)    |
[2023-03-02 05:05:55,694] [builder.py:2265]           [INFO]     |  34/159 | Oscar Winners Collection | = | Arrival (2016)                                            |
[2023-03-02 05:05:55,695] [builder.py:2265]           [INFO]     |  35/159 | Oscar Winners Collection | = | Indiana Jones and the Raiders of the Lost Ark (1981)      |
[2023-03-02 05:05:55,695] [builder.py:2265]           [INFO]     |  36/159 | Oscar Winners Collection | = | No Country for Old Men (2007)                             |
[2023-03-02 05:05:55,695] [builder.py:2265]           [INFO]     |  37/159 | Oscar Winners Collection | = | The Godfather, Part II (1974)                             |
[2023-03-02 05:05:55,696] [builder.py:2265]           [INFO]     |  38/159 | Oscar Winners Collection | = | Star Wars: Episode IV - A New Hope (1977)                 |
[2023-03-02 05:05:55,696] [builder.py:2265]           [INFO]     |  39/159 | Oscar Winners Collection | = | One Flew Over the Cuckoo's Nest (1975)                    |
[2023-03-02 05:05:55,696] [builder.py:2265]           [INFO]     |  40/159 | Oscar Winners Collection | = | Three Billboards Outside Ebbing, Missouri (2017)          |
[2023-03-02 05:05:55,697] [builder.py:2265]           [INFO]     |  41/159 | Oscar Winners Collection | = | Tenet (2020)                                              |
[2023-03-02 05:05:55,697] [builder.py:2265]           [INFO]     |  42/159 | Oscar Winners Collection | = | Alien (1979)                                              |
[2023-03-02 05:05:55,697] [builder.py:2265]           [INFO]     |  43/159 | Oscar Winners Collection | = | Lincoln (2012)                                            |
[2023-03-02 05:05:55,698] [builder.py:2265]           [INFO]     |  44/159 | Oscar Winners Collection | = | 1917 (2020)                                               |
[2023-03-02 05:05:55,698] [builder.py:2265]           [INFO]     |  45/159 | Oscar Winners Collection | = | The Usual Suspects (1995)                                 |
[2023-03-02 05:05:55,699] [builder.py:2265]           [INFO]     |  46/159 | Oscar Winners Collection | = | The Lord of the Rings: The Two Towers (2002)              |
[2023-03-02 05:05:55,699] [builder.py:2265]           [INFO]     |  47/159 | Oscar Winners Collection | = | Batman (1989)                                             |
[2023-03-02 05:05:55,699] [builder.py:2265]           [INFO]     |  48/159 | Oscar Winners Collection | = | Terminator 2: Judgment Day (1991)                         |
[2023-03-02 05:05:55,700] [builder.py:2265]           [INFO]     |  49/159 | Oscar Winners Collection | = | The Lion King (1994)                                      |
[2023-03-02 05:05:55,700] [builder.py:2265]           [INFO]     |  50/159 | Oscar Winners Collection | = | Promising Young Woman (2020)                              |
[2023-03-02 05:05:55,700] [builder.py:2265]           [INFO]     |  51/159 | Oscar Winners Collection | = | Spirited Away (2001)                                      |
[2023-03-02 05:05:55,701] [builder.py:2265]           [INFO]     |  52/159 | Oscar Winners Collection | = | Braveheart (1995)                                         |
[2023-03-02 05:05:55,701] [builder.py:2265]           [INFO]     |  53/159 | Oscar Winners Collection | = | Aliens (1986)                                             |
[2023-03-02 05:05:55,701] [builder.py:2265]           [INFO]     |  54/159 | Oscar Winners Collection | = | Dunkirk (2017)                                            |
[2023-03-02 05:05:55,702] [builder.py:2265]           [INFO]     |  55/159 | Oscar Winners Collection | = | Jojo Rabbit (2019)                                        |
[2023-03-02 05:05:55,702] [builder.py:2265]           [INFO]     |  56/159 | Oscar Winners Collection | = | The Chronicles of Narnia: The Lion, the Witch and the Wardrobe (2005) |
[2023-03-02 05:05:55,703] [builder.py:2265]           [INFO]     |  57/159 | Oscar Winners Collection | = | Zootopia (2016)                                           |
[2023-03-02 05:05:55,703] [builder.py:2265]           [INFO]     |  58/159 | Oscar Winners Collection | = | Ex Machina (2015)                                         |
[2023-03-02 05:05:55,704] [builder.py:2265]           [INFO]     |  59/159 | Oscar Winners Collection | = | There Will Be Blood (2008)                                |
[2023-03-02 05:05:55,704] [builder.py:2265]           [INFO]     |  60/159 | Oscar Winners Collection | = | Ratatouille (2007)                                        |
[2023-03-02 05:05:55,705] [builder.py:2265]           [INFO]     |  61/159 | Oscar Winners Collection | = | Fantastic Beasts and Where to Find Them (2016)            |
[2023-03-02 05:05:55,705] [builder.py:2265]           [INFO]     |  62/159 | Oscar Winners Collection | = | Shrek (2001)                                              |
[2023-03-02 05:05:55,706] [builder.py:2265]           [INFO]     |  63/159 | Oscar Winners Collection | = | Frozen (2013)                                             |
[2023-03-02 05:05:55,706] [builder.py:2265]           [INFO]     |  64/159 | Oscar Winners Collection | = | Life Is Beautiful (1997)                                  |
[2023-03-02 05:05:55,706] [builder.py:2265]           [INFO]     |  65/159 | Oscar Winners Collection | = | Indiana Jones and the Temple of Doom (1984)               |
[2023-03-02 05:05:55,707] [builder.py:2265]           [INFO]     |  66/159 | Oscar Winners Collection | = | Indiana Jones and the Last Crusade (1989)                 |
[2023-03-02 05:05:55,707] [builder.py:2265]           [INFO]     |  67/159 | Oscar Winners Collection | = | Training Day (2001)                                       |
[2023-03-02 05:05:55,707] [builder.py:2265]           [INFO]     |  68/159 | Oscar Winners Collection | = | The Incredibles (2004)                                    |
[2023-03-02 05:05:55,708] [builder.py:2265]           [INFO]     |  69/159 | Oscar Winners Collection | = | Star Trek (2009)                                          |
[2023-03-02 05:05:55,708] [builder.py:2265]           [INFO]     |  70/159 | Oscar Winners Collection | = | The Wizard of Oz (1939)                                   |
[2023-03-02 05:05:55,708] [builder.py:2265]           [INFO]     |  71/159 | Oscar Winners Collection | = | Dead Poets Society (1989)                                 |
[2023-03-02 05:05:55,708] [builder.py:2265]           [INFO]     |  72/159 | Oscar Winners Collection | = | Speed (1994)                                              |
[2023-03-02 05:05:55,709] [builder.py:2265]           [INFO]     |  73/159 | Oscar Winners Collection | = | The Shape of Water (2017)                                 |
[2023-03-02 05:05:55,709] [builder.py:2265]           [INFO]     |  74/159 | Oscar Winners Collection | = | Casablanca (1943)                                         |
[2023-03-02 05:05:55,709] [builder.py:2265]           [INFO]     |  75/159 | Oscar Winners Collection | = | E.T. the Extra-Terrestrial (1982)                         |
[2023-03-02 05:05:55,710] [builder.py:2265]           [INFO]     |  76/159 | Oscar Winners Collection | = | Star Wars: Episode V - The Empire Strikes Back (1980)     |
[2023-03-02 05:05:55,710] [builder.py:2265]           [INFO]     |  77/159 | Oscar Winners Collection | = | Monsters, Inc. (2001)                                     |
[2023-03-02 05:05:55,710] [builder.py:2265]           [INFO]     |  78/159 | Oscar Winners Collection | = | Inside Out (2015)                                         |
[2023-03-02 05:05:55,711] [builder.py:2265]           [INFO]     |  79/159 | Oscar Winners Collection | = | Bohemian Rhapsody (2018)                                  |
[2023-03-02 05:05:55,711] [builder.py:2265]           [INFO]     |  80/159 | Oscar Winners Collection | = | Up (2009)                                                 |
[2023-03-02 05:05:55,712] [builder.py:2265]           [INFO]     |  81/159 | Oscar Winners Collection | = | Black Hawk Down (2002)                                    |
[2023-03-02 05:05:55,712] [builder.py:2265]           [INFO]     |  82/159 | Oscar Winners Collection | = | Coco (2017)                                               |
[2023-03-02 05:05:55,713] [builder.py:2265]           [INFO]     |  83/159 | Oscar Winners Collection | = | Pan's Labyrinth (2006)                                    |
[2023-03-02 05:05:55,713] [builder.py:2265]           [INFO]     |  84/159 | Oscar Winners Collection | = | 12 Years a Slave (2013)                                   |
[2023-03-02 05:05:55,714] [builder.py:2265]           [INFO]     |  85/159 | Oscar Winners Collection | = | Independence Day (1996)                                   |
[2023-03-02 05:05:55,714] [builder.py:2265]           [INFO]     |  86/159 | Oscar Winners Collection | = | Men in Black (1997)                                       |
[2023-03-02 05:05:55,714] [builder.py:2265]           [INFO]     |  87/159 | Oscar Winners Collection | = | Finding Nemo (2003)                                       |
[2023-03-02 05:05:55,715] [builder.py:2265]           [INFO]     |  88/159 | Oscar Winners Collection | = | Beetlejuice (1988)                                        |
[2023-03-02 05:05:55,715] [builder.py:2265]           [INFO]     |  89/159 | Oscar Winners Collection | = | The Sound of Music (1965)                                 |
[2023-03-02 05:05:55,715] [builder.py:2265]           [INFO]     |  90/159 | Oscar Winners Collection | = | WALL·E (2008)                                             |
[2023-03-02 05:05:55,716] [builder.py:2265]           [INFO]     |  91/159 | Oscar Winners Collection | = | The Girl with the Dragon Tattoo (2011)                    |
[2023-03-02 05:05:55,716] [builder.py:2265]           [INFO]     |  92/159 | Oscar Winners Collection | = | Dracula (1992)                                            |
[2023-03-02 05:05:55,716] [builder.py:2265]           [INFO]     |  93/159 | Oscar Winners Collection | = | Mary Poppins (1964)                                       |
[2023-03-02 05:05:55,716] [builder.py:2265]           [INFO]     |  94/159 | Oscar Winners Collection | = | Skyfall (2012)                                            |
[2023-03-02 05:05:55,717] [builder.py:2265]           [INFO]     |  95/159 | Oscar Winners Collection | = | Platoon (1986)                                            |
[2023-03-02 05:05:55,717] [builder.py:2265]           [INFO]     |  96/159 | Oscar Winners Collection | = | Unforgiven (1992)                                         |
[2023-03-02 05:05:55,717] [builder.py:2265]           [INFO]     |  97/159 | Oscar Winners Collection | = | Goldfinger (1964)                                         |
[2023-03-02 05:05:55,718] [builder.py:2265]           [INFO]     |  98/159 | Oscar Winners Collection | = | Toy Story 3 (2010)                                        |
[2023-03-02 05:05:55,718] [builder.py:2265]           [INFO]     |  99/159 | Oscar Winners Collection | = | The Hunt for Red October (1990)                           |
[2023-03-02 05:05:55,718] [builder.py:2265]           [INFO]     | 100/159 | Oscar Winners Collection | = | The Fugitive (1993)                                       |
[2023-03-02 05:05:55,719] [builder.py:2265]           [INFO]     | 101/159 | Oscar Winners Collection | = | BlacKkKlansman (2018)                                     |
[2023-03-02 05:05:55,719] [builder.py:2265]           [INFO]     | 102/159 | Oscar Winners Collection | = | Walk The Line (2005)                                      |
[2023-03-02 05:05:55,720] [builder.py:2265]           [INFO]     | 103/159 | Oscar Winners Collection | = | Soul (2020)                                               |
[2023-03-02 05:05:55,720] [builder.py:2265]           [INFO]     | 104/159 | Oscar Winners Collection | = | Spectre (2015)                                            |
[2023-03-02 05:05:55,721] [builder.py:2265]           [INFO]     | 105/159 | Oscar Winners Collection | = | Aladdin (1992)                                            |
[2023-03-02 05:05:55,721] [builder.py:2265]           [INFO]     | 106/159 | Oscar Winners Collection | = | Dick Tracy (1990)                                         |
[2023-03-02 05:05:55,721] [builder.py:2265]           [INFO]     | 107/159 | Oscar Winners Collection | = | Toy Story 4 (2019)                                        |
[2023-03-02 05:05:55,722] [builder.py:2265]           [INFO]     | 108/159 | Oscar Winners Collection | = | Ben-Hur (1959)                                            |
[2023-03-02 05:05:55,722] [builder.py:2265]           [INFO]     | 109/159 | Oscar Winners Collection | = | Close Encounters of the Third Kind (1977)                 |
[2023-03-02 05:05:55,722] [builder.py:2265]           [INFO]     | 110/159 | Oscar Winners Collection | = | JFK (1991)                                                |
[2023-03-02 05:05:55,722] [builder.py:2265]           [INFO]     | 111/159 | Oscar Winners Collection | = | A Fish Called Wanda (1988)                                |
[2023-03-02 05:05:55,722] [builder.py:2265]           [INFO]     | 112/159 | Oscar Winners Collection | = | The Untouchables (1987)                                   |
[2023-03-02 05:05:55,723] [builder.py:2265]           [INFO]     | 113/159 | Oscar Winners Collection | = | The Hurt Locker (2008)                                    |
[2023-03-02 05:05:55,723] [builder.py:2265]           [INFO]     | 114/159 | Oscar Winners Collection | = | Breakfast at Tiffany's (1961)                             |
[2023-03-02 05:05:55,723] [builder.py:2265]           [INFO]     | 115/159 | Oscar Winners Collection | = | Mrs. Doubtfire (1993)                                     |
[2023-03-02 05:05:55,724] [builder.py:2265]           [INFO]     | 116/159 | Oscar Winners Collection | = | Brave (2012)                                              |
[2023-03-02 05:05:55,724] [builder.py:2265]           [INFO]     | 117/159 | Oscar Winners Collection | = | Citizen Kane (1941)                                       |
[2023-03-02 05:05:55,724] [builder.py:2265]           [INFO]     | 118/159 | Oscar Winners Collection | = | Spider-Man 2 (2004)                                       |
[2023-03-02 05:05:55,725] [builder.py:2265]           [INFO]     | 119/159 | Oscar Winners Collection | = | Who Framed Roger Rabbit (1988)                            |
[2023-03-02 05:05:55,725] [builder.py:2265]           [INFO]     | 120/159 | Oscar Winners Collection | = | The Abyss (1989)                                          |
[2023-03-02 05:05:55,725] [builder.py:2265]           [INFO]     | 121/159 | Oscar Winners Collection | = | Big Hero 6 (2014)                                         |
[2023-03-02 05:05:55,726] [builder.py:2265]           [INFO]     | 122/159 | Oscar Winners Collection | = | Thunderball (1965)                                        |
[2023-03-02 05:05:55,726] [builder.py:2265]           [INFO]     | 123/159 | Oscar Winners Collection | = | Cocoon (1985)                                             |
[2023-03-02 05:05:55,726] [builder.py:2265]           [INFO]     | 124/159 | Oscar Winners Collection | = | The Jungle Book (2016)                                    |
[2023-03-02 05:05:55,726] [builder.py:2265]           [INFO]     | 125/159 | Oscar Winners Collection | = | To Kill a Mockingbird (1963)                              |
[2023-03-02 05:05:55,727] [builder.py:2265]           [INFO]     | 126/159 | Oscar Winners Collection | = | Mask (1985)                                               |
[2023-03-02 05:05:55,727] [builder.py:2265]           [INFO]     | 127/159 | Oscar Winners Collection | = | An American Werewolf in London (1981)                     |
[2023-03-02 05:05:55,727] [builder.py:2265]           [INFO]     | 128/159 | Oscar Winners Collection | = | The Bourne Ultimatum (2007)                               |
[2023-03-02 05:05:55,728] [builder.py:2265]           [INFO]     | 129/159 | Oscar Winners Collection | = | Hugo (2011)                                               |
[2023-03-02 05:05:55,728] [builder.py:2265]           [INFO]     | 130/159 | Oscar Winners Collection | = | The Killing Fields (1984)                                 |
[2023-03-02 05:05:55,728] [builder.py:2265]           [INFO]     | 131/159 | Oscar Winners Collection | = | Roman Holiday (1953)                                      |
[2023-03-02 05:05:55,728] [builder.py:2265]           [INFO]     | 132/159 | Oscar Winners Collection | = | A Series of Unfortunate Events (2004)                     |
[2023-03-02 05:05:55,729] [builder.py:2265]           [INFO]     | 133/159 | Oscar Winners Collection | = | Rango (2011)                                              |
[2023-03-02 05:05:55,729] [builder.py:2265]           [INFO]     | 134/159 | Oscar Winners Collection | = | Adaptation. (2002)                                        |
[2023-03-02 05:05:55,729] [builder.py:2265]           [INFO]     | 135/159 | Oscar Winners Collection | = | Fiddler on the Roof (1971)                                |
[2023-03-02 05:05:55,730] [builder.py:2265]           [INFO]     | 136/159 | Oscar Winners Collection | = | How the Grinch Stole Christmas (2000)                     |
[2023-03-02 05:05:55,730] [builder.py:2265]           [INFO]     | 137/159 | Oscar Winners Collection | = | All The President's Men (1976)                            |
[2023-03-02 05:05:55,730] [builder.py:2265]           [INFO]     | 138/159 | Oscar Winners Collection | = | Gandhi (1982)                                             |
[2023-03-02 05:05:55,730] [builder.py:2265]           [INFO]     | 139/159 | Oscar Winners Collection | = | Innerspace (1987)                                         |
[2023-03-02 05:05:55,731] [builder.py:2265]           [INFO]     | 140/159 | Oscar Winners Collection | = | The Full Monty (1997)                                     |
[2023-03-02 05:05:55,731] [builder.py:2265]           [INFO]     | 141/159 | Oscar Winners Collection | = | The Muppets (2011)                                        |
[2023-03-02 05:05:55,731] [builder.py:2265]           [INFO]     | 142/159 | Oscar Winners Collection | = | Babe (1995)                                               |
[2023-03-02 05:05:55,732] [builder.py:2265]           [INFO]     | 143/159 | Oscar Winners Collection | = | The Last King of Scotland (2007)                          |
[2023-03-02 05:05:55,732] [builder.py:2265]           [INFO]     | 144/159 | Oscar Winners Collection | = | Selma (2015)                                              |
[2023-03-02 05:05:55,733] [builder.py:2265]           [INFO]     | 145/159 | Oscar Winners Collection | = | My Octopus Teacher (2020)                                 |
[2023-03-02 05:05:55,733] [builder.py:2265]           [INFO]     | 146/159 | Oscar Winners Collection | = | The Time Machine (1960)                                   |
[2023-03-02 05:05:55,733] [builder.py:2265]           [INFO]     | 147/159 | Oscar Winners Collection | = | The Treasure of the Sierra Madre (1948)                   |
[2023-03-02 05:05:55,734] [builder.py:2265]           [INFO]     | 148/159 | Oscar Winners Collection | = | The Queen (2006)                                          |
[2023-03-02 05:05:55,734] [builder.py:2265]           [INFO]     | 149/159 | Oscar Winners Collection | = | Bedknobs and Broomsticks (1971)                           |
[2023-03-02 05:05:55,734] [builder.py:2265]           [INFO]     | 150/159 | Oscar Winners Collection | = | U-571 (2000)                                              |
[2023-03-02 05:05:55,734] [builder.py:2265]           [INFO]     | 151/159 | Oscar Winners Collection | = | Harry and the Hendersons (1987)                           |
[2023-03-02 05:05:55,735] [builder.py:2265]           [INFO]     | 152/159 | Oscar Winners Collection | = | The War of the Worlds (1953)                              |
[2023-03-02 05:05:55,735] [builder.py:2265]           [INFO]     | 153/159 | Oscar Winners Collection | = | Henry V (1989)                                            |
[2023-03-02 05:05:55,735] [builder.py:2265]           [INFO]     | 154/159 | Oscar Winners Collection | = | The Motorcycle Diaries (2004)                             |
[2023-03-02 05:05:55,735] [builder.py:2265]           [INFO]     | 155/159 | Oscar Winners Collection | = | Mr. Smith Goes to Washington (1939)                       |
[2023-03-02 05:05:55,736] [builder.py:2265]           [INFO]     | 156/159 | Oscar Winners Collection | = | Summer of Soul (...Or, When the Revolution Could Not Be Televised) (2021) |
[2023-03-02 05:05:55,736] [builder.py:2265]           [INFO]     | 157/159 | Oscar Winners Collection | = | The Red Violin (1998)                                     |
[2023-03-02 05:05:55,737] [builder.py:2265]           [INFO]     | 158/159 | Oscar Winners Collection | = | The Fog of War (2004)                                     |
[2023-03-02 05:05:55,737] [builder.py:2265]           [INFO]     | 159/159 | Oscar Winners Collection | = | When We Were Kings (1997)                                 |
[2023-03-02 05:05:55,737] [builder.py:2285]           [INFO]     |                                                                                                    |
[2023-03-02 05:05:55,737] [builder.py:2287]           [INFO]     | 159 Movies Processed 0 Movies Added                                                                |
[2023-03-02 05:05:55,749] [builder.py:2623]           [INFO]     |                                                                                                    |
[2023-03-02 05:05:55,749] [builder.py:2624]           [INFO]     |=========================== Updating Details of Oscar Winners Collection ===========================|
[2023-03-02 05:05:55,749] [builder.py:2625]           [INFO]     |                                                                                                    |
[2023-03-02 05:05:55,761] [builder.py:2689]           [INFO]     | Collection Metadata Edits                                                                          |
[2023-03-02 05:05:55,770] [util.py:178]               [DEBUG]    | 2 posters found:                                                                                   |
[2023-03-02 05:05:55,770] [util.py:180]               [DEBUG]    | Method: url_poster Poster: https://i.imgur.com/9yKqpqa.png                                         |
[2023-03-02 05:05:55,770] [util.py:180]               [DEBUG]    | Method: asset_directory Poster: {'attribute': 'asset_directory', 'location': '//config/assets/movies/Oscar Winners/poster.png', 'prefix': "Oscar Winners's ", 'is_poster': True, 'is_url': False, 'compare': 2357353, 'message': "Oscar Winners's poster to [File] //config/assets/movies/Oscar Winners/poster.png"} |
[2023-03-02 05:05:55,770] [util.py:178]               [DEBUG]    | 1 background found:                                                                                |
[2023-03-02 05:05:55,770] [util.py:180]               [DEBUG]    | Method: asset_directory Background: {'attribute': 'asset_directory', 'location': '//config/assets/movies/Oscar Winners/background.jpg', 'prefix': "Oscar Winners's ", 'is_poster': False, 'is_url': False, 'compare': 815584, 'message': "Oscar Winners's background to [File] //config/assets/movies/Oscar Winners/background.jpg"} |
[2023-03-02 05:05:55,771] [library.py:177]            [INFO]     | Detail: Oscar Winners's poster update not needed                                                   |
[2023-03-02 05:05:55,771] [library.py:193]            [INFO]     | Detail: Oscar Winners's background update not needed                                               |
[2023-03-02 05:05:56,346] [plex_meta_manager.py:780]  [INFO]     |                                                                                                    |
[2023-03-02 05:05:56,347] [plex_meta_manager.py:781]  [INFO]     |====================================================================================================|
[2023-03-02 05:05:56,347] [plex_meta_manager.py:781]  [INFO]     |                                 Finished Oscar Winners Collection                                  |
[2023-03-02 05:05:56,347] [plex_meta_manager.py:781]  [INFO]     |                                    Collection Run Time: 0:00:19                                    |
[2023-03-02 05:05:56,347] [plex_meta_manager.py:781]  [INFO]     |====================================================================================================|
