[2022-10-16 02:52:11,596] [builder.py:197]            [INFO]     |====================================================================================================|
[2022-10-16 02:52:11,597] [builder.py:197]            [INFO]     |                              The Wizarding World Collection in Movies                              |
[2022-10-16 02:52:11,597] [builder.py:197]            [INFO]     |====================================================================================================|
[2022-10-16 02:52:11,597] [builder.py:198]            [INFO]     |                                                                                                    |
[2022-10-16 02:52:11,597] [builder.py:203]            [INFO]     |================================ Building Definition From Templates ================================|
[2022-10-16 02:52:11,597] [builder.py:211]            [DEBUG]    |                                                                                                    |
[2022-10-16 02:52:11,597] [meta.py:128]               [DEBUG]    | Template Franchise                                                                                 |
[2022-10-16 02:52:11,597] [meta.py:129]               [DEBUG]    | Call: ordereddict([('name', 'Franchise'), ('poster', 'https://theposterdb.com/api/assets/85944')]) |
[2022-10-16 02:52:11,598] [meta.py:304]               [DEBUG]    |                                                                                                    |
[2022-10-16 02:52:11,598] [meta.py:305]               [DEBUG]    | Variables: ordereddict([('name', 'Franchise'), ('poster', 'https://theposterdb.com/api/assets/85944'), ('collection_name', 'The Wizarding World'), ('mapping_name', 'The Wizarding World'), ('library_type', 'movie'), ('library_name', 'Movies'), ('name_encoded', 'Franchise'), ('poster_encoded', 'https%3A//theposterdb.com/api/assets/85944'), ('collection_name_encoded', 'The%20Wizarding%20World'), ('mapping_name_encoded', 'The%20Wizarding%20World'), ('library_type_encoded', 'movie'), ('library_name_encoded', 'Movies'), ('collection_sort', 'The Wizarding World')]) |
[2022-10-16 02:52:11,598] [meta.py:306]               [DEBUG]    |                                                                                                    |
[2022-10-16 02:52:11,598] [meta.py:307]               [DEBUG]    | Defaults: {}                                                                                       |
[2022-10-16 02:52:11,598] [meta.py:308]               [DEBUG]    |                                                                                                    |
[2022-10-16 02:52:11,598] [meta.py:309]               [DEBUG]    | Optional: []                                                                                       |
[2022-10-16 02:52:11,599] [meta.py:370]               [DEBUG]    |                                                                                                    |
[2022-10-16 02:52:11,599] [meta.py:371]               [DEBUG]    | Final Template Attributes: {'url_poster': 'https://theposterdb.com/api/assets/85944', 'collection_order': 'release', 'delete_not_scheduled': True, 'run_again': True, 'visible_home': True, 'visible_shared': True, 'sync_mode': 'sync'} |
[2022-10-16 02:52:11,599] [meta.py:372]               [DEBUG]    |                                                                                                    |
[2022-10-16 02:52:11,600] [builder.py:219]            [INFO]     |============================ Validating The Wizarding World Attributes =============================|
[2022-10-16 02:52:11,600] [builder.py:415]            [DEBUG]    |                                                                                                    |
[2022-10-16 02:52:11,600] [builder.py:416]            [DEBUG]    | Validating Method: delete_not_scheduled                                                            |
[2022-10-16 02:52:11,600] [builder.py:417]            [DEBUG]    | Value: True                                                                                        |
[2022-10-16 02:52:11,600] [builder.py:460]            [DEBUG]    |                                                                                                    |
[2022-10-16 02:52:11,600] [builder.py:461]            [DEBUG]    | Validating Method: run_again                                                                       |
[2022-10-16 02:52:11,601] [builder.py:462]            [DEBUG]    | Value: True                                                                                        |
[2022-10-16 02:52:11,601] [builder.py:488]            [DEBUG]    |                                                                                                    |
[2022-10-16 02:52:11,601] [builder.py:489]            [DEBUG]    | Validating Method: sync_mode                                                                       |
[2022-10-16 02:52:11,601] [builder.py:493]            [DEBUG]    | Value: sync                                                                                        |
[2022-10-16 02:52:11,601] [builder.py:609]            [DEBUG]    |                                                                                                    |
[2022-10-16 02:52:11,601] [builder.py:610]            [DEBUG]    | Validating Method: collection_order                                                                |
[2022-10-16 02:52:11,601] [builder.py:611]            [DEBUG]    | Value: release                                                                                     |
[2022-10-16 02:52:11,601] [builder.py:627]            [DEBUG]    |                                                                                                    |
[2022-10-16 02:52:11,602] [builder.py:631]            [DEBUG]    | Validating Method: sort_title                                                                      |
[2022-10-16 02:52:11,602] [builder.py:632]            [DEBUG]    | Value: +++++Wizarding                                                                              |
[2022-10-16 02:52:11,602] [builder.py:627]            [DEBUG]    |                                                                                                    |
[2022-10-16 02:52:11,602] [builder.py:631]            [DEBUG]    | Validating Method: imdb_list                                                                       |
[2022-10-16 02:52:11,602] [builder.py:632]            [DEBUG]    | Value: ['https://www.imdb.com/list/ls060991914/']                                                  |
[2022-10-16 02:52:13,116] [builder.py:627]            [DEBUG]    |                                                                                                    |
[2022-10-16 02:52:13,116] [builder.py:631]            [DEBUG]    | Validating Method: summary                                                                         |
[2022-10-16 02:52:13,117] [builder.py:632]            [DEBUG]    | Value: The Wizarding World is a fantasy media franchise and shared fictional universe centred on a series of films, based on the Harry Potter novel series by J. K. Rowling. |
[2022-10-16 02:52:13,117] [builder.py:627]            [DEBUG]    |                                                                                                    |
[2022-10-16 02:52:13,117] [builder.py:631]            [DEBUG]    | Validating Method: url_poster                                                                      |
[2022-10-16 02:52:13,117] [builder.py:632]            [DEBUG]    | Value: https://theposterdb.com/api/assets/85944                                                    |
[2022-10-16 02:52:16,020] [builder.py:627]            [DEBUG]    |                                                                                                    |
[2022-10-16 02:52:16,021] [builder.py:631]            [DEBUG]    | Validating Method: visible_home                                                                    |
[2022-10-16 02:52:16,021] [builder.py:632]            [DEBUG]    | Value: True                                                                                        |
[2022-10-16 02:52:16,021] [builder.py:627]            [DEBUG]    |                                                                                                    |
[2022-10-16 02:52:16,021] [builder.py:631]            [DEBUG]    | Validating Method: visible_shared                                                                  |
[2022-10-16 02:52:16,021] [builder.py:632]            [DEBUG]    | Value: True                                                                                        |
[2022-10-16 02:52:16,118] [builder.py:797]            [INFO]     |                                                                                                    |
[2022-10-16 02:52:16,118] [builder.py:798]            [INFO]     | Validation Successful                                                                              |
[2022-10-16 02:52:16,118] [plex_meta_manager.py:561]  [INFO]     |                                                                                                    |
[2022-10-16 02:52:16,118] [plex_meta_manager.py:563]  [INFO]     |============================== Running The Wizarding World Collection ==============================|
[2022-10-16 02:52:16,119] [plex_meta_manager.py:575]  [INFO]     |                                                                                                    |
[2022-10-16 02:52:16,119] [plex_meta_manager.py:576]  [INFO]     | Sync Mode: sync                                                                                    |
[2022-10-16 02:52:16,119] [plex_meta_manager.py:579]  [DEBUG]    |                                                                                                    |
[2022-10-16 02:52:16,119] [plex_meta_manager.py:580]  [DEBUG]    | Builder: imdb_list: {'url': 'https://www.imdb.com/list/ls060991914/', 'limit': 0}                  |
[2022-10-16 02:52:16,119] [plex_meta_manager.py:581]  [INFO]     |                                                                                                    |
[2022-10-16 02:52:16,119] [imdb.py:184]               [INFO]     | Processing IMDb List: https://www.imdb.com/list/ls060991914/                                       |
[2022-10-16 02:52:20,098] [imdb.py:135]               [DEBUG]    | 13 IMDb IDs Found: ['tt0241527', 'tt0295297', 'tt0304141', 'tt0330373', 'tt0373889', 'tt0417741', 'tt0926084', 'tt1201607', 'tt3183660', 'tt4123430', 'tt4123432', 'tt6149052', 'tt6149054'] |
[2022-10-16 02:52:20,098] [builder.py:1540]           [DEBUG]    |                                                                                                    |
[2022-10-16 02:52:20,098] [builder.py:1541]           [DEBUG]    | 13 IDs Found: [('tt0241527', 'imdb'), ('tt0295297', 'imdb'), ('tt0304141', 'imdb'), ('tt0330373', 'imdb'), ('tt0373889', 'imdb'), ('tt0417741', 'imdb'), ('tt0926084', 'imdb'), ('tt1201607', 'imdb'), ('tt3183660', 'imdb'), ('tt4123430', 'imdb'), ('tt4123432', 'imdb'), ('tt6149052', 'imdb'), ('tt6149054', 'imdb')] |
[2022-10-16 02:52:20,098] [builder.py:1542]           [DEBUG]    |                                                                                                    |
[2022-10-16 02:52:20,102] [builder.py:2064]           [INFO]     |                                                                                                    |
[2022-10-16 02:52:20,102] [builder.py:2065]           [INFO]     |============================= Adding to The Wizarding World Collection =============================|
[2022-10-16 02:52:20,102] [builder.py:2066]           [INFO]     |                                                                                                    |
[2022-10-16 02:52:20,102] [builder.py:2080]           [INFO]     |  1/11 | The Wizarding World Collection | = | Harry Potter and the Sorcerer's Stone (2001)          |
[2022-10-16 02:52:20,102] [builder.py:2080]           [INFO]     |  2/11 | The Wizarding World Collection | = | Harry Potter and the Chamber of Secrets (2002)        |
[2022-10-16 02:52:20,103] [builder.py:2080]           [INFO]     |  3/11 | The Wizarding World Collection | = | Harry Potter and the Prisoner of Azkaban (2004)       |
[2022-10-16 02:52:20,103] [builder.py:2080]           [INFO]     |  4/11 | The Wizarding World Collection | = | Harry Potter and the Goblet of Fire (2005)            |
[2022-10-16 02:52:20,103] [builder.py:2080]           [INFO]     |  5/11 | The Wizarding World Collection | = | Harry Potter and the Order of the Phoenix (2007)      |
[2022-10-16 02:52:20,103] [builder.py:2080]           [INFO]     |  6/11 | The Wizarding World Collection | = | Harry Potter and the Half-Blood Prince (2009)         |
[2022-10-16 02:52:20,103] [builder.py:2080]           [INFO]     |  7/11 | The Wizarding World Collection | = | Harry Potter and the Deathly Hallows: Part 1 (2010)   |
[2022-10-16 02:52:20,103] [builder.py:2080]           [INFO]     |  8/11 | The Wizarding World Collection | = | Harry Potter and the Deathly Hallows: Part 2 (2011)   |
[2022-10-16 02:52:20,104] [builder.py:2080]           [INFO]     |  9/11 | The Wizarding World Collection | = | Fantastic Beasts and Where to Find Them (2016)        |
[2022-10-16 02:52:20,104] [builder.py:2080]           [INFO]     | 10/11 | The Wizarding World Collection | = | Fantastic Beasts: The Crimes of Grindelwald (2018)    |
[2022-10-16 02:52:20,104] [builder.py:2080]           [INFO]     | 11/11 | The Wizarding World Collection | = | Fantastic Beasts: The Secrets of Dumbledore (2022)    |
[2022-10-16 02:52:20,104] [builder.py:2100]           [INFO]     |                                                                                                    |
[2022-10-16 02:52:20,104] [builder.py:2102]           [INFO]     | 11 Movies Processed 0 Movies Added                                                                 |
[2022-10-16 02:52:20,105] [builder.py:2228]           [INFO]     |                                                                                                    |
[2022-10-16 02:52:20,105] [builder.py:2229]           [INFO]     |=============================== Missing Movies from Library: Movies ================================|
[2022-10-16 02:52:20,105] [builder.py:2230]           [INFO]     |                                                                                                    |
[2022-10-16 02:52:20,108] [builder.py:2243]           [INFO]     | The Wizarding World Collection | ? | Fantastic Beasts 4 (TMDb: 422641)                             |
[2022-10-16 02:52:20,111] [builder.py:2243]           [INFO]     | The Wizarding World Collection | ? | Fantastic Beasts 5 (TMDb: 422642)                             |
[2022-10-16 02:52:20,112] [builder.py:2248]           [INFO]     |                                                                                                    |
[2022-10-16 02:52:20,112] [builder.py:2249]           [INFO]     | 2 Movies Missing                                                                                   |
[2022-10-16 02:52:20,116] [builder.py:2441]           [INFO]     |                                                                                                    |
[2022-10-16 02:52:20,116] [builder.py:2442]           [INFO]     |======================== Updating Details of The Wizarding World Collection ========================|
[2022-10-16 02:52:20,116] [builder.py:2443]           [INFO]     |                                                                                                    |
[2022-10-16 02:52:20,122] [builder.py:2509]           [INFO]     | Collection Metadata Edits                                                                          |
[2022-10-16 02:52:20,125] [util.py:150]               [DEBUG]    | 1 poster found:                                                                                    |
[2022-10-16 02:52:20,125] [util.py:152]               [DEBUG]    | Method: url_poster Poster: https://theposterdb.com/api/assets/85944                                |
[2022-10-16 02:52:21,085] [library.py:170]            [INFO]     | Detail: asset_directory updated The Wizarding World's poster to [File] //config/movies/assets/The Wizarding World/poster.jpg |
[2022-10-16 02:52:21,189] [plex_meta_manager.py:708]  [INFO]     |                                                                                                    |
[2022-10-16 02:52:21,190] [plex_meta_manager.py:709]  [INFO]     |====================================================================================================|
[2022-10-16 02:52:21,190] [plex_meta_manager.py:709]  [INFO]     |                              Finished The Wizarding World Collection                               |
[2022-10-16 02:52:21,190] [plex_meta_manager.py:709]  [INFO]     |                                    Collection Run Time: 0:00:09                                    |
[2022-10-16 02:52:21,190] [plex_meta_manager.py:709]  [INFO]     |====================================================================================================|
