[2022-11-02 03:27:55,659] [builder.py:197]            [INFO]     |====================================================================================================|
[2022-11-02 03:27:55,659] [builder.py:197]            [INFO]     |                                  Shakespeare Collection in Movies                                  |
[2022-11-02 03:27:55,659] [builder.py:197]            [INFO]     |====================================================================================================|
[2022-11-02 03:27:55,659] [builder.py:198]            [INFO]     |                                                                                                    |
[2022-11-02 03:27:55,659] [builder.py:203]            [INFO]     |================================ Building Definition From Templates ================================|
[2022-11-02 03:27:55,660] [builder.py:219]            [INFO]     |================================ Validating Shakespeare Attributes =================================|
[2022-11-02 03:27:55,660] [builder.py:488]            [DEBUG]    |                                                                                                    |
[2022-11-02 03:27:55,660] [builder.py:489]            [DEBUG]    | Validating Method: sync_mode                                                                       |
[2022-11-02 03:27:55,660] [builder.py:493]            [DEBUG]    | Value: sync                                                                                        |
[2022-11-02 03:27:55,660] [builder.py:609]            [DEBUG]    |                                                                                                    |
[2022-11-02 03:27:55,660] [builder.py:610]            [DEBUG]    | Validating Method: collection_order                                                                |
[2022-11-02 03:27:55,660] [builder.py:611]            [DEBUG]    | Value: release                                                                                     |
[2022-11-02 03:27:55,660] [builder.py:627]            [DEBUG]    |                                                                                                    |
[2022-11-02 03:27:55,660] [builder.py:631]            [DEBUG]    | Validating Method: trakt_list                                                                      |
[2022-11-02 03:27:55,660] [builder.py:632]            [DEBUG]    | Value: https://trakt.tv/users/mrjohnnycake/lists/shakespeare?sort=released,asc                     |
[2022-11-02 03:27:56,094] [builder.py:627]            [DEBUG]    |                                                                                                    |
[2022-11-02 03:27:56,094] [builder.py:631]            [DEBUG]    | Validating Method: url_poster                                                                      |
[2022-11-02 03:27:56,094] [builder.py:632]            [DEBUG]    | Value: https://www.themoviedb.org/t/p/w300_and_h450_bestv2/60ZqefTZIgfGtklgihIjXmi4ClH.jpg         |
[2022-11-02 03:27:56,298] [builder.py:627]            [DEBUG]    |                                                                                                    |
[2022-11-02 03:27:56,298] [builder.py:631]            [DEBUG]    | Validating Method: url_background                                                                  |
[2022-11-02 03:27:56,298] [builder.py:632]            [DEBUG]    | Value: https://i.imgur.com/juAQnOG.jpg                                                             |
[2022-11-02 03:27:56,484] [builder.py:627]            [DEBUG]    |                                                                                                    |
[2022-11-02 03:27:56,484] [builder.py:631]            [DEBUG]    | Validating Method: sort_title                                                                      |
[2022-11-02 03:27:56,485] [builder.py:632]            [DEBUG]    | Value: ++_Shakespeare                                                                              |
[2022-11-02 03:27:56,485] [builder.py:627]            [DEBUG]    |                                                                                                    |
[2022-11-02 03:27:56,485] [builder.py:631]            [DEBUG]    | Validating Method: summary                                                                         |
[2022-11-02 03:27:56,485] [builder.py:632]            [DEBUG]    | Value: William Shakespeare (26 April 1564 (baptised) – 23 April 1616) was an English poet, playwright, and actor, widely regarded as the greatest writer in the English language and the world's pre-eminent dramatist. He is often called England's national poet and the "Bard of Avon". His extant works, including some collaborations, consist of around 38 plays, 154 sonnets, two long narrative poems, and a few other verses, of which the authorship of some is uncertain. His plays have been translated into every major living language and are performed more often than those of any other playwright. |
[2022-11-02 03:27:56,562] [builder.py:797]            [INFO]     |                                                                                                    |
[2022-11-02 03:27:56,562] [builder.py:798]            [INFO]     | Validation Successful                                                                              |
[2022-11-02 03:27:56,562] [plex_meta_manager.py:561]  [INFO]     |                                                                                                    |
[2022-11-02 03:27:56,563] [plex_meta_manager.py:563]  [INFO]     |================================== Running Shakespeare Collection ==================================|
[2022-11-02 03:27:56,563] [plex_meta_manager.py:575]  [INFO]     |                                                                                                    |
[2022-11-02 03:27:56,563] [plex_meta_manager.py:576]  [INFO]     | Sync Mode: sync                                                                                    |
[2022-11-02 03:27:56,563] [plex_meta_manager.py:579]  [DEBUG]    |                                                                                                    |
[2022-11-02 03:27:56,563] [plex_meta_manager.py:580]  [DEBUG]    | Builder: trakt_list: https://trakt.tv/users/mrjohnnycake/lists/shakespeare?sort=released,asc       |
[2022-11-02 03:27:56,563] [plex_meta_manager.py:581]  [INFO]     |                                                                                                    |
[2022-11-02 03:27:56,563] [trakt.py:487]              [INFO]     | Processing Trakt List: https://trakt.tv/users/mrjohnnycake/lists/shakespeare?sort=released,asc     |
[2022-11-02 03:27:56,960] [builder.py:1540]           [DEBUG]    |                                                                                                    |
[2022-11-02 03:27:56,960] [builder.py:1541]           [DEBUG]    | 171 IDs Found: [(117405, 'tmdb'), (419460, 'tmdb'), (515473, 'tmdb'), (515392, 'tmdb'), (451844, 'tmdb'), (398854, 'tmdb'), ('260355_2', 'tvdb_season'), (400389, 'tmdb'), (225728, 'tmdb'), (319979, 'tmdb'), (292822, 'tmdb'), (258775, 'tmdb'), (278564, 'tmdb'), (91745, 'tmdb'), (194078, 'tmdb'), (301361, 'tmdb'), (210695, 'tmdb'), (251702, 'tmdb'), ('260355_1', 'tvdb_season'), (260355, 'tvdb'), (210701, 'tmdb'), (116577, 'tmdb'), (261832, 'tmdb'), (210697, 'tmdb'), (331098, 'tmdb'), (288888, 'tmdb'), (101173, 'tmdb'), (251706, 'tmdb'), (133448, 'tmdb'), (181516, 'tmdb'), (251708, 'tmdb'), (44638, 'tmdb'), (251714, 'tmdb'), (90205, 'tmdb'), (28238, 'tmdb'), (407053, 'tmdb'), (233765, 'tmdb'), (38413, 'tmdb'), (210696, 'tmdb'), (19103, 'tmdb'), (272514, 'tmdb'), (111632, 'tmdb'), (317667, 'tmdb'), (13775, 'tmdb'), ('79029_1_3', 'tvdb_episode'), (231997, 'tmdb'), (489679, 'tmdb'), (177792, 'tmdb'), (380001, 'tmdb'), (116808, 'tmdb'), (261856, 'tmdb'), (89408, 'tmdb'), (125705, 'tmdb'), (10688, 'tmdb'), (51333, 'tmdb'), (12524, 'tmdb'), (10210, 'tmdb'), (164781, 'tmdb'), (233399, 'tmdb'), (246241, 'tmdb'), (182013, 'tmdb'), (228780, 'tmdb'), (10549, 'tmdb'), (96691, 'tmdb'), (454, 'tmdb'), (44705, 'tmdb'), (31174, 'tmdb'), (247508, 'tmdb'), (16420, 'tmdb'), (233409, 'tmdb'), (105090, 'tmdb'), (233397, 'tmdb'), (233758, 'tmdb'), (11971, 'tmdb'), (280280, 'tmdb'), (204825, 'tmdb'), (10264, 'tmdb'), (260675, 'tmdb'), (10705, 'tmdb'), (88566, 'tmdb'), (492080, 'tmdb'), (50012, 'tmdb'), (491523, 'tmdb'), (119914, 'tmdb'), (119830, 'tmdb'), (119930, 'tmdb'), (119925, 'tmdb'), (119842, 'tmdb'), (119910, 'tmdb'), (106396, 'tmdb'), (119844, 'tmdb'), (115427, 'tmdb'), (119923, 'tmdb'), (106859, 'tmdb'), (106857, 'tmdb'), (106856, 'tmdb'), (106397, 'tmdb'), (119840, 'tmdb'), (48249, 'tmdb'), (82108, 'tmdb'), (119913, 'tmdb'), (119928, 'tmdb'), (106385, 'tmdb'), (119909, 'tmdb'), (343248, 'tmdb'), (106383, 'tmdb'), (233752, 'tmdb'), (119933, 'tmdb'), (106848, 'tmdb'), (119916, 'tmdb'), (119912, 'tmdb'), (106854, 'tmdb'), (106851, 'tmdb'), (106849, 'tmdb'), (104874, 'tmdb'), (119834, 'tmdb'), (119935, 'tmdb'), (119838, 'tmdb'), (41149, 'tmdb'), (328332, 'tmdb'), (106388, 'tmdb'), (119924, 'tmdb'), (119918, 'tmdb'), (251431, 'tvdb'), (141231, 'tmdb'), (97534, 'tmdb'), (233760, 'tmdb'), (355747, 'tmdb'), (263025, 'tmdb'), (233748, 'tmdb'), (485035, 'tmdb'), (109397, 'tmdb'), (383485, 'tmdb'), (98632, 'tmdb'), (304394, 'tmdb'), (11316, 'tmdb'), (42495, 'tmdb'), (42592, 'tmdb'), (42605, 'tmdb'), (261585, 'tmdb'), (6003, 'tmdb'), (182129, 'tmdb'), (25560, 'tmdb'), (296937, 'tmdb'), (44006, 'tmdb'), (261986, 'tmdb'), (241475, 'tmdb'), (141489, 'tmdb'), (71317, 'tmdb'), (131320, 'tmdb'), ('184241_1', 'tvdb_season'), (143363, 'tmdb'), (43323, 'tmdb'), (46708, 'tmdb'), (47697, 'tmdb'), (92784, 'tmdb'), (18019, 'tmdb'), (303338, 'tmdb'), (241483, 'tmdb'), (27883, 'tmdb'), (23383, 'tmdb'), (22638, 'tmdb'), (43879, 'tmdb'), (43870, 'tmdb'), (19075, 'tmdb'), (91715, 'tmdb'), (85124, 'tmdb'), (175341, 'tmdb'), (375985, 'tmdb'), (46758, 'tmdb'), (591538, 'tmdb')] |
[2022-11-02 03:27:56,961] [builder.py:1542]           [DEBUG]    |                                                                                                    |
[2022-11-02 03:27:56,962] [builder.py:2064]           [INFO]     |                                                                                                    |
[2022-11-02 03:27:56,962] [builder.py:2065]           [INFO]     |================================= Adding to Shakespeare Collection =================================|
[2022-11-02 03:27:56,962] [builder.py:2066]           [INFO]     |                                                                                                    |
[2022-11-02 03:27:56,962] [builder.py:2080]           [INFO]     | 1/4 | Shakespeare Collection | = | Romeo + Juliet (1996)                                           |
[2022-11-02 03:27:56,962] [builder.py:2080]           [INFO]     | 2/4 | Shakespeare Collection | = | Othello (1996)                                                  |
[2022-11-02 03:27:56,962] [builder.py:2080]           [INFO]     | 3/4 | Shakespeare Collection | = | Henry V (1989)                                                  |
[2022-11-02 03:27:56,962] [builder.py:2080]           [INFO]     | 4/4 | Shakespeare Collection | = | The Tragedy of Macbeth (2021)                                   |
[2022-11-02 03:27:56,963] [builder.py:2100]           [INFO]     |                                                                                                    |
[2022-11-02 03:27:56,963] [builder.py:2102]           [INFO]     | 4 Movies Processed 0 Movies Added                                                                  |
[2022-11-02 03:27:56,967] [builder.py:2441]           [INFO]     |                                                                                                    |
[2022-11-02 03:27:56,967] [builder.py:2442]           [INFO]     |============================ Updating Details of Shakespeare Collection ============================|
[2022-11-02 03:27:56,967] [builder.py:2443]           [INFO]     |                                                                                                    |
[2022-11-02 03:27:56,973] [builder.py:2509]           [INFO]     | Collection Metadata Edits                                                                          |
                                                                 | Sort Title | ++_Shakespeare
[2022-11-02 03:27:57,048] [builder.py:2513]           [INFO]     | Details: have been updated
[2022-11-02 03:27:57,048] [builder.py:2517]           [INFO]     | 
[2022-11-02 03:27:57,049] [util.py:150]               [DEBUG]    | 1 poster found:
[2022-11-02 03:27:57,049] [util.py:152]               [DEBUG]    | Method: url_poster Poster: https://www.themoviedb.org/t/p/w300_and_h450_bestv2/60ZqefTZIgfGtklgihIjXmi4ClH.jpg
[2022-11-02 03:27:57,201] [util.py:150]               [DEBUG]    | 1 background found:
[2022-11-02 03:27:57,202] [util.py:152]               [DEBUG]    | Method: url_background Background: https://i.imgur.com/juAQnOG.jpg
[2022-11-02 03:27:57,437] [library.py:170]            [INFO]     | Detail: asset_directory updated Shakespeare's poster to [File] //config/assets/movies/Shakespeare/poster.jpg
[2022-11-02 03:27:57,530] [library.py:186]            [INFO]     | Detail: asset_directory updated Shakespeare's poster to [File] //config/assets/movies/Shakespeare/background.jpg
[2022-11-02 03:27:57,618] [plex_meta_manager.py:708]  [INFO]     | 
[2022-11-02 03:27:57,619] [plex_meta_manager.py:709]  [INFO]     |====================================================================================================|
[2022-11-02 03:27:57,619] [plex_meta_manager.py:709]  [INFO]     |                                  Finished Shakespeare Collection                                   |
[2022-11-02 03:27:57,619] [plex_meta_manager.py:709]  [INFO]     |                                    Collection Run Time: 0:00:01                                    |
[2022-11-02 03:27:57,619] [plex_meta_manager.py:709]  [INFO]     |====================================================================================================|
