[2023-03-02 05:02:13,784] [builder.py:193]            [INFO]     |====================================================================================================|
[2023-03-02 05:02:13,784] [builder.py:193]            [INFO]     |                                Based on Books Collection in Movies                                 |
[2023-03-02 05:02:13,784] [builder.py:193]            [INFO]     |====================================================================================================|
[2023-03-02 05:02:13,784] [builder.py:194]            [INFO]     |                                                                                                    |
[2023-03-02 05:02:13,784] [builder.py:205]            [INFO]     |================================ Building Definition From Templates ================================|
[2023-03-02 05:02:13,784] [builder.py:206]            [DEBUG]    |                                                                                                    |
[2023-03-02 05:02:13,784] [builder.py:216]            [DEBUG]    | Templates Called: Specialty                                                                        |
[2023-03-02 05:02:13,784] [builder.py:217]            [DEBUG]    |                                                                                                    |
[2023-03-02 05:02:13,785] [meta.py:550]               [DEBUG]    |==================================== Final Template Attributes =====================================|
[2023-03-02 05:02:13,785] [meta.py:551]               [DEBUG]    |                                                                                                    |
[2023-03-02 05:02:13,785] [meta.py:552]               [DEBUG]    | {'url_poster': 'https://theposterdb.com/api/assets/235323', 'sort_title': 'Based on Books', 'delete_not_scheduled': True, 'run_again': True, 'visible_home': False, 'visible_shared': True, 'sync_mode': 'sync'} |
[2023-03-02 05:02:13,785] [meta.py:553]               [DEBUG]    |                                                                                                    |
[2023-03-02 05:02:13,785] [builder.py:233]            [INFO]     |=============================== Validating Based on Books Attributes ===============================|
[2023-03-02 05:02:14,441] [builder.py:500]            [DEBUG]    |                                                                                                    |
[2023-03-02 05:02:14,442] [builder.py:501]            [DEBUG]    | Validating Method: delete_not_scheduled                                                            |
[2023-03-02 05:02:14,442] [builder.py:502]            [DEBUG]    | Value: True                                                                                        |
[2023-03-02 05:02:14,442] [builder.py:558]            [DEBUG]    |                                                                                                    |
[2023-03-02 05:02:14,442] [builder.py:559]            [DEBUG]    | Validating Method: run_again                                                                       |
[2023-03-02 05:02:14,442] [builder.py:560]            [DEBUG]    | Value: True                                                                                        |
[2023-03-02 05:02:14,442] [builder.py:579]            [DEBUG]    |                                                                                                    |
[2023-03-02 05:02:14,442] [builder.py:580]            [DEBUG]    | Validating Method: sync_mode                                                                       |
[2023-03-02 05:02:14,442] [builder.py:584]            [DEBUG]    | Value: sync                                                                                        |
[2023-03-02 05:02:14,442] [builder.py:715]            [DEBUG]    |                                                                                                    |
[2023-03-02 05:02:14,442] [builder.py:719]            [DEBUG]    | Validating Method: tmdb_keyword                                                                    |
[2023-03-02 05:02:14,442] [builder.py:720]            [DEBUG]    | Value: 818                                                                                         |
[2023-03-02 05:02:14,580] [builder.py:715]            [DEBUG]    |                                                                                                    |
[2023-03-02 05:02:14,580] [builder.py:719]            [DEBUG]    | Validating Method: summary                                                                         |
[2023-03-02 05:02:14,581] [builder.py:720]            [DEBUG]    | Value: Movies based on books or novels                                                             |
[2023-03-02 05:02:14,581] [builder.py:715]            [DEBUG]    |                                                                                                    |
[2023-03-02 05:02:14,581] [builder.py:719]            [DEBUG]    | Validating Method: url_poster                                                                      |
[2023-03-02 05:02:14,581] [builder.py:720]            [DEBUG]    | Value: https://theposterdb.com/api/assets/235323                                                   |
[2023-03-02 05:02:15,871] [builder.py:715]            [DEBUG]    |                                                                                                    |
[2023-03-02 05:02:15,871] [builder.py:719]            [DEBUG]    | Validating Method: sort_title                                                                      |
[2023-03-02 05:02:15,871] [builder.py:720]            [DEBUG]    | Value: Based on Books                                                                              |
[2023-03-02 05:02:15,871] [builder.py:715]            [DEBUG]    |                                                                                                    |
[2023-03-02 05:02:15,871] [builder.py:719]            [DEBUG]    | Validating Method: visible_home                                                                    |
[2023-03-02 05:02:15,871] [builder.py:720]            [DEBUG]    | Value: False                                                                                       |
[2023-03-02 05:02:15,871] [builder.py:715]            [DEBUG]    |                                                                                                    |
[2023-03-02 05:02:15,872] [builder.py:719]            [DEBUG]    | Validating Method: visible_shared                                                                  |
[2023-03-02 05:02:15,872] [builder.py:720]            [DEBUG]    | Value: True                                                                                        |
[2023-03-02 05:02:15,872] [builder.py:885]            [INFO]     |                                                                                                    |
[2023-03-02 05:02:15,872] [builder.py:886]            [INFO]     | Validation Successful                                                                              |
[2023-03-02 05:02:15,872] [plex_meta_manager.py:636]  [INFO]     |                                                                                                    |
[2023-03-02 05:02:15,872] [plex_meta_manager.py:638]  [INFO]     |================================ Running Based on Books Collection =================================|
[2023-03-02 05:02:15,872] [plex_meta_manager.py:652]  [INFO]     |                                                                                                    |
[2023-03-02 05:02:15,873] [plex_meta_manager.py:653]  [INFO]     | Sync Mode: sync                                                                                    |
[2023-03-02 05:02:15,873] [plex_meta_manager.py:656]  [DEBUG]    |                                                                                                    |
[2023-03-02 05:02:15,873] [plex_meta_manager.py:657]  [DEBUG]    | Builder: tmdb_keyword: 818                                                                         |
[2023-03-02 05:02:15,873] [plex_meta_manager.py:658]  [INFO]     |                                                                                                    |
[2023-03-02 05:02:49,918] [tmdb.py:335]               [INFO]     | Processing TMDb Keyword: (818) based on novel or book (5395 Movies)                                |
[2023-03-02 05:02:49,929] [builder.py:1665]           [DEBUG]    |                                                                                                    |
[2023-03-02 05:02:49,929] [builder.py:1666]           [DEBUG]    | 5395 IDs Found                                                                                     |
[2023-03-02 05:02:49,930] [builder.py:1668]           [DEBUG]    |                                                                                                    |
[2023-03-02 05:02:50,064] [builder.py:2249]           [INFO]     |                                                                                                    |
[2023-03-02 05:02:50,064] [builder.py:2250]           [INFO]     |=============================== Adding to Based on Books Collection ================================|
[2023-03-02 05:02:50,064] [builder.py:2251]           [INFO]     |                                                                                                    |
[2023-03-02 05:02:50,065] [builder.py:2265]           [INFO]     |   1/203 | Based on Books Collection | = | Knock at the Cabin (2023)                                |
[2023-03-02 05:02:50,065] [builder.py:2265]           [INFO]     |   2/203 | Based on Books Collection | = | The Chronicles of Narnia: The Lion, the Witch and the Wardrobe (2005) |
[2023-03-02 05:02:50,066] [builder.py:2265]           [INFO]     |   3/203 | Based on Books Collection | = | All Quiet on the Western Front (2022)                    |
[2023-03-02 05:02:50,066] [builder.py:2265]           [INFO]     |   4/203 | Based on Books Collection | = | Harry Potter and the Sorcerer's Stone (2001)             |
[2023-03-02 05:02:50,067] [builder.py:2265]           [INFO]     |   5/203 | Based on Books Collection | = | Bullet Train (2022)                                      |
[2023-03-02 05:02:50,068] [builder.py:2265]           [INFO]     |   6/203 | Based on Books Collection | = | Me Before You (2016)                                     |
[2023-03-02 05:02:50,068] [builder.py:2265]           [INFO]     |   7/203 | Based on Books Collection | = | Harry Potter and the Goblet of Fire (2005)               |
[2023-03-02 05:02:50,069] [builder.py:2265]           [INFO]     |   8/203 | Based on Books Collection | = | The Hobbit: The Battle of the Five Armies (2014)         |
[2023-03-02 05:02:50,069] [builder.py:2265]           [INFO]     |   9/203 | Based on Books Collection | = | The Shawshank Redemption (1994)                          |
[2023-03-02 05:02:50,070] [builder.py:2265]           [INFO]     |  10/203 | Based on Books Collection | = | Dune (2021)                                              |
[2023-03-02 05:02:50,070] [builder.py:2265]           [INFO]     |  11/203 | Based on Books Collection | = | The Maze Runner (2014)                                   |
[2023-03-02 05:02:50,071] [builder.py:2265]           [INFO]     |  12/203 | Based on Books Collection | = | The Lord of the Rings: The Fellowship of the Ring (2001) |
[2023-03-02 05:02:50,071] [builder.py:2265]           [INFO]     |  13/203 | Based on Books Collection | = | The Godfather (1972)                                     |
[2023-03-02 05:02:50,071] [builder.py:2265]           [INFO]     |  14/203 | Based on Books Collection | = | World War Z (2013)                                       |
[2023-03-02 05:02:50,072] [builder.py:2265]           [INFO]     |  15/203 | Based on Books Collection | = | Coraline (2009)                                          |
[2023-03-02 05:02:50,072] [builder.py:2265]           [INFO]     |  16/203 | Based on Books Collection | = | Clifford the Big Red Dog (2021)                          |
[2023-03-02 05:02:50,073] [builder.py:2265]           [INFO]     |  17/203 | Based on Books Collection | = | The Lord of the Rings: The Two Towers (2002)             |
[2023-03-02 05:02:50,073] [builder.py:2265]           [INFO]     |  18/203 | Based on Books Collection | = | The Green Mile (1999)                                    |
[2023-03-02 05:02:50,074] [builder.py:2265]           [INFO]     |  19/203 | Based on Books Collection | = | How to Train Your Dragon: The Hidden World (2019)        |
[2023-03-02 05:02:50,074] [builder.py:2265]           [INFO]     |  20/203 | Based on Books Collection | = | Women Talking (2023)                                     |
[2023-03-02 05:02:50,075] [builder.py:2265]           [INFO]     |  21/203 | Based on Books Collection | = | The Lord of the Rings: The Return of the King (2003)     |
[2023-03-02 05:02:50,075] [builder.py:2265]           [INFO]     |  22/203 | Based on Books Collection | = | The Call of the Wild (2020)                              |
[2023-03-02 05:02:50,076] [builder.py:2265]           [INFO]     |  23/203 | Based on Books Collection | = | Fight Club (1999)                                        |
[2023-03-02 05:02:50,076] [builder.py:2265]           [INFO]     |  24/203 | Based on Books Collection | = | No Time to Die (2021)                                    |
[2023-03-02 05:02:50,077] [builder.py:2265]           [INFO]     |  25/203 | Based on Books Collection | = | The Hunger Games: Mockingjay - Part 1 (2014)             |
[2023-03-02 05:02:50,078] [builder.py:2265]           [INFO]     |  26/203 | Based on Books Collection | = | Percy Jackson and The Lightning Thief (2010)             |
[2023-03-02 05:02:50,078] [builder.py:2265]           [INFO]     |  27/203 | Based on Books Collection | = | The Hobbit: An Unexpected Journey (2012)                 |
[2023-03-02 05:02:50,078] [builder.py:2265]           [INFO]     |  28/203 | Based on Books Collection | = | Schindler's List (1993)                                  |
[2023-03-02 05:02:50,079] [builder.py:2265]           [INFO]     |  29/203 | Based on Books Collection | = | Forrest Gump (1994)                                      |
[2023-03-02 05:02:50,079] [builder.py:2265]           [INFO]     |  30/203 | Based on Books Collection | = | Maze Runner: The Scorch Trials (2015)                    |
[2023-03-02 05:02:50,080] [builder.py:2265]           [INFO]     |  31/203 | Based on Books Collection | = | Maze Runner: The Death Cure (2018)                       |
[2023-03-02 05:02:50,080] [builder.py:2265]           [INFO]     |  32/203 | Based on Books Collection | = | Ready Player One (2018)                                  |
[2023-03-02 05:02:50,081] [builder.py:2265]           [INFO]     |  33/203 | Based on Books Collection | = | The Hobbit: The Desolation of Smaug (2013)               |
[2023-03-02 05:02:50,081] [builder.py:2265]           [INFO]     |  34/203 | Based on Books Collection | = | The Hunger Games: Catching Fire (2013)                   |
[2023-03-02 05:02:50,082] [builder.py:2265]           [INFO]     |  35/203 | Based on Books Collection | = | The Notebook (2004)                                      |
[2023-03-02 05:02:50,082] [builder.py:2265]           [INFO]     |  36/203 | Based on Books Collection | = | Insurgent (2015)                                         |
[2023-03-02 05:02:50,083] [builder.py:2265]           [INFO]     |  37/203 | Based on Books Collection | = | How to Train Your Dragon (2010)                          |
[2023-03-02 05:02:50,083] [builder.py:2265]           [INFO]     |  38/203 | Based on Books Collection | = | How the Grinch Stole Christmas (2000)                    |
[2023-03-02 05:02:50,084] [builder.py:2265]           [INFO]     |  39/203 | Based on Books Collection | = | The Jungle Book (1967)                                   |
[2023-03-02 05:02:50,084] [builder.py:2265]           [INFO]     |  40/203 | Based on Books Collection | = | The Martian (2015)                                       |
[2023-03-02 05:02:50,084] [builder.py:2265]           [INFO]     |  41/203 | Based on Books Collection | = | Jack Reacher (2012)                                      |
[2023-03-02 05:02:50,085] [builder.py:2265]           [INFO]     |  42/203 | Based on Books Collection | = | Nightmare Alley (2021)                                   |
[2023-03-02 05:02:50,086] [builder.py:2265]           [INFO]     |  43/203 | Based on Books Collection | = | The Town (2010)                                          |
[2023-03-02 05:02:50,086] [builder.py:2265]           [INFO]     |  44/203 | Based on Books Collection | = | Matilda (1996)                                           |
[2023-03-02 05:02:50,086] [builder.py:2265]           [INFO]     |  45/203 | Based on Books Collection | = | The Wizard of Oz (1939)                                  |
[2023-03-02 05:02:50,087] [builder.py:2265]           [INFO]     |  46/203 | Based on Books Collection | = | Edge of Tomorrow (2014)                                  |
[2023-03-02 05:02:50,087] [builder.py:2265]           [INFO]     |  47/203 | Based on Books Collection | = | The Hunger Games: Mockingjay - Part 2 (2015)             |
[2023-03-02 05:02:50,088] [builder.py:2265]           [INFO]     |  48/203 | Based on Books Collection | = | Jojo Rabbit (2019)                                       |
[2023-03-02 05:02:50,088] [builder.py:2265]           [INFO]     |  49/203 | Based on Books Collection | = | The Boy in the Striped Pajamas (2008)                    |
[2023-03-02 05:02:50,089] [builder.py:2265]           [INFO]     |  50/203 | Based on Books Collection | = | It (2017)                                                |
[2023-03-02 05:02:50,089] [builder.py:2265]           [INFO]     |  51/203 | Based on Books Collection | = | The Iron Giant (1999)                                    |
[2023-03-02 05:02:50,090] [builder.py:2265]           [INFO]     |  52/203 | Based on Books Collection | = | Divergent (2014)                                         |
[2023-03-02 05:02:50,090] [builder.py:2265]           [INFO]     |  53/203 | Based on Books Collection | = | Die Hard (1988)                                          |
[2023-03-02 05:02:50,091] [builder.py:2265]           [INFO]     |  54/203 | Based on Books Collection | = | The Last Duel (2021)                                     |
[2023-03-02 05:02:50,091] [builder.py:2265]           [INFO]     |  55/203 | Based on Books Collection | = | Blade Runner (1982)                                      |
[2023-03-02 05:02:50,091] [builder.py:2265]           [INFO]     |  56/203 | Based on Books Collection | = | War of the Worlds (2005)                                 |
[2023-03-02 05:02:50,092] [builder.py:2265]           [INFO]     |  57/203 | Based on Books Collection | = | War for the Planet of the Apes (2017)                    |
[2023-03-02 05:02:50,093] [builder.py:2265]           [INFO]     |  58/203 | Based on Books Collection | = | Little Women (2019)                                      |
[2023-03-02 05:02:50,093] [builder.py:2265]           [INFO]     |  59/203 | Based on Books Collection | = | The Thing (1982)                                         |
[2023-03-02 05:02:50,093] [builder.py:2265]           [INFO]     |  60/203 | Based on Books Collection | = | Willy Wonka and the Chocolate Factory (1971)             |
[2023-03-02 05:02:50,093] [builder.py:2265]           [INFO]     |  61/203 | Based on Books Collection | = | Shutter Island (2010)                                    |
[2023-03-02 05:02:50,094] [builder.py:2265]           [INFO]     |  62/203 | Based on Books Collection | = | Death on the Nile (2022)                                 |
[2023-03-02 05:02:50,095] [builder.py:2265]           [INFO]     |  63/203 | Based on Books Collection | = | Spirited (2022)                                          |
[2023-03-02 05:02:50,095] [builder.py:2265]           [INFO]     |  64/203 | Based on Books Collection | = | Full Metal Jacket (1987)                                 |
[2023-03-02 05:02:50,095] [builder.py:2265]           [INFO]     |  65/203 | Based on Books Collection | = | Die Hard 2: Die Harder (1990)                            |
[2023-03-02 05:02:50,096] [builder.py:2265]           [INFO]     |  66/203 | Based on Books Collection | = | Where the Crawdads Sing (2022)                           |
[2023-03-02 05:02:50,096] [builder.py:2265]           [INFO]     |  67/203 | Based on Books Collection | = | I, Robot (2004)                                          |
[2023-03-02 05:02:50,097] [builder.py:2265]           [INFO]     |  68/203 | Based on Books Collection | = | Annihilation (2018)                                      |
[2023-03-02 05:02:50,097] [builder.py:2265]           [INFO]     |  69/203 | Based on Books Collection | = | The NeverEnding Story (1984)                             |
[2023-03-02 05:02:50,098] [builder.py:2265]           [INFO]     |  70/203 | Based on Books Collection | = | From Russia with Love (1963)                             |
[2023-03-02 05:02:50,098] [builder.py:2265]           [INFO]     |  71/203 | Based on Books Collection | = | The Shining (1980)                                       |
[2023-03-02 05:02:50,098] [builder.py:2265]           [INFO]     |  72/203 | Based on Books Collection | = | Black Hawk Down (2002)                                   |
[2023-03-02 05:02:50,098] [builder.py:2265]           [INFO]     |  73/203 | Based on Books Collection | = | White Noise (2022)                                       |
[2023-03-02 05:02:50,099] [builder.py:2265]           [INFO]     |  74/203 | Based on Books Collection | = | No Country for Old Men (2007)                            |
[2023-03-02 05:02:50,099] [builder.py:2265]           [INFO]     |  75/203 | Based on Books Collection | = | Ben-Hur (1959)                                           |
[2023-03-02 05:02:50,100] [builder.py:2265]           [INFO]     |  76/203 | Based on Books Collection | = | The Jungle Book (2016)                                   |
[2023-03-02 05:02:50,100] [builder.py:2265]           [INFO]     |  77/203 | Based on Books Collection | = | Mary Poppins (1964)                                      |
[2023-03-02 05:02:50,100] [builder.py:2265]           [INFO]     |  78/203 | Based on Books Collection | = | Journey to the Center of the Earth (2008)                |
[2023-03-02 05:02:50,101] [builder.py:2265]           [INFO]     |  79/203 | Based on Books Collection | = | Casino Royale (2006)                                     |
[2023-03-02 05:02:50,101] [builder.py:2265]           [INFO]     |  80/203 | Based on Books Collection | = | Clueless (1995)                                          |
[2023-03-02 05:02:50,101] [builder.py:2265]           [INFO]     |  81/203 | Based on Books Collection | = | Planet of the Apes (1968)                                |
[2023-03-02 05:02:50,102] [builder.py:2265]           [INFO]     |  82/203 | Based on Books Collection | = | Contact (1997)                                           |
[2023-03-02 05:02:50,102] [builder.py:2265]           [INFO]     |  83/203 | Based on Books Collection | = | Pet Sematary (1989)                                      |
[2023-03-02 05:02:50,102] [builder.py:2265]           [INFO]     |  84/203 | Based on Books Collection | = | Dune (1984)                                              |
[2023-03-02 05:02:50,102] [builder.py:2265]           [INFO]     |  85/203 | Based on Books Collection | = | Treasure Planet (2002)                                   |
[2023-03-02 05:02:50,103] [builder.py:2265]           [INFO]     |  86/203 | Based on Books Collection | = | Total Recall (1990)                                      |
[2023-03-02 05:02:50,103] [builder.py:2265]           [INFO]     |  87/203 | Based on Books Collection | = | Allegiant (2016)                                         |
[2023-03-02 05:02:50,104] [builder.py:2265]           [INFO]     |  88/203 | Based on Books Collection | = | Goodfellas (1990)                                        |
[2023-03-02 05:02:50,104] [builder.py:2265]           [INFO]     |  89/203 | Based on Books Collection | = | One Flew Over the Cuckoo's Nest (1975)                   |
[2023-03-02 05:02:50,104] [builder.py:2265]           [INFO]     |  90/203 | Based on Books Collection | = | Spectre (2015)                                           |
[2023-03-02 05:02:50,105] [builder.py:2265]           [INFO]     |  91/203 | Based on Books Collection | = | The Bourne Supremacy (2004)                              |
[2023-03-02 05:02:50,105] [builder.py:2265]           [INFO]     |  92/203 | Based on Books Collection | = | Paddington 2 (2017)                                      |
[2023-03-02 05:02:50,106] [builder.py:2265]           [INFO]     |  93/203 | Based on Books Collection | = | Interview with the Vampire: The Vampire Chronicles (1994) |
[2023-03-02 05:02:50,106] [builder.py:2265]           [INFO]     |  94/203 | Based on Books Collection | = | Doctor Sleep (2019)                                      |
[2023-03-02 05:02:50,107] [builder.py:2265]           [INFO]     |  95/203 | Based on Books Collection | = | Chaos Walking (2021)                                     |
[2023-03-02 05:02:50,108] [builder.py:2265]           [INFO]     |  96/203 | Based on Books Collection | = | Pet Sematary (2019)                                      |
[2023-03-02 05:02:50,108] [builder.py:2265]           [INFO]     |  97/203 | Based on Books Collection | = | Goldfinger (1964)                                        |
[2023-03-02 05:02:50,108] [builder.py:2265]           [INFO]     |  98/203 | Based on Books Collection | = | Dr. No (1962)                                            |
[2023-03-02 05:02:50,108] [builder.py:2265]           [INFO]     |  99/203 | Based on Books Collection | = | The Thing (2011)                                         |
[2023-03-02 05:02:50,109] [builder.py:2265]           [INFO]     | 100/203 | Based on Books Collection | = | Enola Holmes (2020)                                      |
[2023-03-02 05:02:50,109] [builder.py:2265]           [INFO]     | 101/203 | Based on Books Collection | = | The Bourne Identity (2002)                               |
[2023-03-02 05:02:50,110] [builder.py:2265]           [INFO]     | 102/203 | Based on Books Collection | = | Who Framed Roger Rabbit (1988)                           |
[2023-03-02 05:02:50,110] [builder.py:2265]           [INFO]     | 103/203 | Based on Books Collection | = | The Wandering Earth (2019)                               |
[2023-03-02 05:02:50,111] [builder.py:2265]           [INFO]     | 104/203 | Based on Books Collection | = | A Christmas Carol (2009)                                 |
[2023-03-02 05:02:50,111] [builder.py:2265]           [INFO]     | 105/203 | Based on Books Collection | = | The Bourne Ultimatum (2007)                              |
[2023-03-02 05:02:50,112] [builder.py:2265]           [INFO]     | 106/203 | Based on Books Collection | = | The Hunger Games (2012)                                  |
[2023-03-02 05:02:50,112] [builder.py:2265]           [INFO]     | 107/203 | Based on Books Collection | = | Minority Report (2002)                                   |
[2023-03-02 05:02:50,112] [builder.py:2265]           [INFO]     | 108/203 | Based on Books Collection | = | The Hunt for Red October (1990)                          |
[2023-03-02 05:02:50,113] [builder.py:2265]           [INFO]     | 109/203 | Based on Books Collection | = | Stuart Little (1999)                                     |
[2023-03-02 05:02:50,113] [builder.py:2265]           [INFO]     | 110/203 | Based on Books Collection | = | Ender's Game (2013)                                      |
[2023-03-02 05:02:50,114] [builder.py:2265]           [INFO]     | 111/203 | Based on Books Collection | = | Murder On The Orient Express (2017)                      |
[2023-03-02 05:02:50,114] [builder.py:2265]           [INFO]     | 112/203 | Based on Books Collection | = | Zathura: A Space Adventure (2005)                        |
[2023-03-02 05:02:50,114] [builder.py:2265]           [INFO]     | 113/203 | Based on Books Collection | = | You Only Live Twice (1967)                               |
[2023-03-02 05:02:50,115] [builder.py:2265]           [INFO]     | 114/203 | Based on Books Collection | = | The Road (2009)                                          |
[2023-03-02 05:02:50,115] [builder.py:2265]           [INFO]     | 115/203 | Based on Books Collection | = | Trainspotting (1996)                                     |
[2023-03-02 05:02:50,115] [builder.py:2265]           [INFO]     | 116/203 | Based on Books Collection | = | Stand by Me (1986)                                       |
[2023-03-02 05:02:50,116] [builder.py:2265]           [INFO]     | 117/203 | Based on Books Collection | = | There Will Be Blood (2008)                               |
[2023-03-02 05:02:50,116] [builder.py:2265]           [INFO]     | 118/203 | Based on Books Collection | = | On Her Majesty's Secret Service (1969)                   |
[2023-03-02 05:02:50,116] [builder.py:2265]           [INFO]     | 119/203 | Based on Books Collection | = | Charlotte's Web (2006)                                   |
[2023-03-02 05:02:50,117] [builder.py:2265]           [INFO]     | 120/203 | Based on Books Collection | = | Children of Men (2006)                                   |
[2023-03-02 05:02:50,117] [builder.py:2265]           [INFO]     | 121/203 | Based on Books Collection | = | Paddington (2014)                                        |
[2023-03-02 05:02:50,118] [builder.py:2265]           [INFO]     | 122/203 | Based on Books Collection | = | Hugo (2011)                                              |
[2023-03-02 05:02:50,118] [builder.py:2265]           [INFO]     | 123/203 | Based on Books Collection | = | The Girl on the Train (2016)                             |
[2023-03-02 05:02:50,119] [builder.py:2265]           [INFO]     | 124/203 | Based on Books Collection | = | The Girl with All the Gifts (2016)                       |
[2023-03-02 05:02:50,119] [builder.py:2265]           [INFO]     | 125/203 | Based on Books Collection | = | Das Boot (1981)                                          |
[2023-03-02 05:02:50,119] [builder.py:2265]           [INFO]     | 126/203 | Based on Books Collection | = | The Count of Monte Cristo (2002)                         |
[2023-03-02 05:02:50,120] [builder.py:2265]           [INFO]     | 127/203 | Based on Books Collection | = | The Boxtrolls (2014)                                     |
[2023-03-02 05:02:50,120] [builder.py:2265]           [INFO]     | 128/203 | Based on Books Collection | = | BlacKkKlansman (2018)                                    |
[2023-03-02 05:02:50,121] [builder.py:2265]           [INFO]     | 129/203 | Based on Books Collection | = | Clear and Present Danger (1994)                          |
[2023-03-02 05:02:50,121] [builder.py:2265]           [INFO]     | 130/203 | Based on Books Collection | = | O Brother, Where Art Thou? (2000)                        |
[2023-03-02 05:02:50,122] [builder.py:2265]           [INFO]     | 131/203 | Based on Books Collection | = | The Girl with the Dragon Tattoo (2011)                   |
[2023-03-02 05:02:50,122] [builder.py:2265]           [INFO]     | 132/203 | Based on Books Collection | = | The Time Machine (1960)                                  |
[2023-03-02 05:02:50,122] [builder.py:2265]           [INFO]     | 133/203 | Based on Books Collection | = | The Art of Racing in the Rain (2019)                     |
[2023-03-02 05:02:50,123] [builder.py:2265]           [INFO]     | 134/203 | Based on Books Collection | = | Mary Poppins Returns (2018)                              |
[2023-03-02 05:02:50,123] [builder.py:2265]           [INFO]     | 135/203 | Based on Books Collection | = | Empire of the Sun (1987)                                 |
[2023-03-02 05:02:50,124] [builder.py:2265]           [INFO]     | 136/203 | Based on Books Collection | = | The Running Man (1987)                                   |
[2023-03-02 05:02:50,124] [builder.py:2265]           [INFO]     | 137/203 | Based on Books Collection | = | High-Rise (2016)                                         |
[2023-03-02 05:02:50,124] [builder.py:2265]           [INFO]     | 138/203 | Based on Books Collection | = | Metropolis (1927)                                        |
[2023-03-02 05:02:50,125] [builder.py:2265]           [INFO]     | 139/203 | Based on Books Collection | = | Sahara (2005)                                            |
[2023-03-02 05:02:50,125] [builder.py:2265]           [INFO]     | 140/203 | Based on Books Collection | = | The Sum of All Fears (2002)                              |
[2023-03-02 05:02:50,125] [builder.py:2265]           [INFO]     | 141/203 | Based on Books Collection | = | How the Grinch Stole Christmas! (1966)                   |
[2023-03-02 05:02:50,125] [builder.py:2265]           [INFO]     | 142/203 | Based on Books Collection | = | The Hitchhiker's Guide to the Galaxy (2005)              |
[2023-03-02 05:02:50,126] [builder.py:2265]           [INFO]     | 143/203 | Based on Books Collection | = | True Grit (2010)                                         |
[2023-03-02 05:02:50,126] [builder.py:2265]           [INFO]     | 144/203 | Based on Books Collection | = | Silver Bullet (1985)                                     |
[2023-03-02 05:02:50,126] [builder.py:2265]           [INFO]     | 145/203 | Based on Books Collection | = | Soylent Green (1973)                                     |
[2023-03-02 05:02:50,127] [builder.py:2265]           [INFO]     | 146/203 | Based on Books Collection | = | Under the Skin (2014)                                    |
[2023-03-02 05:02:50,127] [builder.py:2265]           [INFO]     | 147/203 | Based on Books Collection | = | Invasion of the Body Snatchers (1978)                    |
[2023-03-02 05:02:50,127] [builder.py:2265]           [INFO]     | 148/203 | Based on Books Collection | = | Downfall (2004)                                          |
[2023-03-02 05:02:50,128] [builder.py:2265]           [INFO]     | 149/203 | Based on Books Collection | = | The Princess Bride (1987)                                |
[2023-03-02 05:02:50,128] [builder.py:2265]           [INFO]     | 150/203 | Based on Books Collection | = | Battle Royale (2000)                                     |
[2023-03-02 05:02:50,128] [builder.py:2265]           [INFO]     | 151/203 | Based on Books Collection | = | To Kill a Mockingbird (1963)                             |
[2023-03-02 05:02:50,129] [builder.py:2265]           [INFO]     | 152/203 | Based on Books Collection | = | Beasts of No Nation (2015)                               |
[2023-03-02 05:02:50,129] [builder.py:2265]           [INFO]     | 153/203 | Based on Books Collection | = | The Muppet Christmas Carol (1992)                        |
[2023-03-02 05:02:50,129] [builder.py:2265]           [INFO]     | 154/203 | Based on Books Collection | = | Cold Skin (2017)                                         |
[2023-03-02 05:02:50,130] [builder.py:2265]           [INFO]     | 155/203 | Based on Books Collection | = | Fun with Dick and Jane (2005)                            |
[2023-03-02 05:02:50,130] [builder.py:2265]           [INFO]     | 156/203 | Based on Books Collection | = | Mr. Holmes (2015)                                        |
[2023-03-02 05:02:50,131] [builder.py:2265]           [INFO]     | 157/203 | Based on Books Collection | = | 25th Hour (2003)                                         |
[2023-03-02 05:02:50,131] [builder.py:2265]           [INFO]     | 158/203 | Based on Books Collection | = | Patriot Games (1992)                                     |
[2023-03-02 05:02:50,131] [builder.py:2265]           [INFO]     | 159/203 | Based on Books Collection | = | The Last King of Scotland (2007)                         |
[2023-03-02 05:02:50,132] [builder.py:2265]           [INFO]     | 160/203 | Based on Books Collection | = | Fast Times at Ridgemont High (1982)                      |
[2023-03-02 05:02:50,132] [builder.py:2265]           [INFO]     | 161/203 | Based on Books Collection | = | Sleepwalkers (1992)                                      |
[2023-03-02 05:02:50,132] [builder.py:2265]           [INFO]     | 162/203 | Based on Books Collection | = | The Time Traveler's Wife (2009)                          |
[2023-03-02 05:02:50,133] [builder.py:2265]           [INFO]     | 163/203 | Based on Books Collection | = | Anne of Green Gables (1985)                              |
[2023-03-02 05:02:50,133] [builder.py:2265]           [INFO]     | 164/203 | Based on Books Collection | = | The Treasure of the Sierra Madre (1948)                  |
[2023-03-02 05:02:50,133] [builder.py:2265]           [INFO]     | 165/203 | Based on Books Collection | = | Hunt for the Wilderpeople (2016)                         |
[2023-03-02 05:02:50,134] [builder.py:2265]           [INFO]     | 166/203 | Based on Books Collection | = | Let the Right One In (2008)                              |
[2023-03-02 05:02:50,134] [builder.py:2265]           [INFO]     | 167/203 | Based on Books Collection | = | The Bookshop (2017)                                      |
[2023-03-02 05:02:50,135] [builder.py:2265]           [INFO]     | 168/203 | Based on Books Collection | = | Field of Dreams (1989)                                   |
[2023-03-02 05:02:50,135] [builder.py:2265]           [INFO]     | 169/203 | Based on Books Collection | = | Invasion of the Body Snatchers (1956)                    |
[2023-03-02 05:02:50,135] [builder.py:2265]           [INFO]     | 170/203 | Based on Books Collection | = | Extremely Loud & Incredibly Close (2012)                 |
[2023-03-02 05:02:50,135] [builder.py:2265]           [INFO]     | 171/203 | Based on Books Collection | = | Solaris (1972)                                           |
[2023-03-02 05:02:50,136] [builder.py:2265]           [INFO]     | 172/203 | Based on Books Collection | = | A Christmas Carol (1951)                                 |
[2023-03-02 05:02:50,136] [builder.py:2265]           [INFO]     | 173/203 | Based on Books Collection | = | The Motorcycle Diaries (2004)                            |
[2023-03-02 05:02:50,136] [builder.py:2265]           [INFO]     | 174/203 | Based on Books Collection | = | Village of the Damned (1960)                             |
[2023-03-02 05:02:50,136] [builder.py:2265]           [INFO]     | 175/203 | Based on Books Collection | = | About a Boy (2002)                                       |
[2023-03-02 05:02:50,137] [builder.py:2265]           [INFO]     | 176/203 | Based on Books Collection | = | Finding Forrester (2001)                                 |
[2023-03-02 05:02:50,137] [builder.py:2265]           [INFO]     | 177/203 | Based on Books Collection | = | Solaris (2002)                                           |
[2023-03-02 05:02:50,137] [builder.py:2265]           [INFO]     | 178/203 | Based on Books Collection | = | Logan's Run (1976)                                       |
[2023-03-02 05:02:50,137] [builder.py:2265]           [INFO]     | 179/203 | Based on Books Collection | = | The Thirteenth Floor (1999)                              |
[2023-03-02 05:02:50,138] [builder.py:2265]           [INFO]     | 180/203 | Based on Books Collection | = | Leave No Trace (2018)                                    |
[2023-03-02 05:02:50,138] [builder.py:2265]           [INFO]     | 181/203 | Based on Books Collection | = | Needful Things (1993)                                    |
[2023-03-02 05:02:50,139] [builder.py:2265]           [INFO]     | 182/203 | Based on Books Collection | = | The Thing from Another World (1951)                      |
[2023-03-02 05:02:50,139] [builder.py:2265]           [INFO]     | 183/203 | Based on Books Collection | = | How I Live Now (2013)                                    |
[2023-03-02 05:02:50,139] [builder.py:2265]           [INFO]     | 184/203 | Based on Books Collection | = | Creepshow 2 (1987)                                       |
[2023-03-02 05:02:50,139] [builder.py:2265]           [INFO]     | 185/203 | Based on Books Collection | = | The Killing Fields (1984)                                |
[2023-03-02 05:02:50,140] [builder.py:2265]           [INFO]     | 186/203 | Based on Books Collection | = | Altered States (1980)                                    |
[2023-03-02 05:02:50,140] [builder.py:2265]           [INFO]     | 187/203 | Based on Books Collection | = | The Andromeda Strain (1971)                              |
[2023-03-02 05:02:50,140] [builder.py:2265]           [INFO]     | 188/203 | Based on Books Collection | = | Adaptation. (2002)                                       |
[2023-03-02 05:02:50,140] [builder.py:2265]           [INFO]     | 189/203 | Based on Books Collection | = | For Love of the Game (1999)                              |
[2023-03-02 05:02:50,141] [builder.py:2265]           [INFO]     | 190/203 | Based on Books Collection | = | The Sky Is Everywhere (2022)                             |
[2023-03-02 05:02:50,141] [builder.py:2265]           [INFO]     | 191/203 | Based on Books Collection | = | Brewster's Millions (1985)                               |
[2023-03-02 05:02:50,141] [builder.py:2265]           [INFO]     | 192/203 | Based on Books Collection | = | No Escape (1994)                                         |
[2023-03-02 05:02:50,142] [builder.py:2265]           [INFO]     | 193/203 | Based on Books Collection | = | Swiss Family Robinson (1960)                             |
[2023-03-02 05:02:50,142] [builder.py:2265]           [INFO]     | 194/203 | Based on Books Collection | = | Crooked House (2017)                                     |
[2023-03-02 05:02:50,143] [builder.py:2265]           [INFO]     | 195/203 | Based on Books Collection | = | Holes (2003)                                             |
[2023-03-02 05:02:50,143] [builder.py:2265]           [INFO]     | 196/203 | Based on Books Collection | = | Watership Down (1978)                                    |
[2023-03-02 05:02:50,143] [builder.py:2265]           [INFO]     | 197/203 | Based on Books Collection | = | The Silence of the Lambs (1991)                          |
[2023-03-02 05:02:50,143] [builder.py:2265]           [INFO]     | 198/203 | Based on Books Collection | = | Tuck Everlasting (2002)                                  |
[2023-03-02 05:02:50,144] [builder.py:2265]           [INFO]     | 199/203 | Based on Books Collection | = | The Man Who Fell to Earth (1976)                         |
[2023-03-02 05:02:50,144] [builder.py:2265]           [INFO]     | 200/203 | Based on Books Collection | = | The Philadelphia Experiment (1984)                       |
[2023-03-02 05:02:50,144] [builder.py:2265]           [INFO]     | 201/203 | Based on Books Collection | = | The Year Without a Santa Claus (1974)                    |
[2023-03-02 05:02:50,144] [builder.py:2265]           [INFO]     | 202/203 | Based on Books Collection | = | On The Beach (1959)                                      |
[2023-03-02 05:02:50,144] [builder.py:2265]           [INFO]     | 203/203 | Based on Books Collection | = | Anne of Green Gables (2016)                              |
[2023-03-02 05:02:50,145] [builder.py:2285]           [INFO]     |                                                                                                    |
[2023-03-02 05:02:50,145] [builder.py:2287]           [INFO]     | 203 Movies Processed 0 Movies Added                                                                |
[2023-03-02 05:02:50,167] [builder.py:2623]           [INFO]     |                                                                                                    |
[2023-03-02 05:02:50,167] [builder.py:2624]           [INFO]     |========================== Updating Details of Based on Books Collection ===========================|
[2023-03-02 05:02:50,167] [builder.py:2625]           [INFO]     |                                                                                                    |
[2023-03-02 05:02:50,180] [builder.py:2689]           [INFO]     | Collection Metadata Edits                                                                          |
[2023-03-02 05:02:50,189] [util.py:178]               [DEBUG]    | 2 posters found:                                                                                   |
[2023-03-02 05:02:50,189] [util.py:180]               [DEBUG]    | Method: url_poster Poster: https://theposterdb.com/api/assets/235323                               |
[2023-03-02 05:02:50,189] [util.py:180]               [DEBUG]    | Method: asset_directory Poster: {'attribute': 'asset_directory', 'location': '//config/assets/movies/Based on Books/poster.jpg', 'prefix': "Based on Books's ", 'is_poster': True, 'is_url': False, 'compare': 860153, 'message': "Based on Books's poster to [File] //config/assets/movies/Based on Books/poster.jpg"} |
[2023-03-02 05:02:50,190] [library.py:177]            [INFO]     | Detail: Based on Books's poster update not needed                                                  |
[2023-03-02 05:02:50,831] [plex_meta_manager.py:780]  [INFO]     |                                                                                                    |
[2023-03-02 05:02:50,832] [plex_meta_manager.py:781]  [INFO]     |====================================================================================================|
[2023-03-02 05:02:50,832] [plex_meta_manager.py:781]  [INFO]     |                                 Finished Based on Books Collection                                 |
[2023-03-02 05:02:50,832] [plex_meta_manager.py:781]  [INFO]     |                                    Collection Run Time: 0:00:37                                    |
[2023-03-02 05:02:50,832] [plex_meta_manager.py:781]  [INFO]     |====================================================================================================|
