[2022-10-17 20:42:00,238] [builder.py:197]            [INFO]     |====================================================================================================|
[2022-10-17 20:42:00,238] [builder.py:197]            [INFO]     |                                 Marvel Cinematic Universe Playlist                                 |
[2022-10-17 20:42:00,238] [builder.py:197]            [INFO]     |====================================================================================================|
[2022-10-17 20:42:00,238] [builder.py:198]            [INFO]     |                                                                                                    |
[2022-10-17 20:42:00,239] [builder.py:203]            [INFO]     |================================ Building Definition From Templates ================================|
[2022-10-17 20:42:00,239] [builder.py:219]            [INFO]     |========================= Validating Marvel Cinematic Universe Attributes ==========================|
[2022-10-17 20:42:00,239] [builder.py:300]            [DEBUG]    |                                                                                                    |
[2022-10-17 20:42:00,239] [builder.py:301]            [DEBUG]    | Validating Method: libraries                                                                       |
[2022-10-17 20:42:00,239] [builder.py:304]            [DEBUG]    | Value: Movies, Shows                                                                               |
[2022-10-17 20:42:00,239] [builder.py:313]            [DEBUG]    |                                                                                                    |
[2022-10-17 20:42:00,239] [builder.py:314]            [DEBUG]    | Validating Method: sync_to_users                                                                   |
[2022-10-17 20:42:00,239] [builder.py:315]            [DEBUG]    | Value: None                                                                                        |
[2022-10-17 20:42:01,889] [builder.py:488]            [DEBUG]    |                                                                                                    |
[2022-10-17 20:42:01,889] [builder.py:489]            [DEBUG]    | Validating Method: sync_mode                                                                       |
[2022-10-17 20:42:01,889] [builder.py:493]            [DEBUG]    | Value: sync                                                                                        |
[2022-10-17 20:42:01,890] [builder.py:627]            [DEBUG]    |                                                                                                    |
[2022-10-17 20:42:01,890] [builder.py:631]            [DEBUG]    | Validating Method: trakt_list                                                                      |
[2022-10-17 20:42:01,890] [builder.py:632]            [DEBUG]    | Value: https://trakt.tv/users/donxy/lists/marvel-cinematic-universe?sort=rank,asc                  |
[2022-10-17 20:42:02,216] [trakt.py:278]              [ERROR]    | Trakt Error: No TVDb ID found for Marvel's Agents of S.H.I.E.L.D.: Slingshot (2016)                |
[2022-10-17 20:42:02,217] [builder.py:627]            [DEBUG]    |                                                                                                    |
[2022-10-17 20:42:02,217] [builder.py:631]            [DEBUG]    | Validating Method: summary                                                                         |
[2022-10-17 20:42:02,217] [builder.py:632]            [DEBUG]    | Value: Marvel Cinematic Universe in Chronological Order                                            |
[2022-10-17 20:42:02,217] [builder.py:627]            [DEBUG]    |                                                                                                    |
[2022-10-17 20:42:02,217] [builder.py:631]            [DEBUG]    | Validating Method: url_poster                                                                      |
[2022-10-17 20:42:02,217] [builder.py:632]            [DEBUG]    | Value: https://theposterdb.com/api/assets/6897                                                     |
[2022-10-17 20:42:03,143] [builder.py:797]            [INFO]     |                                                                                                    |
[2022-10-17 20:42:03,144] [builder.py:798]            [INFO]     | Validation Successful                                                                              |
[2022-10-17 20:42:03,144] [plex_meta_manager.py:747]  [INFO]     |                                                                                                    |
[2022-10-17 20:42:03,144] [plex_meta_manager.py:749]  [INFO]     |============================ Running Marvel Cinematic Universe Playlist ============================|
[2022-10-17 20:42:03,144] [plex_meta_manager.py:757]  [INFO]     |                                                                                                    |
[2022-10-17 20:42:03,144] [plex_meta_manager.py:758]  [INFO]     | Sync Mode: sync                                                                                    |
[2022-10-17 20:42:03,144] [plex_meta_manager.py:761]  [DEBUG]    |                                                                                                    |
[2022-10-17 20:42:03,144] [plex_meta_manager.py:762]  [DEBUG]    | Builder: trakt_list: https://trakt.tv/users/donxy/lists/marvel-cinematic-universe?sort=rank,asc    |
[2022-10-17 20:42:03,144] [plex_meta_manager.py:763]  [INFO]     |                                                                                                    |
[2022-10-17 20:42:03,144] [trakt.py:487]              [INFO]     | Processing Trakt List: https://trakt.tv/users/donxy/lists/marvel-cinematic-universe?sort=rank,asc  |
[2022-10-17 20:42:03,323] [trakt.py:278]              [ERROR]    | Trakt Error: No TVDb ID found for Marvel's Agents of S.H.I.E.L.D.: Slingshot (2016)                |
[2022-10-17 20:42:03,323] [builder.py:1540]           [DEBUG]    |                                                                                                    |
[2022-10-17 20:42:03,324] [builder.py:1541]           [DEBUG]    | 194 IDs Found: [(1771, 'tmdb'), ('281485_1', 'tvdb_season'), ('281485_2', 'tvdb_season'), (211387, 'tmdb'), (299537, 'tmdb'), (1726, 'tmdb'), (10138, 'tmdb'), (1724, 'tmdb'), (76535, 'tmdb'), (10195, 'tmdb'), (76122, 'tmdb'), (24428, 'tmdb'), (119569, 'tmdb'), (68721, 'tmdb'), (253980, 'tmdb'), ('263365_1_1', 'tvdb_episode'), ('263365_1_2', 'tvdb_episode'), ('263365_1_3', 'tvdb_episode'), ('263365_1_4', 'tvdb_episode'), ('263365_1_5', 'tvdb_episode'), ('263365_1_6', 'tvdb_episode'), ('263365_1_7', 'tvdb_episode'), (76338, 'tmdb'), ('263365_1_8', 'tvdb_episode'), ('263365_1_9', 'tvdb_episode'), ('263365_1_10', 'tvdb_episode'), ('263365_1_11', 'tvdb_episode'), ('263365_1_12', 'tvdb_episode'), ('263365_1_13', 'tvdb_episode'), ('263365_1_14', 'tvdb_episode'), ('263365_1_15', 'tvdb_episode'), ('263365_1_16', 'tvdb_episode'), (100402, 'tmdb'), ('263365_1_17', 'tvdb_episode'), ('263365_1_18', 'tvdb_episode'), ('263365_1_19', 'tvdb_episode'), ('263365_1_20', 'tvdb_episode'), ('263365_1_21', 'tvdb_episode'), ('263365_1_22', 'tvdb_episode'), ('263365_2_1', 'tvdb_episode'), ('263365_2_2', 'tvdb_episode'), (118340, 'tmdb'), ('263365_2_3', 'tvdb_episode'), (283995, 'tmdb'), ('281662_1', 'tvdb_season'), ('284190_1', 'tvdb_season'), ('263365_2_4', 'tvdb_episode'), ('263365_2_5', 'tvdb_episode'), ('263365_2_6', 'tvdb_episode'), ('263365_2_7', 'tvdb_episode'), ('263365_2_8', 'tvdb_episode'), ('263365_2_9', 'tvdb_episode'), ('263365_2_10', 'tvdb_episode'), ('263365_2_11', 'tvdb_episode'), ('263365_2_12', 'tvdb_episode'), ('263365_2_13', 'tvdb_episode'), ('263365_2_14', 'tvdb_episode'), ('263365_2_15', 'tvdb_episode'), ('263365_2_16', 'tvdb_episode'), ('263365_2_17', 'tvdb_episode'), ('263365_2_18', 'tvdb_episode'), ('263365_2_19', 'tvdb_episode'), (99861, 'tmdb'), ('263365_2_20', 'tvdb_episode'), ('263365_2_21', 'tvdb_episode'), ('263365_2_22', 'tvdb_episode'), ('299405_1', 'tvdb_season'), (102899, 'tmdb'), ('263365_3_1', 'tvdb_episode'), ('263365_3_2', 'tvdb_episode'), ('263365_3_3', 'tvdb_episode'), ('263365_3_4', 'tvdb_episode'), ('263365_3_5', 'tvdb_episode'), ('263365_3_6', 'tvdb_episode'), ('263365_3_7', 'tvdb_episode'), ('263365_3_8', 'tvdb_episode'), ('281662_2', 'tvdb_season'), ('304219_1', 'tvdb_season'), ('263365_3_9', 'tvdb_episode'), ('263365_3_10', 'tvdb_episode'), ('263365_3_11', 'tvdb_episode'), ('263365_3_12', 'tvdb_episode'), ('263365_3_13', 'tvdb_episode'), ('263365_3_14', 'tvdb_episode'), ('263365_3_15', 'tvdb_episode'), ('263365_3_16', 'tvdb_episode'), ('263365_3_17', 'tvdb_episode'), ('263365_3_18', 'tvdb_episode'), ('299405_2', 'tvdb_season'), ('263365_3_19', 'tvdb_episode'), (271110, 'tmdb'), ('263365_3_20', 'tvdb_episode'), ('263365_3_21', 'tvdb_episode'), ('263365_3_22', 'tvdb_episode'), (284054, 'tmdb'), (497698, 'tmdb'), ('317953_1', 'tvdb_season'), ('320558_1', 'tvdb_season'), (315635, 'tmdb'), ('263365_0_8', 'tvdb_episode'), ('263365_0_9', 'tvdb_episode'), ('263365_0_10', 'tvdb_episode'), ('263365_0_11', 'tvdb_episode'), ('326490_1', 'tvdb_season'), ('331980_1', 'tvdb_season'), (284052, 'tmdb'), ('341455_1', 'tvdb_season'), ('263365_4_1', 'tvdb_episode'), ('263365_4_2', 'tvdb_episode'), ('263365_4_3', 'tvdb_episode'), ('263365_4_4', 'tvdb_episode'), ('263365_4_5', 'tvdb_episode'), ('263365_4_6', 'tvdb_episode'), ('263365_4_7', 'tvdb_episode'), ('263365_4_8', 'tvdb_episode'), ('263365_4_9', 'tvdb_episode'), ('263365_4_10', 'tvdb_episode'), ('263365_4_11', 'tvdb_episode'), ('263365_4_12', 'tvdb_episode'), ('284190_2', 'tvdb_season'), ('263365_4_13', 'tvdb_episode'), ('263365_4_14', 'tvdb_episode'), ('263365_4_15', 'tvdb_episode'), ('263365_4_16', 'tvdb_episode'), ('263365_4_17', 'tvdb_episode'), ('263365_4_18', 'tvdb_episode'), ('263365_4_19', 'tvdb_episode'), ('263365_4_20', 'tvdb_episode'), ('263365_4_21', 'tvdb_episode'), ('263365_4_22', 'tvdb_episode'), ('263365_5_1', 'tvdb_episode'), ('263365_5_2', 'tvdb_episode'), ('263365_5_3', 'tvdb_episode'), ('263365_5_4', 'tvdb_episode'), ('263365_5_5', 'tvdb_episode'), ('263365_5_6', 'tvdb_episode'), ('263365_5_7', 'tvdb_episode'), ('263365_5_8', 'tvdb_episode'), ('263365_5_9', 'tvdb_episode'), ('263365_5_10', 'tvdb_episode'), ('263365_5_11', 'tvdb_episode'), ('263365_5_12', 'tvdb_episode'), ('263365_5_13', 'tvdb_episode'), ('304219_2', 'tvdb_season'), ('281662_3', 'tvdb_season'), ('341455_2', 'tvdb_season'), (284053, 'tmdb'), ('332027_1', 'tvdb_season'), ('317953_2', 'tvdb_season'), ('332027_2', 'tvdb_season'), ('331980_2', 'tvdb_season'), ('284190_3', 'tvdb_season'), ('263365_5_14', 'tvdb_episode'), ('263365_5_15', 'tvdb_episode'), ('263365_5_16', 'tvdb_episode'), ('263365_5_17', 'tvdb_episode'), ('263365_5_18', 'tvdb_episode'), (363088, 'tmdb'), (299536, 'tmdb'), ('263365_5_19', 'tvdb_episode'), ('263365_5_20', 'tvdb_episode'), ('263365_5_21', 'tvdb_episode'), ('263365_5_22', 'tvdb_episode'), ('332027_3', 'tvdb_season'), ('263365_6', 'tvdb_season'), ('263365_7', 'tvdb_season'), ('364038_1', 'tvdb_season'), (299534, 'tmdb'), ('362472_1', 'tvdb_season'), ('362392_1', 'tvdb_season'), ('362496_1', 'tvdb_season'), (429617, 'tmdb'), ('372497_1', 'tvdb_season'), ('367146_1', 'tvdb_season'), (634649, 'tmdb'), (367147, 'tvdb'), (566525, 'tmdb'), (524434, 'tmdb'), (368612, 'tvdb'), (368611, 'tvdb'), (453395, 'tmdb'), (368613, 'tvdb'), (616037, 'tmdb'), (505642, 'tmdb'), ('393203_1', 'tvdb_season'), (609681, 'tmdb'), (774752, 'tmdb'), (640146, 'tmdb'), ('393204_1', 'tvdb_season'), (447365, 'tmdb'), (617126, 'tmdb'), (617127, 'tmdb'), (533535, 'tmdb'), (822119, 'tmdb')] |
[2022-10-17 20:42:03,324] [builder.py:1542]           [DEBUG]    |                                                                                                    |
[2022-10-17 20:42:03,357] [builder.py:2064]           [INFO]     |                                                                                                    |
[2022-10-17 20:42:03,357] [builder.py:2065]           [INFO]     |=========================== Adding to Marvel Cinematic Universe Playlist ===========================|
[2022-10-17 20:42:03,357] [builder.py:2066]           [INFO]     |                                                                                                    |
[2022-10-17 20:42:03,357] [builder.py:2080]           [INFO]     |  1/34 | Marvel Cinematic Universe Playlist | = | Captain America: The First Avenger (2011)         |
[2022-10-17 20:42:03,357] [builder.py:2080]           [INFO]     |  2/34 | Marvel Cinematic Universe Playlist | = | Captain Marvel (2019)                             |
[2022-10-17 20:42:03,357] [builder.py:2080]           [INFO]     |  3/34 | Marvel Cinematic Universe Playlist | = | Iron Man (2008)                                   |
[2022-10-17 20:42:03,358] [builder.py:2080]           [INFO]     |  4/34 | Marvel Cinematic Universe Playlist | = | Iron Man 2 (2010)                                 |
[2022-10-17 20:42:03,358] [builder.py:2080]           [INFO]     |  5/34 | Marvel Cinematic Universe Playlist | = | The Incredible Hulk (2008)                        |
[2022-10-17 20:42:03,358] [builder.py:2080]           [INFO]     |  6/34 | Marvel Cinematic Universe Playlist | = | Thor (2011)                                       |
[2022-10-17 20:42:03,358] [builder.py:2080]           [INFO]     |  7/34 | Marvel Cinematic Universe Playlist | = | The Avengers (2012)                               |
[2022-10-17 20:42:03,358] [builder.py:2080]           [INFO]     |  8/34 | Marvel Cinematic Universe Playlist | = | Iron Man 3 (2013)                                 |
[2022-10-17 20:42:03,358] [builder.py:2080]           [INFO]     |  9/34 | Marvel Cinematic Universe Playlist | = | Thor: The Dark World (2013)                       |
[2022-10-17 20:42:03,358] [builder.py:2080]           [INFO]     | 10/34 | Marvel Cinematic Universe Playlist | = | Captain America: The Winter Soldier (2014)        |
[2022-10-17 20:42:03,358] [builder.py:2080]           [INFO]     | 11/34 | Marvel Cinematic Universe Playlist | = | Guardians of the Galaxy (2014)                    |
[2022-10-17 20:42:03,359] [builder.py:2080]           [INFO]     | 12/34 | Marvel Cinematic Universe Playlist | = | Guardians of the Galaxy Vol. 2 (2017)             |
[2022-10-17 20:42:03,359] [builder.py:2080]           [INFO]     | 13/34 | Marvel Cinematic Universe Playlist | = | Avengers: Age of Ultron (2015)                    |
[2022-10-17 20:42:03,359] [builder.py:2080]           [INFO]     | 14/34 | Marvel Cinematic Universe Playlist | = | Ant-Man (2015)                                    |
[2022-10-17 20:42:03,359] [builder.py:2080]           [INFO]     | 15/34 | Marvel Cinematic Universe Playlist | = | Captain America: Civil War (2016)                 |
[2022-10-17 20:42:03,359] [builder.py:2080]           [INFO]     | 16/34 | Marvel Cinematic Universe Playlist | = | Black Panther (2018)                              |
[2022-10-17 20:42:03,359] [builder.py:2080]           [INFO]     | 17/34 | Marvel Cinematic Universe Playlist | = | Black Widow (2021)                                |
[2022-10-17 20:42:03,360] [builder.py:2080]           [INFO]     | 18/34 | Marvel Cinematic Universe Playlist | = | Spider-Man: Homecoming (2017)                     |
[2022-10-17 20:42:03,360] [builder.py:2080]           [INFO]     | 19/34 | Marvel Cinematic Universe Playlist | = | Doctor Strange (2016)                             |
[2022-10-17 20:42:03,360] [builder.py:2080]           [INFO]     | 20/34 | Marvel Cinematic Universe Playlist | = | Thor: Ragnarok (2017)                             |
[2022-10-17 20:42:03,360] [builder.py:2080]           [INFO]     | 21/34 | Marvel Cinematic Universe Playlist | = | Ant-Man and the Wasp (2018)                       |
[2022-10-17 20:42:03,360] [builder.py:2080]           [INFO]     | 22/34 | Marvel Cinematic Universe Playlist | = | Avengers: Infinity War (2018)                     |
[2022-10-17 20:42:03,360] [builder.py:2080]           [INFO]     | 23/34 | Marvel Cinematic Universe Playlist | = | Avengers: Endgame (2019)                          |
[2022-10-17 20:42:03,361] [builder.py:2080]           [INFO]     | 24/34 | Marvel Cinematic Universe Playlist | = | Spider-Man: Far from Home (2019)                  |
[2022-10-17 20:42:03,361] [builder.py:2080]           [INFO]     | 25/34 | Marvel Cinematic Universe Playlist | = | Spider-Man: No Way Home (2021)                    |
[2022-10-17 20:42:03,361] [builder.py:2080]           [INFO]     | 26/34 | Marvel Cinematic Universe Playlist | = | Shang-Chi and the Legend of the Ten Rings (2021)  |
[2022-10-17 20:42:03,361] [builder.py:2080]           [INFO]     | 27/34 | Marvel Cinematic Universe Playlist | = | Eternals (2021)                                   |
[2022-10-17 20:42:03,361] [builder.py:2080]           [INFO]     | 28/34 | Marvel Cinematic Universe Playlist | = | Moon Knight S01E01: The Goldfish Problem          |
[2022-10-17 20:42:03,362] [builder.py:2080]           [INFO]     | 29/34 | Marvel Cinematic Universe Playlist | = | Moon Knight S01E02: Summon the Suit               |
[2022-10-17 20:42:03,362] [builder.py:2080]           [INFO]     | 30/34 | Marvel Cinematic Universe Playlist | = | Moon Knight S01E03: The Friendly Type             |
[2022-10-17 20:42:03,362] [builder.py:2080]           [INFO]     | 31/34 | Marvel Cinematic Universe Playlist | = | Moon Knight S01E04: The Tomb                      |
[2022-10-17 20:42:03,362] [builder.py:2080]           [INFO]     | 32/34 | Marvel Cinematic Universe Playlist | = | Moon Knight S01E05: Asylum                        |
[2022-10-17 20:42:03,363] [builder.py:2080]           [INFO]     | 33/34 | Marvel Cinematic Universe Playlist | = | Moon Knight S01E06: Gods and Monsters             |
[2022-10-17 20:42:03,363] [builder.py:2080]           [INFO]     | 34/34 | Marvel Cinematic Universe Playlist | = | Doctor Strange in the Multiverse of Madness (2022) |
[2022-10-17 20:42:03,363] [builder.py:2100]           [INFO]     |                                                                                                    |
[2022-10-17 20:42:03,363] [builder.py:2102]           [INFO]     | 34 Items Processed 0 Items Added                                                                   |
[2022-10-17 20:42:03,363] [builder.py:2228]           [INFO]     |                                                                                                    |
[2022-10-17 20:42:03,363] [builder.py:2229]           [INFO]     |=============================== Missing Movies from Library: Movies ================================|
[2022-10-17 20:42:03,363] [builder.py:2230]           [INFO]     |                                                                                                    |
[2022-10-17 20:42:03,370] [builder.py:2243]           [INFO]     | Marvel Cinematic Universe Playlist | ? | Marvel One-Shot: Agent Carter (2013) (TMDb: 211387)       |
[2022-10-17 20:42:03,374] [builder.py:2243]           [INFO]     | Marvel Cinematic Universe Playlist | ? | Marvel One-Shot: A Funny Thing Happened on the Way to Thor's Hammer (2011) (TMDb: 76535) |
[2022-10-17 20:42:03,376] [builder.py:2243]           [INFO]     | Marvel Cinematic Universe Playlist | ? | Marvel One-Shot: The Consultant (2011) (TMDb: 76122)      |
[2022-10-17 20:42:03,379] [builder.py:2243]           [INFO]     | Marvel Cinematic Universe Playlist | ? | Marvel One-Shot: Item 47 (2012) (TMDb: 119569)            |
[2022-10-17 20:42:03,382] [builder.py:2243]           [INFO]     | Marvel Cinematic Universe Playlist | ? | Marvel One-Shot: All Hail the King (2014) (TMDb: 253980)  |
[2022-10-17 20:42:03,384] [builder.py:2243]           [INFO]     | Marvel Cinematic Universe Playlist | ? | Thor: Love and Thunder (2022) (TMDb: 616037)              |
[2022-10-17 20:42:03,387] [builder.py:2243]           [INFO]     | Marvel Cinematic Universe Playlist | ? | Black Panther: Wakanda Forever (2022) (TMDb: 505642)      |
[2022-10-17 20:42:03,390] [builder.py:2243]           [INFO]     | Marvel Cinematic Universe Playlist | ? | The Marvels (2023) (TMDb: 609681)                         |
[2022-10-17 20:42:03,393] [builder.py:2243]           [INFO]     | Marvel Cinematic Universe Playlist | ? | The Guardians of the Galaxy Holiday Special (TMDb: 774752) |
[2022-10-17 20:42:03,395] [builder.py:2243]           [INFO]     | Marvel Cinematic Universe Playlist | ? | Ant-Man and the Wasp: Quantumania (2023) (TMDb: 640146)   |
[2022-10-17 20:42:03,398] [builder.py:2243]           [INFO]     | Marvel Cinematic Universe Playlist | ? | Guardians of the Galaxy Vol. 3 (2023) (TMDb: 447365)      |
[2022-10-17 20:42:03,401] [builder.py:2243]           [INFO]     | Marvel Cinematic Universe Playlist | ? | Fantastic Four (2025) (TMDb: 617126)                      |
[2022-10-17 20:42:03,403] [builder.py:2243]           [INFO]     | Marvel Cinematic Universe Playlist | ? | Blade (2024) (TMDb: 617127)                               |
[2022-10-17 20:42:03,406] [builder.py:2243]           [INFO]     | Marvel Cinematic Universe Playlist | ? | Deadpool 3 (2024) (TMDb: 533535)                          |
[2022-10-17 20:42:03,409] [builder.py:2243]           [INFO]     | Marvel Cinematic Universe Playlist | ? | Captain America: New World Order (2024) (TMDb: 822119)    |
[2022-10-17 20:42:03,409] [builder.py:2248]           [INFO]     |                                                                                                    |
[2022-10-17 20:42:03,409] [builder.py:2249]           [INFO]     | 15 Movies Missing                                                                                  |
[2022-10-17 20:42:03,413] [builder.py:2441]           [INFO]     |                                                                                                    |
[2022-10-17 20:42:03,413] [builder.py:2442]           [INFO]     |====================== Updating Details of Marvel Cinematic Universe Playlist ======================|
[2022-10-17 20:42:03,414] [builder.py:2443]           [INFO]     |                                                                                                    |
[2022-10-17 20:42:03,414] [util.py:150]               [DEBUG]    | 1 poster found:                                                                                    |
[2022-10-17 20:42:03,414] [util.py:152]               [DEBUG]    | Method: url_poster Poster: https://theposterdb.com/api/assets/6897                                 |
[2022-10-17 20:42:04,349] [library.py:170]            [INFO]     | Detail: asset_directory updated Marvel Cinematic Universe's poster to [File] //config/movies/assets/Marvel Cinematic Universe/poster.jpg |
[2022-10-17 20:42:04,418] [builder.py:2597]           [INFO]     |                                                                                                    |
[2022-10-17 20:42:04,419] [builder.py:2598]           [INFO]     |============================ Sorting Marvel Cinematic Universe Playlist ============================|
[2022-10-17 20:42:04,419] [builder.py:2599]           [INFO]     |                                                                                                    |
[2022-10-17 20:42:04,419] [plex_meta_manager.py:876]  [INFO]     |                                                                                                    |
[2022-10-17 20:42:04,419] [plex_meta_manager.py:879]  [INFO]     |                                                                                                    |
[2022-10-17 20:42:04,419] [plex_meta_manager.py:880]  [INFO]     |====================================================================================================|
[2022-10-17 20:42:04,419] [plex_meta_manager.py:880]  [INFO]     |                            Finished Marvel Cinematic Universe Playlist                             |
[2022-10-17 20:42:04,419] [plex_meta_manager.py:880]  [INFO]     |                                     Playlist Run Time: 0:00:04                                     |
[2022-10-17 20:42:04,420] [plex_meta_manager.py:880]  [INFO]     |====================================================================================================|
