[2023-11-22 05:01:39,987] [builder.py:193]            [INFO]     |====================================================================================================|
[2023-11-22 05:01:39,987] [builder.py:193]            [INFO]     |                              William Shakespeare Collection in Movies                              |
[2023-11-22 05:01:39,987] [builder.py:193]            [INFO]     |====================================================================================================|
[2023-11-22 05:01:39,987] [builder.py:194]            [INFO]     |                                                                                                    |
[2023-11-22 05:01:39,987] [builder.py:233]            [INFO]     |============================ Validating William Shakespeare Attributes =============================|
[2023-11-22 05:01:40,070] [builder.py:579]            [DEBUG]    |                                                                                                    |
[2023-11-22 05:01:40,070] [builder.py:580]            [DEBUG]    | Validating Method: sync_mode                                                                       |
[2023-11-22 05:01:40,070] [builder.py:584]            [DEBUG]    | Value: sync                                                                                        |
[2023-11-22 05:01:40,070] [builder.py:682]            [DEBUG]    |                                                                                                    |
[2023-11-22 05:01:40,070] [builder.py:683]            [DEBUG]    | Validating Method: collection_order                                                                |
[2023-11-22 05:01:40,070] [builder.py:684]            [DEBUG]    | Value: release                                                                                     |
[2023-11-22 05:01:40,070] [builder.py:715]            [DEBUG]    |                                                                                                    |
[2023-11-22 05:01:40,070] [builder.py:719]            [DEBUG]    | Validating Method: trakt_list                                                                      |
[2023-11-22 05:01:40,070] [builder.py:720]            [DEBUG]    | Value: https://trakt.tv/users/mrjohnnycake/lists/shakespeare?sort=released,asc                     |
[2023-11-22 05:01:40,198] [builder.py:715]            [DEBUG]    |                                                                                                    |
[2023-11-22 05:01:40,198] [builder.py:719]            [DEBUG]    | Validating Method: url_poster                                                                      |
[2023-11-22 05:01:40,198] [builder.py:720]            [DEBUG]    | Value: https://www.themoviedb.org/t/p/w300_and_h450_bestv2/60ZqefTZIgfGtklgihIjXmi4ClH.jpg         |
[2023-11-22 05:01:40,399] [builder.py:715]            [DEBUG]    |                                                                                                    |
[2023-11-22 05:01:40,399] [builder.py:719]            [DEBUG]    | Validating Method: url_background                                                                  |
[2023-11-22 05:01:40,399] [builder.py:720]            [DEBUG]    | Value: https://i.imgur.com/juAQnOG.jpg                                                             |
[2023-11-22 05:01:40,433] [builder.py:715]            [DEBUG]    |                                                                                                    |
[2023-11-22 05:01:40,433] [builder.py:719]            [DEBUG]    | Validating Method: sort_title                                                                      |
[2023-11-22 05:01:40,434] [builder.py:720]            [DEBUG]    | Value: ++_William Shakespeare                                                                      |
[2023-11-22 05:01:40,434] [builder.py:715]            [DEBUG]    |                                                                                                    |
[2023-11-22 05:01:40,434] [builder.py:719]            [DEBUG]    | Validating Method: collection_mode                                                                 |
[2023-11-22 05:01:40,434] [builder.py:720]            [DEBUG]    | Value: hide                                                                                        |
[2023-11-22 05:01:40,434] [builder.py:715]            [DEBUG]    |                                                                                                    |
[2023-11-22 05:01:40,434] [builder.py:719]            [DEBUG]    | Validating Method: summary                                                                         |
[2023-11-22 05:01:40,434] [builder.py:720]            [DEBUG]    | Value: William Shakespeare (26 April 1564 (baptised) – 23 April 1616) was an English poet, playwright, and actor, widely regarded as the greatest writer in the English language and the world's pre-eminent dramatist. He is often called England's national poet and the "Bard of Avon". His extant works, including some collaborations, consist of around 38 plays, 154 sonnets, two long narrative poems, and a few other verses, of which the authorship of some is uncertain. His plays have been translated into every major living language and are performed more often than those of any other playwright. |
[2023-11-22 05:01:40,434] [builder.py:885]            [INFO]     |                                                                                                    |
[2023-11-22 05:01:40,434] [builder.py:886]            [INFO]     | Validation Successful                                                                              |
[2023-11-22 05:01:40,434] [plex_meta_manager.py:636]  [INFO]     |                                                                                                    |
[2023-11-22 05:01:40,435] [plex_meta_manager.py:638]  [INFO]     |============================== Running William Shakespeare Collection ==============================|
[2023-11-22 05:01:40,435] [plex_meta_manager.py:652]  [INFO]     |                                                                                                    |
[2023-11-22 05:01:40,435] [plex_meta_manager.py:653]  [INFO]     | Sync Mode: sync                                                                                    |
[2023-11-22 05:01:40,435] [plex_meta_manager.py:656]  [DEBUG]    |                                                                                                    |
[2023-11-22 05:01:40,435] [plex_meta_manager.py:657]  [DEBUG]    | Builder: trakt_list: https://trakt.tv/users/mrjohnnycake/lists/shakespeare?sort=released,asc       |
[2023-11-22 05:01:40,435] [plex_meta_manager.py:658]  [INFO]     |                                                                                                    |
[2023-11-22 05:01:40,435] [trakt.py:493]              [INFO]     | Processing Trakt List: https://trakt.tv/users/mrjohnnycake/lists/shakespeare?sort=released,asc     |
[2023-11-22 05:01:40,562] [builder.py:1665]           [DEBUG]    |                                                                                                    |
[2023-11-22 05:01:40,562] [builder.py:1666]           [DEBUG]    | 84 IDs Found                                                                                       |
[2023-11-22 05:01:40,562] [builder.py:1668]           [DEBUG]    |                                                                                                    |
[2023-11-22 05:01:40,562] [builder.py:2249]           [INFO]     |                                                                                                    |
[2023-11-22 05:01:40,562] [builder.py:2250]           [INFO]     |============================= Adding to William Shakespeare Collection =============================|
[2023-11-22 05:01:40,562] [builder.py:2251]           [INFO]     |                                                                                                    |
[2023-11-22 05:01:40,562] [builder.py:2265]           [INFO]     | 1/5 | William Shakespeare Collection | = | Romeo + Juliet (1996)                                   |
[2023-11-22 05:01:40,562] [builder.py:2265]           [INFO]     | 2/5 | William Shakespeare Collection | = | Othello (1996)                                          |
[2023-11-22 05:01:40,562] [builder.py:2265]           [INFO]     | 3/5 | William Shakespeare Collection | = | Henry V (1989)                                          |
[2023-11-22 05:01:40,563] [builder.py:2265]           [INFO]     | 4/5 | William Shakespeare Collection | = | The Tragedy of Macbeth (2021)                           |
[2023-11-22 05:01:40,563] [builder.py:2265]           [INFO]     | 5/5 | William Shakespeare Collection | = | Much Ado About Nothing (2013)                           |
[2023-11-22 05:01:40,563] [builder.py:2285]           [INFO]     |                                                                                                    |
[2023-11-22 05:01:40,563] [builder.py:2287]           [INFO]     | 5 Movies Processed 0 Movies Added                                                                  |
[2023-11-22 05:01:41,495] [builder.py:2422]           [INFO]     |                                                                                                    |
[2023-11-22 05:01:41,496] [builder.py:2423]           [INFO]     | 76 Movies Missing                                                                                  |
[2023-11-22 05:01:41,587] [builder.py:2623]           [INFO]     |                                                                                                    |
[2023-11-22 05:01:41,587] [builder.py:2624]           [INFO]     |======================== Updating Details of William Shakespeare Collection ========================|
[2023-11-22 05:01:41,587] [builder.py:2625]           [INFO]     |                                                                                                    |
[2023-11-22 05:01:41,593] [builder.py:2689]           [INFO]     | Collection Metadata Edits                                                                          |
[2023-11-22 05:01:41,593] [util.py:178]               [DEBUG]    | 2 posters found:                                                                                   |
[2023-11-22 05:01:41,593] [util.py:180]               [DEBUG]    | Method: url_poster Poster: https://www.themoviedb.org/t/p/w300_and_h450_bestv2/60ZqefTZIgfGtklgihIjXmi4ClH.jpg |
[2023-11-22 05:01:41,593] [util.py:180]               [DEBUG]    | Method: asset_directory Poster: {'attribute': 'asset_directory', 'location': '//config/assets/movies/William Shakespeare/poster.jpg', 'prefix': "William Shakespeare's ", 'is_poster': True, 'is_url': False, 'compare': 18830, 'message': "William Shakespeare's poster to [File] //config/assets/movies/William Shakespeare/poster.jpg"} |
[2023-11-22 05:01:41,594] [util.py:178]               [DEBUG]    | 2 backgrounds found:                                                                               |
[2023-11-22 05:01:41,594] [util.py:180]               [DEBUG]    | Method: url_background Background: https://i.imgur.com/juAQnOG.jpg                                 |
[2023-11-22 05:01:41,594] [util.py:180]               [DEBUG]    | Method: asset_directory Background: {'attribute': 'asset_directory', 'location': '//config/assets/movies/William Shakespeare/background.jpg', 'prefix': "William Shakespeare's ", 'is_poster': False, 'is_url': False, 'compare': 1173495, 'message': "William Shakespeare's background to [File] //config/assets/movies/William Shakespeare/background.jpg"} |
[2023-11-22 05:01:41,594] [library.py:177]            [INFO]     | Detail: William Shakespeare's poster update not needed                                             |
[2023-11-22 05:01:41,595] [library.py:193]            [INFO]     | Detail: William Shakespeare's background update not needed                                         |
[2023-11-22 05:01:41,673] [plex_meta_manager.py:780]  [INFO]     |                                                                                                    |
[2023-11-22 05:01:41,673] [plex_meta_manager.py:781]  [INFO]     |====================================================================================================|
[2023-11-22 05:01:41,673] [plex_meta_manager.py:781]  [INFO]     |                              Finished William Shakespeare Collection                               |
[2023-11-22 05:01:41,673] [plex_meta_manager.py:781]  [INFO]     |                                    Collection Run Time: 0:00:01                                    |
[2023-11-22 05:01:41,673] [plex_meta_manager.py:781]  [INFO]     |====================================================================================================|
