[2023-11-22 05:13:08,015] [builder.py:193]            [INFO]     |====================================================================================================|
[2023-11-22 05:13:08,015] [builder.py:193]            [INFO]     |                                 Newly Released Collection in Shows                                 |
[2023-11-22 05:13:08,015] [builder.py:193]            [INFO]     |====================================================================================================|
[2023-11-22 05:13:08,015] [builder.py:194]            [INFO]     |                                                                                                    |
[2023-11-22 05:13:08,015] [builder.py:205]            [INFO]     |================================ Building Definition From Templates ================================|
[2023-11-22 05:13:08,015] [builder.py:206]            [DEBUG]    |                                                                                                    |
[2023-11-22 05:13:08,016] [builder.py:216]            [DEBUG]    | Templates Called: smart_filter, shared, translation                                                |
[2023-11-22 05:13:08,016] [builder.py:217]            [DEBUG]    |                                                                                                    |
[2023-11-22 05:13:08,016] [builder.py:220]            [DEBUG]    |                                                                                                    |
[2023-11-22 05:13:08,016] [builder.py:221]            [DEBUG]    | Validating Method: variables                                                                       |
[2023-11-22 05:13:08,030] [meta.py:550]               [DEBUG]    |==================================== Final Template Attributes =====================================|
[2023-11-22 05:13:08,030] [meta.py:551]               [DEBUG]    |                                                                                                    |
[2023-11-22 05:13:08,030] [meta.py:552]               [DEBUG]    | {'smart_filter': {'sort_by': 'release.desc', 'any': {'release': 120}}, 'allowed_library_types': [True], 'ignore_blank_results': True, 'collection_mode': 'hide', 'visible_library': True, 'visible_home': False, 'visible_shared': False, 'sort_title': '!01_Newly Released', 'url_poster': 'https://raw.githubusercontent.com/meisnate12/Plex-Meta-Manager-Images/master/chart/Newly%20Released.jpg', 'summary': 'A collection of newly-released shows.', 'name': 'Newly Released'} |
[2023-11-22 05:13:08,030] [meta.py:553]               [DEBUG]    |                                                                                                    |
[2023-11-22 05:13:08,030] [builder.py:233]            [INFO]     |=============================== Validating Newly Released Attributes ===============================|
[2023-11-22 05:13:08,030] [builder.py:236]            [DEBUG]    |                                                                                                    |
[2023-11-22 05:13:08,030] [builder.py:237]            [DEBUG]    | Validating Method: name                                                                            |
[2023-11-22 05:13:08,030] [builder.py:240]            [DEBUG]    | Value: Newly Released                                                                              |
[2023-11-22 05:13:08,033] [plex.py:857]               [DEBUG]    |                                                                                                    |
[2023-11-22 05:13:08,033] [plex.py:860]               [DEBUG]    | Looking for: Newly Released                                                                        |
[2023-11-22 05:13:08,033] [builder.py:274]            [DEBUG]    |                                                                                                    |
[2023-11-22 05:13:08,034] [builder.py:275]            [DEBUG]    | Validating Method: allowed_library_types                                                           |
[2023-11-22 05:13:08,034] [builder.py:278]            [DEBUG]    | Value: [True]                                                                                      |
[2023-11-22 05:13:08,034] [builder.py:463]            [DEBUG]    |                                                                                                    |
[2023-11-22 05:13:08,034] [builder.py:464]            [DEBUG]    | Validating Method: ignore_blank_results                                                            |
[2023-11-22 05:13:08,034] [builder.py:465]            [DEBUG]    | Value: True                                                                                        |
[2023-11-22 05:13:08,034] [builder.py:1875]           [INFO]     |                                                                                                    |
[2023-11-22 05:13:08,034] [builder.py:1876]           [INFO]     | Validating Method: smart_filter                                                                    |
[2023-11-22 05:13:08,034] [builder.py:1882]           [DEBUG]    | Value: {'sort_by': 'release.desc', 'any': {'release': 120}}                                        |
[2023-11-22 05:13:08,034] [builder.py:2069]           [DEBUG]    | Smart URL: ?type=2&sort=originallyAvailableAt%3Adesc&push=1&show.originallyAvailableAt%3E%3E=-120d&pop=1 |
[2023-11-22 05:13:08,034] [builder.py:715]            [DEBUG]    |                                                                                                    |
[2023-11-22 05:13:08,034] [builder.py:719]            [DEBUG]    | Validating Method: collection_mode                                                                 |
[2023-11-22 05:13:08,034] [builder.py:720]            [DEBUG]    | Value: hide                                                                                        |
[2023-11-22 05:13:08,035] [builder.py:715]            [DEBUG]    |                                                                                                    |
[2023-11-22 05:13:08,035] [builder.py:719]            [DEBUG]    | Validating Method: visible_library                                                                 |
[2023-11-22 05:13:08,035] [builder.py:720]            [DEBUG]    | Value: True                                                                                        |
[2023-11-22 05:13:08,035] [builder.py:715]            [DEBUG]    |                                                                                                    |
[2023-11-22 05:13:08,035] [builder.py:719]            [DEBUG]    | Validating Method: visible_home                                                                    |
[2023-11-22 05:13:08,035] [builder.py:720]            [DEBUG]    | Value: False                                                                                       |
[2023-11-22 05:13:08,035] [builder.py:715]            [DEBUG]    |                                                                                                    |
[2023-11-22 05:13:08,035] [builder.py:719]            [DEBUG]    | Validating Method: visible_shared                                                                  |
[2023-11-22 05:13:08,035] [builder.py:720]            [DEBUG]    | Value: False                                                                                       |
[2023-11-22 05:13:08,035] [builder.py:715]            [DEBUG]    |                                                                                                    |
[2023-11-22 05:13:08,035] [builder.py:719]            [DEBUG]    | Validating Method: sort_title                                                                      |
[2023-11-22 05:13:08,035] [builder.py:720]            [DEBUG]    | Value: !01_Newly Released                                                                          |
[2023-11-22 05:13:08,036] [builder.py:715]            [DEBUG]    |                                                                                                    |
[2023-11-22 05:13:08,036] [builder.py:719]            [DEBUG]    | Validating Method: url_poster                                                                      |
[2023-11-22 05:13:08,036] [builder.py:720]            [DEBUG]    | Value: https://raw.githubusercontent.com/meisnate12/Plex-Meta-Manager-Images/master/chart/Newly%20Released.jpg |
[2023-11-22 05:13:08,060] [builder.py:715]            [DEBUG]    |                                                                                                    |
[2023-11-22 05:13:08,060] [builder.py:719]            [DEBUG]    | Validating Method: summary                                                                         |
[2023-11-22 05:13:08,060] [builder.py:720]            [DEBUG]    | Value: A collection of newly-released shows.                                                       |
[2023-11-22 05:13:08,066] [builder.py:885]            [INFO]     |                                                                                                    |
[2023-11-22 05:13:08,066] [builder.py:886]            [INFO]     | Validation Successful                                                                              |
[2023-11-22 05:13:08,066] [plex_meta_manager.py:636]  [INFO]     |                                                                                                    |
[2023-11-22 05:13:08,066] [plex_meta_manager.py:638]  [INFO]     |================================ Running Newly Released Collection =================================|
[2023-11-22 05:13:08,066] [plex_meta_manager.py:644]  [INFO]     |                                                                                                    |
[2023-11-22 05:13:08,066] [plex_meta_manager.py:645]  [INFO]     | Smart Show Filter                                                                                  |
                                                                 | Sort By: ['release.desc']                                                                          |
                                                                 | Filter:                                                                                            |
                                                                 |   Match any of the following:                                                                      |
                                                                 |     Release Date is in the last 120d Days                                                          |
[2023-11-22 05:13:08,066] [plex_meta_manager.py:646]  [INFO]     |                                                                                                    |
[2023-11-22 05:13:08,066] [plex_meta_manager.py:647]  [INFO]     | Items Found: 1                                                                                     |
[2023-11-22 05:13:08,067] [plex_meta_manager.py:693]  [INFO]     |                                                                                                    |
[2023-11-22 05:13:08,067] [plex_meta_manager.py:694]  [INFO]     | Collection Minimum: 2 not met for Newly Released Collection                                        |
[2023-11-22 05:13:08,067] [plex_meta_manager.py:780]  [INFO]     |                                                                                                    |
[2023-11-22 05:13:08,067] [plex_meta_manager.py:781]  [INFO]     |====================================================================================================|
[2023-11-22 05:13:08,067] [plex_meta_manager.py:781]  [INFO]     |                                 Finished Newly Released Collection                                 |
[2023-11-22 05:13:08,067] [plex_meta_manager.py:781]  [INFO]     |                                    Collection Run Time: 0:00:00                                    |
[2023-11-22 05:13:08,067] [plex_meta_manager.py:781]  [INFO]     |====================================================================================================|
