[2023-11-08 05:08:09,624] [builder.py:193]            [INFO]     |====================================================================================================|
[2023-11-08 05:08:09,624] [builder.py:193]            [INFO]     |                                 Easter Movies Collection in Movies                                 |
[2023-11-08 05:08:09,624] [builder.py:193]            [INFO]     |====================================================================================================|
[2023-11-08 05:08:09,624] [builder.py:194]            [INFO]     |                                                                                                    |
[2023-11-08 05:08:09,624] [builder.py:205]            [INFO]     |================================ Building Definition From Templates ================================|
[2023-11-08 05:08:09,624] [builder.py:206]            [DEBUG]    |                                                                                                    |
[2023-11-08 05:08:09,624] [builder.py:216]            [DEBUG]    | Templates Called: Holiday                                                                          |
[2023-11-08 05:08:09,624] [builder.py:217]            [DEBUG]    |                                                                                                    |
[2023-11-08 05:08:09,625] [meta.py:550]               [DEBUG]    |==================================== Final Template Attributes =====================================|
[2023-11-08 05:08:09,625] [meta.py:551]               [DEBUG]    |                                                                                                    |
[2023-11-08 05:08:09,625] [meta.py:552]               [DEBUG]    | {'sort_title': 'Easter Movies', 'url_poster': 'https://theposterdb.com/api/assets/212636', 'collection_order': 'release.desc', 'schedule': 'daily', 'delete_not_scheduled': False, 'run_again': True, 'sync_mode': 'sync'} |
[2023-11-08 05:08:09,625] [meta.py:553]               [DEBUG]    |                                                                                                    |
[2023-11-08 05:08:09,625] [builder.py:233]            [INFO]     |=============================== Validating Easter Movies Attributes ================================|
[2023-11-08 05:08:09,681] [builder.py:500]            [DEBUG]    |                                                                                                    |
[2023-11-08 05:08:09,681] [builder.py:501]            [DEBUG]    | Validating Method: delete_not_scheduled                                                            |
[2023-11-08 05:08:09,682] [builder.py:502]            [DEBUG]    | Value: False                                                                                       |
[2023-11-08 05:08:09,682] [builder.py:519]            [DEBUG]    |                                                                                                    |
[2023-11-08 05:08:09,682] [builder.py:520]            [DEBUG]    | Validating Method: schedule                                                                        |
[2023-11-08 05:08:09,682] [builder.py:524]            [DEBUG]    | Value: daily                                                                                       |
[2023-11-08 05:08:09,682] [builder.py:558]            [DEBUG]    |                                                                                                    |
[2023-11-08 05:08:09,682] [builder.py:559]            [DEBUG]    | Validating Method: run_again                                                                       |
[2023-11-08 05:08:09,682] [builder.py:560]            [DEBUG]    | Value: True                                                                                        |
[2023-11-08 05:08:09,682] [builder.py:579]            [DEBUG]    |                                                                                                    |
[2023-11-08 05:08:09,682] [builder.py:580]            [DEBUG]    | Validating Method: sync_mode                                                                       |
[2023-11-08 05:08:09,682] [builder.py:584]            [DEBUG]    | Value: sync                                                                                        |
[2023-11-08 05:08:09,682] [builder.py:682]            [DEBUG]    |                                                                                                    |
[2023-11-08 05:08:09,682] [builder.py:683]            [DEBUG]    | Validating Method: collection_order                                                                |
[2023-11-08 05:08:09,683] [builder.py:684]            [DEBUG]    | Value: release.desc                                                                                |
[2023-11-08 05:08:09,683] [builder.py:715]            [DEBUG]    |                                                                                                    |
[2023-11-08 05:08:09,683] [builder.py:719]            [DEBUG]    | Validating Method: visible_home                                                                    |
[2023-11-08 05:08:09,683] [builder.py:720]            [DEBUG]    | Value: range(3/22-4/25)                                                                            |
[2023-11-08 05:08:09,683] [builder.py:715]            [DEBUG]    |                                                                                                    |
[2023-11-08 05:08:09,683] [builder.py:719]            [DEBUG]    | Validating Method: visible_shared                                                                  |
[2023-11-08 05:08:09,683] [builder.py:720]            [DEBUG]    | Value: range(3/22-4/25)                                                                            |
[2023-11-08 05:08:09,684] [builder.py:715]            [DEBUG]    |                                                                                                    |
[2023-11-08 05:08:09,684] [builder.py:719]            [DEBUG]    | Validating Method: imdb_list                                                                       |
[2023-11-08 05:08:09,684] [builder.py:720]            [DEBUG]    | Value: ['https://www.imdb.com/list/ls062665509/', 'https://www.imdb.com/list/ls051733651/']        |
[2023-11-08 05:08:14,127] [builder.py:715]            [DEBUG]    |                                                                                                    |
[2023-11-08 05:08:14,128] [builder.py:719]            [DEBUG]    | Validating Method: summary                                                                         |
[2023-11-08 05:08:14,128] [builder.py:720]            [DEBUG]    | Value: This collection revolves around the plot involving Easter.                                  |
[2023-11-08 05:08:14,128] [builder.py:715]            [DEBUG]    |                                                                                                    |
[2023-11-08 05:08:14,128] [builder.py:719]            [DEBUG]    | Validating Method: sort_title                                                                      |
[2023-11-08 05:08:14,128] [builder.py:720]            [DEBUG]    | Value: Easter Movies                                                                               |
[2023-11-08 05:08:14,128] [builder.py:715]            [DEBUG]    |                                                                                                    |
[2023-11-08 05:08:14,128] [builder.py:719]            [DEBUG]    | Validating Method: url_poster                                                                      |
[2023-11-08 05:08:14,128] [builder.py:720]            [DEBUG]    | Value: https://theposterdb.com/api/assets/212636                                                   |
[2023-11-08 05:08:14,916] [builder.py:885]            [INFO]     |                                                                                                    |
[2023-11-08 05:08:14,916] [builder.py:886]            [INFO]     | Validation Successful                                                                              |
[2023-11-08 05:08:14,916] [plex_meta_manager.py:636]  [INFO]     |                                                                                                    |
[2023-11-08 05:08:14,916] [plex_meta_manager.py:638]  [INFO]     |================================= Running Easter Movies Collection =================================|
[2023-11-08 05:08:14,917] [plex_meta_manager.py:652]  [INFO]     |                                                                                                    |
[2023-11-08 05:08:14,917] [plex_meta_manager.py:653]  [INFO]     | Sync Mode: sync                                                                                    |
[2023-11-08 05:08:14,917] [plex_meta_manager.py:656]  [DEBUG]    |                                                                                                    |
[2023-11-08 05:08:14,917] [plex_meta_manager.py:657]  [DEBUG]    | Builder: imdb_list: {'url': 'https://www.imdb.com/list/ls062665509/', 'limit': 0}                  |
[2023-11-08 05:08:14,917] [plex_meta_manager.py:658]  [INFO]     |                                                                                                    |
[2023-11-08 05:08:14,917] [imdb.py:205]               [INFO]     | Processing IMDb List: https://www.imdb.com/list/ls062665509/                                       |
[2023-11-08 05:08:25,520] [builder.py:1665]           [DEBUG]    |                                                                                                    |
[2023-11-08 05:08:25,520] [builder.py:1666]           [DEBUG]    | 139 IDs Found                                                                                      |
[2023-11-08 05:08:25,520] [builder.py:1668]           [DEBUG]    |                                                                                                    |
[2023-11-08 05:08:25,637] [builder.py:1728]           [WARNING]  | Convert Error: No TMDb ID Found for IMDb ID: tt3765110                                             |
[2023-11-08 05:08:25,754] [builder.py:1728]           [WARNING]  | Convert Error: No TMDb ID Found for IMDb ID: tt1440317                                             |
[2023-11-08 05:08:25,868] [builder.py:1728]           [WARNING]  | Convert Error: No TMDb ID Found for IMDb ID: tt1770751                                             |
[2023-11-08 05:08:25,978] [builder.py:1728]           [WARNING]  | Convert Error: No TMDb ID Found for IMDb ID: tt0265222                                             |
[2023-11-08 05:08:26,336] [builder.py:1728]           [WARNING]  | Convert Error: No TMDb ID Found for IMDb ID: tt6218692                                             |
[2023-11-08 05:08:26,452] [builder.py:1728]           [WARNING]  | Convert Error: No TMDb ID Found for IMDb ID: tt5893368                                             |
[2023-11-08 05:08:26,569] [builder.py:1728]           [WARNING]  | Convert Error: No TMDb ID Found for IMDb ID: tt0463330                                             |
[2023-11-08 05:08:26,667] [builder.py:1728]           [WARNING]  | Convert Error: No TMDb ID Found for IMDb ID: tt0463330                                             |
[2023-11-08 05:08:26,778] [builder.py:1728]           [WARNING]  | Convert Error: No TMDb ID Found for IMDb ID: tt3945324                                             |
[2023-11-08 05:08:26,895] [builder.py:1728]           [WARNING]  | Convert Error: No TMDb ID Found for IMDb ID: tt4365606                                             |
[2023-11-08 05:08:27,012] [builder.py:1728]           [WARNING]  | Convert Error: No TMDb ID Found for IMDb ID: tt5939920                                             |
[2023-11-08 05:08:27,177] [builder.py:1728]           [WARNING]  | Convert Error: No TMDb ID Found for IMDb ID: tt1337484                                             |
[2023-11-08 05:08:27,303] [builder.py:1728]           [WARNING]  | Convert Error: No TMDb ID Found for IMDb ID: tt5136154                                             |
[2023-11-08 05:08:27,413] [builder.py:1728]           [WARNING]  | Convert Error: No TMDb ID Found for IMDb ID: tt3077142                                             |
[2023-11-08 05:08:27,529] [builder.py:1728]           [WARNING]  | Convert Error: No TMDb ID Found for IMDb ID: tt1478306                                             |
[2023-11-08 05:08:27,638] [builder.py:1728]           [WARNING]  | Convert Error: No TMDb ID Found for IMDb ID: tt3920018                                             |
[2023-11-08 05:08:27,754] [builder.py:1728]           [WARNING]  | Convert Error: No TMDb ID Found for IMDb ID: tt0368295                                             |
[2023-11-08 05:08:27,868] [builder.py:1728]           [WARNING]  | Convert Error: No TMDb ID Found for IMDb ID: tt2199351                                             |
[2023-11-08 05:08:27,979] [builder.py:1728]           [WARNING]  | Convert Error: No TMDb ID Found for IMDb ID: tt1411700                                             |
[2023-11-08 05:08:28,089] [builder.py:1728]           [WARNING]  | Convert Error: No TMDb ID Found for IMDb ID: tt1198520                                             |
[2023-11-08 05:08:28,197] [builder.py:1728]           [WARNING]  | Convert Error: No TMDb ID Found for IMDb ID: tt2343471                                             |
[2023-11-08 05:08:28,306] [builder.py:1728]           [WARNING]  | Convert Error: No TMDb ID Found for IMDb ID: tt1553052                                             |
[2023-11-08 05:08:28,425] [builder.py:1728]           [WARNING]  | Convert Error: No TMDb ID Found for IMDb ID: tt2816502                                             |
[2023-11-08 05:08:28,540] [builder.py:1728]           [WARNING]  | Convert Error: No TMDb ID Found for IMDb ID: tt6478660                                             |
[2023-11-08 05:08:28,545] [builder.py:1728]           [WARNING]  | Convert Error: No TVDb ID Found for TMDb ID: 49114                                                 |
[2023-11-08 05:08:28,548] [builder.py:1728]           [WARNING]  | Convert Error: No TVDb ID Found for TMDb ID: 49749                                                 |
[2023-11-08 05:08:28,707] [builder.py:1728]           [WARNING]  | Convert Error: No TMDb ID Found for IMDb ID: tt0304921                                             |
[2023-11-08 05:08:28,826] [builder.py:1728]           [WARNING]  | Convert Error: No TMDb ID Found for IMDb ID: tt1600459                                             |
[2023-11-08 05:08:28,943] [builder.py:1728]           [WARNING]  | Convert Error: No TMDb ID Found for IMDb ID: tt0231311                                             |
[2023-11-08 05:08:29,067] [builder.py:1728]           [WARNING]  | Convert Error: No TMDb ID Found for IMDb ID: tt1132153                                             |
[2023-11-08 05:08:29,068] [plex_meta_manager.py:656]  [DEBUG]    |                                                                                                    |
[2023-11-08 05:08:29,068] [plex_meta_manager.py:657]  [DEBUG]    | Builder: imdb_list: {'url': 'https://www.imdb.com/list/ls051733651/', 'limit': 0}                  |
[2023-11-08 05:08:29,068] [plex_meta_manager.py:658]  [INFO]     |                                                                                                    |
[2023-11-08 05:08:29,068] [imdb.py:205]               [INFO]     | Processing IMDb List: https://www.imdb.com/list/ls051733651/                                       |
[2023-11-08 05:08:32,746] [builder.py:1665]           [DEBUG]    |                                                                                                    |
[2023-11-08 05:08:32,746] [builder.py:1666]           [DEBUG]    | 12 IDs Found                                                                                       |
[2023-11-08 05:08:32,747] [builder.py:1668]           [DEBUG]    |                                                                                                    |
[2023-11-08 05:08:32,754] [builder.py:2249]           [INFO]     |                                                                                                    |
[2023-11-08 05:08:32,755] [builder.py:2250]           [INFO]     |================================ Adding to Easter Movies Collection ================================|
[2023-11-08 05:08:32,755] [builder.py:2251]           [INFO]     |                                                                                                    |
[2023-11-08 05:08:32,755] [builder.py:2265]           [INFO]     | 1/3 | Easter Movies Collection | = | Hop (2011)                                                    |
[2023-11-08 05:08:32,755] [builder.py:2265]           [INFO]     | 2/3 | Easter Movies Collection | = | Rise of the Guardians (2012)                                  |
[2023-11-08 05:08:32,755] [builder.py:2265]           [INFO]     | 3/3 | Easter Movies Collection | = | Ben-Hur (1959)                                                |
[2023-11-08 05:08:32,755] [builder.py:2285]           [INFO]     |                                                                                                    |
[2023-11-08 05:08:32,755] [builder.py:2287]           [INFO]     | 3 Movies Processed 0 Movies Added                                                                  |
[2023-11-08 05:08:33,655] [builder.py:2422]           [INFO]     |                                                                                                    |
[2023-11-08 05:08:33,655] [builder.py:2423]           [INFO]     | 108 Movies Missing                                                                                 |
[2023-11-08 05:08:34,514] [builder.py:2623]           [INFO]     |                                                                                                    |
[2023-11-08 05:08:34,514] [builder.py:2624]           [INFO]     |=========================== Updating Details of Easter Movies Collection ===========================|
[2023-11-08 05:08:34,515] [builder.py:2625]           [INFO]     |                                                                                                    |
[2023-11-08 05:08:34,521] [builder.py:2689]           [INFO]     | Collection Metadata Edits                                                                          |
[2023-11-08 05:08:34,524] [util.py:178]               [DEBUG]    | 2 posters found:                                                                                   |
[2023-11-08 05:08:34,524] [util.py:180]               [DEBUG]    | Method: url_poster Poster: https://theposterdb.com/api/assets/212636                               |
[2023-11-08 05:08:34,524] [util.py:180]               [DEBUG]    | Method: asset_directory Poster: {'attribute': 'asset_directory', 'location': '//config/assets/movies/Easter Movies/poster.png', 'prefix': "Easter Movies's ", 'is_poster': True, 'is_url': False, 'compare': 4328538, 'message': "Easter Movies's poster to [File] //config/assets/movies/Easter Movies/poster.png"} |
[2023-11-08 05:08:34,525] [library.py:177]            [INFO]     | Detail: Easter Movies's poster update not needed                                                   |
[2023-11-08 05:08:34,579] [builder.py:2780]           [INFO]     |                                                                                                    |
[2023-11-08 05:08:34,579] [builder.py:2781]           [INFO]     |================================= Sorting Easter Movies Collection =================================|
[2023-11-08 05:08:34,579] [builder.py:2782]           [INFO]     |                                                                                                    |
[2023-11-08 05:08:34,602] [builder.py:2816]           [INFO]     | No Sorting Required                                                                                |
[2023-11-08 05:08:34,602] [plex_meta_manager.py:780]  [INFO]     |                                                                                                    |
[2023-11-08 05:08:34,603] [plex_meta_manager.py:781]  [INFO]     |====================================================================================================|
[2023-11-08 05:08:34,603] [plex_meta_manager.py:781]  [INFO]     |                                 Finished Easter Movies Collection                                  |
[2023-11-08 05:08:34,603] [plex_meta_manager.py:781]  [INFO]     |                                    Collection Run Time: 0:00:24                                    |
[2023-11-08 05:08:34,603] [plex_meta_manager.py:781]  [INFO]     |====================================================================================================|
