[2023-03-02 05:04:54,954] [builder.py:193]            [INFO]     |====================================================================================================|
[2023-03-02 05:04:54,954] [builder.py:193]            [INFO]     |                                  Hulu Movies Collection in Movies                                  |
[2023-03-02 05:04:54,954] [builder.py:193]            [INFO]     |====================================================================================================|
[2023-03-02 05:04:54,955] [builder.py:194]            [INFO]     |                                                                                                    |
[2023-03-02 05:04:54,955] [builder.py:205]            [INFO]     |================================ Building Definition From Templates ================================|
[2023-03-02 05:04:54,955] [builder.py:206]            [DEBUG]    |                                                                                                    |
[2023-03-02 05:04:54,955] [builder.py:216]            [DEBUG]    | Templates Called: streaming                                                                        |
[2023-03-02 05:04:54,955] [builder.py:217]            [DEBUG]    |                                                                                                    |
[2023-03-02 05:04:54,956] [meta.py:550]               [DEBUG]    |==================================== Final Template Attributes =====================================|
[2023-03-02 05:04:54,956] [meta.py:551]               [DEBUG]    |                                                                                                    |
[2023-03-02 05:04:54,956] [meta.py:552]               [DEBUG]    | {'cache_builders': 1, 'smart_label': 'release.desc', 'sync_mode': 'sync', 'mdblist_list': 'https://mdblist.com/lists/plexmetamanager/hulu-movies', 'url_poster': 'https://raw.githubusercontent.com/meisnate12/Plex-Meta-Manager-Images/master/streaming/Hulu.jpg'} |
[2023-03-02 05:04:54,956] [meta.py:553]               [DEBUG]    |                                                                                                    |
[2023-03-02 05:04:54,956] [builder.py:233]            [INFO]     |================================ Validating Hulu Movies Attributes =================================|
[2023-03-02 05:04:55,111] [builder.py:473]            [DEBUG]    |                                                                                                    |
[2023-03-02 05:04:55,111] [builder.py:474]            [DEBUG]    | Validating Method: smart_label                                                                     |
[2023-03-02 05:04:55,111] [builder.py:479]            [DEBUG]    | Value: release.desc                                                                                |
[2023-03-02 05:04:55,130] [builder.py:579]            [DEBUG]    |                                                                                                    |
[2023-03-02 05:04:55,130] [builder.py:580]            [DEBUG]    | Validating Method: sync_mode                                                                       |
[2023-03-02 05:04:55,130] [builder.py:584]            [DEBUG]    | Value: sync                                                                                        |
[2023-03-02 05:04:55,131] [builder.py:715]            [DEBUG]    |                                                                                                    |
[2023-03-02 05:04:55,131] [builder.py:719]            [DEBUG]    | Validating Method: label                                                                           |
[2023-03-02 05:04:55,131] [builder.py:720]            [DEBUG]    | Value: Streaming                                                                                   |
[2023-03-02 05:04:55,131] [builder.py:715]            [DEBUG]    |                                                                                                    |
[2023-03-02 05:04:55,131] [builder.py:719]            [DEBUG]    | Validating Method: cache_builders                                                                  |
[2023-03-02 05:04:55,131] [builder.py:720]            [DEBUG]    | Value: 1                                                                                           |
[2023-03-02 05:04:55,131] [builder.py:715]            [DEBUG]    |                                                                                                    |
[2023-03-02 05:04:55,131] [builder.py:719]            [DEBUG]    | Validating Method: mdblist_list                                                                    |
[2023-03-02 05:04:55,131] [builder.py:720]            [DEBUG]    | Value: https://mdblist.com/lists/plexmetamanager/hulu-movies                                       |
[2023-03-02 05:04:55,132] [builder.py:715]            [DEBUG]    |                                                                                                    |
[2023-03-02 05:04:55,132] [builder.py:719]            [DEBUG]    | Validating Method: url_poster                                                                      |
[2023-03-02 05:04:55,132] [builder.py:720]            [DEBUG]    | Value: https://raw.githubusercontent.com/meisnate12/Plex-Meta-Manager-Images/master/streaming/Hulu.jpg |
[2023-03-02 05:04:55,480] [builder.py:885]            [INFO]     |                                                                                                    |
[2023-03-02 05:04:55,480] [builder.py:886]            [INFO]     | Validation Successful                                                                              |
[2023-03-02 05:04:55,480] [plex_meta_manager.py:636]  [INFO]     |                                                                                                    |
[2023-03-02 05:04:55,480] [plex_meta_manager.py:638]  [INFO]     |================================== Running Hulu Movies Collection ==================================|
[2023-03-02 05:04:55,481] [plex_meta_manager.py:644]  [INFO]     |                                                                                                    |
[2023-03-02 05:04:55,481] [plex_meta_manager.py:645]  [INFO]     | Smart Movie Label                                                                                  |
                                                                 | Sort By: ['release.desc']                                                                          |
                                                                 | Filter:                                                                                            |
                                                                 |   Match all of the following:                                                                      |
                                                                 |     Label is Hulu Movies                                                                           |
[2023-03-02 05:04:55,481] [plex_meta_manager.py:646]  [INFO]     |                                                                                                    |
[2023-03-02 05:04:55,481] [plex_meta_manager.py:647]  [INFO]     | Items Found: 67                                                                                    |
[2023-03-02 05:04:55,481] [plex_meta_manager.py:652]  [INFO]     |                                                                                                    |
[2023-03-02 05:04:55,481] [plex_meta_manager.py:653]  [INFO]     | Sync Mode: sync                                                                                    |
[2023-03-02 05:04:55,481] [plex_meta_manager.py:656]  [DEBUG]    |                                                                                                    |
[2023-03-02 05:04:55,481] [plex_meta_manager.py:657]  [DEBUG]    | Builder: mdblist_list: {'url': 'https://mdblist.com/lists/plexmetamanager/hulu-movies', 'limit': 0, 'sort_by': 'rank.asc'} |
[2023-03-02 05:04:55,482] [plex_meta_manager.py:658]  [INFO]     |                                                                                                    |
[2023-03-02 05:04:55,482] [builder.py:1614]           [INFO]     | Builder: mdblist_list loaded from Cache                                                            |
[2023-03-02 05:04:55,484] [builder.py:1665]           [DEBUG]    |                                                                                                    |
[2023-03-02 05:04:55,484] [builder.py:1666]           [DEBUG]    | 901 IDs Found                                                                                      |
[2023-03-02 05:04:55,485] [builder.py:1668]           [DEBUG]    |                                                                                                    |
[2023-03-02 05:04:55,493] [builder.py:2249]           [INFO]     |                                                                                                    |
[2023-03-02 05:04:55,493] [builder.py:2250]           [INFO]     |================================= Adding to Hulu Movies Collection =================================|
[2023-03-02 05:04:55,493] [builder.py:2251]           [INFO]     |                                                                                                    |
[2023-03-02 05:04:55,676] [builder.py:2265]           [INFO]     |  1/67 | Hulu Movies Collection | = | Hellraiser (2022)                                             |
[2023-03-02 05:04:55,676] [builder.py:2265]           [INFO]     |  2/67 | Hulu Movies Collection | = | Prey (2022)                                                   |
[2023-03-02 05:04:55,677] [builder.py:2265]           [INFO]     |  3/67 | Hulu Movies Collection | = | Death on the Nile (2022)                                      |
[2023-03-02 05:04:55,677] [builder.py:2265]           [INFO]     |  4/67 | Hulu Movies Collection | = | The King's Man (2021)                                         |
[2023-03-02 05:04:55,677] [builder.py:2265]           [INFO]     |  5/67 | Hulu Movies Collection | = | Nightmare Alley (2021)                                        |
[2023-03-02 05:04:55,677] [builder.py:2265]           [INFO]     |  6/67 | Hulu Movies Collection | = | The French Dispatch (2021)                                    |
[2023-03-02 05:04:55,677] [builder.py:2265]           [INFO]     |  7/67 | Hulu Movies Collection | = | The Last Duel (2021)                                          |
[2023-03-02 05:04:55,678] [builder.py:2265]           [INFO]     |  8/67 | Hulu Movies Collection | = | Summer of Soul (...Or, When the Revolution Could Not Be Televised) (2021) |
[2023-03-02 05:04:55,678] [builder.py:2265]           [INFO]     |  9/67 | Hulu Movies Collection | = | Four Good Days (2021)                                         |
[2023-03-02 05:04:55,678] [builder.py:2265]           [INFO]     | 10/67 | Hulu Movies Collection | = | Boss Level (2021)                                             |
[2023-03-02 05:04:55,678] [builder.py:2265]           [INFO]     | 11/67 | Hulu Movies Collection | = | Derek DelGaudio's In & Of Itself (2021)                       |
[2023-03-02 05:04:55,679] [builder.py:2265]           [INFO]     | 12/67 | Hulu Movies Collection | = | Palm Springs (2020)                                           |
[2023-03-02 05:04:55,679] [builder.py:2265]           [INFO]     | 13/67 | Hulu Movies Collection | = | The Mandela Effect (2019)                                     |
[2023-03-02 05:04:55,679] [builder.py:2265]           [INFO]     | 14/67 | Hulu Movies Collection | = | Cosmos (2019)                                                 |
[2023-03-02 05:04:55,679] [builder.py:2265]           [INFO]     | 15/67 | Hulu Movies Collection | = | Little Monsters (2019)                                        |
[2023-03-02 05:04:55,679] [builder.py:2265]           [INFO]     | 16/67 | Hulu Movies Collection | = | Parasite (2019)                                               |
[2023-03-02 05:04:55,680] [builder.py:2265]           [INFO]     | 17/67 | Hulu Movies Collection | = | Alita: Battle Angel (2019)                                    |
[2023-03-02 05:04:55,680] [builder.py:2265]           [INFO]     | 18/67 | Hulu Movies Collection | = | Prospect (2018)                                               |
[2023-03-02 05:04:55,680] [builder.py:2265]           [INFO]     | 19/67 | Hulu Movies Collection | = | Maze Runner: The Death Cure (2018)                            |
[2023-03-02 05:04:55,680] [builder.py:2265]           [INFO]     | 20/67 | Hulu Movies Collection | = | Too Funny to Fail: The Life and Death of The Dana Carvey Show (2017) |
[2023-03-02 05:04:55,681] [builder.py:2265]           [INFO]     | 21/67 | Hulu Movies Collection | = | Blade Runner 2049 (2017)                                      |
[2023-03-02 05:04:55,681] [builder.py:2265]           [INFO]     | 22/67 | Hulu Movies Collection | = | Dunkirk (2017)                                                |
[2023-03-02 05:04:55,681] [builder.py:2265]           [INFO]     | 23/67 | Hulu Movies Collection | = | 2:22 (2017)                                                   |
[2023-03-02 05:04:55,681] [builder.py:2265]           [INFO]     | 24/67 | Hulu Movies Collection | = | I Am Not Your Negro (2017)                                    |
[2023-03-02 05:04:55,681] [builder.py:2265]           [INFO]     | 25/67 | Hulu Movies Collection | = | High-Rise (2016)                                              |
[2023-03-02 05:04:55,682] [builder.py:2265]           [INFO]     | 26/67 | Hulu Movies Collection | = | Predestination (2014)                                         |
[2023-03-02 05:04:55,682] [builder.py:2265]           [INFO]     | 27/67 | Hulu Movies Collection | = | How to Train Your Dragon 2 (2014)                             |
[2023-03-02 05:04:55,682] [builder.py:2265]           [INFO]     | 28/67 | Hulu Movies Collection | = | The Christmas Candle (2013)                                   |
[2023-03-02 05:04:55,682] [builder.py:2265]           [INFO]     | 29/67 | Hulu Movies Collection | = | How I Live Now (2013)                                         |
[2023-03-02 05:04:55,682] [builder.py:2265]           [INFO]     | 30/67 | Hulu Movies Collection | = | Europa Report (2013)                                          |
[2023-03-02 05:04:55,683] [builder.py:2265]           [INFO]     | 31/67 | Hulu Movies Collection | = | The Watch (2012)                                              |
[2023-03-02 05:04:55,683] [builder.py:2265]           [INFO]     | 32/67 | Hulu Movies Collection | = | Ruby Sparks (2012)                                            |
[2023-03-02 05:04:55,683] [builder.py:2265]           [INFO]     | 33/67 | Hulu Movies Collection | = | Alien: Prometheus (2012)                                      |
[2023-03-02 05:04:55,683] [builder.py:2265]           [INFO]     | 34/67 | Hulu Movies Collection | = | Arthur Christmas (2011)                                       |
[2023-03-02 05:04:55,684] [builder.py:2265]           [INFO]     | 35/67 | Hulu Movies Collection | = | Take Shelter (2011)                                           |
[2023-03-02 05:04:55,684] [builder.py:2265]           [INFO]     | 36/67 | Hulu Movies Collection | = | The Spy Next Door (2010)                                      |
[2023-03-02 05:04:55,684] [builder.py:2265]           [INFO]     | 37/67 | Hulu Movies Collection | = | 2012 (2009)                                                   |
[2023-03-02 05:04:55,684] [builder.py:2265]           [INFO]     | 38/67 | Hulu Movies Collection | = | Zombieland (2009)                                             |
[2023-03-02 05:04:55,685] [builder.py:2265]           [INFO]     | 39/67 | Hulu Movies Collection | = | Surrogates (2009)                                             |
[2023-03-02 05:04:55,685] [builder.py:2265]           [INFO]     | 40/67 | Hulu Movies Collection | = | Food, Inc. (2009)                                             |
[2023-03-02 05:04:55,685] [builder.py:2265]           [INFO]     | 41/67 | Hulu Movies Collection | = | Spider-Man 3 (2007)                                           |
[2023-03-02 05:04:55,686] [builder.py:2265]           [INFO]     | 42/67 | Hulu Movies Collection | = | Superbad (2007)                                               |
[2023-03-02 05:04:55,686] [builder.py:2265]           [INFO]     | 43/67 | Hulu Movies Collection | = | The Prestige (2006)                                           |
[2023-03-02 05:04:55,686] [builder.py:2265]           [INFO]     | 44/67 | Hulu Movies Collection | = | Curious George (2006)                                         |
[2023-03-02 05:04:55,686] [builder.py:2265]           [INFO]     | 45/67 | Hulu Movies Collection | = | Dave Chappelle's Block Party (2006)                           |
[2023-03-02 05:04:55,686] [builder.py:2265]           [INFO]     | 46/67 | Hulu Movies Collection | = | The 40-Year-Old Virgin (2005)                                 |
[2023-03-02 05:04:55,686] [builder.py:2265]           [INFO]     | 47/67 | Hulu Movies Collection | = | Batman Begins (2005)                                          |
[2023-03-02 05:04:55,687] [builder.py:2265]           [INFO]     | 48/67 | Hulu Movies Collection | = | I, Robot (2004)                                               |
[2023-03-02 05:04:55,687] [builder.py:2265]           [INFO]     | 49/67 | Hulu Movies Collection | = | Spider-Man 2 (2004)                                           |
[2023-03-02 05:04:55,687] [builder.py:2265]           [INFO]     | 50/67 | Hulu Movies Collection | = | Secret Window (2004)                                          |
[2023-03-02 05:04:55,688] [builder.py:2265]           [INFO]     | 51/67 | Hulu Movies Collection | = | Like Mike (2002)                                              |
[2023-03-02 05:04:55,688] [builder.py:2265]           [INFO]     | 52/67 | Hulu Movies Collection | = | Spider-Man (2002)                                             |
[2023-03-02 05:04:55,688] [builder.py:2265]           [INFO]     | 53/67 | Hulu Movies Collection | = | Training Day (2001)                                           |
[2023-03-02 05:04:55,688] [builder.py:2265]           [INFO]     | 54/67 | Hulu Movies Collection | = | The Mummy Returns (2001)                                      |
[2023-03-02 05:04:55,689] [builder.py:2265]           [INFO]     | 55/67 | Hulu Movies Collection | = | Snatch (2000)                                                 |
[2023-03-02 05:04:55,689] [builder.py:2265]           [INFO]     | 56/67 | Hulu Movies Collection | = | The Mummy (1999)                                              |
[2023-03-02 05:04:55,689] [builder.py:2265]           [INFO]     | 57/67 | Hulu Movies Collection | = | Office Space (1999)                                           |
[2023-03-02 05:04:55,690] [builder.py:2265]           [INFO]     | 58/67 | Hulu Movies Collection | = | Liar Liar (1997)                                              |
[2023-03-02 05:04:55,690] [builder.py:2265]           [INFO]     | 59/67 | Hulu Movies Collection | = | Dante's Peak (1997)                                           |
[2023-03-02 05:04:55,690] [builder.py:2265]           [INFO]     | 60/67 | Hulu Movies Collection | = | Happy Gilmore (1996)                                          |
[2023-03-02 05:04:55,690] [builder.py:2265]           [INFO]     | 61/67 | Hulu Movies Collection | = | Heat (1995)                                                   |
[2023-03-02 05:04:55,690] [builder.py:2265]           [INFO]     | 62/67 | Hulu Movies Collection | = | Home Alone 2: Lost in New York (1992)                         |
[2023-03-02 05:04:55,691] [builder.py:2265]           [INFO]     | 63/67 | Hulu Movies Collection | = | Glengarry Glen Ross (1992)                                    |
[2023-03-02 05:04:55,691] [builder.py:2265]           [INFO]     | 64/67 | Hulu Movies Collection | = | A League of Their Own (1992)                                  |
[2023-03-02 05:04:55,691] [builder.py:2265]           [INFO]     | 65/67 | Hulu Movies Collection | = | Home Alone (1990)                                             |
[2023-03-02 05:04:55,691] [builder.py:2265]           [INFO]     | 66/67 | Hulu Movies Collection | = | Say Anything (1989)                                           |
[2023-03-02 05:04:55,691] [builder.py:2265]           [INFO]     | 67/67 | Hulu Movies Collection | = | The Breakfast Club (1985)                                     |
[2023-03-02 05:04:55,692] [builder.py:2285]           [INFO]     |                                                                                                    |
[2023-03-02 05:04:55,692] [builder.py:2287]           [INFO]     | 67 Movies Processed 0 Movies Added                                                                 |
[2023-03-02 05:04:55,719] [builder.py:2623]           [INFO]     |                                                                                                    |
[2023-03-02 05:04:55,719] [builder.py:2624]           [INFO]     |============================ Updating Details of Hulu Movies Collection ============================|
[2023-03-02 05:04:55,719] [builder.py:2625]           [INFO]     |                                                                                                    |
[2023-03-02 05:04:55,732] [builder.py:2689]           [INFO]     | Collection Metadata Edits                                                                          |
[2023-03-02 05:04:55,732] [util.py:178]               [DEBUG]    | 2 posters found:                                                                                   |
[2023-03-02 05:04:55,732] [util.py:180]               [DEBUG]    | Method: url_poster Poster: https://raw.githubusercontent.com/meisnate12/Plex-Meta-Manager-Images/master/streaming/Hulu.jpg |
[2023-03-02 05:04:55,732] [util.py:180]               [DEBUG]    | Method: asset_directory Poster: {'attribute': 'asset_directory', 'location': '//config/assets/movies/Hulu Movies/poster.jpg', 'prefix': "Hulu Movies's ", 'is_poster': True, 'is_url': False, 'compare': 171380, 'message': "Hulu Movies's poster to [File] //config/assets/movies/Hulu Movies/poster.jpg"} |
[2023-03-02 05:04:55,733] [library.py:177]            [INFO]     | Detail: Hulu Movies's poster update not needed                                                     |
[2023-03-02 05:04:55,870] [plex_meta_manager.py:780]  [INFO]     |                                                                                                    |
[2023-03-02 05:04:55,870] [plex_meta_manager.py:781]  [INFO]     |====================================================================================================|
[2023-03-02 05:04:55,870] [plex_meta_manager.py:781]  [INFO]     |                                  Finished Hulu Movies Collection                                   |
[2023-03-02 05:04:55,870] [plex_meta_manager.py:781]  [INFO]     |                                    Collection Run Time: 0:00:00                                    |
[2023-03-02 05:04:55,871] [plex_meta_manager.py:781]  [INFO]     |====================================================================================================|
