[2023-03-02 05:05:03,868] [builder.py:193]            [INFO]     |====================================================================================================|
[2023-03-02 05:05:03,868] [builder.py:193]            [INFO]     |                                   Trending Collection in Movies                                    |
[2023-03-02 05:05:03,868] [builder.py:193]            [INFO]     |====================================================================================================|
[2023-03-02 05:05:03,868] [builder.py:194]            [INFO]     |                                                                                                    |
[2023-03-02 05:05:03,868] [builder.py:205]            [INFO]     |================================ Building Definition From Templates ================================|
[2023-03-02 05:05:03,868] [builder.py:206]            [DEBUG]    |                                                                                                    |
[2023-03-02 05:05:03,868] [builder.py:216]            [DEBUG]    | Templates Called: Charts                                                                           |
[2023-03-02 05:05:03,868] [builder.py:217]            [DEBUG]    |                                                                                                    |
[2023-03-02 05:05:03,869] [meta.py:550]               [DEBUG]    |==================================== Final Template Attributes =====================================|
[2023-03-02 05:05:03,869] [meta.py:551]               [DEBUG]    |                                                                                                    |
[2023-03-02 05:05:03,869] [meta.py:552]               [DEBUG]    | {'url_poster': 'https://theposterdb.com/api/assets/259815', 'collection_mode': 'hide', 'collection_order': 'release', 'visible_home': False, 'visible_shared': True, 'sync_mode': 'sync'} |
[2023-03-02 05:05:03,869] [meta.py:553]               [DEBUG]    |                                                                                                    |
[2023-03-02 05:05:03,869] [builder.py:233]            [INFO]     |================================== Validating Trending Attributes ==================================|
[2023-03-02 05:05:04,151] [builder.py:579]            [DEBUG]    |                                                                                                    |
[2023-03-02 05:05:04,151] [builder.py:580]            [DEBUG]    | Validating Method: sync_mode                                                                       |
[2023-03-02 05:05:04,152] [builder.py:584]            [DEBUG]    | Value: sync                                                                                        |
[2023-03-02 05:05:04,152] [builder.py:682]            [DEBUG]    |                                                                                                    |
[2023-03-02 05:05:04,152] [builder.py:683]            [DEBUG]    | Validating Method: collection_order                                                                |
[2023-03-02 05:05:04,152] [builder.py:684]            [DEBUG]    | Value: release                                                                                     |
[2023-03-02 05:05:04,152] [builder.py:715]            [DEBUG]    |                                                                                                    |
[2023-03-02 05:05:04,152] [builder.py:719]            [DEBUG]    | Validating Method: trakt_trending                                                                  |
[2023-03-02 05:05:04,152] [builder.py:720]            [DEBUG]    | Value: 100                                                                                         |
[2023-03-02 05:05:04,152] [builder.py:1551]           [WARNING]  | Collection Warning: trakt_trending will run as trakt_chart                                         |
[2023-03-02 05:05:04,152] [builder.py:715]            [DEBUG]    |                                                                                                    |
[2023-03-02 05:05:04,152] [builder.py:719]            [DEBUG]    | Validating Method: sort_title                                                                      |
[2023-03-02 05:05:04,153] [builder.py:720]            [DEBUG]    | Value: *101b                                                                                       |
[2023-03-02 05:05:04,153] [builder.py:715]            [DEBUG]    |                                                                                                    |
[2023-03-02 05:05:04,153] [builder.py:719]            [DEBUG]    | Validating Method: summary                                                                         |
[2023-03-02 05:05:04,153] [builder.py:720]            [DEBUG]    | Value: Trending movies on Trakt.com                                                                |
[2023-03-02 05:05:04,153] [builder.py:715]            [DEBUG]    |                                                                                                    |
[2023-03-02 05:05:04,153] [builder.py:719]            [DEBUG]    | Validating Method: url_poster                                                                      |
[2023-03-02 05:05:04,153] [builder.py:720]            [DEBUG]    | Value: https://theposterdb.com/api/assets/259815                                                   |
[2023-03-02 05:05:05,251] [builder.py:715]            [DEBUG]    |                                                                                                    |
[2023-03-02 05:05:05,251] [builder.py:719]            [DEBUG]    | Validating Method: collection_mode                                                                 |
[2023-03-02 05:05:05,252] [builder.py:720]            [DEBUG]    | Value: hide                                                                                        |
[2023-03-02 05:05:05,252] [builder.py:715]            [DEBUG]    |                                                                                                    |
[2023-03-02 05:05:05,252] [builder.py:719]            [DEBUG]    | Validating Method: visible_home                                                                    |
[2023-03-02 05:05:05,252] [builder.py:720]            [DEBUG]    | Value: False                                                                                       |
[2023-03-02 05:05:05,252] [builder.py:715]            [DEBUG]    |                                                                                                    |
[2023-03-02 05:05:05,252] [builder.py:719]            [DEBUG]    | Validating Method: visible_shared                                                                  |
[2023-03-02 05:05:05,252] [builder.py:720]            [DEBUG]    | Value: True                                                                                        |
[2023-03-02 05:05:05,252] [builder.py:885]            [INFO]     |                                                                                                    |
[2023-03-02 05:05:05,252] [builder.py:886]            [INFO]     | Validation Successful                                                                              |
[2023-03-02 05:05:05,253] [plex_meta_manager.py:636]  [INFO]     |                                                                                                    |
[2023-03-02 05:05:05,253] [plex_meta_manager.py:638]  [INFO]     |=================================== Running Trending Collection ====================================|
[2023-03-02 05:05:05,253] [plex_meta_manager.py:652]  [INFO]     |                                                                                                    |
[2023-03-02 05:05:05,253] [plex_meta_manager.py:653]  [INFO]     | Sync Mode: sync                                                                                    |
[2023-03-02 05:05:05,253] [plex_meta_manager.py:656]  [DEBUG]    |                                                                                                    |
[2023-03-02 05:05:05,253] [plex_meta_manager.py:657]  [DEBUG]    | Builder: trakt_chart: {'chart': 'trending', 'limit': 100, 'time_period': None}                     |
[2023-03-02 05:05:05,253] [plex_meta_manager.py:658]  [INFO]     |                                                                                                    |
[2023-03-02 05:05:05,253] [trakt.py:501]              [INFO]     | Processing Trakt Chart: 100 Trending Movies                                                        |
[2023-03-02 05:05:05,369] [builder.py:1665]           [DEBUG]    |                                                                                                    |
[2023-03-02 05:05:05,369] [builder.py:1666]           [DEBUG]    | 100 IDs Found                                                                                      |
[2023-03-02 05:05:05,369] [builder.py:1668]           [DEBUG]    |                                                                                                    |
[2023-03-02 05:05:05,374] [builder.py:2249]           [INFO]     |                                                                                                    |
[2023-03-02 05:05:05,374] [builder.py:2250]           [INFO]     |================================== Adding to Trending Collection ===================================|
[2023-03-02 05:05:05,374] [builder.py:2251]           [INFO]     |                                                                                                    |
[2023-03-02 05:05:05,374] [builder.py:2265]           [INFO]     |  1/65 | Trending Collection | = | Black Panther: Wakanda Forever (2022)                            |
[2023-03-02 05:05:05,374] [builder.py:2265]           [INFO]     |  2/65 | Trending Collection | = | Knock at the Cabin (2023)                                        |
[2023-03-02 05:05:05,375] [builder.py:2265]           [INFO]     |  3/65 | Trending Collection | = | Frozen (2013)                                                    |
[2023-03-02 05:05:05,375] [builder.py:2265]           [INFO]     |  4/65 | Trending Collection | = | Harry Potter and the Goblet of Fire (2005)                       |
[2023-03-02 05:05:05,375] [builder.py:2265]           [INFO]     |  5/65 | Trending Collection | = | Harry Potter and the Order of the Phoenix (2007)                 |
[2023-03-02 05:05:05,375] [builder.py:2265]           [INFO]     |  6/65 | Trending Collection | = | Jurassic World: Dominion (2022)                                  |
[2023-03-02 05:05:05,375] [builder.py:2265]           [INFO]     |  7/65 | Trending Collection | = | Avengers: Endgame (2019)                                         |
[2023-03-02 05:05:05,376] [builder.py:2265]           [INFO]     |  8/65 | Trending Collection | = | Harry Potter and the Sorcerer's Stone (2001)                     |
[2023-03-02 05:05:05,376] [builder.py:2265]           [INFO]     |  9/65 | Trending Collection | = | Harry Potter and the Deathly Hallows: Part 1 (2010)              |
[2023-03-02 05:05:05,376] [builder.py:2265]           [INFO]     | 10/65 | Trending Collection | = | Spider-Man: No Way Home (2021)                                   |
[2023-03-02 05:05:05,376] [builder.py:2265]           [INFO]     | 11/65 | Trending Collection | + | Top Gun: Maverick (2022)                                         |
[2023-03-02 05:05:05,720] [builder.py:2265]           [INFO]     | 12/65 | Trending Collection | = | Everything Everywhere All at Once (2022)                         |
[2023-03-02 05:05:05,720] [builder.py:2265]           [INFO]     | 13/65 | Trending Collection | + | Sing 2 (2021)                                                    |
[2023-03-02 05:05:06,051] [builder.py:2265]           [INFO]     | 14/65 | Trending Collection | + | PAW Patrol: The Movie (2021)                                     |
[2023-03-02 05:05:06,297] [builder.py:2265]           [INFO]     | 15/65 | Trending Collection | = | Doctor Strange (2016)                                            |
[2023-03-02 05:05:06,298] [builder.py:2265]           [INFO]     | 16/65 | Trending Collection | + | Avatar (2009)                                                    |
[2023-03-02 05:05:06,553] [builder.py:2265]           [INFO]     | 17/65 | Trending Collection | + | Moana (2016)                                                     |
[2023-03-02 05:05:06,825] [builder.py:2265]           [INFO]     | 18/65 | Trending Collection | + | Ant-Man (2015)                                                   |
[2023-03-02 05:05:07,127] [builder.py:2265]           [INFO]     | 19/65 | Trending Collection | + | Inglourious Basterds (2009)                                      |
[2023-03-02 05:05:07,379] [builder.py:2265]           [INFO]     | 20/65 | Trending Collection | + | Harry Potter and the Deathly Hallows: Part 2 (2011)              |
[2023-03-02 05:05:07,653] [builder.py:2265]           [INFO]     | 21/65 | Trending Collection | = | Harry Potter and the Half-Blood Prince (2009)                    |
[2023-03-02 05:05:07,654] [builder.py:2265]           [INFO]     | 22/65 | Trending Collection | + | Knives Out (2019)                                                |
[2023-03-02 05:05:07,983] [builder.py:2265]           [INFO]     | 23/65 | Trending Collection | + | The Boss Baby (2017)                                             |
[2023-03-02 05:05:08,330] [builder.py:2265]           [INFO]     | 24/65 | Trending Collection | + | Black Widow (2021)                                               |
[2023-03-02 05:05:08,598] [builder.py:2265]           [INFO]     | 25/65 | Trending Collection | + | Thor: Love and Thunder (2022)                                    |
[2023-03-02 05:05:08,846] [builder.py:2265]           [INFO]     | 26/65 | Trending Collection | + | Bullet Train (2022)                                              |
[2023-03-02 05:05:09,108] [builder.py:2265]           [INFO]     | 27/65 | Trending Collection | = | Turning Red (2022)                                               |
[2023-03-02 05:05:09,109] [builder.py:2265]           [INFO]     | 28/65 | Trending Collection | + | Ip Man (2008)                                                    |
[2023-03-02 05:05:09,330] [builder.py:2265]           [INFO]     | 29/65 | Trending Collection | + | All Quiet on the Western Front (2022)                            |
[2023-03-02 05:05:09,549] [builder.py:2265]           [INFO]     | 30/65 | Trending Collection | + | The Addams Family 2 (2021)                                       |
[2023-03-02 05:05:09,809] [builder.py:2265]           [INFO]     | 31/65 | Trending Collection | + | The Dark Knight (2008)                                           |
[2023-03-02 05:05:10,075] [builder.py:2265]           [INFO]     | 32/65 | Trending Collection | + | Inception (2010)                                                 |
[2023-03-02 05:05:10,321] [builder.py:2265]           [INFO]     | 33/65 | Trending Collection | + | Captain America: Civil War (2016)                                |
[2023-03-02 05:05:10,641] [builder.py:2265]           [INFO]     | 34/65 | Trending Collection | + | Iron Man (2008)                                                  |
[2023-03-02 05:05:10,918] [builder.py:2265]           [INFO]     | 35/65 | Trending Collection | = | The Lord of the Rings: The Fellowship of the Ring (2001)         |
[2023-03-02 05:05:10,919] [builder.py:2265]           [INFO]     | 36/65 | Trending Collection | = | John Wick (2014)                                                 |
[2023-03-02 05:05:10,919] [builder.py:2265]           [INFO]     | 37/65 | Trending Collection | + | Fantastic Beasts and Where to Find Them (2016)                   |
[2023-03-02 05:05:11,263] [builder.py:2265]           [INFO]     | 38/65 | Trending Collection | = | John Wick: Chapter 2 (2017)                                      |
[2023-03-02 05:05:11,263] [builder.py:2265]           [INFO]     | 39/65 | Trending Collection | = | Avengers: Age of Ultron (2015)                                   |
[2023-03-02 05:05:11,264] [builder.py:2265]           [INFO]     | 40/65 | Trending Collection | + | The Dark Knight Rises (2012)                                     |
[2023-03-02 05:05:11,529] [builder.py:2265]           [INFO]     | 41/65 | Trending Collection | = | Zootopia (2016)                                                  |
[2023-03-02 05:05:11,529] [builder.py:2265]           [INFO]     | 42/65 | Trending Collection | = | The Lord of the Rings: The Two Towers (2002)                     |
[2023-03-02 05:05:11,529] [builder.py:2265]           [INFO]     | 43/65 | Trending Collection | = | Pulp Fiction (1994)                                              |
[2023-03-02 05:05:11,529] [builder.py:2265]           [INFO]     | 44/65 | Trending Collection | = | The Shawshank Redemption (1994)                                  |
[2023-03-02 05:05:11,530] [builder.py:2265]           [INFO]     | 45/65 | Trending Collection | + | Jurassic World (2015)                                            |
[2023-03-02 05:05:11,813] [builder.py:2265]           [INFO]     | 46/65 | Trending Collection | + | Up (2009)                                                        |
[2023-03-02 05:05:12,086] [builder.py:2265]           [INFO]     | 47/65 | Trending Collection | + | Iron Man 2 (2010)                                                |
[2023-03-02 05:05:12,335] [builder.py:2265]           [INFO]     | 48/65 | Trending Collection | = | Harry Potter and the Chamber of Secrets (2002)                   |
[2023-03-02 05:05:12,335] [builder.py:2265]           [INFO]     | 49/65 | Trending Collection | = | Harry Potter and the Prisoner of Azkaban (2004)                  |
[2023-03-02 05:05:12,335] [builder.py:2265]           [INFO]     | 50/65 | Trending Collection | + | The Hunger Games (2012)                                          |
[2023-03-02 05:05:12,604] [builder.py:2265]           [INFO]     | 51/65 | Trending Collection | + | Monsters, Inc. (2001)                                            |
[2023-03-02 05:05:12,840] [builder.py:2265]           [INFO]     | 52/65 | Trending Collection | + | Ready Player One (2018)                                          |
[2023-03-02 05:05:13,101] [builder.py:2265]           [INFO]     | 53/65 | Trending Collection | + | Jumanji: Welcome to the Jungle (2017)                            |
[2023-03-02 05:05:13,394] [builder.py:2265]           [INFO]     | 54/65 | Trending Collection | + | Gladiator (2000)                                                 |
[2023-03-02 05:05:13,619] [builder.py:2265]           [INFO]     | 55/65 | Trending Collection | = | Finding Dory (2016)                                              |
[2023-03-02 05:05:13,620] [builder.py:2265]           [INFO]     | 56/65 | Trending Collection | + | Blade Runner 2049 (2017)                                         |
[2023-03-02 05:05:13,895] [builder.py:2265]           [INFO]     | 57/65 | Trending Collection | = | Star Wars: Episode I - The Phantom Menace (1999)                 |
[2023-03-02 05:05:13,895] [builder.py:2265]           [INFO]     | 58/65 | Trending Collection | = | How to Train Your Dragon (2010)                                  |
[2023-03-02 05:05:13,895] [builder.py:2265]           [INFO]     | 59/65 | Trending Collection | + | Ant-Man and the Wasp (2018)                                      |
[2023-03-02 05:05:14,171] [builder.py:2265]           [INFO]     | 60/65 | Trending Collection | = | Wreck-It Ralph (2012)                                            |
[2023-03-02 05:05:14,171] [builder.py:2265]           [INFO]     | 61/65 | Trending Collection | = | Dune (2021)                                                      |
[2023-03-02 05:05:14,172] [builder.py:2265]           [INFO]     | 62/65 | Trending Collection | + | Despicable Me 2 (2013)                                           |
[2023-03-02 05:05:14,443] [builder.py:2265]           [INFO]     | 63/65 | Trending Collection | + | Cars (2006)                                                      |
[2023-03-02 05:05:14,671] [builder.py:2265]           [INFO]     | 64/65 | Trending Collection | + | Léon: The Professional (1994)                                    |
[2023-03-02 05:05:14,887] [builder.py:2265]           [INFO]     | 65/65 | Trending Collection | + | The Hobbit: The Battle of the Five Armies (2014)                 |
[2023-03-02 05:05:15,168] [builder.py:2285]           [INFO]     |                                                                                                    |
[2023-03-02 05:05:15,168] [builder.py:2287]           [INFO]     | 65 Movies Processed 36 Movies Added                                                                |
[2023-03-02 05:05:15,168] [builder.py:2295]           [INFO]     |                                                                                                    |
[2023-03-02 05:05:15,169] [builder.py:2296]           [INFO]     |================================= Removed from Trending Collection =================================|
[2023-03-02 05:05:15,169] [builder.py:2297]           [INFO]     |                                                                                                    |
[2023-03-02 05:05:15,169] [builder.py:2302]           [INFO]     |  1/38 | Trending Collection | - | The Godfather (1972)                                             |
[2023-03-02 05:05:15,402] [builder.py:2302]           [INFO]     |  2/38 | Trending Collection | - | Star Wars: Episode IV - A New Hope (1977)                        |
[2023-03-02 05:05:15,641] [builder.py:2302]           [INFO]     |  3/38 | Trending Collection | - | Indiana Jones and the Raiders of the Lost Ark (1981)             |
[2023-03-02 05:05:15,884] [builder.py:2302]           [INFO]     |  4/38 | Trending Collection | - | Back to the Future (1985)                                        |
[2023-03-02 05:05:16,137] [builder.py:2302]           [INFO]     |  5/38 | Trending Collection | - | Indiana Jones and the Last Crusade (1989)                        |
[2023-03-02 05:05:16,388] [builder.py:2302]           [INFO]     |  6/38 | Trending Collection | - | Back to the Future, Part II (1989)                               |
[2023-03-02 05:05:16,616] [builder.py:2302]           [INFO]     |  7/38 | Trending Collection | - | Toy Story (1995)                                                 |
[2023-03-02 05:05:16,862] [builder.py:2302]           [INFO]     |  8/38 | Trending Collection | - | The Matrix (1999)                                                |
[2023-03-02 05:05:17,107] [builder.py:2302]           [INFO]     |  9/38 | Trending Collection | - | Shrek (2001)                                                     |
[2023-03-02 05:05:17,335] [builder.py:2302]           [INFO]     | 10/38 | Trending Collection | - | The Bourne Identity (2002)                                       |
[2023-03-02 05:05:17,550] [builder.py:2302]           [INFO]     | 11/38 | Trending Collection | - | Finding Nemo (2003)                                              |
[2023-03-02 05:05:17,755] [builder.py:2302]           [INFO]     | 12/38 | Trending Collection | - | Ratatouille (2007)                                               |
[2023-03-02 05:05:17,961] [builder.py:2302]           [INFO]     | 13/38 | Trending Collection | - | Toy Story 3 (2010)                                               |
[2023-03-02 05:05:18,208] [builder.py:2302]           [INFO]     | 14/38 | Trending Collection | - | Despicable Me (2010)                                             |
[2023-03-02 05:05:18,455] [builder.py:2302]           [INFO]     | 15/38 | Trending Collection | - | Tangled (2010)                                                   |
[2023-03-02 05:05:18,700] [builder.py:2302]           [INFO]     | 16/38 | Trending Collection | - | The Avengers (2012)                                              |
[2023-03-02 05:05:18,935] [builder.py:2302]           [INFO]     | 17/38 | Trending Collection | - | The Amazing Spider-Man (2012)                                    |
[2023-03-02 05:05:19,182] [builder.py:2302]           [INFO]     | 18/38 | Trending Collection | - | The Hobbit: An Unexpected Journey (2012)                         |
[2023-03-02 05:05:19,469] [builder.py:2302]           [INFO]     | 19/38 | Trending Collection | - | Iron Man 3 (2013)                                                |
[2023-03-02 05:05:19,686] [builder.py:2302]           [INFO]     | 20/38 | Trending Collection | - | The Hunger Games: Catching Fire (2013)                           |
[2023-03-02 05:05:19,930] [builder.py:2302]           [INFO]     | 21/38 | Trending Collection | - | Captain America: The Winter Soldier (2014)                       |
[2023-03-02 05:05:20,182] [builder.py:2302]           [INFO]     | 22/38 | Trending Collection | - | Interstellar (2014)                                              |
[2023-03-02 05:05:20,446] [builder.py:2302]           [INFO]     | 23/38 | Trending Collection | - | Spectre (2015)                                                   |
[2023-03-02 05:05:20,769] [builder.py:2302]           [INFO]     | 24/38 | Trending Collection | - | The Secret Life of Pets (2016)                                   |
[2023-03-02 05:05:21,073] [builder.py:2302]           [INFO]     | 25/38 | Trending Collection | - | Arrival (2016)                                                   |
[2023-03-02 05:05:21,409] [builder.py:2302]           [INFO]     | 26/38 | Trending Collection | - | Passengers (2016)                                                |
[2023-03-02 05:05:21,653] [builder.py:2302]           [INFO]     | 27/38 | Trending Collection | - | Beauty and the Beast (2017)                                      |
[2023-03-02 05:05:21,992] [builder.py:2302]           [INFO]     | 28/38 | Trending Collection | - | Guardians of the Galaxy Vol. 2 (2017)                            |
[2023-03-02 05:05:22,259] [builder.py:2302]           [INFO]     | 29/38 | Trending Collection | - | Kingsman: The Golden Circle (2017)                               |
[2023-03-02 05:05:22,512] [builder.py:2302]           [INFO]     | 30/38 | Trending Collection | - | Black Panther (2018)                                             |
[2023-03-02 05:05:22,778] [builder.py:2302]           [INFO]     | 31/38 | Trending Collection | - | Frozen II (2019)                                                 |
[2023-03-02 05:05:23,045] [builder.py:2302]           [INFO]     | 32/38 | Trending Collection | - | Encanto (2021)                                                   |
[2023-03-02 05:05:23,271] [builder.py:2302]           [INFO]     | 33/38 | Trending Collection | - | Fantastic Beasts: The Secrets of Dumbledore (2022)               |
[2023-03-02 05:05:23,573] [builder.py:2302]           [INFO]     | 34/38 | Trending Collection | - | Elvis (2022)                                                     |
[2023-03-02 05:05:23,902] [builder.py:2302]           [INFO]     | 35/38 | Trending Collection | - | Nope (2022)                                                      |
[2023-03-02 05:05:24,133] [builder.py:2302]           [INFO]     | 36/38 | Trending Collection | - | The Woman King (2022)                                            |
[2023-03-02 05:05:24,418] [builder.py:2302]           [INFO]     | 37/38 | Trending Collection | - | Black Adam (2022)                                                |
[2023-03-02 05:05:24,687] [builder.py:2302]           [INFO]     | 38/38 | Trending Collection | - | Glass Onion (2022)                                               |
[2023-03-02 05:05:24,958] [builder.py:2314]           [INFO]     |                                                                                                    |
[2023-03-02 05:05:24,958] [builder.py:2315]           [INFO]     | 38 Movie Removed                                                                                   |
[2023-03-02 05:05:24,965] [builder.py:2623]           [INFO]     |                                                                                                    |
[2023-03-02 05:05:24,965] [builder.py:2624]           [INFO]     |============================= Updating Details of Trending Collection ==============================|
[2023-03-02 05:05:24,965] [builder.py:2625]           [INFO]     |                                                                                                    |
[2023-03-02 05:05:24,974] [builder.py:2689]           [INFO]     | Collection Metadata Edits                                                                          |
[2023-03-02 05:05:24,980] [util.py:178]               [DEBUG]    | 2 posters found:                                                                                   |
[2023-03-02 05:05:24,980] [util.py:180]               [DEBUG]    | Method: url_poster Poster: https://theposterdb.com/api/assets/259815                               |
[2023-03-02 05:05:24,980] [util.py:180]               [DEBUG]    | Method: asset_directory Poster: {'attribute': 'asset_directory', 'location': '//config/assets/movies/Trending/poster.jpg', 'prefix': "Trending's ", 'is_poster': True, 'is_url': False, 'compare': 207166, 'message': "Trending's poster to [File] //config/assets/movies/Trending/poster.jpg"} |
[2023-03-02 05:05:24,980] [library.py:177]            [INFO]     | Detail: Trending's poster update not needed                                                        |
[2023-03-02 05:05:25,262] [plex_meta_manager.py:780]  [INFO]     |                                                                                                    |
[2023-03-02 05:05:25,262] [plex_meta_manager.py:781]  [INFO]     |====================================================================================================|
[2023-03-02 05:05:25,262] [plex_meta_manager.py:781]  [INFO]     |                                    Finished Trending Collection                                    |
[2023-03-02 05:05:25,262] [plex_meta_manager.py:781]  [INFO]     |                                    Collection Run Time: 0:00:21                                    |
[2023-03-02 05:05:25,262] [plex_meta_manager.py:781]  [INFO]     |====================================================================================================|
