[2023-03-02 05:04:55,871] [builder.py:193]            [INFO]     |====================================================================================================|
[2023-03-02 05:04:55,871] [builder.py:193]            [INFO]     |                                Netflix Movies Collection in Movies                                 |
[2023-03-02 05:04:55,871] [builder.py:193]            [INFO]     |====================================================================================================|
[2023-03-02 05:04:55,871] [builder.py:194]            [INFO]     |                                                                                                    |
[2023-03-02 05:04:55,871] [builder.py:205]            [INFO]     |================================ Building Definition From Templates ================================|
[2023-03-02 05:04:55,871] [builder.py:206]            [DEBUG]    |                                                                                                    |
[2023-03-02 05:04:55,872] [builder.py:216]            [DEBUG]    | Templates Called: streaming                                                                        |
[2023-03-02 05:04:55,872] [builder.py:217]            [DEBUG]    |                                                                                                    |
[2023-03-02 05:04:55,872] [meta.py:550]               [DEBUG]    |==================================== Final Template Attributes =====================================|
[2023-03-02 05:04:55,873] [meta.py:551]               [DEBUG]    |                                                                                                    |
[2023-03-02 05:04:55,873] [meta.py:552]               [DEBUG]    | {'cache_builders': 1, 'smart_label': 'release.desc', 'sync_mode': 'sync', 'mdblist_list': 'https://mdblist.com/lists/plexmetamanager/netflix-movies', 'url_poster': 'https://raw.githubusercontent.com/meisnate12/Plex-Meta-Manager-Images/master/streaming/Netflix.jpg'} |
[2023-03-02 05:04:55,873] [meta.py:553]               [DEBUG]    |                                                                                                    |
[2023-03-02 05:04:55,873] [builder.py:233]            [INFO]     |=============================== Validating Netflix Movies Attributes ===============================|
[2023-03-02 05:04:56,063] [builder.py:473]            [DEBUG]    |                                                                                                    |
[2023-03-02 05:04:56,063] [builder.py:474]            [DEBUG]    | Validating Method: smart_label                                                                     |
[2023-03-02 05:04:56,064] [builder.py:479]            [DEBUG]    | Value: release.desc                                                                                |
[2023-03-02 05:04:56,083] [builder.py:579]            [DEBUG]    |                                                                                                    |
[2023-03-02 05:04:56,084] [builder.py:580]            [DEBUG]    | Validating Method: sync_mode                                                                       |
[2023-03-02 05:04:56,084] [builder.py:584]            [DEBUG]    | Value: sync                                                                                        |
[2023-03-02 05:04:56,084] [builder.py:715]            [DEBUG]    |                                                                                                    |
[2023-03-02 05:04:56,084] [builder.py:719]            [DEBUG]    | Validating Method: label                                                                           |
[2023-03-02 05:04:56,084] [builder.py:720]            [DEBUG]    | Value: Streaming                                                                                   |
[2023-03-02 05:04:56,084] [builder.py:715]            [DEBUG]    |                                                                                                    |
[2023-03-02 05:04:56,084] [builder.py:719]            [DEBUG]    | Validating Method: cache_builders                                                                  |
[2023-03-02 05:04:56,084] [builder.py:720]            [DEBUG]    | Value: 1                                                                                           |
[2023-03-02 05:04:56,084] [builder.py:715]            [DEBUG]    |                                                                                                    |
[2023-03-02 05:04:56,084] [builder.py:719]            [DEBUG]    | Validating Method: mdblist_list                                                                    |
[2023-03-02 05:04:56,085] [builder.py:720]            [DEBUG]    | Value: https://mdblist.com/lists/plexmetamanager/netflix-movies                                    |
[2023-03-02 05:04:56,085] [builder.py:715]            [DEBUG]    |                                                                                                    |
[2023-03-02 05:04:56,085] [builder.py:719]            [DEBUG]    | Validating Method: url_poster                                                                      |
[2023-03-02 05:04:56,085] [builder.py:720]            [DEBUG]    | Value: https://raw.githubusercontent.com/meisnate12/Plex-Meta-Manager-Images/master/streaming/Netflix.jpg |
[2023-03-02 05:04:56,528] [builder.py:885]            [INFO]     |                                                                                                    |
[2023-03-02 05:04:56,529] [builder.py:886]            [INFO]     | Validation Successful                                                                              |
[2023-03-02 05:04:56,529] [plex_meta_manager.py:636]  [INFO]     |                                                                                                    |
[2023-03-02 05:04:56,529] [plex_meta_manager.py:638]  [INFO]     |================================ Running Netflix Movies Collection =================================|
[2023-03-02 05:04:56,529] [plex_meta_manager.py:644]  [INFO]     |                                                                                                    |
[2023-03-02 05:04:56,529] [plex_meta_manager.py:645]  [INFO]     | Smart Movie Label                                                                                  |
                                                                 | Sort By: ['release.desc']                                                                          |
                                                                 | Filter:                                                                                            |
                                                                 |   Match all of the following:                                                                      |
                                                                 |     Label is Netflix Movies                                                                        |
[2023-03-02 05:04:56,529] [plex_meta_manager.py:646]  [INFO]     |                                                                                                    |
[2023-03-02 05:04:56,530] [plex_meta_manager.py:647]  [INFO]     | Items Found: 91                                                                                    |
[2023-03-02 05:04:56,530] [plex_meta_manager.py:652]  [INFO]     |                                                                                                    |
[2023-03-02 05:04:56,530] [plex_meta_manager.py:653]  [INFO]     | Sync Mode: sync                                                                                    |
[2023-03-02 05:04:56,530] [plex_meta_manager.py:656]  [DEBUG]    |                                                                                                    |
[2023-03-02 05:04:56,530] [plex_meta_manager.py:657]  [DEBUG]    | Builder: mdblist_list: {'url': 'https://mdblist.com/lists/plexmetamanager/netflix-movies', 'limit': 0, 'sort_by': 'rank.asc'} |
[2023-03-02 05:04:56,530] [plex_meta_manager.py:658]  [INFO]     |                                                                                                    |
[2023-03-02 05:04:56,531] [builder.py:1614]           [INFO]     | Builder: mdblist_list loaded from Cache                                                            |
[2023-03-02 05:04:56,534] [builder.py:1665]           [DEBUG]    |                                                                                                    |
[2023-03-02 05:04:56,534] [builder.py:1666]           [DEBUG]    | 1698 IDs Found                                                                                     |
[2023-03-02 05:04:56,535] [builder.py:1668]           [DEBUG]    |                                                                                                    |
[2023-03-02 05:04:56,554] [builder.py:2249]           [INFO]     |                                                                                                    |
[2023-03-02 05:04:56,554] [builder.py:2250]           [INFO]     |=============================== Adding to Netflix Movies Collection ================================|
[2023-03-02 05:04:56,554] [builder.py:2251]           [INFO]     |                                                                                                    |
[2023-03-02 05:04:56,790] [builder.py:2265]           [INFO]     |  1/91 | Netflix Movies Collection | = | Your Place or Mine (2023)                                  |
[2023-03-02 05:04:56,790] [builder.py:2265]           [INFO]     |  2/91 | Netflix Movies Collection | = | The Boss Baby: Christmas Bonus (2022)                      |
[2023-03-02 05:04:56,791] [builder.py:2265]           [INFO]     |  3/91 | Netflix Movies Collection | = | White Noise (2022)                                         |
[2023-03-02 05:04:56,791] [builder.py:2265]           [INFO]     |  4/91 | Netflix Movies Collection | = | Glass Onion (2022)                                         |
[2023-03-02 05:04:56,791] [builder.py:2265]           [INFO]     |  5/91 | Netflix Movies Collection | = | Enola Holmes 2 (2022)                                      |
[2023-03-02 05:04:56,791] [builder.py:2265]           [INFO]     |  6/91 | Netflix Movies Collection | = | All Quiet on the Western Front (2022)                      |
[2023-03-02 05:04:56,791] [builder.py:2265]           [INFO]     |  7/91 | Netflix Movies Collection | = | Luckiest Girl Alive (2022)                                 |
[2023-03-02 05:04:56,792] [builder.py:2265]           [INFO]     |  8/91 | Netflix Movies Collection | = | Patton Oswalt: We All Scream (2022)                        |
[2023-03-02 05:04:56,792] [builder.py:2265]           [INFO]     |  9/91 | Netflix Movies Collection | = | The Woman King (2022)                                      |
[2023-03-02 05:04:56,792] [builder.py:2265]           [INFO]     | 10/91 | Netflix Movies Collection | = | Emily the Criminal (2022)                                  |
[2023-03-02 05:04:56,793] [builder.py:2265]           [INFO]     | 11/91 | Netflix Movies Collection | = | Where the Crawdads Sing (2022)                             |
[2023-03-02 05:04:56,793] [builder.py:2265]           [INFO]     | 12/91 | Netflix Movies Collection | = | Bullet Train (2022)                                        |
[2023-03-02 05:04:56,793] [builder.py:2265]           [INFO]     | 13/91 | Netflix Movies Collection | = | Minions: The Rise of Gru (2022)                            |
[2023-03-02 05:04:56,793] [builder.py:2265]           [INFO]     | 14/91 | Netflix Movies Collection | = | Hustle (2022)                                              |
[2023-03-02 05:04:56,793] [builder.py:2265]           [INFO]     | 15/91 | Netflix Movies Collection | = | Norm Macdonald: Nothing Special (2022)                     |
[2023-03-02 05:04:56,794] [builder.py:2265]           [INFO]     | 16/91 | Netflix Movies Collection | = | Rescued by Ruby (2022)                                     |
[2023-03-02 05:04:56,794] [builder.py:2265]           [INFO]     | 17/91 | Netflix Movies Collection | = | The Bad Guys (2022)                                        |
[2023-03-02 05:04:56,794] [builder.py:2265]           [INFO]     | 18/91 | Netflix Movies Collection | = | The Adam Project (2022)                                    |
[2023-03-02 05:04:56,794] [builder.py:2265]           [INFO]     | 19/91 | Netflix Movies Collection | = | The Tinder Swindler (2022)                                 |
[2023-03-02 05:04:56,795] [builder.py:2265]           [INFO]     | 20/91 | Netflix Movies Collection | = | Don't Look Up (2021)                                       |
[2023-03-02 05:04:56,795] [builder.py:2265]           [INFO]     | 21/91 | Netflix Movies Collection | = | Sing 2 (2021)                                              |
[2023-03-02 05:04:56,795] [builder.py:2265]           [INFO]     | 22/91 | Netflix Movies Collection | = | Dave Chappelle: The Closer (2021)                          |
[2023-03-02 05:04:56,795] [builder.py:2265]           [INFO]     | 23/91 | Netflix Movies Collection | = | The Colony (2021)                                          |
[2023-03-02 05:04:56,796] [builder.py:2265]           [INFO]     | 24/91 | Netflix Movies Collection | = | Untold: Malice at the Palace (2021)                        |
[2023-03-02 05:04:56,796] [builder.py:2265]           [INFO]     | 25/91 | Netflix Movies Collection | = | Space Sweepers (2021)                                      |
[2023-03-02 05:04:56,796] [builder.py:2265]           [INFO]     | 26/91 | Netflix Movies Collection | = | The Christmas Chronicles: Part Two (2020)                  |
[2023-03-02 05:04:56,796] [builder.py:2265]           [INFO]     | 27/91 | Netflix Movies Collection | = | Synchronic (2020)                                          |
[2023-03-02 05:04:56,797] [builder.py:2265]           [INFO]     | 28/91 | Netflix Movies Collection | = | Enola Holmes (2020)                                        |
[2023-03-02 05:04:56,797] [builder.py:2265]           [INFO]     | 29/91 | Netflix Movies Collection | = | My Octopus Teacher (2020)                                  |
[2023-03-02 05:04:56,797] [builder.py:2265]           [INFO]     | 30/91 | Netflix Movies Collection | = | Bigfoot Family (2020)                                      |
[2023-03-02 05:04:56,797] [builder.py:2265]           [INFO]     | 31/91 | Netflix Movies Collection | = | The Lovebirds (2020)                                       |
[2023-03-02 05:04:56,798] [builder.py:2265]           [INFO]     | 32/91 | Netflix Movies Collection | = | The Reason I Jump (2021)                                   |
[2023-03-02 05:04:56,798] [builder.py:2265]           [INFO]     | 33/91 | Netflix Movies Collection | = | Ip Man 4: The Finale (2019)                                |
[2023-03-02 05:04:56,798] [builder.py:2265]           [INFO]     | 34/91 | Netflix Movies Collection | = | Code 8 (2019)                                              |
[2023-03-02 05:04:56,798] [builder.py:2265]           [INFO]     | 35/91 | Netflix Movies Collection | = | Klaus (2019)                                               |
[2023-03-02 05:04:56,798] [builder.py:2265]           [INFO]     | 36/91 | Netflix Movies Collection | = | In the Shadow of the Moon (2019)                           |
[2023-03-02 05:04:56,799] [builder.py:2265]           [INFO]     | 37/91 | Netflix Movies Collection | = | Fractured (2019)                                           |
[2023-03-02 05:04:56,799] [builder.py:2265]           [INFO]     | 38/91 | Netflix Movies Collection | = | Dave Chappelle: Sticks & Stones (2019)                     |
[2023-03-02 05:04:56,799] [builder.py:2265]           [INFO]     | 39/91 | Netflix Movies Collection | = | I Am Mother (2019)                                         |
[2023-03-02 05:04:56,799] [builder.py:2265]           [INFO]     | 40/91 | Netflix Movies Collection | = | The Wandering Earth (2019)                                 |
[2023-03-02 05:04:56,800] [builder.py:2265]           [INFO]     | 41/91 | Netflix Movies Collection | = | Black Mirror: Bandersnatch (2018)                          |
[2023-03-02 05:04:56,800] [builder.py:2265]           [INFO]     | 42/91 | Netflix Movies Collection | = | The Christmas Chronicles (2018)                            |
[2023-03-02 05:04:56,800] [builder.py:2265]           [INFO]     | 43/91 | Netflix Movies Collection | = | The Ballad of Buster Scruggs (2018)                        |
[2023-03-02 05:04:56,800] [builder.py:2265]           [INFO]     | 44/91 | Netflix Movies Collection | = | Sorry to Bother You (2018)                                 |
[2023-03-02 05:04:56,800] [builder.py:2265]           [INFO]     | 45/91 | Netflix Movies Collection | = | Leave No Trace (2018)                                      |
[2023-03-02 05:04:56,800] [builder.py:2265]           [INFO]     | 46/91 | Netflix Movies Collection | = | The Cloverfield Paradox (2018)                             |
[2023-03-02 05:04:56,801] [builder.py:2265]           [INFO]     | 47/91 | Netflix Movies Collection | = | Dave Chappelle: Equanimity (2017)                          |
[2023-03-02 05:04:56,801] [builder.py:2265]           [INFO]     | 48/91 | Netflix Movies Collection | = | The Babysitter (2017)                                      |
[2023-03-02 05:04:56,801] [builder.py:2265]           [INFO]     | 49/91 | Netflix Movies Collection | = | It (2017)                                                  |
[2023-03-02 05:04:56,801] [builder.py:2265]           [INFO]     | 50/91 | Netflix Movies Collection | = | Rory Scovel Tries Stand-Up for the First Time (2017)       |
[2023-03-02 05:04:56,801] [builder.py:2265]           [INFO]     | 51/91 | Netflix Movies Collection | = | The Discovery (2017)                                       |
[2023-03-02 05:04:56,802] [builder.py:2265]           [INFO]     | 52/91 | Netflix Movies Collection | = | Dave Chappelle: Deep in the Heart of Texas- Live at Austin City Limits (2017) |
[2023-03-02 05:04:56,802] [builder.py:2265]           [INFO]     | 53/91 | Netflix Movies Collection | = | Dave Chappelle: The Age of Spin- Live at the Hollywood Palladium (2017) |
[2023-03-02 05:04:56,802] [builder.py:2265]           [INFO]     | 54/91 | Netflix Movies Collection | = | The Space Between Us (2017)                                |
[2023-03-02 05:04:56,802] [builder.py:2265]           [INFO]     | 55/91 | Netflix Movies Collection | = | Spectral (2016)                                            |
[2023-03-02 05:04:56,803] [builder.py:2265]           [INFO]     | 56/91 | Netflix Movies Collection | = | Mascots (2016)                                             |
[2023-03-02 05:04:56,803] [builder.py:2265]           [INFO]     | 57/91 | Netflix Movies Collection | = | ARQ (2016)                                                 |
[2023-03-02 05:04:56,803] [builder.py:2265]           [INFO]     | 58/91 | Netflix Movies Collection | = | Hunt for the Wilderpeople (2016)                           |
[2023-03-02 05:04:56,803] [builder.py:2265]           [INFO]     | 59/91 | Netflix Movies Collection | = | Ip Man 3 (2015)                                            |
[2023-03-02 05:04:56,803] [builder.py:2265]           [INFO]     | 60/91 | Netflix Movies Collection | = | Hotel Transylvania 2 (2015)                                |
[2023-03-02 05:04:56,804] [builder.py:2265]           [INFO]     | 61/91 | Netflix Movies Collection | = | Beasts of No Nation (2015)                                 |
[2023-03-02 05:04:56,804] [builder.py:2265]           [INFO]     | 62/91 | Netflix Movies Collection | = | Dope (2015)                                                |
[2023-03-02 05:04:56,804] [builder.py:2265]           [INFO]     | 63/91 | Netflix Movies Collection | = | Circle (2015)                                              |
[2023-03-02 05:04:56,804] [builder.py:2265]           [INFO]     | 64/91 | Netflix Movies Collection | = | Paddington (2014)                                          |
[2023-03-02 05:04:56,804] [builder.py:2265]           [INFO]     | 65/91 | Netflix Movies Collection | = | The Boxtrolls (2014)                                       |
[2023-03-02 05:04:56,805] [builder.py:2265]           [INFO]     | 66/91 | Netflix Movies Collection | = | Prisoners (2013)                                           |
[2023-03-02 05:04:56,805] [builder.py:2265]           [INFO]     | 67/91 | Netflix Movies Collection | = | Oblivion (2013)                                            |
[2023-03-02 05:04:56,805] [builder.py:2265]           [INFO]     | 68/91 | Netflix Movies Collection | = | Skyfall (2012)                                             |
[2023-03-02 05:04:56,806] [builder.py:2265]           [INFO]     | 69/91 | Netflix Movies Collection | = | John Mulaney: New in Town (2012)                           |
[2023-03-02 05:04:56,806] [builder.py:2265]           [INFO]     | 70/91 | Netflix Movies Collection | = | Spy Kids 4: All the Time in the World (2011)               |
[2023-03-02 05:04:56,806] [builder.py:2265]           [INFO]     | 71/91 | Netflix Movies Collection | = | Ip Man 2 (2010)                                            |
[2023-03-02 05:04:56,807] [builder.py:2265]           [INFO]     | 72/91 | Netflix Movies Collection | = | Shutter Island (2010)                                      |
[2023-03-02 05:04:56,807] [builder.py:2265]           [INFO]     | 73/91 | Netflix Movies Collection | = | Monsters vs. Aliens (2009)                                 |
[2023-03-02 05:04:56,807] [builder.py:2265]           [INFO]     | 74/91 | Netflix Movies Collection | = | The Pink Panther 2 (2009)                                  |
[2023-03-02 05:04:56,808] [builder.py:2265]           [INFO]     | 75/91 | Netflix Movies Collection | = | Mike Birbiglia: What I Should Have Said Was Nothing (2008) |
[2023-03-02 05:04:56,808] [builder.py:2265]           [INFO]     | 76/91 | Netflix Movies Collection | = | The Mist (2007)                                            |
[2023-03-02 05:04:56,808] [builder.py:2265]           [INFO]     | 77/91 | Netflix Movies Collection | = | Monster House (2006)                                       |
[2023-03-02 05:04:56,809] [builder.py:2265]           [INFO]     | 78/91 | Netflix Movies Collection | = | The Pink Panther (2006)                                    |
[2023-03-02 05:04:56,809] [builder.py:2265]           [INFO]     | 79/91 | Netflix Movies Collection | = | Zathura: A Space Adventure (2005)                          |
[2023-03-02 05:04:56,809] [builder.py:2265]           [INFO]     | 80/91 | Netflix Movies Collection | = | The Lord of the Rings: The Return of the King (2003)       |
[2023-03-02 05:04:56,810] [builder.py:2265]           [INFO]     | 81/91 | Netflix Movies Collection | = | The Lord of the Rings: The Two Towers (2002)               |
[2023-03-02 05:04:56,810] [builder.py:2265]           [INFO]     | 82/91 | Netflix Movies Collection | = | Minority Report (2002)                                     |
[2023-03-02 05:04:56,810] [builder.py:2265]           [INFO]     | 83/91 | Netflix Movies Collection | = | The Lord of the Rings: The Fellowship of the Ring (2001)   |
[2023-03-02 05:04:56,811] [builder.py:2265]           [INFO]     | 84/91 | Netflix Movies Collection | = | A Knight's Tale (2001)                                     |
[2023-03-02 05:04:56,811] [builder.py:2265]           [INFO]     | 85/91 | Netflix Movies Collection | = | Blue Streak (1999)                                         |
[2023-03-02 05:04:56,811] [builder.py:2265]           [INFO]     | 86/91 | Netflix Movies Collection | = | Air Force One (1997)                                       |
[2023-03-02 05:04:56,811] [builder.py:2265]           [INFO]     | 87/91 | Netflix Movies Collection | = | Forrest Gump (1994)                                        |
[2023-03-02 05:04:56,811] [builder.py:2265]           [INFO]     | 88/91 | Netflix Movies Collection | = | The 'Burbs (1989)                                          |
[2023-03-02 05:04:56,812] [builder.py:2265]           [INFO]     | 89/91 | Netflix Movies Collection | = | Labyrinth (1986)                                           |
[2023-03-02 05:04:56,812] [builder.py:2265]           [INFO]     | 90/91 | Netflix Movies Collection | = | Top Gun (1986)                                             |
[2023-03-02 05:04:56,812] [builder.py:2265]           [INFO]     | 91/91 | Netflix Movies Collection | = | Monty Python And The Holy Grail (1975)                     |
[2023-03-02 05:04:56,812] [builder.py:2285]           [INFO]     |                                                                                                    |
[2023-03-02 05:04:56,813] [builder.py:2287]           [INFO]     | 91 Movies Processed 0 Movies Added                                                                 |
[2023-03-02 05:04:56,834] [builder.py:2623]           [INFO]     |                                                                                                    |
[2023-03-02 05:04:56,834] [builder.py:2624]           [INFO]     |========================== Updating Details of Netflix Movies Collection ===========================|
[2023-03-02 05:04:56,834] [builder.py:2625]           [INFO]     |                                                                                                    |
[2023-03-02 05:04:56,843] [builder.py:2689]           [INFO]     | Collection Metadata Edits                                                                          |
[2023-03-02 05:04:56,843] [util.py:178]               [DEBUG]    | 2 posters found:                                                                                   |
[2023-03-02 05:04:56,843] [util.py:180]               [DEBUG]    | Method: url_poster Poster: https://raw.githubusercontent.com/meisnate12/Plex-Meta-Manager-Images/master/streaming/Netflix.jpg |
[2023-03-02 05:04:56,843] [util.py:180]               [DEBUG]    | Method: asset_directory Poster: {'attribute': 'asset_directory', 'location': '//config/assets/movies/Netflix Movies/poster.jpg', 'prefix': "Netflix Movies's ", 'is_poster': True, 'is_url': False, 'compare': 136422, 'message': "Netflix Movies's poster to [File] //config/assets/movies/Netflix Movies/poster.jpg"} |
[2023-03-02 05:04:56,844] [library.py:177]            [INFO]     | Detail: Netflix Movies's poster update not needed                                                  |
[2023-03-02 05:04:57,021] [plex_meta_manager.py:780]  [INFO]     |                                                                                                    |
[2023-03-02 05:04:57,022] [plex_meta_manager.py:781]  [INFO]     |====================================================================================================|
[2023-03-02 05:04:57,022] [plex_meta_manager.py:781]  [INFO]     |                                 Finished Netflix Movies Collection                                 |
[2023-03-02 05:04:57,022] [plex_meta_manager.py:781]  [INFO]     |                                    Collection Run Time: 0:00:01                                    |
[2023-03-02 05:04:57,022] [plex_meta_manager.py:781]  [INFO]     |====================================================================================================|
