[2023-11-08 05:08:51,423] [builder.py:193]            [INFO]     |====================================================================================================|
[2023-11-08 05:08:51,423] [builder.py:193]            [INFO]     |                             New Year's Eve Movies Collection in Movies                             |
[2023-11-08 05:08:51,423] [builder.py:193]            [INFO]     |====================================================================================================|
[2023-11-08 05:08:51,423] [builder.py:194]            [INFO]     |                                                                                                    |
[2023-11-08 05:08:51,423] [builder.py:205]            [INFO]     |================================ Building Definition From Templates ================================|
[2023-11-08 05:08:51,423] [builder.py:206]            [DEBUG]    |                                                                                                    |
[2023-11-08 05:08:51,423] [builder.py:216]            [DEBUG]    | Templates Called: Holiday                                                                          |
[2023-11-08 05:08:51,424] [builder.py:217]            [DEBUG]    |                                                                                                    |
[2023-11-08 05:08:51,424] [meta.py:550]               [DEBUG]    |==================================== Final Template Attributes =====================================|
[2023-11-08 05:08:51,424] [meta.py:551]               [DEBUG]    |                                                                                                    |
[2023-11-08 05:08:51,425] [meta.py:552]               [DEBUG]    | {'sort_title': "New Year's Eve Movies", 'url_poster': 'https://i.imgur.com/YCYXhAX.png', 'collection_order': 'release.desc', 'schedule': 'daily', 'delete_not_scheduled': False, 'run_again': True, 'sync_mode': 'sync'} |
[2023-11-08 05:08:51,425] [meta.py:553]               [DEBUG]    |                                                                                                    |
[2023-11-08 05:08:51,425] [builder.py:233]            [INFO]     |=========================== Validating New Year's Eve Movies Attributes ============================|
[2023-11-08 05:08:51,488] [builder.py:500]            [DEBUG]    |                                                                                                    |
[2023-11-08 05:08:51,488] [builder.py:501]            [DEBUG]    | Validating Method: delete_not_scheduled                                                            |
[2023-11-08 05:08:51,488] [builder.py:502]            [DEBUG]    | Value: False                                                                                       |
[2023-11-08 05:08:51,488] [builder.py:519]            [DEBUG]    |                                                                                                    |
[2023-11-08 05:08:51,489] [builder.py:520]            [DEBUG]    | Validating Method: schedule                                                                        |
[2023-11-08 05:08:51,489] [builder.py:524]            [DEBUG]    | Value: daily                                                                                       |
[2023-11-08 05:08:51,489] [builder.py:558]            [DEBUG]    |                                                                                                    |
[2023-11-08 05:08:51,489] [builder.py:559]            [DEBUG]    | Validating Method: run_again                                                                       |
[2023-11-08 05:08:51,489] [builder.py:560]            [DEBUG]    | Value: True                                                                                        |
[2023-11-08 05:08:51,489] [builder.py:579]            [DEBUG]    |                                                                                                    |
[2023-11-08 05:08:51,489] [builder.py:580]            [DEBUG]    | Validating Method: sync_mode                                                                       |
[2023-11-08 05:08:51,489] [builder.py:584]            [DEBUG]    | Value: sync                                                                                        |
[2023-11-08 05:08:51,489] [builder.py:682]            [DEBUG]    |                                                                                                    |
[2023-11-08 05:08:51,489] [builder.py:683]            [DEBUG]    | Validating Method: collection_order                                                                |
[2023-11-08 05:08:51,490] [builder.py:684]            [DEBUG]    | Value: release.desc                                                                                |
[2023-11-08 05:08:51,490] [builder.py:715]            [DEBUG]    |                                                                                                    |
[2023-11-08 05:08:51,490] [builder.py:719]            [DEBUG]    | Validating Method: visible_home                                                                    |
[2023-11-08 05:08:51,490] [builder.py:720]            [DEBUG]    | Value: range(12/26-01/05)                                                                          |
[2023-11-08 05:08:51,490] [builder.py:715]            [DEBUG]    |                                                                                                    |
[2023-11-08 05:08:51,491] [builder.py:719]            [DEBUG]    | Validating Method: visible_shared                                                                  |
[2023-11-08 05:08:51,491] [builder.py:720]            [DEBUG]    | Value: range(12/26-01/05)                                                                          |
[2023-11-08 05:08:51,491] [builder.py:715]            [DEBUG]    |                                                                                                    |
[2023-11-08 05:08:51,491] [builder.py:719]            [DEBUG]    | Validating Method: imdb_list                                                                       |
[2023-11-08 05:08:51,491] [builder.py:720]            [DEBUG]    | Value: ['https://www.imdb.com/list/ls066838460/']                                                  |
[2023-11-08 05:08:52,640] [builder.py:715]            [DEBUG]    |                                                                                                    |
[2023-11-08 05:08:52,640] [builder.py:719]            [DEBUG]    | Validating Method: summary                                                                         |
[2023-11-08 05:08:52,640] [builder.py:720]            [DEBUG]    | Value: This collection revolves around the plot involving New Year's Eve.                          |
[2023-11-08 05:08:52,641] [builder.py:715]            [DEBUG]    |                                                                                                    |
[2023-11-08 05:08:52,641] [builder.py:719]            [DEBUG]    | Validating Method: sort_title                                                                      |
[2023-11-08 05:08:52,641] [builder.py:720]            [DEBUG]    | Value: New Year's Eve Movies                                                                       |
[2023-11-08 05:08:52,641] [builder.py:715]            [DEBUG]    |                                                                                                    |
[2023-11-08 05:08:52,641] [builder.py:719]            [DEBUG]    | Validating Method: url_poster                                                                      |
[2023-11-08 05:08:52,641] [builder.py:720]            [DEBUG]    | Value: https://i.imgur.com/YCYXhAX.png                                                             |
[2023-11-08 05:08:52,783] [builder.py:885]            [INFO]     |                                                                                                    |
[2023-11-08 05:08:52,784] [builder.py:886]            [INFO]     | Validation Successful                                                                              |
[2023-11-08 05:08:52,784] [plex_meta_manager.py:636]  [INFO]     |                                                                                                    |
[2023-11-08 05:08:52,784] [plex_meta_manager.py:638]  [INFO]     |============================= Running New Year's Eve Movies Collection =============================|
[2023-11-08 05:08:52,784] [plex_meta_manager.py:652]  [INFO]     |                                                                                                    |
[2023-11-08 05:08:52,784] [plex_meta_manager.py:653]  [INFO]     | Sync Mode: sync                                                                                    |
[2023-11-08 05:08:52,784] [plex_meta_manager.py:656]  [DEBUG]    |                                                                                                    |
[2023-11-08 05:08:52,784] [plex_meta_manager.py:657]  [DEBUG]    | Builder: imdb_list: {'url': 'https://www.imdb.com/list/ls066838460/', 'limit': 0}                  |
[2023-11-08 05:08:52,784] [plex_meta_manager.py:658]  [INFO]     |                                                                                                    |
[2023-11-08 05:08:52,784] [imdb.py:205]               [INFO]     | Processing IMDb List: https://www.imdb.com/list/ls066838460/                                       |
[2023-11-08 05:08:57,083] [builder.py:1665]           [DEBUG]    |                                                                                                    |
[2023-11-08 05:08:57,083] [builder.py:1666]           [DEBUG]    | 23 IDs Found                                                                                       |
[2023-11-08 05:08:57,083] [builder.py:1668]           [DEBUG]    |                                                                                                    |
[2023-11-08 05:08:57,093] [builder.py:2249]           [INFO]     |                                                                                                    |
[2023-11-08 05:08:57,093] [builder.py:2250]           [INFO]     |============================ Adding to New Year's Eve Movies Collection ============================|
[2023-11-08 05:08:57,093] [builder.py:2251]           [INFO]     |                                                                                                    |
[2023-11-08 05:08:57,094] [builder.py:2265]           [INFO]     | 1/5 | New Year's Eve Movies Collection | = | The Godfather Part II (1974)                          |
[2023-11-08 05:08:57,094] [builder.py:2265]           [INFO]     | 2/5 | New Year's Eve Movies Collection | = | Trading Places (1983)                                 |
[2023-11-08 05:08:57,094] [builder.py:2265]           [INFO]     | 3/5 | New Year's Eve Movies Collection | = | Ghostbusters II (1989)                                |
[2023-11-08 05:08:57,094] [builder.py:2265]           [INFO]     | 4/5 | New Year's Eve Movies Collection | = | Ocean's Eleven (2001)                                 |
[2023-11-08 05:08:57,094] [builder.py:2265]           [INFO]     | 5/5 | New Year's Eve Movies Collection | = | About a Boy (2002)                                    |
[2023-11-08 05:08:57,094] [builder.py:2285]           [INFO]     |                                                                                                    |
[2023-11-08 05:08:57,094] [builder.py:2287]           [INFO]     | 5 Movies Processed 0 Movies Added                                                                  |
[2023-11-08 05:08:57,144] [builder.py:2422]           [INFO]     |                                                                                                    |
[2023-11-08 05:08:57,144] [builder.py:2423]           [INFO]     | 18 Movies Missing                                                                                  |
[2023-11-08 05:08:58,078] [builder.py:2623]           [INFO]     |                                                                                                    |
[2023-11-08 05:08:58,078] [builder.py:2624]           [INFO]     |======================= Updating Details of New Year's Eve Movies Collection =======================|
[2023-11-08 05:08:58,078] [builder.py:2625]           [INFO]     |                                                                                                    |
[2023-11-08 05:08:58,085] [builder.py:2689]           [INFO]     | Collection Metadata Edits                                                                          |
[2023-11-08 05:08:58,088] [util.py:178]               [DEBUG]    | 2 posters found:                                                                                   |
[2023-11-08 05:08:58,088] [util.py:180]               [DEBUG]    | Method: url_poster Poster: https://i.imgur.com/YCYXhAX.png                                         |
[2023-11-08 05:08:58,088] [util.py:180]               [DEBUG]    | Method: asset_directory Poster: {'attribute': 'asset_directory', 'location': "//config/assets/movies/New Year's Eve Movies/poster.png", 'prefix': "New Year's Eve Movies's ", 'is_poster': True, 'is_url': False, 'compare': 4657551, 'message': "New Year's Eve Movies's poster to [File] //config/assets/movies/New Year's Eve Movies/poster.png"} |
[2023-11-08 05:08:58,089] [library.py:177]            [INFO]     | Detail: New Year's Eve Movies's poster update not needed                                           |
[2023-11-08 05:08:58,154] [builder.py:2780]           [INFO]     |                                                                                                    |
[2023-11-08 05:08:58,154] [builder.py:2781]           [INFO]     |============================= Sorting New Year's Eve Movies Collection =============================|
[2023-11-08 05:08:58,154] [builder.py:2782]           [INFO]     |                                                                                                    |
[2023-11-08 05:08:58,261] [builder.py:2809]           [INFO]     | Moving About a Boy (2002) to the beginning                                                         |
[2023-11-08 05:08:58,331] [builder.py:2809]           [INFO]     | Moving Ocean's Eleven (2001) after About a Boy (2002)                                              |
[2023-11-08 05:08:58,331] [plex_meta_manager.py:780]  [INFO]     |                                                                                                    |
[2023-11-08 05:08:58,331] [plex_meta_manager.py:781]  [INFO]     |====================================================================================================|
[2023-11-08 05:08:58,331] [plex_meta_manager.py:781]  [INFO]     |                             Finished New Year's Eve Movies Collection                              |
[2023-11-08 05:08:58,332] [plex_meta_manager.py:781]  [INFO]     |                                    Collection Run Time: 0:00:06                                    |
[2023-11-08 05:08:58,332] [plex_meta_manager.py:781]  [INFO]     |====================================================================================================|
