[2023-11-30 05:06:05,437] [builder.py:193]            [INFO]     |====================================================================================================|
[2023-11-30 05:06:05,438] [builder.py:193]            [INFO]     |                                  Spider-Man Collection in Movies                                   |
[2023-11-30 05:06:05,438] [builder.py:193]            [INFO]     |====================================================================================================|
[2023-11-30 05:06:05,438] [builder.py:194]            [INFO]     |                                                                                                    |
[2023-11-30 05:06:05,438] [builder.py:205]            [INFO]     |================================ Building Definition From Templates ================================|
[2023-11-30 05:06:05,438] [builder.py:206]            [DEBUG]    |                                                                                                    |
[2023-11-30 05:06:05,438] [builder.py:216]            [DEBUG]    | Templates Called: Franchise                                                                        |
[2023-11-30 05:06:05,438] [builder.py:217]            [DEBUG]    |                                                                                                    |
[2023-11-30 05:06:05,439] [meta.py:550]               [DEBUG]    |==================================== Final Template Attributes =====================================|
[2023-11-30 05:06:05,439] [meta.py:551]               [DEBUG]    |                                                                                                    |
[2023-11-30 05:06:05,439] [meta.py:552]               [DEBUG]    | {'url_poster': 'https://theposterdb.com/api/assets/221984', 'sort_title': '++++_Spider-Man', 'collection_mode': 'hide', 'collection_order': 'release', 'delete_not_scheduled': True, 'run_again': True, 'visible_home': False, 'visible_shared': False, 'sync_mode': 'sync'} |
[2023-11-30 05:06:05,439] [meta.py:553]               [DEBUG]    |                                                                                                    |
[2023-11-30 05:06:05,439] [builder.py:233]            [INFO]     |================================= Validating Spider-Man Attributes =================================|
[2023-11-30 05:06:05,591] [builder.py:500]            [DEBUG]    |                                                                                                    |
[2023-11-30 05:06:05,591] [builder.py:501]            [DEBUG]    | Validating Method: delete_not_scheduled                                                            |
[2023-11-30 05:06:05,591] [builder.py:502]            [DEBUG]    | Value: True                                                                                        |
[2023-11-30 05:06:05,591] [builder.py:558]            [DEBUG]    |                                                                                                    |
[2023-11-30 05:06:05,591] [builder.py:559]            [DEBUG]    | Validating Method: run_again                                                                       |
[2023-11-30 05:06:05,591] [builder.py:560]            [DEBUG]    | Value: True                                                                                        |
[2023-11-30 05:06:05,591] [builder.py:579]            [DEBUG]    |                                                                                                    |
[2023-11-30 05:06:05,591] [builder.py:580]            [DEBUG]    | Validating Method: sync_mode                                                                       |
[2023-11-30 05:06:05,591] [builder.py:584]            [DEBUG]    | Value: sync                                                                                        |
[2023-11-30 05:06:05,591] [builder.py:682]            [DEBUG]    |                                                                                                    |
[2023-11-30 05:06:05,592] [builder.py:683]            [DEBUG]    | Validating Method: collection_order                                                                |
[2023-11-30 05:06:05,592] [builder.py:684]            [DEBUG]    | Value: release                                                                                     |
[2023-11-30 05:06:05,592] [builder.py:715]            [DEBUG]    |                                                                                                    |
[2023-11-30 05:06:05,592] [builder.py:719]            [DEBUG]    | Validating Method: trakt_list                                                                      |
[2023-11-30 05:06:05,592] [builder.py:720]            [DEBUG]    | Value: https://trakt.tv/users/hitsquid/lists/spider-man?sort=released,desc                         |
[2023-11-30 05:06:05,726] [builder.py:715]            [DEBUG]    |                                                                                                    |
[2023-11-30 05:06:05,726] [builder.py:719]            [DEBUG]    | Validating Method: summary                                                                         |
[2023-11-30 05:06:05,726] [builder.py:720]            [DEBUG]    | Value: Spider-Man centers on student Peter Parker who, after being bitten by a genetically-altered spider, gains superhuman strength and the spider-like ability to cling to any surface. He vows to use his abilities to fight crime, coming to understand the words of his beloved Uncle Ben- "With great power comes great responsibility." |
[2023-11-30 05:06:05,726] [builder.py:715]            [DEBUG]    |                                                                                                    |
[2023-11-30 05:06:05,726] [builder.py:719]            [DEBUG]    | Validating Method: url_poster                                                                      |
[2023-11-30 05:06:05,726] [builder.py:720]            [DEBUG]    | Value: https://theposterdb.com/api/assets/221984                                                   |
[2023-11-30 05:06:06,229] [builder.py:715]            [DEBUG]    |                                                                                                    |
[2023-11-30 05:06:06,229] [builder.py:719]            [DEBUG]    | Validating Method: sort_title                                                                      |
[2023-11-30 05:06:06,229] [builder.py:720]            [DEBUG]    | Value: ++++_Spider-Man                                                                             |
[2023-11-30 05:06:06,229] [builder.py:715]            [DEBUG]    |                                                                                                    |
[2023-11-30 05:06:06,229] [builder.py:719]            [DEBUG]    | Validating Method: collection_mode                                                                 |
[2023-11-30 05:06:06,229] [builder.py:720]            [DEBUG]    | Value: hide                                                                                        |
[2023-11-30 05:06:06,229] [builder.py:715]            [DEBUG]    |                                                                                                    |
[2023-11-30 05:06:06,229] [builder.py:719]            [DEBUG]    | Validating Method: visible_home                                                                    |
[2023-11-30 05:06:06,230] [builder.py:720]            [DEBUG]    | Value: False                                                                                       |
[2023-11-30 05:06:06,230] [builder.py:715]            [DEBUG]    |                                                                                                    |
[2023-11-30 05:06:06,230] [builder.py:719]            [DEBUG]    | Validating Method: visible_shared                                                                  |
[2023-11-30 05:06:06,230] [builder.py:720]            [DEBUG]    | Value: False                                                                                       |
[2023-11-30 05:06:06,230] [builder.py:885]            [INFO]     |                                                                                                    |
[2023-11-30 05:06:06,230] [builder.py:886]            [INFO]     | Validation Successful                                                                              |
[2023-11-30 05:06:06,230] [plex_meta_manager.py:636]  [INFO]     |                                                                                                    |
[2023-11-30 05:06:06,230] [plex_meta_manager.py:638]  [INFO]     |================================== Running Spider-Man Collection ===================================|
[2023-11-30 05:06:06,230] [plex_meta_manager.py:652]  [INFO]     |                                                                                                    |
[2023-11-30 05:06:06,230] [plex_meta_manager.py:653]  [INFO]     | Sync Mode: sync                                                                                    |
[2023-11-30 05:06:06,230] [plex_meta_manager.py:656]  [DEBUG]    |                                                                                                    |
[2023-11-30 05:06:06,231] [plex_meta_manager.py:657]  [DEBUG]    | Builder: trakt_list: https://trakt.tv/users/hitsquid/lists/spider-man?sort=released,desc           |
[2023-11-30 05:06:06,231] [plex_meta_manager.py:658]  [INFO]     |                                                                                                    |
[2023-11-30 05:06:06,231] [trakt.py:493]              [INFO]     | Processing Trakt List: https://trakt.tv/users/hitsquid/lists/spider-man?sort=released,desc         |
[2023-11-30 05:06:06,358] [builder.py:1665]           [DEBUG]    |                                                                                                    |
[2023-11-30 05:06:06,358] [builder.py:1666]           [DEBUG]    | 9 IDs Found                                                                                        |
[2023-11-30 05:06:06,358] [builder.py:1668]           [DEBUG]    |                                                                                                    |
[2023-11-30 05:06:06,359] [builder.py:2249]           [INFO]     |                                                                                                    |
[2023-11-30 05:06:06,359] [builder.py:2250]           [INFO]     |================================= Adding to Spider-Man Collection ==================================|
[2023-11-30 05:06:06,359] [builder.py:2251]           [INFO]     |                                                                                                    |
[2023-11-30 05:06:06,359] [builder.py:2265]           [INFO]     | 1/9 | Spider-Man Collection | = | Spider-Man (2002)                                                |
[2023-11-30 05:06:06,359] [builder.py:2265]           [INFO]     | 2/9 | Spider-Man Collection | = | Spider-Man 2 (2004)                                              |
[2023-11-30 05:06:06,359] [builder.py:2265]           [INFO]     | 3/9 | Spider-Man Collection | = | Spider-Man 3 (2007)                                              |
[2023-11-30 05:06:06,359] [builder.py:2265]           [INFO]     | 4/9 | Spider-Man Collection | = | The Amazing Spider-Man (2012)                                    |
[2023-11-30 05:06:06,359] [builder.py:2265]           [INFO]     | 5/9 | Spider-Man Collection | = | The Amazing Spider-Man 2 (2014)                                  |
[2023-11-30 05:06:06,359] [builder.py:2265]           [INFO]     | 6/9 | Spider-Man Collection | = | Spider-Man: Homecoming (2017)                                    |
[2023-11-30 05:06:06,359] [builder.py:2265]           [INFO]     | 7/9 | Spider-Man Collection | = | Spider-Man: Far from Home (2019)                                 |
[2023-11-30 05:06:06,359] [builder.py:2265]           [INFO]     | 8/9 | Spider-Man Collection | = | Spider-Man: Into the Spider-Verse (2018)                         |
[2023-11-30 05:06:06,360] [builder.py:2265]           [INFO]     | 9/9 | Spider-Man Collection | = | Spider-Man: No Way Home (2021)                                   |
[2023-11-30 05:06:06,360] [builder.py:2285]           [INFO]     |                                                                                                    |
[2023-11-30 05:06:06,360] [builder.py:2287]           [INFO]     | 9 Movies Processed 0 Movies Added                                                                  |
[2023-11-30 05:06:06,364] [builder.py:2623]           [INFO]     |                                                                                                    |
[2023-11-30 05:06:06,364] [builder.py:2624]           [INFO]     |============================ Updating Details of Spider-Man Collection =============================|
[2023-11-30 05:06:06,364] [builder.py:2625]           [INFO]     |                                                                                                    |
[2023-11-30 05:06:06,370] [builder.py:2689]           [INFO]     | Collection Metadata Edits                                                                          |
[2023-11-30 05:06:06,372] [util.py:178]               [DEBUG]    | 2 posters found:                                                                                   |
[2023-11-30 05:06:06,372] [util.py:180]               [DEBUG]    | Method: url_poster Poster: https://theposterdb.com/api/assets/221984                               |
[2023-11-30 05:06:06,372] [util.py:180]               [DEBUG]    | Method: asset_directory Poster: {'attribute': 'asset_directory', 'location': '//config/assets/movies/Spider-Man/poster.jpg', 'prefix': "Spider-Man's ", 'is_poster': True, 'is_url': False, 'compare': 907380, 'message': "Spider-Man's poster to [File] //config/assets/movies/Spider-Man/poster.jpg"} |
[2023-11-30 05:06:06,373] [library.py:177]            [INFO]     | Detail: Spider-Man's poster update not needed                                                      |
[2023-11-30 05:06:06,517] [plex_meta_manager.py:780]  [INFO]     |                                                                                                    |
[2023-11-30 05:06:06,517] [plex_meta_manager.py:781]  [INFO]     |====================================================================================================|
[2023-11-30 05:06:06,517] [plex_meta_manager.py:781]  [INFO]     |                                   Finished Spider-Man Collection                                   |
[2023-11-30 05:06:06,517] [plex_meta_manager.py:781]  [INFO]     |                                    Collection Run Time: 0:00:01                                    |
[2023-11-30 05:06:06,517] [plex_meta_manager.py:781]  [INFO]     |====================================================================================================|
