[2023-03-02 05:04:50,376] [builder.py:193]            [INFO]     |====================================================================================================|
[2023-03-02 05:04:50,377] [builder.py:193]            [INFO]     |                               Apple TV+ Movies Collection in Movies                                |
[2023-03-02 05:04:50,377] [builder.py:193]            [INFO]     |====================================================================================================|
[2023-03-02 05:04:50,377] [builder.py:194]            [INFO]     |                                                                                                    |
[2023-03-02 05:04:50,377] [builder.py:205]            [INFO]     |================================ Building Definition From Templates ================================|
[2023-03-02 05:04:50,377] [builder.py:206]            [DEBUG]    |                                                                                                    |
[2023-03-02 05:04:50,377] [builder.py:216]            [DEBUG]    | Templates Called: streaming                                                                        |
[2023-03-02 05:04:50,377] [builder.py:217]            [DEBUG]    |                                                                                                    |
[2023-03-02 05:04:50,378] [meta.py:550]               [DEBUG]    |==================================== Final Template Attributes =====================================|
[2023-03-02 05:04:50,378] [meta.py:551]               [DEBUG]    |                                                                                                    |
[2023-03-02 05:04:50,378] [meta.py:552]               [DEBUG]    | {'cache_builders': 1, 'smart_label': 'release.desc', 'sync_mode': 'sync', 'mdblist_list': 'https://mdblist.com/lists/plexmetamanager/appletv-movies', 'url_poster': 'https://raw.githubusercontent.com/meisnate12/Plex-Meta-Manager-Images/master/streaming/Apple%20TV%2B.jpg'} |
[2023-03-02 05:04:50,378] [meta.py:553]               [DEBUG]    |                                                                                                    |
[2023-03-02 05:04:50,378] [builder.py:233]            [INFO]     |============================== Validating Apple TV+ Movies Attributes ==============================|
[2023-03-02 05:04:50,423] [builder.py:473]            [DEBUG]    |                                                                                                    |
[2023-03-02 05:04:50,423] [builder.py:474]            [DEBUG]    | Validating Method: smart_label                                                                     |
[2023-03-02 05:04:50,423] [builder.py:479]            [DEBUG]    | Value: release.desc                                                                                |
[2023-03-02 05:04:50,478] [builder.py:579]            [DEBUG]    |                                                                                                    |
[2023-03-02 05:04:50,478] [builder.py:580]            [DEBUG]    | Validating Method: sync_mode                                                                       |
[2023-03-02 05:04:50,478] [builder.py:584]            [DEBUG]    | Value: sync                                                                                        |
[2023-03-02 05:04:50,478] [builder.py:715]            [DEBUG]    |                                                                                                    |
[2023-03-02 05:04:50,478] [builder.py:719]            [DEBUG]    | Validating Method: label                                                                           |
[2023-03-02 05:04:50,478] [builder.py:720]            [DEBUG]    | Value: Streaming                                                                                   |
[2023-03-02 05:04:50,478] [builder.py:715]            [DEBUG]    |                                                                                                    |
[2023-03-02 05:04:50,478] [builder.py:719]            [DEBUG]    | Validating Method: cache_builders                                                                  |
[2023-03-02 05:04:50,478] [builder.py:720]            [DEBUG]    | Value: 1                                                                                           |
[2023-03-02 05:04:50,479] [builder.py:715]            [DEBUG]    |                                                                                                    |
[2023-03-02 05:04:50,479] [builder.py:719]            [DEBUG]    | Validating Method: mdblist_list                                                                    |
[2023-03-02 05:04:50,479] [builder.py:720]            [DEBUG]    | Value: https://mdblist.com/lists/plexmetamanager/appletv-movies                                    |
[2023-03-02 05:04:50,479] [builder.py:715]            [DEBUG]    |                                                                                                    |
[2023-03-02 05:04:50,479] [builder.py:719]            [DEBUG]    | Validating Method: url_poster                                                                      |
[2023-03-02 05:04:50,479] [builder.py:720]            [DEBUG]    | Value: https://raw.githubusercontent.com/meisnate12/Plex-Meta-Manager-Images/master/streaming/Apple%20TV%2B.jpg |
[2023-03-02 05:04:50,592] [builder.py:885]            [INFO]     |                                                                                                    |
[2023-03-02 05:04:50,592] [builder.py:886]            [INFO]     | Validation Successful                                                                              |
[2023-03-02 05:04:50,592] [plex_meta_manager.py:636]  [INFO]     |                                                                                                    |
[2023-03-02 05:04:50,592] [plex_meta_manager.py:638]  [INFO]     |=============================== Running Apple TV+ Movies Collection ================================|
[2023-03-02 05:04:50,592] [plex_meta_manager.py:644]  [INFO]     |                                                                                                    |
[2023-03-02 05:04:50,592] [plex_meta_manager.py:645]  [INFO]     | Smart Movie Label                                                                                  |
                                                                 | Sort By: ['release.desc']                                                                          |
                                                                 | Filter:                                                                                            |
                                                                 |   Match all of the following:                                                                      |
                                                                 |     Label is Apple TV+ Movies                                                                      |
[2023-03-02 05:04:50,593] [plex_meta_manager.py:646]  [INFO]     |                                                                                                    |
[2023-03-02 05:04:50,593] [plex_meta_manager.py:647]  [INFO]     | Items Found: 13                                                                                    |
[2023-03-02 05:04:50,593] [plex_meta_manager.py:652]  [INFO]     |                                                                                                    |
[2023-03-02 05:04:50,593] [plex_meta_manager.py:653]  [INFO]     | Sync Mode: sync                                                                                    |
[2023-03-02 05:04:50,593] [plex_meta_manager.py:656]  [DEBUG]    |                                                                                                    |
[2023-03-02 05:04:50,593] [plex_meta_manager.py:657]  [DEBUG]    | Builder: mdblist_list: {'url': 'https://mdblist.com/lists/plexmetamanager/appletv-movies', 'limit': 0, 'sort_by': 'rank.asc'} |
[2023-03-02 05:04:50,593] [plex_meta_manager.py:658]  [INFO]     |                                                                                                    |
[2023-03-02 05:04:50,594] [builder.py:1614]           [INFO]     | Builder: mdblist_list loaded from Cache                                                            |
[2023-03-02 05:04:50,595] [builder.py:1665]           [DEBUG]    |                                                                                                    |
[2023-03-02 05:04:50,595] [builder.py:1666]           [DEBUG]    | 61 IDs Found                                                                                       |
[2023-03-02 05:04:50,595] [builder.py:1668]           [DEBUG]    |                                                                                                    |
[2023-03-02 05:04:50,595] [builder.py:2249]           [INFO]     |                                                                                                    |
[2023-03-02 05:04:50,595] [builder.py:2250]           [INFO]     |============================== Adding to Apple TV+ Movies Collection ===============================|
[2023-03-02 05:04:50,596] [builder.py:2251]           [INFO]     |                                                                                                    |
[2023-03-02 05:04:50,646] [builder.py:2265]           [INFO]     |  1/13 | Apple TV+ Movies Collection | = | Spirited (2022)                                          |
[2023-03-02 05:04:50,646] [builder.py:2265]           [INFO]     |  2/13 | Apple TV+ Movies Collection | = | Luck (2022)                                              |
[2023-03-02 05:04:50,646] [builder.py:2265]           [INFO]     |  3/13 | Apple TV+ Movies Collection | = | The Sky Is Everywhere (2022)                             |
[2023-03-02 05:04:50,647] [builder.py:2265]           [INFO]     |  4/13 | Apple TV+ Movies Collection | = | The Tragedy of Macbeth (2021)                            |
[2023-03-02 05:04:50,647] [builder.py:2265]           [INFO]     |  5/13 | Apple TV+ Movies Collection | = | Finch (2021)                                             |
[2023-03-02 05:04:50,647] [builder.py:2265]           [INFO]     |  6/13 | Apple TV+ Movies Collection | = | Wolfwalkers (2020)                                       |
[2023-03-02 05:04:50,647] [builder.py:2265]           [INFO]     |  7/13 | Apple TV+ Movies Collection | = | Fireball: Visitors from Darker Worlds (2020)             |
[2023-03-02 05:04:50,647] [builder.py:2265]           [INFO]     |  8/13 | Apple TV+ Movies Collection | = | Beastie Boys Story (2020)                                |
[2023-03-02 05:04:50,647] [builder.py:2265]           [INFO]     |  9/13 | Apple TV+ Movies Collection | = | Dan in Real Life (2007)                                  |
[2023-03-02 05:04:50,647] [builder.py:2265]           [INFO]     | 10/13 | Apple TV+ Movies Collection | = | The Italian Job (2003)                                   |
[2023-03-02 05:04:50,647] [builder.py:2265]           [INFO]     | 11/13 | Apple TV+ Movies Collection | = | The Royal Tenenbaums (2002)                              |
[2023-03-02 05:04:50,647] [builder.py:2265]           [INFO]     | 12/13 | Apple TV+ Movies Collection | = | There's Something About Mary (1998)                      |
[2023-03-02 05:04:50,648] [builder.py:2265]           [INFO]     | 13/13 | Apple TV+ Movies Collection | = | Pretty Woman (1990)                                      |
[2023-03-02 05:04:50,648] [builder.py:2285]           [INFO]     |                                                                                                    |
[2023-03-02 05:04:50,648] [builder.py:2287]           [INFO]     | 13 Movies Processed 0 Movies Added                                                                 |
[2023-03-02 05:04:50,677] [builder.py:2623]           [INFO]     |                                                                                                    |
[2023-03-02 05:04:50,677] [builder.py:2624]           [INFO]     |========================= Updating Details of Apple TV+ Movies Collection ==========================|
[2023-03-02 05:04:50,677] [builder.py:2625]           [INFO]     |                                                                                                    |
[2023-03-02 05:04:50,689] [builder.py:2689]           [INFO]     | Collection Metadata Edits                                                                          |
[2023-03-02 05:04:50,690] [util.py:178]               [DEBUG]    | 2 posters found:                                                                                   |
[2023-03-02 05:04:50,690] [util.py:180]               [DEBUG]    | Method: url_poster Poster: https://raw.githubusercontent.com/meisnate12/Plex-Meta-Manager-Images/master/streaming/Apple%20TV%2B.jpg |
[2023-03-02 05:04:50,690] [util.py:180]               [DEBUG]    | Method: asset_directory Poster: {'attribute': 'asset_directory', 'location': '//config/assets/movies/Apple TV+ Movies/poster.jpg', 'prefix': "Apple TV+ Movies's ", 'is_poster': True, 'is_url': False, 'compare': 105194, 'message': "Apple TV+ Movies's poster to [File] //config/assets/movies/Apple TV+ Movies/poster.jpg"} |
[2023-03-02 05:04:50,690] [library.py:177]            [INFO]     | Detail: Apple TV+ Movies's poster update not needed                                                |
[2023-03-02 05:04:50,726] [plex_meta_manager.py:780]  [INFO]     |                                                                                                    |
[2023-03-02 05:04:50,726] [plex_meta_manager.py:781]  [INFO]     |====================================================================================================|
[2023-03-02 05:04:50,726] [plex_meta_manager.py:781]  [INFO]     |                                Finished Apple TV+ Movies Collection                                |
[2023-03-02 05:04:50,726] [plex_meta_manager.py:781]  [INFO]     |                                    Collection Run Time: 0:00:00                                    |
[2023-03-02 05:04:50,726] [plex_meta_manager.py:781]  [INFO]     |====================================================================================================|
