[2023-11-08 05:06:04,815] [builder.py:193]            [INFO]     |====================================================================================================|
[2023-11-08 05:06:04,815] [builder.py:193]            [INFO]     |                                     Music Collection in Movies                                     |
[2023-11-08 05:06:04,815] [builder.py:193]            [INFO]     |====================================================================================================|
[2023-11-08 05:06:04,815] [builder.py:194]            [INFO]     |                                                                                                    |
[2023-11-08 05:06:04,816] [builder.py:205]            [INFO]     |================================ Building Definition From Templates ================================|
[2023-11-08 05:06:04,816] [builder.py:206]            [DEBUG]    |                                                                                                    |
[2023-11-08 05:06:04,816] [builder.py:216]            [DEBUG]    | Templates Called: Specialty                                                                        |
[2023-11-08 05:06:04,816] [builder.py:217]            [DEBUG]    |                                                                                                    |
[2023-11-08 05:06:04,817] [meta.py:550]               [DEBUG]    |==================================== Final Template Attributes =====================================|
[2023-11-08 05:06:04,817] [meta.py:551]               [DEBUG]    |                                                                                                    |
[2023-11-08 05:06:04,817] [meta.py:552]               [DEBUG]    | {'url_poster': 'https://theposterdb.com/api/assets/69217', 'sort_title': 'Music', 'delete_not_scheduled': True, 'run_again': True, 'visible_home': False, 'visible_shared': False, 'sync_mode': 'sync'} |
[2023-11-08 05:06:04,817] [meta.py:553]               [DEBUG]    |                                                                                                    |
[2023-11-08 05:06:04,817] [builder.py:233]            [INFO]     |=================================== Validating Music Attributes ====================================|
[2023-11-08 05:06:04,952] [builder.py:500]            [DEBUG]    |                                                                                                    |
[2023-11-08 05:06:04,952] [builder.py:501]            [DEBUG]    | Validating Method: delete_not_scheduled                                                            |
[2023-11-08 05:06:04,952] [builder.py:502]            [DEBUG]    | Value: True                                                                                        |
[2023-11-08 05:06:04,952] [builder.py:558]            [DEBUG]    |                                                                                                    |
[2023-11-08 05:06:04,952] [builder.py:559]            [DEBUG]    | Validating Method: run_again                                                                       |
[2023-11-08 05:06:04,953] [builder.py:560]            [DEBUG]    | Value: True                                                                                        |
[2023-11-08 05:06:04,953] [builder.py:579]            [DEBUG]    |                                                                                                    |
[2023-11-08 05:06:04,953] [builder.py:580]            [DEBUG]    | Validating Method: sync_mode                                                                       |
[2023-11-08 05:06:04,953] [builder.py:584]            [DEBUG]    | Value: sync                                                                                        |
[2023-11-08 05:06:04,953] [builder.py:715]            [DEBUG]    |                                                                                                    |
[2023-11-08 05:06:04,953] [builder.py:719]            [DEBUG]    | Validating Method: trakt_list                                                                      |
[2023-11-08 05:06:04,953] [builder.py:720]            [DEBUG]    | Value: https://trakt.tv/users/movistapp/lists/music?sort=released,asc                              |
[2023-11-08 05:06:05,205] [builder.py:715]            [DEBUG]    |                                                                                                    |
[2023-11-08 05:06:05,205] [builder.py:719]            [DEBUG]    | Validating Method: summary                                                                         |
[2023-11-08 05:06:05,205] [builder.py:720]            [DEBUG]    | Value: Music film is genre that revolves around music being an integral part of the characters lives. |
[2023-11-08 05:06:05,205] [builder.py:715]            [DEBUG]    |                                                                                                    |
[2023-11-08 05:06:05,206] [builder.py:719]            [DEBUG]    | Validating Method: url_poster                                                                      |
[2023-11-08 05:06:05,206] [builder.py:720]            [DEBUG]    | Value: https://theposterdb.com/api/assets/69217                                                    |
[2023-11-08 05:06:06,600] [builder.py:715]            [DEBUG]    |                                                                                                    |
[2023-11-08 05:06:06,600] [builder.py:719]            [DEBUG]    | Validating Method: sort_title                                                                      |
[2023-11-08 05:06:06,600] [builder.py:720]            [DEBUG]    | Value: Music                                                                                       |
[2023-11-08 05:06:06,600] [builder.py:715]            [DEBUG]    |                                                                                                    |
[2023-11-08 05:06:06,600] [builder.py:719]            [DEBUG]    | Validating Method: visible_home                                                                    |
[2023-11-08 05:06:06,600] [builder.py:720]            [DEBUG]    | Value: False                                                                                       |
[2023-11-08 05:06:06,600] [builder.py:715]            [DEBUG]    |                                                                                                    |
[2023-11-08 05:06:06,600] [builder.py:719]            [DEBUG]    | Validating Method: visible_shared                                                                  |
[2023-11-08 05:06:06,600] [builder.py:720]            [DEBUG]    | Value: False                                                                                       |
[2023-11-08 05:06:06,601] [builder.py:885]            [INFO]     |                                                                                                    |
[2023-11-08 05:06:06,601] [builder.py:886]            [INFO]     | Validation Successful                                                                              |
[2023-11-08 05:06:06,601] [plex_meta_manager.py:636]  [INFO]     |                                                                                                    |
[2023-11-08 05:06:06,601] [plex_meta_manager.py:638]  [INFO]     |===================================== Running Music Collection =====================================|
[2023-11-08 05:06:06,601] [plex_meta_manager.py:652]  [INFO]     |                                                                                                    |
[2023-11-08 05:06:06,601] [plex_meta_manager.py:653]  [INFO]     | Sync Mode: sync                                                                                    |
[2023-11-08 05:06:06,601] [plex_meta_manager.py:656]  [DEBUG]    |                                                                                                    |
[2023-11-08 05:06:06,601] [plex_meta_manager.py:657]  [DEBUG]    | Builder: trakt_list: https://trakt.tv/users/movistapp/lists/music?sort=released,asc                |
[2023-11-08 05:06:06,601] [plex_meta_manager.py:658]  [INFO]     |                                                                                                    |
[2023-11-08 05:06:06,601] [trakt.py:493]              [INFO]     | Processing Trakt List: https://trakt.tv/users/movistapp/lists/music?sort=released,asc              |
[2023-11-08 05:06:06,777] [builder.py:1665]           [DEBUG]    |                                                                                                    |
[2023-11-08 05:06:06,778] [builder.py:1666]           [DEBUG]    | 200 IDs Found                                                                                      |
[2023-11-08 05:06:06,778] [builder.py:1668]           [DEBUG]    |                                                                                                    |
[2023-11-08 05:06:06,779] [builder.py:2249]           [INFO]     |                                                                                                    |
[2023-11-08 05:06:06,779] [builder.py:2250]           [INFO]     |==================================== Adding to Music Collection ====================================|
[2023-11-08 05:06:06,779] [builder.py:2251]           [INFO]     |                                                                                                    |
[2023-11-08 05:06:06,779] [builder.py:2265]           [INFO]     |  1/20 | Music Collection | = | Coco (2017)                                                         |
[2023-11-08 05:06:06,779] [builder.py:2265]           [INFO]     |  2/20 | Music Collection | = | Sing (2016)                                                         |
[2023-11-08 05:06:06,779] [builder.py:2265]           [INFO]     |  3/20 | Music Collection | = | Bohemian Rhapsody (2018)                                            |
[2023-11-08 05:06:06,779] [builder.py:2265]           [INFO]     |  4/20 | Music Collection | = | Straight Outta Compton (2015)                                       |
[2023-11-08 05:06:06,780] [builder.py:2265]           [INFO]     |  5/20 | Music Collection | = | Yesterday (2019)                                                    |
[2023-11-08 05:06:06,780] [builder.py:2265]           [INFO]     |  6/20 | Music Collection | = | Soul (2020)                                                         |
[2023-11-08 05:06:06,780] [builder.py:2265]           [INFO]     |  7/20 | Music Collection | = | Sing 2 (2021)                                                       |
[2023-11-08 05:06:06,780] [builder.py:2265]           [INFO]     |  8/20 | Music Collection | = | School of Rock (2003)                                               |
[2023-11-08 05:06:06,780] [builder.py:2265]           [INFO]     |  9/20 | Music Collection | = | The Muppets (2011)                                                  |
[2023-11-08 05:06:06,780] [builder.py:2265]           [INFO]     | 10/20 | Music Collection | = | Bill & Ted's Bogus Journey (1991)                                   |
[2023-11-08 05:06:06,780] [builder.py:2265]           [INFO]     | 11/20 | Music Collection | = | Dave Chappelle's Block Party (2006)                                 |
[2023-11-08 05:06:06,780] [builder.py:2265]           [INFO]     | 12/20 | Music Collection | = | August Rush (2007)                                                  |
[2023-11-08 05:06:06,780] [builder.py:2265]           [INFO]     | 13/20 | Music Collection | = | The Sound of Music (1965)                                           |
[2023-11-08 05:06:06,781] [builder.py:2265]           [INFO]     | 14/20 | Music Collection | = | Gentlemen Prefer Blondes (1953)                                     |
[2023-11-08 05:06:06,781] [builder.py:2265]           [INFO]     | 15/20 | Music Collection | = | Wayne's World (1992)                                                |
[2023-11-08 05:06:06,781] [builder.py:2265]           [INFO]     | 16/20 | Music Collection | = | Bedknobs and Broomsticks (1971)                                     |
[2023-11-08 05:06:06,781] [builder.py:2265]           [INFO]     | 17/20 | Music Collection | = | Walk the Line (2005)                                                |
[2023-11-08 05:06:06,781] [builder.py:2265]           [INFO]     | 18/20 | Music Collection | = | Empire Records (1995)                                               |
[2023-11-08 05:06:06,781] [builder.py:2265]           [INFO]     | 19/20 | Music Collection | = | Airheads (1994)                                                     |
[2023-11-08 05:06:06,781] [builder.py:2265]           [INFO]     | 20/20 | Music Collection | = | The Muppet Christmas Carol (1992)                                   |
[2023-11-08 05:06:06,781] [builder.py:2285]           [INFO]     |                                                                                                    |
[2023-11-08 05:06:06,781] [builder.py:2287]           [INFO]     | 20 Movies Processed 0 Movies Added                                                                 |
[2023-11-08 05:06:07,869] [builder.py:2422]           [INFO]     |                                                                                                    |
[2023-11-08 05:06:07,869] [builder.py:2423]           [INFO]     | 180 Movies Missing                                                                                 |
[2023-11-08 05:06:08,577] [builder.py:2623]           [INFO]     |                                                                                                    |
[2023-11-08 05:06:08,577] [builder.py:2624]           [INFO]     |=============================== Updating Details of Music Collection ===============================|
[2023-11-08 05:06:08,577] [builder.py:2625]           [INFO]     |                                                                                                    |
[2023-11-08 05:06:08,583] [builder.py:2689]           [INFO]     | Collection Metadata Edits                                                                          |
[2023-11-08 05:06:08,586] [util.py:178]               [DEBUG]    | 2 posters found:                                                                                   |
[2023-11-08 05:06:08,586] [util.py:180]               [DEBUG]    | Method: url_poster Poster: https://theposterdb.com/api/assets/69217                                |
[2023-11-08 05:06:08,586] [util.py:180]               [DEBUG]    | Method: asset_directory Poster: {'attribute': 'asset_directory', 'location': '//config/assets/movies/Music/poster.png', 'prefix': "Music's ", 'is_poster': True, 'is_url': False, 'compare': 6639964, 'message': "Music's poster to [File] //config/assets/movies/Music/poster.png"} |
[2023-11-08 05:06:08,586] [library.py:177]            [INFO]     | Detail: Music's poster update not needed                                                           |
[2023-11-08 05:06:08,713] [plex_meta_manager.py:780]  [INFO]     |                                                                                                    |
[2023-11-08 05:06:08,713] [plex_meta_manager.py:781]  [INFO]     |====================================================================================================|
[2023-11-08 05:06:08,713] [plex_meta_manager.py:781]  [INFO]     |                                     Finished Music Collection                                      |
[2023-11-08 05:06:08,713] [plex_meta_manager.py:781]  [INFO]     |                                    Collection Run Time: 0:00:03                                    |
[2023-11-08 05:06:08,713] [plex_meta_manager.py:781]  [INFO]     |====================================================================================================|
