[2023-03-24 04:22:46,643] [builder.py:193]            [INFO]     |====================================================================================================|
[2023-03-24 04:22:46,643] [builder.py:193]            [INFO]     |                              Prime Video Movies Collection in Movies                               |
[2023-03-24 04:22:46,643] [builder.py:193]            [INFO]     |====================================================================================================|
[2023-03-24 04:22:46,643] [builder.py:194]            [INFO]     |                                                                                                    |
[2023-03-24 04:22:46,643] [builder.py:205]            [INFO]     |================================ Building Definition From Templates ================================|
[2023-03-24 04:22:46,643] [builder.py:206]            [DEBUG]    |                                                                                                    |
[2023-03-24 04:22:46,643] [builder.py:216]            [DEBUG]    | Templates Called: streaming                                                                        |
[2023-03-24 04:22:46,643] [builder.py:217]            [DEBUG]    |                                                                                                    |
[2023-03-24 04:22:46,644] [meta.py:550]               [DEBUG]    |==================================== Final Template Attributes =====================================|
[2023-03-24 04:22:46,644] [meta.py:551]               [DEBUG]    |                                                                                                    |
[2023-03-24 04:22:46,644] [meta.py:552]               [DEBUG]    | {'cache_builders': 1, 'smart_label': 'release.desc', 'sync_mode': 'sync', 'mdblist_list': 'https://mdblist.com/lists/plexmetamanager/amazon-prime-video-movies', 'url_poster': 'https://raw.githubusercontent.com/meisnate12/Plex-Meta-Manager-Images/master/streaming/Prime%20Video.jpg'} |
[2023-03-24 04:22:46,644] [meta.py:553]               [DEBUG]    |                                                                                                    |
[2023-03-24 04:22:46,645] [builder.py:233]            [INFO]     |============================= Validating Prime Video Movies Attributes =============================|
[2023-03-24 04:22:46,658] [plex.py:857]               [DEBUG]    |                                                                                                    |
[2023-03-24 04:22:46,658] [plex.py:860]               [DEBUG]    | Looking for: Prime Video Movies                                                                    |
[2023-03-24 04:22:46,658] [builder.py:473]            [DEBUG]    |                                                                                                    |
[2023-03-24 04:22:46,658] [builder.py:474]            [DEBUG]    | Validating Method: smart_label                                                                     |
[2023-03-24 04:22:46,658] [builder.py:479]            [DEBUG]    | Value: release.desc                                                                                |
[2023-03-24 04:22:46,662] [builder.py:579]            [DEBUG]    |                                                                                                    |
[2023-03-24 04:22:46,663] [builder.py:580]            [DEBUG]    | Validating Method: sync_mode                                                                       |
[2023-03-24 04:22:46,663] [builder.py:584]            [DEBUG]    | Value: sync                                                                                        |
[2023-03-24 04:22:46,663] [builder.py:715]            [DEBUG]    |                                                                                                    |
[2023-03-24 04:22:46,663] [builder.py:719]            [DEBUG]    | Validating Method: label                                                                           |
[2023-03-24 04:22:46,663] [builder.py:720]            [DEBUG]    | Value: Streaming                                                                                   |
[2023-03-24 04:22:46,663] [builder.py:715]            [DEBUG]    |                                                                                                    |
[2023-03-24 04:22:46,663] [builder.py:719]            [DEBUG]    | Validating Method: cache_builders                                                                  |
[2023-03-24 04:22:46,663] [builder.py:720]            [DEBUG]    | Value: 1                                                                                           |
[2023-03-24 04:22:46,663] [builder.py:715]            [DEBUG]    |                                                                                                    |
[2023-03-24 04:22:46,663] [builder.py:719]            [DEBUG]    | Validating Method: mdblist_list                                                                    |
[2023-03-24 04:22:46,664] [builder.py:720]            [DEBUG]    | Value: https://mdblist.com/lists/plexmetamanager/amazon-prime-video-movies                         |
[2023-03-24 04:22:46,664] [builder.py:715]            [DEBUG]    |                                                                                                    |
[2023-03-24 04:22:46,664] [builder.py:719]            [DEBUG]    | Validating Method: url_poster                                                                      |
[2023-03-24 04:22:46,664] [builder.py:720]            [DEBUG]    | Value: https://raw.githubusercontent.com/meisnate12/Plex-Meta-Manager-Images/master/streaming/Prime%20Video.jpg |
[2023-03-24 04:22:46,877] [builder.py:885]            [INFO]     |                                                                                                    |
[2023-03-24 04:22:46,877] [builder.py:886]            [INFO]     | Validation Successful                                                                              |
[2023-03-24 04:22:46,877] [plex_meta_manager.py:636]  [INFO]     |                                                                                                    |
[2023-03-24 04:22:46,877] [plex_meta_manager.py:638]  [INFO]     |============================== Running Prime Video Movies Collection ===============================|
[2023-03-24 04:22:46,878] [plex_meta_manager.py:652]  [INFO]     |                                                                                                    |
[2023-03-24 04:22:46,878] [plex_meta_manager.py:653]  [INFO]     | Sync Mode: sync                                                                                    |
[2023-03-24 04:22:46,878] [plex_meta_manager.py:656]  [DEBUG]    |                                                                                                    |
[2023-03-24 04:22:46,878] [plex_meta_manager.py:657]  [DEBUG]    | Builder: mdblist_list: {'url': 'https://mdblist.com/lists/plexmetamanager/amazon-prime-video-movies', 'limit': 0, 'sort_by': 'rank.asc'} |
[2023-03-24 04:22:46,878] [plex_meta_manager.py:658]  [INFO]     |                                                                                                    |
[2023-03-24 04:22:46,878] [mdblist.py:181]            [INFO]     | Processing Mdblist.com List: https://mdblist.com/lists/plexmetamanager/amazon-prime-video-movies   |
[2023-03-24 04:22:46,879] [mdblist.py:182]            [INFO]     | Sort By: rank.asc                                                                                  |
[2023-03-24 04:22:46,908] [plex_meta_manager.py:768]  [DEBUG]    | Traceback (most recent call last):                                                                 |
                                                                 |   File "//plex_meta_manager.py", line 660, in run_collection                                       |
                                                                 |     builder.filter_and_save_items(builder.gather_ids(method, value))                               |
                                                                 |                                   ^^^^^^^^^^^^^^^^^^^^^^^^^^^^^^^^^                                |
                                                                 |   File "/modules/builder.py", line 1642, in gather_ids                                             |
                                                                 |     ids = self.config.Mdblist.get_tmdb_ids(method, value, self.library.is_movie if not self.playlist else None) |
                                                                 |           ^^^^^^^^^^^^^^^^^^^^^^^^^^^^^^^^^^^^^^^^^^^^^^^^^^^^^^^^^^^^^^^^^^^^^^^^^^^^^^^^^^^^^^^^^^^^^^^^^^^^^ |
                                                                 |   File "/modules/mdblist.py", line 199, in get_tmdb_ids                                            |
                                                                 |     raise Failed(f"Mdblist Error: No Items Returned. Lists can take 24 hours to update so try again later.") |
                                                                 | modules.util.Failed: Mdblist Error: No Items Returned. Lists can take 24 hours to update so try again later. |
                                                                 |                                                                                                    |
[2023-03-24 04:22:46,909] [plex_meta_manager.py:769]  [ERROR]    | Mdblist Error: No Items Returned. Lists can take 24 hours to update so try again later.            |
[2023-03-24 04:22:46,909] [plex_meta_manager.py:780]  [INFO]     |                                                                                                    |
[2023-03-24 04:22:46,909] [plex_meta_manager.py:781]  [INFO]     |====================================================================================================|
[2023-03-24 04:22:46,910] [plex_meta_manager.py:781]  [INFO]     |                               Finished Prime Video Movies Collection                               |
[2023-03-24 04:22:46,910] [plex_meta_manager.py:781]  [INFO]     |                                    Collection Run Time: 0:00:00                                    |
[2023-03-24 04:22:46,910] [plex_meta_manager.py:781]  [INFO]     |====================================================================================================|
