[2023-11-08 05:09:01,081] [builder.py:193]            [INFO]     |====================================================================================================|
[2023-11-08 05:09:01,081] [builder.py:193]            [INFO]     |                            Valentine's Day Movies Collection in Movies                             |
[2023-11-08 05:09:01,081] [builder.py:193]            [INFO]     |====================================================================================================|
[2023-11-08 05:09:01,081] [builder.py:194]            [INFO]     |                                                                                                    |
[2023-11-08 05:09:01,081] [builder.py:205]            [INFO]     |================================ Building Definition From Templates ================================|
[2023-11-08 05:09:01,081] [builder.py:206]            [DEBUG]    |                                                                                                    |
[2023-11-08 05:09:01,081] [builder.py:216]            [DEBUG]    | Templates Called: Holiday                                                                          |
[2023-11-08 05:09:01,081] [builder.py:217]            [DEBUG]    |                                                                                                    |
[2023-11-08 05:09:01,082] [meta.py:550]               [DEBUG]    |==================================== Final Template Attributes =====================================|
[2023-11-08 05:09:01,082] [meta.py:551]               [DEBUG]    |                                                                                                    |
[2023-11-08 05:09:01,082] [meta.py:552]               [DEBUG]    | {'sort_title': "Valentine's Day Movies", 'url_poster': 'https://theposterdb.com/api/assets/212641', 'collection_order': 'release.desc', 'schedule': 'daily', 'delete_not_scheduled': False, 'run_again': True, 'sync_mode': 'sync'} |
[2023-11-08 05:09:01,082] [meta.py:553]               [DEBUG]    |                                                                                                    |
[2023-11-08 05:09:01,082] [builder.py:233]            [INFO]     |=========================== Validating Valentine's Day Movies Attributes ===========================|
[2023-11-08 05:09:01,179] [builder.py:500]            [DEBUG]    |                                                                                                    |
[2023-11-08 05:09:01,179] [builder.py:501]            [DEBUG]    | Validating Method: delete_not_scheduled                                                            |
[2023-11-08 05:09:01,180] [builder.py:502]            [DEBUG]    | Value: False                                                                                       |
[2023-11-08 05:09:01,180] [builder.py:519]            [DEBUG]    |                                                                                                    |
[2023-11-08 05:09:01,180] [builder.py:520]            [DEBUG]    | Validating Method: schedule                                                                        |
[2023-11-08 05:09:01,180] [builder.py:524]            [DEBUG]    | Value: daily                                                                                       |
[2023-11-08 05:09:01,180] [builder.py:558]            [DEBUG]    |                                                                                                    |
[2023-11-08 05:09:01,180] [builder.py:559]            [DEBUG]    | Validating Method: run_again                                                                       |
[2023-11-08 05:09:01,180] [builder.py:560]            [DEBUG]    | Value: True                                                                                        |
[2023-11-08 05:09:01,180] [builder.py:579]            [DEBUG]    |                                                                                                    |
[2023-11-08 05:09:01,180] [builder.py:580]            [DEBUG]    | Validating Method: sync_mode                                                                       |
[2023-11-08 05:09:01,180] [builder.py:584]            [DEBUG]    | Value: sync                                                                                        |
[2023-11-08 05:09:01,180] [builder.py:682]            [DEBUG]    |                                                                                                    |
[2023-11-08 05:09:01,180] [builder.py:683]            [DEBUG]    | Validating Method: collection_order                                                                |
[2023-11-08 05:09:01,181] [builder.py:684]            [DEBUG]    | Value: release.desc                                                                                |
[2023-11-08 05:09:01,181] [builder.py:715]            [DEBUG]    |                                                                                                    |
[2023-11-08 05:09:01,181] [builder.py:719]            [DEBUG]    | Validating Method: visible_home                                                                    |
[2023-11-08 05:09:01,181] [builder.py:720]            [DEBUG]    | Value: range(02/01-02/14)                                                                          |
[2023-11-08 05:09:01,181] [builder.py:715]            [DEBUG]    |                                                                                                    |
[2023-11-08 05:09:01,181] [builder.py:719]            [DEBUG]    | Validating Method: visible_shared                                                                  |
[2023-11-08 05:09:01,181] [builder.py:720]            [DEBUG]    | Value: range(02/01-02/14)                                                                          |
[2023-11-08 05:09:01,181] [builder.py:715]            [DEBUG]    |                                                                                                    |
[2023-11-08 05:09:01,182] [builder.py:719]            [DEBUG]    | Validating Method: imdb_list                                                                       |
[2023-11-08 05:09:01,182] [builder.py:720]            [DEBUG]    | Value: ['https://www.imdb.com/list/ls000094398/', 'https://www.imdb.com/list/ls057783436/', 'https://www.imdb.com/list/ls064427905/'] |
[2023-11-08 05:09:08,408] [builder.py:715]            [DEBUG]    |                                                                                                    |
[2023-11-08 05:09:08,409] [builder.py:719]            [DEBUG]    | Validating Method: summary                                                                         |
[2023-11-08 05:09:08,409] [builder.py:720]            [DEBUG]    | Value: This collection revolves around the plot involving Valentine's Day.                         |
[2023-11-08 05:09:08,409] [builder.py:715]            [DEBUG]    |                                                                                                    |
[2023-11-08 05:09:08,409] [builder.py:719]            [DEBUG]    | Validating Method: sort_title                                                                      |
[2023-11-08 05:09:08,409] [builder.py:720]            [DEBUG]    | Value: Valentine's Day Movies                                                                      |
[2023-11-08 05:09:08,409] [builder.py:715]            [DEBUG]    |                                                                                                    |
[2023-11-08 05:09:08,409] [builder.py:719]            [DEBUG]    | Validating Method: url_poster                                                                      |
[2023-11-08 05:09:08,410] [builder.py:720]            [DEBUG]    | Value: https://theposterdb.com/api/assets/212641                                                   |
[2023-11-08 05:09:09,329] [builder.py:885]            [INFO]     |                                                                                                    |
[2023-11-08 05:09:09,329] [builder.py:886]            [INFO]     | Validation Successful                                                                              |
[2023-11-08 05:09:09,329] [plex_meta_manager.py:636]  [INFO]     |                                                                                                    |
[2023-11-08 05:09:09,329] [plex_meta_manager.py:638]  [INFO]     |============================ Running Valentine's Day Movies Collection =============================|
[2023-11-08 05:09:09,329] [plex_meta_manager.py:652]  [INFO]     |                                                                                                    |
[2023-11-08 05:09:09,329] [plex_meta_manager.py:653]  [INFO]     | Sync Mode: sync                                                                                    |
[2023-11-08 05:09:09,329] [plex_meta_manager.py:656]  [DEBUG]    |                                                                                                    |
[2023-11-08 05:09:09,330] [plex_meta_manager.py:657]  [DEBUG]    | Builder: imdb_list: {'url': 'https://www.imdb.com/list/ls000094398/', 'limit': 0}                  |
[2023-11-08 05:09:09,330] [plex_meta_manager.py:658]  [INFO]     |                                                                                                    |
[2023-11-08 05:09:09,330] [imdb.py:205]               [INFO]     | Processing IMDb List: https://www.imdb.com/list/ls000094398/                                       |
[2023-11-08 05:09:15,683] [builder.py:1665]           [DEBUG]    |                                                                                                    |
[2023-11-08 05:09:15,684] [builder.py:1666]           [DEBUG]    | 50 IDs Found                                                                                       |
[2023-11-08 05:09:15,684] [builder.py:1668]           [DEBUG]    |                                                                                                    |
[2023-11-08 05:09:15,713] [plex_meta_manager.py:656]  [DEBUG]    |                                                                                                    |
[2023-11-08 05:09:15,714] [plex_meta_manager.py:657]  [DEBUG]    | Builder: imdb_list: {'url': 'https://www.imdb.com/list/ls057783436/', 'limit': 0}                  |
[2023-11-08 05:09:15,714] [plex_meta_manager.py:658]  [INFO]     |                                                                                                    |
[2023-11-08 05:09:15,715] [imdb.py:205]               [INFO]     | Processing IMDb List: https://www.imdb.com/list/ls057783436/                                       |
[2023-11-08 05:09:20,994] [builder.py:1665]           [DEBUG]    |                                                                                                    |
[2023-11-08 05:09:20,994] [builder.py:1666]           [DEBUG]    | 49 IDs Found                                                                                       |
[2023-11-08 05:09:20,994] [builder.py:1668]           [DEBUG]    |                                                                                                    |
[2023-11-08 05:09:21,152] [builder.py:1728]           [WARNING]  | Convert Error: No TMDb ID Found for IMDb ID: tt1485139                                             |
[2023-11-08 05:09:21,262] [builder.py:1728]           [WARNING]  | Convert Error: No TMDb ID Found for IMDb ID: tt0818667                                             |
[2023-11-08 05:09:21,377] [builder.py:1728]           [WARNING]  | Convert Error: No TMDb ID Found for IMDb ID: tt1310676                                             |
[2023-11-08 05:09:21,489] [builder.py:1728]           [WARNING]  | Convert Error: No TMDb ID Found for IMDb ID: tt0312662                                             |
[2023-11-08 05:09:21,603] [builder.py:1728]           [WARNING]  | Convert Error: No TMDb ID Found for IMDb ID: tt0349848                                             |
[2023-11-08 05:09:21,716] [builder.py:1728]           [WARNING]  | Convert Error: No TMDb ID Found for IMDb ID: tt1975961                                             |
[2023-11-08 05:09:21,826] [builder.py:1728]           [WARNING]  | Convert Error: No TMDb ID Found for IMDb ID: tt0595426                                             |
[2023-11-08 05:09:21,937] [builder.py:1728]           [WARNING]  | Convert Error: No TMDb ID Found for IMDb ID: tt2084139                                             |
[2023-11-08 05:09:22,055] [builder.py:1728]           [WARNING]  | Convert Error: No TMDb ID Found for IMDb ID: tt3370596                                             |
[2023-11-08 05:09:22,153] [builder.py:1728]           [WARNING]  | Convert Error: No TMDb ID Found for IMDb ID: tt3370596                                             |
[2023-11-08 05:09:22,263] [builder.py:1728]           [WARNING]  | Convert Error: No TMDb ID Found for IMDb ID: tt1046196                                             |
[2023-11-08 05:09:22,263] [plex_meta_manager.py:656]  [DEBUG]    |                                                                                                    |
[2023-11-08 05:09:22,263] [plex_meta_manager.py:657]  [DEBUG]    | Builder: imdb_list: {'url': 'https://www.imdb.com/list/ls064427905/', 'limit': 0}                  |
[2023-11-08 05:09:22,263] [plex_meta_manager.py:658]  [INFO]     |                                                                                                    |
[2023-11-08 05:09:22,263] [imdb.py:205]               [INFO]     | Processing IMDb List: https://www.imdb.com/list/ls064427905/                                       |
[2023-11-08 05:09:31,452] [builder.py:1665]           [DEBUG]    |                                                                                                    |
[2023-11-08 05:09:31,452] [builder.py:1666]           [DEBUG]    | 100 IDs Found                                                                                      |
[2023-11-08 05:09:31,453] [builder.py:1668]           [DEBUG]    |                                                                                                    |
[2023-11-08 05:09:31,518] [builder.py:2249]           [INFO]     |                                                                                                    |
[2023-11-08 05:09:31,520] [builder.py:2250]           [INFO]     |=========================== Adding to Valentine's Day Movies Collection ============================|
[2023-11-08 05:09:31,521] [builder.py:2251]           [INFO]     |                                                                                                    |
[2023-11-08 05:09:31,522] [builder.py:2265]           [INFO]     |  1/19 | Valentine's Day Movies Collection | = | Romeo + Juliet (1996)                              |
[2023-11-08 05:09:31,522] [builder.py:2265]           [INFO]     |  2/19 | Valentine's Day Movies Collection | = | Becoming Jane (2007)                               |
[2023-11-08 05:09:31,522] [builder.py:2265]           [INFO]     |  3/19 | Valentine's Day Movies Collection | = | The Nightmare Before Christmas (1993)              |
[2023-11-08 05:09:31,522] [builder.py:2265]           [INFO]     |  4/19 | Valentine's Day Movies Collection | = | A Walk to Remember (2002)                          |
[2023-11-08 05:09:31,522] [builder.py:2265]           [INFO]     |  5/19 | Valentine's Day Movies Collection | = | The Notebook (2004)                                |
[2023-11-08 05:09:31,523] [builder.py:2265]           [INFO]     |  6/19 | Valentine's Day Movies Collection | = | The Time Traveler's Wife (2009)                    |
[2023-11-08 05:09:31,523] [builder.py:2265]           [INFO]     |  7/19 | Valentine's Day Movies Collection | = | Love Actually (2003)                               |
[2023-11-08 05:09:31,523] [builder.py:2265]           [INFO]     |  8/19 | Valentine's Day Movies Collection | = | The Holiday (2006)                                 |
[2023-11-08 05:09:31,523] [builder.py:2265]           [INFO]     |  9/19 | Valentine's Day Movies Collection | = | Pontypool (2009)                                   |
[2023-11-08 05:09:31,523] [builder.py:2265]           [INFO]     | 10/19 | Valentine's Day Movies Collection | = | You've Got Mail (1998)                             |
[2023-11-08 05:09:31,524] [builder.py:2265]           [INFO]     | 11/19 | Valentine's Day Movies Collection | = | Me Before You (2016)                               |
[2023-11-08 05:09:31,524] [builder.py:2265]           [INFO]     | 12/19 | Valentine's Day Movies Collection | = | How to Steal a Million (1966)                      |
[2023-11-08 05:09:31,524] [builder.py:2265]           [INFO]     | 13/19 | Valentine's Day Movies Collection | = | Ruby Sparks (2012)                                 |
[2023-11-08 05:09:31,524] [builder.py:2265]           [INFO]     | 14/19 | Valentine's Day Movies Collection | = | About Time (2013)                                  |
[2023-11-08 05:09:31,524] [builder.py:2265]           [INFO]     | 15/19 | Valentine's Day Movies Collection | = | Serendipity (2001)                                 |
[2023-11-08 05:09:31,524] [builder.py:2265]           [INFO]     | 16/19 | Valentine's Day Movies Collection | = | Amélie (2001)                                      |
[2023-11-08 05:09:31,524] [builder.py:2265]           [INFO]     | 17/19 | Valentine's Day Movies Collection | = | Pretty Woman (1990)                                |
[2023-11-08 05:09:31,524] [builder.py:2265]           [INFO]     | 18/19 | Valentine's Day Movies Collection | = | Roman Holiday (1953)                               |
[2023-11-08 05:09:31,525] [builder.py:2265]           [INFO]     | 19/19 | Valentine's Day Movies Collection | = | The Fountain (2006)                                |
[2023-11-08 05:09:31,525] [builder.py:2285]           [INFO]     |                                                                                                    |
[2023-11-08 05:09:31,525] [builder.py:2287]           [INFO]     | 19 Movies Processed 0 Movies Added                                                                 |
[2023-11-08 05:09:32,630] [builder.py:2422]           [INFO]     |                                                                                                    |
[2023-11-08 05:09:32,630] [builder.py:2423]           [INFO]     | 154 Movies Missing                                                                                 |
[2023-11-08 05:09:33,596] [builder.py:2623]           [INFO]     |                                                                                                    |
[2023-11-08 05:09:33,596] [builder.py:2624]           [INFO]     |====================== Updating Details of Valentine's Day Movies Collection =======================|
[2023-11-08 05:09:33,596] [builder.py:2625]           [INFO]     |                                                                                                    |
[2023-11-08 05:09:33,603] [builder.py:2689]           [INFO]     | Collection Metadata Edits                                                                          |
[2023-11-08 05:09:33,606] [util.py:178]               [DEBUG]    | 2 posters found:                                                                                   |
[2023-11-08 05:09:33,606] [util.py:180]               [DEBUG]    | Method: url_poster Poster: https://theposterdb.com/api/assets/212641                               |
[2023-11-08 05:09:33,606] [util.py:180]               [DEBUG]    | Method: asset_directory Poster: {'attribute': 'asset_directory', 'location': "//config/assets/movies/Valentine's Day Movies/poster.png", 'prefix': "Valentine's Day Movies's ", 'is_poster': True, 'is_url': False, 'compare': 4249411, 'message': "Valentine's Day Movies's poster to [File] //config/assets/movies/Valentine's Day Movies/poster.png"} |
[2023-11-08 05:09:33,607] [library.py:177]            [INFO]     | Detail: Valentine's Day Movies's poster update not needed                                          |
[2023-11-08 05:09:33,702] [builder.py:2780]           [INFO]     |                                                                                                    |
[2023-11-08 05:09:33,702] [builder.py:2781]           [INFO]     |============================ Sorting Valentine's Day Movies Collection =============================|
[2023-11-08 05:09:33,702] [builder.py:2782]           [INFO]     |                                                                                                    |
[2023-11-08 05:09:33,820] [builder.py:2809]           [INFO]     | Moving Me Before You (2016) to the beginning                                                       |
[2023-11-08 05:09:33,883] [builder.py:2809]           [INFO]     | Moving About Time (2013) after Me Before You (2016)                                                |
[2023-11-08 05:09:33,947] [builder.py:2809]           [INFO]     | Moving Ruby Sparks (2012) after About Time (2013)                                                  |
[2023-11-08 05:09:34,011] [builder.py:2809]           [INFO]     | Moving Pontypool (2009) after Ruby Sparks (2012)                                                   |
[2023-11-08 05:09:34,078] [builder.py:2809]           [INFO]     | Moving The Time Traveler's Wife (2009) after Pontypool (2009)                                      |
[2023-11-08 05:09:34,152] [builder.py:2809]           [INFO]     | Moving Becoming Jane (2007) after The Time Traveler's Wife (2009)                                  |
[2023-11-08 05:09:34,216] [builder.py:2809]           [INFO]     | Moving The Holiday (2006) after Becoming Jane (2007)                                               |
[2023-11-08 05:09:34,284] [builder.py:2809]           [INFO]     | Moving The Fountain (2006) after The Holiday (2006)                                                |
[2023-11-08 05:09:34,347] [builder.py:2809]           [INFO]     | Moving The Notebook (2004) after The Fountain (2006)                                               |
[2023-11-08 05:09:34,412] [builder.py:2809]           [INFO]     | Moving Love Actually (2003) after The Notebook (2004)                                              |
[2023-11-08 05:09:34,479] [builder.py:2809]           [INFO]     | Moving A Walk to Remember (2002) after Love Actually (2003)                                        |
[2023-11-08 05:09:34,543] [builder.py:2809]           [INFO]     | Moving Serendipity (2001) after A Walk to Remember (2002)                                          |
[2023-11-08 05:09:34,605] [builder.py:2809]           [INFO]     | Moving Amélie (2001) after Serendipity (2001)                                                      |
[2023-11-08 05:09:34,670] [builder.py:2809]           [INFO]     | Moving You've Got Mail (1998) after Amélie (2001)                                                  |
[2023-11-08 05:09:34,733] [builder.py:2809]           [INFO]     | Moving Romeo + Juliet (1996) after You've Got Mail (1998)                                          |
[2023-11-08 05:09:34,795] [builder.py:2809]           [INFO]     | Moving The Nightmare Before Christmas (1993) after Romeo + Juliet (1996)                           |
[2023-11-08 05:09:34,795] [plex_meta_manager.py:780]  [INFO]     |                                                                                                    |
[2023-11-08 05:09:34,795] [plex_meta_manager.py:781]  [INFO]     |====================================================================================================|
[2023-11-08 05:09:34,795] [plex_meta_manager.py:781]  [INFO]     |                             Finished Valentine's Day Movies Collection                             |
[2023-11-08 05:09:34,795] [plex_meta_manager.py:781]  [INFO]     |                                    Collection Run Time: 0:00:33                                    |
[2023-11-08 05:09:34,796] [plex_meta_manager.py:781]  [INFO]     |====================================================================================================|
