[2023-03-02 05:06:11,384] [builder.py:193]            [INFO]     |====================================================================================================|
[2023-03-02 05:06:11,384] [builder.py:193]            [INFO]     |                               Spanish Language Collection in Movies                                |
[2023-03-02 05:06:11,384] [builder.py:193]            [INFO]     |====================================================================================================|
[2023-03-02 05:06:11,384] [builder.py:194]            [INFO]     |                                                                                                    |
[2023-03-02 05:06:11,384] [builder.py:205]            [INFO]     |================================ Building Definition From Templates ================================|
[2023-03-02 05:06:11,384] [builder.py:206]            [DEBUG]    |                                                                                                    |
[2023-03-02 05:06:11,384] [builder.py:216]            [DEBUG]    | Templates Called: Country                                                                          |
[2023-03-02 05:06:11,384] [builder.py:217]            [DEBUG]    |                                                                                                    |
[2023-03-02 05:06:11,385] [meta.py:550]               [DEBUG]    |==================================== Final Template Attributes =====================================|
[2023-03-02 05:06:11,385] [meta.py:551]               [DEBUG]    |                                                                                                    |
[2023-03-02 05:06:11,385] [meta.py:552]               [DEBUG]    | {'url_poster': 'https://theposterdb.com/api/assets/158488', 'sort_title': 'Spanish Language', 'collection_order': 'release', 'delete_not_scheduled': True, 'run_again': True, 'visible_home': False, 'visible_shared': True, 'sync_mode': 'sync'} |
[2023-03-02 05:06:11,385] [meta.py:553]               [DEBUG]    |                                                                                                    |
[2023-03-02 05:06:11,385] [builder.py:233]            [INFO]     |============================== Validating Spanish Language Attributes ==============================|
[2023-03-02 05:06:11,495] [builder.py:500]            [DEBUG]    |                                                                                                    |
[2023-03-02 05:06:11,495] [builder.py:501]            [DEBUG]    | Validating Method: delete_not_scheduled                                                            |
[2023-03-02 05:06:11,495] [builder.py:502]            [DEBUG]    | Value: True                                                                                        |
[2023-03-02 05:06:11,495] [builder.py:558]            [DEBUG]    |                                                                                                    |
[2023-03-02 05:06:11,495] [builder.py:559]            [DEBUG]    | Validating Method: run_again                                                                       |
[2023-03-02 05:06:11,495] [builder.py:560]            [DEBUG]    | Value: True                                                                                        |
[2023-03-02 05:06:11,495] [builder.py:579]            [DEBUG]    |                                                                                                    |
[2023-03-02 05:06:11,496] [builder.py:580]            [DEBUG]    | Validating Method: sync_mode                                                                       |
[2023-03-02 05:06:11,496] [builder.py:584]            [DEBUG]    | Value: sync                                                                                        |
[2023-03-02 05:06:11,496] [builder.py:682]            [DEBUG]    |                                                                                                    |
[2023-03-02 05:06:11,496] [builder.py:683]            [DEBUG]    | Validating Method: collection_order                                                                |
[2023-03-02 05:06:11,496] [builder.py:684]            [DEBUG]    | Value: release                                                                                     |
[2023-03-02 05:06:11,496] [builder.py:715]            [DEBUG]    |                                                                                                    |
[2023-03-02 05:06:11,496] [builder.py:719]            [DEBUG]    | Validating Method: plex_all                                                                        |
[2023-03-02 05:06:11,496] [builder.py:720]            [DEBUG]    | Value: True                                                                                        |
[2023-03-02 05:06:11,496] [builder.py:715]            [DEBUG]    |                                                                                                    |
[2023-03-02 05:06:11,496] [builder.py:719]            [DEBUG]    | Validating Method: filters                                                                         |
[2023-03-02 05:06:11,497] [builder.py:720]            [DEBUG]    | Value: ordereddict([('original_language', 'es')])                                                  |
[2023-03-02 05:06:11,497] [builder.py:715]            [DEBUG]    |                                                                                                    |
[2023-03-02 05:06:11,497] [builder.py:719]            [DEBUG]    | Validating Method: summary                                                                         |
[2023-03-02 05:06:11,497] [builder.py:720]            [DEBUG]    | Value: A collection of Spanish language films.                                                     |
[2023-03-02 05:06:11,497] [builder.py:715]            [DEBUG]    |                                                                                                    |
[2023-03-02 05:06:11,497] [builder.py:719]            [DEBUG]    | Validating Method: url_poster                                                                      |
[2023-03-02 05:06:11,497] [builder.py:720]            [DEBUG]    | Value: https://theposterdb.com/api/assets/158488                                                   |
[2023-03-02 05:06:12,462] [builder.py:715]            [DEBUG]    |                                                                                                    |
[2023-03-02 05:06:12,463] [builder.py:719]            [DEBUG]    | Validating Method: sort_title                                                                      |
[2023-03-02 05:06:12,463] [builder.py:720]            [DEBUG]    | Value: Spanish Language                                                                            |
[2023-03-02 05:06:12,463] [builder.py:715]            [DEBUG]    |                                                                                                    |
[2023-03-02 05:06:12,463] [builder.py:719]            [DEBUG]    | Validating Method: visible_home                                                                    |
[2023-03-02 05:06:12,463] [builder.py:720]            [DEBUG]    | Value: False                                                                                       |
[2023-03-02 05:06:12,463] [builder.py:715]            [DEBUG]    |                                                                                                    |
[2023-03-02 05:06:12,463] [builder.py:719]            [DEBUG]    | Validating Method: visible_shared                                                                  |
[2023-03-02 05:06:12,463] [builder.py:720]            [DEBUG]    | Value: True                                                                                        |
[2023-03-02 05:06:12,463] [builder.py:885]            [INFO]     |                                                                                                    |
[2023-03-02 05:06:12,464] [builder.py:886]            [INFO]     | Validation Successful                                                                              |
[2023-03-02 05:06:12,464] [plex_meta_manager.py:636]  [INFO]     |                                                                                                    |
[2023-03-02 05:06:12,464] [plex_meta_manager.py:638]  [INFO]     |=============================== Running Spanish Language Collection ================================|
[2023-03-02 05:06:12,464] [plex_meta_manager.py:652]  [INFO]     |                                                                                                    |
[2023-03-02 05:06:12,464] [plex_meta_manager.py:653]  [INFO]     | Sync Mode: sync                                                                                    |
[2023-03-02 05:06:12,464] [plex_meta_manager.py:656]  [DEBUG]    |                                                                                                    |
[2023-03-02 05:06:12,464] [plex_meta_manager.py:657]  [DEBUG]    | Builder: plex_all: movie                                                                           |
[2023-03-02 05:06:12,464] [plex_meta_manager.py:658]  [INFO]     |                                                                                                    |
[2023-03-02 05:06:12,464] [plex.py:932]               [INFO]     | Processing Plex All Movies                                                                         |
[2023-03-02 05:06:12,464] [plex.py:520]               [INFO]     | Loading All Movies from Library: Movies                                                            |
[2023-03-02 05:06:16,567] [plex.py:529]               [INFO]     | Loaded 1440 Movies                                                                                 |
[2023-03-02 05:06:16,570] [builder.py:1665]           [DEBUG]    |                                                                                                    |
[2023-03-02 05:06:16,570] [builder.py:1666]           [DEBUG]    | 1440 IDs Found                                                                                     |
[2023-03-02 05:06:16,570] [builder.py:1668]           [DEBUG]    |                                                                                                    |
[2023-03-02 05:14:33,826] [builder.py:2393]           [INFO]     |                                                                                                    |
[2023-03-02 05:14:33,826] [builder.py:2395]           [INFO]     | Collection Filter original_language: ['es']                                                        |
[2023-03-02 05:14:33,826] [builder.py:2249]           [INFO]     |                                                                                                    |
[2023-03-02 05:14:33,826] [builder.py:2250]           [INFO]     |============================== Adding to Spanish Language Collection ===============================|
[2023-03-02 05:14:33,826] [builder.py:2251]           [INFO]     |                                                                                                    |
[2023-03-02 05:14:33,827] [builder.py:2265]           [INFO]     | 1/8 | Spanish Language Collection | = | Capture the Flag (2015)                                    |
[2023-03-02 05:14:33,827] [builder.py:2265]           [INFO]     | 2/8 | Spanish Language Collection | = | Cronos (1993)                                              |
[2023-03-02 05:14:33,827] [builder.py:2265]           [INFO]     | 3/8 | Spanish Language Collection | = | The Devil's Backbone (2001)                                |
[2023-03-02 05:14:33,827] [builder.py:2265]           [INFO]     | 4/8 | Spanish Language Collection | = | Extraterrestrial (2012)                                    |
[2023-03-02 05:14:33,827] [builder.py:2265]           [INFO]     | 5/8 | Spanish Language Collection | = | The Motorcycle Diaries (2004)                              |
[2023-03-02 05:14:33,827] [builder.py:2265]           [INFO]     | 6/8 | Spanish Language Collection | = | Pan's Labyrinth (2006)                                     |
[2023-03-02 05:14:33,827] [builder.py:2265]           [INFO]     | 7/8 | Spanish Language Collection | = | Tad: The Lost Explorer (2012)                              |
[2023-03-02 05:14:33,827] [builder.py:2265]           [INFO]     | 8/8 | Spanish Language Collection | = | Tad, the Lost Explorer, and the Secret of King Midas (2017) |
[2023-03-02 05:14:33,827] [builder.py:2285]           [INFO]     |                                                                                                    |
[2023-03-02 05:14:33,827] [builder.py:2287]           [INFO]     | 8 Movies Processed 0 Movies Added                                                                  |
[2023-03-02 05:14:33,838] [builder.py:2623]           [INFO]     |                                                                                                    |
[2023-03-02 05:14:33,838] [builder.py:2624]           [INFO]     |========================= Updating Details of Spanish Language Collection ==========================|
[2023-03-02 05:14:33,838] [builder.py:2625]           [INFO]     |                                                                                                    |
[2023-03-02 05:14:33,850] [builder.py:2689]           [INFO]     | Collection Metadata Edits                                                                          |
[2023-03-02 05:14:33,859] [util.py:178]               [DEBUG]    | 2 posters found:                                                                                   |
[2023-03-02 05:14:33,859] [util.py:180]               [DEBUG]    | Method: url_poster Poster: https://theposterdb.com/api/assets/158488                               |
[2023-03-02 05:14:33,859] [util.py:180]               [DEBUG]    | Method: asset_directory Poster: {'attribute': 'asset_directory', 'location': '//config/assets/movies/Spanish Language/poster.jpg', 'prefix': "Spanish Language's ", 'is_poster': True, 'is_url': False, 'compare': 67324, 'message': "Spanish Language's poster to [File] //config/assets/movies/Spanish Language/poster.jpg"} |
[2023-03-02 05:14:33,860] [library.py:177]            [INFO]     | Detail: Spanish Language's poster update not needed                                                |
[2023-03-02 05:14:33,957] [plex_meta_manager.py:780]  [INFO]     |                                                                                                    |
[2023-03-02 05:14:33,957] [plex_meta_manager.py:781]  [INFO]     |====================================================================================================|
[2023-03-02 05:14:33,957] [plex_meta_manager.py:781]  [INFO]     |                                Finished Spanish Language Collection                                |
[2023-03-02 05:14:33,957] [plex_meta_manager.py:781]  [INFO]     |                                    Collection Run Time: 0:08:22                                    |
[2023-03-02 05:14:33,957] [plex_meta_manager.py:781]  [INFO]     |====================================================================================================|
