[2023-03-02 05:01:48,260] [builder.py:193]            [INFO]     |====================================================================================================|
[2023-03-02 05:01:48,260] [builder.py:193]            [INFO]     |                                  The Muppets Collection in Movies                                  |
[2023-03-02 05:01:48,261] [builder.py:193]            [INFO]     |====================================================================================================|
[2023-03-02 05:01:48,261] [builder.py:194]            [INFO]     |                                                                                                    |
[2023-03-02 05:01:48,261] [builder.py:205]            [INFO]     |================================ Building Definition From Templates ================================|
[2023-03-02 05:01:48,261] [builder.py:206]            [DEBUG]    |                                                                                                    |
[2023-03-02 05:01:48,261] [builder.py:216]            [DEBUG]    | Templates Called: Franchise                                                                        |
[2023-03-02 05:01:48,261] [builder.py:217]            [DEBUG]    |                                                                                                    |
[2023-03-02 05:01:48,262] [meta.py:550]               [DEBUG]    |==================================== Final Template Attributes =====================================|
[2023-03-02 05:01:48,262] [meta.py:551]               [DEBUG]    |                                                                                                    |
[2023-03-02 05:01:48,262] [meta.py:552]               [DEBUG]    | {'url_poster': 'https://theposterdb.com/api/assets/205', 'collection_mode': 'hide', 'collection_order': 'release', 'delete_not_scheduled': True, 'run_again': True, 'visible_home': False, 'visible_shared': True, 'sync_mode': 'sync'} |
[2023-03-02 05:01:48,262] [meta.py:553]               [DEBUG]    |                                                                                                    |
[2023-03-02 05:01:48,262] [builder.py:233]            [INFO]     |================================ Validating The Muppets Attributes =================================|
[2023-03-02 05:01:48,349] [builder.py:500]            [DEBUG]    |                                                                                                    |
[2023-03-02 05:01:48,349] [builder.py:501]            [DEBUG]    | Validating Method: delete_not_scheduled                                                            |
[2023-03-02 05:01:48,349] [builder.py:502]            [DEBUG]    | Value: True                                                                                        |
[2023-03-02 05:01:48,349] [builder.py:558]            [DEBUG]    |                                                                                                    |
[2023-03-02 05:01:48,349] [builder.py:559]            [DEBUG]    | Validating Method: run_again                                                                       |
[2023-03-02 05:01:48,349] [builder.py:560]            [DEBUG]    | Value: True                                                                                        |
[2023-03-02 05:01:48,349] [builder.py:579]            [DEBUG]    |                                                                                                    |
[2023-03-02 05:01:48,349] [builder.py:580]            [DEBUG]    | Validating Method: sync_mode                                                                       |
[2023-03-02 05:01:48,349] [builder.py:584]            [DEBUG]    | Value: sync                                                                                        |
[2023-03-02 05:01:48,349] [builder.py:682]            [DEBUG]    |                                                                                                    |
[2023-03-02 05:01:48,350] [builder.py:683]            [DEBUG]    | Validating Method: collection_order                                                                |
[2023-03-02 05:01:48,350] [builder.py:684]            [DEBUG]    | Value: release                                                                                     |
[2023-03-02 05:01:48,350] [builder.py:715]            [DEBUG]    |                                                                                                    |
[2023-03-02 05:01:48,350] [builder.py:719]            [DEBUG]    | Validating Method: trakt_list                                                                      |
[2023-03-02 05:01:48,350] [builder.py:720]            [DEBUG]    | Value: https://trakt.tv/users/mrjohnnycake/lists/the-muppets?sort=released,desc                    |
[2023-03-02 05:01:48,484] [builder.py:715]            [DEBUG]    |                                                                                                    |
[2023-03-02 05:01:48,485] [builder.py:719]            [DEBUG]    | Validating Method: sort_title                                                                      |
[2023-03-02 05:01:48,485] [builder.py:720]            [DEBUG]    | Value: ++++_Muppets                                                                                |
[2023-03-02 05:01:48,485] [builder.py:715]            [DEBUG]    |                                                                                                    |
[2023-03-02 05:01:48,485] [builder.py:719]            [DEBUG]    | Validating Method: summary                                                                         |
[2023-03-02 05:01:48,485] [builder.py:720]            [DEBUG]    | Value: The Muppets are an American ensemble cast of puppet characters known for an absurdist, burlesque, and self-referential style of variety-sketch comedy. |
[2023-03-02 05:01:48,485] [builder.py:715]            [DEBUG]    |                                                                                                    |
[2023-03-02 05:01:48,485] [builder.py:719]            [DEBUG]    | Validating Method: url_poster                                                                      |
[2023-03-02 05:01:48,485] [builder.py:720]            [DEBUG]    | Value: https://theposterdb.com/api/assets/205                                                      |
[2023-03-02 05:01:49,492] [builder.py:715]            [DEBUG]    |                                                                                                    |
[2023-03-02 05:01:49,492] [builder.py:719]            [DEBUG]    | Validating Method: collection_mode                                                                 |
[2023-03-02 05:01:49,492] [builder.py:720]            [DEBUG]    | Value: hide                                                                                        |
[2023-03-02 05:01:49,492] [builder.py:715]            [DEBUG]    |                                                                                                    |
[2023-03-02 05:01:49,493] [builder.py:719]            [DEBUG]    | Validating Method: visible_home                                                                    |
[2023-03-02 05:01:49,493] [builder.py:720]            [DEBUG]    | Value: False                                                                                       |
[2023-03-02 05:01:49,493] [builder.py:715]            [DEBUG]    |                                                                                                    |
[2023-03-02 05:01:49,493] [builder.py:719]            [DEBUG]    | Validating Method: visible_shared                                                                  |
[2023-03-02 05:01:49,493] [builder.py:720]            [DEBUG]    | Value: True                                                                                        |
[2023-03-02 05:01:49,493] [builder.py:885]            [INFO]     |                                                                                                    |
[2023-03-02 05:01:49,493] [builder.py:886]            [INFO]     | Validation Successful                                                                              |
[2023-03-02 05:01:49,493] [plex_meta_manager.py:636]  [INFO]     |                                                                                                    |
[2023-03-02 05:01:49,493] [plex_meta_manager.py:638]  [INFO]     |================================== Running The Muppets Collection ==================================|
[2023-03-02 05:01:49,494] [plex_meta_manager.py:652]  [INFO]     |                                                                                                    |
[2023-03-02 05:01:49,494] [plex_meta_manager.py:653]  [INFO]     | Sync Mode: sync                                                                                    |
[2023-03-02 05:01:49,494] [plex_meta_manager.py:656]  [DEBUG]    |                                                                                                    |
[2023-03-02 05:01:49,494] [plex_meta_manager.py:657]  [DEBUG]    | Builder: trakt_list: https://trakt.tv/users/mrjohnnycake/lists/the-muppets?sort=released,desc      |
[2023-03-02 05:01:49,494] [plex_meta_manager.py:658]  [INFO]     |                                                                                                    |
[2023-03-02 05:01:49,494] [trakt.py:493]              [INFO]     | Processing Trakt List: https://trakt.tv/users/mrjohnnycake/lists/the-muppets?sort=released,desc    |
[2023-03-02 05:01:49,610] [builder.py:1665]           [DEBUG]    |                                                                                                    |
[2023-03-02 05:01:49,610] [builder.py:1666]           [DEBUG]    | 10 IDs Found                                                                                       |
[2023-03-02 05:01:49,610] [builder.py:1668]           [DEBUG]    |                                                                                                    |
[2023-03-02 05:01:49,610] [builder.py:2249]           [INFO]     |                                                                                                    |
[2023-03-02 05:01:49,610] [builder.py:2250]           [INFO]     |================================= Adding to The Muppets Collection =================================|
[2023-03-02 05:01:49,610] [builder.py:2251]           [INFO]     |                                                                                                    |
[2023-03-02 05:01:49,610] [builder.py:2265]           [INFO]     | 1/3 | The Muppets Collection | = | The Muppet Christmas Carol (1992)                               |
[2023-03-02 05:01:49,611] [builder.py:2265]           [INFO]     | 2/3 | The Muppets Collection | = | Muppet Treasure Island (1996)                                   |
[2023-03-02 05:01:49,611] [builder.py:2265]           [INFO]     | 3/3 | The Muppets Collection | = | The Muppets (2011)                                              |
[2023-03-02 05:01:49,611] [builder.py:2285]           [INFO]     |                                                                                                    |
[2023-03-02 05:01:49,611] [builder.py:2287]           [INFO]     | 3 Movies Processed 0 Movies Added                                                                  |
[2023-03-02 05:01:49,616] [builder.py:2623]           [INFO]     |                                                                                                    |
[2023-03-02 05:01:49,617] [builder.py:2624]           [INFO]     |============================ Updating Details of The Muppets Collection ============================|
[2023-03-02 05:01:49,617] [builder.py:2625]           [INFO]     |                                                                                                    |
[2023-03-02 05:01:49,624] [builder.py:2689]           [INFO]     | Collection Metadata Edits                                                                          |
[2023-03-02 05:01:49,629] [util.py:178]               [DEBUG]    | 2 posters found:                                                                                   |
[2023-03-02 05:01:49,629] [util.py:180]               [DEBUG]    | Method: url_poster Poster: https://theposterdb.com/api/assets/205                                  |
[2023-03-02 05:01:49,629] [util.py:180]               [DEBUG]    | Method: asset_directory Poster: {'attribute': 'asset_directory', 'location': '//config/assets/movies/The Muppets/poster.jpg', 'prefix': "The Muppets's ", 'is_poster': True, 'is_url': False, 'compare': 527043, 'message': "The Muppets's poster to [File] //config/assets/movies/The Muppets/poster.jpg"} |
[2023-03-02 05:01:49,630] [library.py:177]            [INFO]     | Detail: The Muppets's poster update not needed                                                     |
[2023-03-02 05:01:49,709] [plex_meta_manager.py:780]  [INFO]     |                                                                                                    |
[2023-03-02 05:01:49,709] [plex_meta_manager.py:781]  [INFO]     |====================================================================================================|
[2023-03-02 05:01:49,709] [plex_meta_manager.py:781]  [INFO]     |                                  Finished The Muppets Collection                                   |
[2023-03-02 05:01:49,709] [plex_meta_manager.py:781]  [INFO]     |                                    Collection Run Time: 0:00:01                                    |
[2023-03-02 05:01:49,709] [plex_meta_manager.py:781]  [INFO]     |====================================================================================================|
