[2023-03-24 02:16:04,072] [builder.py:193]            [INFO]     |====================================================================================================|
[2023-03-24 02:16:04,072] [builder.py:193]            [INFO]     |                                    Netflix Collection in Movies                                    |
[2023-03-24 02:16:04,072] [builder.py:193]            [INFO]     |====================================================================================================|
[2023-03-24 02:16:04,072] [builder.py:194]            [INFO]     |                                                                                                    |
[2023-03-24 02:16:04,072] [builder.py:233]            [INFO]     |================================== Validating Netflix Attributes ===================================|
[2023-03-24 02:16:04,088] [plex.py:857]               [DEBUG]    |                                                                                                    |
[2023-03-24 02:16:04,088] [plex.py:859]               [DEBUG]    | Found: Netflix Movies                                                                              |
[2023-03-24 02:16:04,089] [plex.py:860]               [DEBUG]    | Looking for: Netflix                                                                               |
[2023-03-24 02:16:04,089] [builder.py:519]            [DEBUG]    |                                                                                                    |
[2023-03-24 02:16:04,089] [builder.py:520]            [DEBUG]    | Validating Method: schedule                                                                        |
[2023-03-24 02:16:04,089] [builder.py:524]            [DEBUG]    | Value: weekly(sunday)                                                                              |
[2023-03-24 02:16:04,089] [plex_meta_manager.py:755]  [INFO]     |                                                                                                    |
                                                                 | Scheduled weekly on Sunday                                                                         |
                                                                 |                                                                                                    |
                                                                 | Collection Netflix not scheduled to run                                                            |
[2023-03-24 02:16:04,089] [plex_meta_manager.py:780]  [INFO]     |                                                                                                    |
[2023-03-24 02:16:04,089] [plex_meta_manager.py:781]  [INFO]     |====================================================================================================|
[2023-03-24 02:16:04,089] [plex_meta_manager.py:781]  [INFO]     |                                    Finished Netflix Collection                                     |
[2023-03-24 02:16:04,090] [plex_meta_manager.py:781]  [INFO]     |                                    Collection Run Time: 0:00:00                                    |
[2023-03-24 02:16:04,090] [plex_meta_manager.py:781]  [INFO]     |====================================================================================================|
