[2023-11-30 05:04:47,638] [builder.py:193]            [INFO]     |====================================================================================================|
[2023-11-30 05:04:47,638] [builder.py:193]            [INFO]     |                                Mindfuck Movies Collection in Movies                                |
[2023-11-30 05:04:47,638] [builder.py:193]            [INFO]     |====================================================================================================|
[2023-11-30 05:04:47,638] [builder.py:194]            [INFO]     |                                                                                                    |
[2023-11-30 05:04:47,638] [builder.py:205]            [INFO]     |================================ Building Definition From Templates ================================|
[2023-11-30 05:04:47,638] [builder.py:206]            [DEBUG]    |                                                                                                    |
[2023-11-30 05:04:47,638] [builder.py:216]            [DEBUG]    | Templates Called: Specialty                                                                        |
[2023-11-30 05:04:47,638] [builder.py:217]            [DEBUG]    |                                                                                                    |
[2023-11-30 05:04:47,639] [meta.py:550]               [DEBUG]    |==================================== Final Template Attributes =====================================|
[2023-11-30 05:04:47,639] [meta.py:551]               [DEBUG]    |                                                                                                    |
[2023-11-30 05:04:47,639] [meta.py:552]               [DEBUG]    | {'url_poster': 'https://i.imgur.com/Tl6QMgA.png', 'sort_title': 'Mindfuck Movies', 'delete_not_scheduled': True, 'run_again': True, 'visible_home': False, 'visible_shared': False, 'sync_mode': 'sync'} |
[2023-11-30 05:04:47,639] [meta.py:553]               [DEBUG]    |                                                                                                    |
[2023-11-30 05:04:47,639] [builder.py:233]            [INFO]     |============================== Validating Mindfuck Movies Attributes ===============================|
[2023-11-30 05:04:48,195] [builder.py:500]            [DEBUG]    |                                                                                                    |
[2023-11-30 05:04:48,195] [builder.py:501]            [DEBUG]    | Validating Method: delete_not_scheduled                                                            |
[2023-11-30 05:04:48,195] [builder.py:502]            [DEBUG]    | Value: True                                                                                        |
[2023-11-30 05:04:48,195] [builder.py:558]            [DEBUG]    |                                                                                                    |
[2023-11-30 05:04:48,195] [builder.py:559]            [DEBUG]    | Validating Method: run_again                                                                       |
[2023-11-30 05:04:48,195] [builder.py:560]            [DEBUG]    | Value: True                                                                                        |
[2023-11-30 05:04:48,195] [builder.py:579]            [DEBUG]    |                                                                                                    |
[2023-11-30 05:04:48,195] [builder.py:580]            [DEBUG]    | Validating Method: sync_mode                                                                       |
[2023-11-30 05:04:48,195] [builder.py:584]            [DEBUG]    | Value: sync                                                                                        |
[2023-11-30 05:04:48,196] [builder.py:715]            [DEBUG]    |                                                                                                    |
[2023-11-30 05:04:48,196] [builder.py:719]            [DEBUG]    | Validating Method: trakt_list                                                                      |
[2023-11-30 05:04:48,196] [builder.py:720]            [DEBUG]    | Value: ['https://trakt.tv/users/hdlists/lists/mindfuck-movies', 'https://trakt.tv/users/benfranklin/lists/best-mindfucks'] |
[2023-11-30 05:04:49,255] [builder.py:715]            [DEBUG]    |                                                                                                    |
[2023-11-30 05:04:49,255] [builder.py:719]            [DEBUG]    | Validating Method: summary                                                                         |
[2023-11-30 05:04:49,255] [builder.py:720]            [DEBUG]    | Value: There’s nothing greater than a film that makes you think. A film that lingers on your mind long after the credits have rolled and is the subject of many conversation and discussion. Trying to piece together the puzzle of what you saw and coming to a conclusion that makes sense or still doesn’t add up. |
[2023-11-30 05:04:49,256] [builder.py:715]            [DEBUG]    |                                                                                                    |
[2023-11-30 05:04:49,256] [builder.py:719]            [DEBUG]    | Validating Method: url_poster                                                                      |
[2023-11-30 05:04:49,256] [builder.py:720]            [DEBUG]    | Value: https://i.imgur.com/Tl6QMgA.png                                                             |
[2023-11-30 05:04:49,287] [builder.py:715]            [DEBUG]    |                                                                                                    |
[2023-11-30 05:04:49,287] [builder.py:719]            [DEBUG]    | Validating Method: sort_title                                                                      |
[2023-11-30 05:04:49,287] [builder.py:720]            [DEBUG]    | Value: Mindfuck Movies                                                                             |
[2023-11-30 05:04:49,287] [builder.py:715]            [DEBUG]    |                                                                                                    |
[2023-11-30 05:04:49,287] [builder.py:719]            [DEBUG]    | Validating Method: visible_home                                                                    |
[2023-11-30 05:04:49,287] [builder.py:720]            [DEBUG]    | Value: False                                                                                       |
[2023-11-30 05:04:49,287] [builder.py:715]            [DEBUG]    |                                                                                                    |
[2023-11-30 05:04:49,288] [builder.py:719]            [DEBUG]    | Validating Method: visible_shared                                                                  |
[2023-11-30 05:04:49,288] [builder.py:720]            [DEBUG]    | Value: False                                                                                       |
[2023-11-30 05:04:49,288] [builder.py:885]            [INFO]     |                                                                                                    |
[2023-11-30 05:04:49,288] [builder.py:886]            [INFO]     | Validation Successful                                                                              |
[2023-11-30 05:04:49,288] [plex_meta_manager.py:636]  [INFO]     |                                                                                                    |
[2023-11-30 05:04:49,288] [plex_meta_manager.py:638]  [INFO]     |================================ Running Mindfuck Movies Collection ================================|
[2023-11-30 05:04:49,288] [plex_meta_manager.py:652]  [INFO]     |                                                                                                    |
[2023-11-30 05:04:49,288] [plex_meta_manager.py:653]  [INFO]     | Sync Mode: sync                                                                                    |
[2023-11-30 05:04:49,288] [plex_meta_manager.py:656]  [DEBUG]    |                                                                                                    |
[2023-11-30 05:04:49,288] [plex_meta_manager.py:657]  [DEBUG]    | Builder: trakt_list: https://trakt.tv/users/hdlists/lists/mindfuck-movies                          |
[2023-11-30 05:04:49,289] [plex_meta_manager.py:658]  [INFO]     |                                                                                                    |
[2023-11-30 05:04:49,289] [trakt.py:493]              [INFO]     | Processing Trakt List: https://trakt.tv/users/hdlists/lists/mindfuck-movies                        |
[2023-11-30 05:04:49,464] [builder.py:1665]           [DEBUG]    |                                                                                                    |
[2023-11-30 05:04:49,464] [builder.py:1666]           [DEBUG]    | 283 IDs Found                                                                                      |
[2023-11-30 05:04:49,464] [builder.py:1668]           [DEBUG]    |                                                                                                    |
[2023-11-30 05:04:49,472] [plex_meta_manager.py:656]  [DEBUG]    |                                                                                                    |
[2023-11-30 05:04:49,472] [plex_meta_manager.py:657]  [DEBUG]    | Builder: trakt_list: https://trakt.tv/users/benfranklin/lists/best-mindfucks                       |
[2023-11-30 05:04:49,473] [plex_meta_manager.py:658]  [INFO]     |                                                                                                    |
[2023-11-30 05:04:49,473] [trakt.py:493]              [INFO]     | Processing Trakt List: https://trakt.tv/users/benfranklin/lists/best-mindfucks                     |
[2023-11-30 05:04:49,620] [builder.py:1665]           [DEBUG]    |                                                                                                    |
[2023-11-30 05:04:49,620] [builder.py:1666]           [DEBUG]    | 116 IDs Found                                                                                      |
[2023-11-30 05:04:49,621] [builder.py:1668]           [DEBUG]    |                                                                                                    |
[2023-11-30 05:04:49,626] [builder.py:2249]           [INFO]     |                                                                                                    |
[2023-11-30 05:04:49,626] [builder.py:2250]           [INFO]     |=============================== Adding to Mindfuck Movies Collection ===============================|
[2023-11-30 05:04:49,627] [builder.py:2251]           [INFO]     |                                                                                                    |
[2023-11-30 05:04:49,627] [builder.py:2265]           [INFO]     |   1/110 | Mindfuck Movies Collection | = | Last Night in Soho (2021)                               |
[2023-11-30 05:04:49,627] [builder.py:2265]           [INFO]     |   2/110 | Mindfuck Movies Collection | = | Tenet (2020)                                            |
[2023-11-30 05:04:49,628] [builder.py:2265]           [INFO]     |   3/110 | Mindfuck Movies Collection | = | The Social Dilemma (2020)                               |
[2023-11-30 05:04:49,628] [builder.py:2265]           [INFO]     |   4/110 | Mindfuck Movies Collection | = | Joker (2019)                                            |
[2023-11-30 05:04:49,628] [builder.py:2265]           [INFO]     |   5/110 | Mindfuck Movies Collection | = | Fractured (2019)                                        |
[2023-11-30 05:04:49,629] [builder.py:2265]           [INFO]     |   6/110 | Mindfuck Movies Collection | = | Parasite (2019)                                         |
[2023-11-30 05:04:49,629] [builder.py:2265]           [INFO]     |   7/110 | Mindfuck Movies Collection | = | Us (2019)                                               |
[2023-11-30 05:04:49,630] [builder.py:2265]           [INFO]     |   8/110 | Mindfuck Movies Collection | = | Black Mirror: Bandersnatch (2018)                       |
[2023-11-30 05:04:49,630] [builder.py:2265]           [INFO]     |   9/110 | Mindfuck Movies Collection | = | Annihilation (2018)                                     |
[2023-11-30 05:04:49,630] [builder.py:2265]           [INFO]     |  10/110 | Mindfuck Movies Collection | = | Murder on the Orient Express (2017)                     |
[2023-11-30 05:04:49,631] [builder.py:2265]           [INFO]     |  11/110 | Mindfuck Movies Collection | = | OtherLife (2017)                                        |
[2023-11-30 05:04:49,631] [builder.py:2265]           [INFO]     |  12/110 | Mindfuck Movies Collection | = | The Discovery (2017)                                    |
[2023-11-30 05:04:49,632] [builder.py:2265]           [INFO]     |  13/110 | Mindfuck Movies Collection | = | Get Out (2017)                                          |
[2023-11-30 05:04:49,632] [builder.py:2265]           [INFO]     |  14/110 | Mindfuck Movies Collection | = | Split (2017)                                            |
[2023-11-30 05:04:49,632] [builder.py:2265]           [INFO]     |  15/110 | Mindfuck Movies Collection | = | Arrival (2016)                                          |
[2023-11-30 05:04:49,633] [builder.py:2265]           [INFO]     |  16/110 | Mindfuck Movies Collection | = | Green Room (2016)                                       |
[2023-11-30 05:04:49,633] [builder.py:2265]           [INFO]     |  17/110 | Mindfuck Movies Collection | = | The Invitation (2015)                                   |
[2023-11-30 05:04:49,633] [builder.py:2265]           [INFO]     |  18/110 | Mindfuck Movies Collection | = | 10 Cloverfield Lane (2016)                              |
[2023-11-30 05:04:49,634] [builder.py:2265]           [INFO]     |  19/110 | Mindfuck Movies Collection | = | The Lobster (2015)                                      |
[2023-11-30 05:04:49,634] [builder.py:2265]           [INFO]     |  20/110 | Mindfuck Movies Collection | = | Circle (2015)                                           |
[2023-11-30 05:04:49,635] [builder.py:2265]           [INFO]     |  21/110 | Mindfuck Movies Collection | = | Ex Machina (2015)                                       |
[2023-11-30 05:04:49,635] [builder.py:2265]           [INFO]     |  22/110 | Mindfuck Movies Collection | = | Interstellar (2014)                                     |
[2023-11-30 05:04:49,635] [builder.py:2265]           [INFO]     |  23/110 | Mindfuck Movies Collection | = | Birdman or (The Unexpected Virtue of Ignorance) (2014)  |
[2023-11-30 05:04:49,636] [builder.py:2265]           [INFO]     |  24/110 | Mindfuck Movies Collection | = | Predestination (2014)                                   |
[2023-11-30 05:04:49,636] [builder.py:2265]           [INFO]     |  25/110 | Mindfuck Movies Collection | = | Edge of Tomorrow (2014)                                 |
[2023-11-30 05:04:49,636] [builder.py:2265]           [INFO]     |  26/110 | Mindfuck Movies Collection | = | Time Lapse (2015)                                       |
[2023-11-30 05:04:49,637] [builder.py:2265]           [INFO]     |  27/110 | Mindfuck Movies Collection | = | Transcendence (2014)                                    |
[2023-11-30 05:04:49,637] [builder.py:2265]           [INFO]     |  28/110 | Mindfuck Movies Collection | = | Under the Skin (2013)                                   |
[2023-11-30 05:04:49,637] [builder.py:2265]           [INFO]     |  29/110 | Mindfuck Movies Collection | = | Enemy (2013)                                            |
[2023-11-30 05:04:49,638] [builder.py:2265]           [INFO]     |  30/110 | Mindfuck Movies Collection | = | Coherence (2014)                                        |
[2023-11-30 05:04:49,638] [builder.py:2265]           [INFO]     |  31/110 | Mindfuck Movies Collection | = | Open Grave (2013)                                       |
[2023-11-30 05:04:49,638] [builder.py:2265]           [INFO]     |  32/110 | Mindfuck Movies Collection | = | Snowpiercer (2013)                                      |
[2023-11-30 05:04:49,639] [builder.py:2265]           [INFO]     |  33/110 | Mindfuck Movies Collection | = | Cloud Atlas (2012)                                      |
[2023-11-30 05:04:49,639] [builder.py:2265]           [INFO]     |  34/110 | Mindfuck Movies Collection | = | Looper (2012)                                           |
[2023-11-30 05:04:49,639] [builder.py:2265]           [INFO]     |  35/110 | Mindfuck Movies Collection | = | The Cabin in the Woods (2012)                           |
[2023-11-30 05:04:49,639] [builder.py:2265]           [INFO]     |  36/110 | Mindfuck Movies Collection | = | Anonymous (2011)                                        |
[2023-11-30 05:04:49,640] [builder.py:2265]           [INFO]     |  37/110 | Mindfuck Movies Collection | = | Take Shelter (2011)                                     |
[2023-11-30 05:04:49,640] [builder.py:2265]           [INFO]     |  38/110 | Mindfuck Movies Collection | = | Rubber (2010)                                           |
[2023-11-30 05:04:49,640] [builder.py:2265]           [INFO]     |  39/110 | Mindfuck Movies Collection | = | Inception (2010)                                        |
[2023-11-30 05:04:49,641] [builder.py:2265]           [INFO]     |  40/110 | Mindfuck Movies Collection | = | Shutter Island (2010)                                   |
[2023-11-30 05:04:49,641] [builder.py:2265]           [INFO]     |  41/110 | Mindfuck Movies Collection | = | Triangle (2009)                                         |
[2023-11-30 05:04:49,641] [builder.py:2265]           [INFO]     |  42/110 | Mindfuck Movies Collection | = | Pandorum (2009)                                         |
[2023-11-30 05:04:49,641] [builder.py:2265]           [INFO]     |  43/110 | Mindfuck Movies Collection | = | Moon (2009)                                             |
[2023-11-30 05:04:49,642] [builder.py:2265]           [INFO]     |  44/110 | Mindfuck Movies Collection | = | Synecdoche, New York (2009)                             |
[2023-11-30 05:04:49,642] [builder.py:2265]           [INFO]     |  45/110 | Mindfuck Movies Collection | = | The Mist (2007)                                         |
[2023-11-30 05:04:49,642] [builder.py:2265]           [INFO]     |  46/110 | Mindfuck Movies Collection | = | Timecrimes (2007)                                       |
[2023-11-30 05:04:49,642] [builder.py:2265]           [INFO]     |  47/110 | Mindfuck Movies Collection | = | 1408 (2007)                                             |
[2023-11-30 05:04:49,643] [builder.py:2265]           [INFO]     |  48/110 | Mindfuck Movies Collection | = | The Man from Earth (2007)                               |
[2023-11-30 05:04:49,643] [builder.py:2265]           [INFO]     |  49/110 | Mindfuck Movies Collection | = | Sunshine (2007)                                         |
[2023-11-30 05:04:49,643] [builder.py:2265]           [INFO]     |  50/110 | Mindfuck Movies Collection | = | The Fountain (2006)                                     |
[2023-11-30 05:04:49,643] [builder.py:2265]           [INFO]     |  51/110 | Mindfuck Movies Collection | = | The Prestige (2006)                                     |
[2023-11-30 05:04:49,644] [builder.py:2265]           [INFO]     |  52/110 | Mindfuck Movies Collection | = | Pan's Labyrinth (2006)                                  |
[2023-11-30 05:04:49,644] [builder.py:2265]           [INFO]     |  53/110 | Mindfuck Movies Collection | = | Stranger Than Fiction (2006)                            |
[2023-11-30 05:04:49,644] [builder.py:2265]           [INFO]     |  54/110 | Mindfuck Movies Collection | = | The Illusionist (2006)                                  |
[2023-11-30 05:04:49,644] [builder.py:2265]           [INFO]     |  55/110 | Mindfuck Movies Collection | = | Sahara (2005)                                           |
[2023-11-30 05:04:49,645] [builder.py:2265]           [INFO]     |  56/110 | Mindfuck Movies Collection | = | Primer (2005)                                           |
[2023-11-30 05:04:49,645] [builder.py:2265]           [INFO]     |  57/110 | Mindfuck Movies Collection | = | Eternal Sunshine of the Spotless Mind (2004)            |
[2023-11-30 05:04:49,645] [builder.py:2265]           [INFO]     |  58/110 | Mindfuck Movies Collection | = | Secret Window (2004)                                    |
[2023-11-30 05:04:49,645] [builder.py:2265]           [INFO]     |  59/110 | Mindfuck Movies Collection | = | The Butterfly Effect (2004)                             |
[2023-11-30 05:04:49,645] [builder.py:2265]           [INFO]     |  60/110 | Mindfuck Movies Collection | = | Big Fish (2004)                                         |
[2023-11-30 05:04:49,646] [builder.py:2265]           [INFO]     |  61/110 | Mindfuck Movies Collection | = | Oldboy (2003)                                           |
[2023-11-30 05:04:49,646] [builder.py:2265]           [INFO]     |  62/110 | Mindfuck Movies Collection | = | Identity (2003)                                         |
[2023-11-30 05:04:49,646] [builder.py:2265]           [INFO]     |  63/110 | Mindfuck Movies Collection | = | Adaptation. (2002)                                      |
[2023-11-30 05:04:49,646] [builder.py:2265]           [INFO]     |  64/110 | Mindfuck Movies Collection | = | Frailty (2002)                                          |
[2023-11-30 05:04:49,646] [builder.py:2265]           [INFO]     |  65/110 | Mindfuck Movies Collection | = | Donnie Darko (2001)                                     |
[2023-11-30 05:04:49,647] [builder.py:2265]           [INFO]     |  66/110 | Mindfuck Movies Collection | = | Mulholland Drive (2001)                                 |
[2023-11-30 05:04:49,647] [builder.py:2265]           [INFO]     |  67/110 | Mindfuck Movies Collection | = | Unbreakable (2000)                                      |
[2023-11-30 05:04:49,647] [builder.py:2265]           [INFO]     |  68/110 | Mindfuck Movies Collection | = | Magnolia (1999)                                         |
[2023-11-30 05:04:49,647] [builder.py:2265]           [INFO]     |  69/110 | Mindfuck Movies Collection | = | Fight Club (1999)                                       |
[2023-11-30 05:04:49,647] [builder.py:2265]           [INFO]     |  70/110 | Mindfuck Movies Collection | = | Audition (2000)                                         |
[2023-11-30 05:04:49,647] [builder.py:2265]           [INFO]     |  71/110 | Mindfuck Movies Collection | = | The Ninth Gate (1999)                                   |
[2023-11-30 05:04:49,648] [builder.py:2265]           [INFO]     |  72/110 | Mindfuck Movies Collection | = | The Sixth Sense (1999)                                  |
[2023-11-30 05:04:49,648] [builder.py:2265]           [INFO]     |  73/110 | Mindfuck Movies Collection | = | The Thirteenth Floor (1999)                             |
[2023-11-30 05:04:49,648] [builder.py:2265]           [INFO]     |  74/110 | Mindfuck Movies Collection | = | The Matrix (1999)                                       |
[2023-11-30 05:04:49,648] [builder.py:2265]           [INFO]     |  75/110 | Mindfuck Movies Collection | = | Pi (1998)                                               |
[2023-11-30 05:04:49,648] [builder.py:2265]           [INFO]     |  76/110 | Mindfuck Movies Collection | = | The Truman Show (1998)                                  |
[2023-11-30 05:04:49,648] [builder.py:2265]           [INFO]     |  77/110 | Mindfuck Movies Collection | = | Run Lola Run (1998)                                     |
[2023-11-30 05:04:49,649] [builder.py:2265]           [INFO]     |  78/110 | Mindfuck Movies Collection | = | Dark City (1998)                                        |
[2023-11-30 05:04:49,649] [builder.py:2265]           [INFO]     |  79/110 | Mindfuck Movies Collection | = | The Game (1997)                                         |
[2023-11-30 05:04:49,649] [builder.py:2265]           [INFO]     |  80/110 | Mindfuck Movies Collection | = | Lost Highway (1997)                                     |
[2023-11-30 05:04:49,649] [builder.py:2265]           [INFO]     |  81/110 | Mindfuck Movies Collection | = | Se7en (1995)                                            |
[2023-11-30 05:04:49,649] [builder.py:2265]           [INFO]     |  82/110 | Mindfuck Movies Collection | = | The Usual Suspects (1995)                               |
[2023-11-30 05:04:49,649] [builder.py:2265]           [INFO]     |  83/110 | Mindfuck Movies Collection | = | The City of Lost Children (1995)                        |
[2023-11-30 05:04:49,649] [builder.py:2265]           [INFO]     |  84/110 | Mindfuck Movies Collection | = | In the Mouth of Madness (1995)                          |
[2023-11-30 05:04:49,649] [builder.py:2265]           [INFO]     |  85/110 | Mindfuck Movies Collection | = | Groundhog Day (1993)                                    |
[2023-11-30 05:04:49,650] [builder.py:2265]           [INFO]     |  86/110 | Mindfuck Movies Collection | = | The Silence of the Lambs (1991)                         |
[2023-11-30 05:04:49,650] [builder.py:2265]           [INFO]     |  87/110 | Mindfuck Movies Collection | = | Total Recall (1990)                                     |
[2023-11-30 05:04:49,650] [builder.py:2265]           [INFO]     |  88/110 | Mindfuck Movies Collection | = | Brazil (1985)                                           |
[2023-11-30 05:04:49,650] [builder.py:2265]           [INFO]     |  89/110 | Mindfuck Movies Collection | = | Videodrome (1983)                                       |
[2023-11-30 05:04:49,650] [builder.py:2265]           [INFO]     |  90/110 | Mindfuck Movies Collection | = | Blade Runner (1982)                                     |
[2023-11-30 05:04:49,650] [builder.py:2265]           [INFO]     |  91/110 | Mindfuck Movies Collection | = | Scanners (1981)                                         |
[2023-11-30 05:04:49,650] [builder.py:2265]           [INFO]     |  92/110 | Mindfuck Movies Collection | = | Altered States (1980)                                   |
[2023-11-30 05:04:49,650] [builder.py:2265]           [INFO]     |  93/110 | Mindfuck Movies Collection | = | The Shining (1980)                                      |
[2023-11-30 05:04:49,650] [builder.py:2265]           [INFO]     |  94/110 | Mindfuck Movies Collection | = | Soylent Green (1973)                                    |
[2023-11-30 05:04:49,650] [builder.py:2265]           [INFO]     |  95/110 | Mindfuck Movies Collection | = | Solaris (1972)                                          |
[2023-11-30 05:04:49,650] [builder.py:2265]           [INFO]     |  96/110 | Mindfuck Movies Collection | = | Psycho (1960)                                           |
[2023-11-30 05:04:49,651] [builder.py:2265]           [INFO]     |  97/110 | Mindfuck Movies Collection | = | Vertigo (1958)                                          |
[2023-11-30 05:04:49,651] [builder.py:2265]           [INFO]     |  98/110 | Mindfuck Movies Collection | = | Event Horizon (1997)                                    |
[2023-11-30 05:04:49,651] [builder.py:2265]           [INFO]     |  99/110 | Mindfuck Movies Collection | = | Source Code (2011)                                      |
[2023-11-30 05:04:49,651] [builder.py:2265]           [INFO]     | 100/110 | Mindfuck Movies Collection | = | Repo Men (2010)                                         |
[2023-11-30 05:04:49,651] [builder.py:2265]           [INFO]     | 101/110 | Mindfuck Movies Collection | = | Breakdown (1997)                                        |
[2023-11-30 05:04:49,651] [builder.py:2265]           [INFO]     | 102/110 | Mindfuck Movies Collection | = | Solaris (2002)                                          |
[2023-11-30 05:04:49,652] [builder.py:2265]           [INFO]     | 103/110 | Mindfuck Movies Collection | = | The Island (2005)                                       |
[2023-11-30 05:04:49,652] [builder.py:2265]           [INFO]     | 104/110 | Mindfuck Movies Collection | = | The Adjustment Bureau (2011)                            |
[2023-11-30 05:04:49,652] [builder.py:2265]           [INFO]     | 105/110 | Mindfuck Movies Collection | = | I, Robot (2004)                                         |
[2023-11-30 05:04:49,652] [builder.py:2265]           [INFO]     | 106/110 | Mindfuck Movies Collection | = | Resolution (2013)                                       |
[2023-11-30 05:04:49,653] [builder.py:2265]           [INFO]     | 107/110 | Mindfuck Movies Collection | = | Deja Vu (2006)                                          |
[2023-11-30 05:04:49,653] [builder.py:2265]           [INFO]     | 108/110 | Mindfuck Movies Collection | = | Minority Report (2002)                                  |
[2023-11-30 05:04:49,653] [builder.py:2265]           [INFO]     | 109/110 | Mindfuck Movies Collection | = | Oblivion (2013)                                         |
[2023-11-30 05:04:49,653] [builder.py:2265]           [INFO]     | 110/110 | Mindfuck Movies Collection | = | Exam (2010)                                             |
[2023-11-30 05:04:49,654] [builder.py:2285]           [INFO]     |                                                                                                    |
[2023-11-30 05:04:49,654] [builder.py:2287]           [INFO]     | 110 Movies Processed 0 Movies Added                                                                |
[2023-11-30 05:04:50,674] [builder.py:2422]           [INFO]     |                                                                                                    |
[2023-11-30 05:04:50,674] [builder.py:2423]           [INFO]     | 215 Movies Missing                                                                                 |
[2023-11-30 05:04:51,263] [builder.py:2623]           [INFO]     |                                                                                                    |
[2023-11-30 05:04:51,263] [builder.py:2624]           [INFO]     |========================== Updating Details of Mindfuck Movies Collection ==========================|
[2023-11-30 05:04:51,263] [builder.py:2625]           [INFO]     |                                                                                                    |
[2023-11-30 05:04:51,269] [builder.py:2689]           [INFO]     | Collection Metadata Edits                                                                          |
[2023-11-30 05:04:51,271] [util.py:178]               [DEBUG]    | 2 posters found:                                                                                   |
[2023-11-30 05:04:51,272] [util.py:180]               [DEBUG]    | Method: url_poster Poster: https://i.imgur.com/Tl6QMgA.png                                         |
[2023-11-30 05:04:51,272] [util.py:180]               [DEBUG]    | Method: asset_directory Poster: {'attribute': 'asset_directory', 'location': '//config/assets/movies/Mindfuck Movies/poster.png', 'prefix': "Mindfuck Movies's ", 'is_poster': True, 'is_url': False, 'compare': 268530, 'message': "Mindfuck Movies's poster to [File] //config/assets/movies/Mindfuck Movies/poster.png"} |
[2023-11-30 05:04:51,272] [library.py:177]            [INFO]     | Detail: Mindfuck Movies's poster update not needed                                                 |
[2023-11-30 05:04:51,825] [plex_meta_manager.py:780]  [INFO]     |                                                                                                    |
[2023-11-30 05:04:51,825] [plex_meta_manager.py:781]  [INFO]     |====================================================================================================|
[2023-11-30 05:04:51,825] [plex_meta_manager.py:781]  [INFO]     |                                Finished Mindfuck Movies Collection                                 |
[2023-11-30 05:04:51,825] [plex_meta_manager.py:781]  [INFO]     |                                    Collection Run Time: 0:00:04                                    |
[2023-11-30 05:04:51,826] [plex_meta_manager.py:781]  [INFO]     |====================================================================================================|
