[2023-03-02 05:05:58,782] [builder.py:193]            [INFO]     |====================================================================================================|
[2023-03-02 05:05:58,782] [builder.py:193]            [INFO]     |                           St. Patrick's Day Movies Collection in Movies                            |
[2023-03-02 05:05:58,782] [builder.py:193]            [INFO]     |====================================================================================================|
[2023-03-02 05:05:58,783] [builder.py:194]            [INFO]     |                                                                                                    |
[2023-03-02 05:05:58,783] [builder.py:205]            [INFO]     |================================ Building Definition From Templates ================================|
[2023-03-02 05:05:58,783] [builder.py:206]            [DEBUG]    |                                                                                                    |
[2023-03-02 05:05:58,783] [builder.py:216]            [DEBUG]    | Templates Called: Holiday                                                                          |
[2023-03-02 05:05:58,783] [builder.py:217]            [DEBUG]    |                                                                                                    |
[2023-03-02 05:05:58,784] [meta.py:550]               [DEBUG]    |==================================== Final Template Attributes =====================================|
[2023-03-02 05:05:58,784] [meta.py:551]               [DEBUG]    |                                                                                                    |
[2023-03-02 05:05:58,784] [meta.py:552]               [DEBUG]    | {'sort_title': "St. Patrick's Day Movies", 'url_poster': 'https://theposterdb.com/api/assets/240644', 'collection_order': 'release.desc', 'delete_not_scheduled': False, 'run_again': True, 'sync_mode': 'sync'} |
[2023-03-02 05:05:58,784] [meta.py:553]               [DEBUG]    |                                                                                                    |
[2023-03-02 05:05:58,784] [builder.py:233]            [INFO]     |========================== Validating St. Patrick's Day Movies Attributes ==========================|
[2023-03-02 05:05:58,794] [plex.py:857]               [DEBUG]    |                                                                                                    |
[2023-03-02 05:05:58,795] [plex.py:860]               [DEBUG]    | Looking for: St. Patrick's Day Movies                                                              |
[2023-03-02 05:05:58,795] [builder.py:500]            [DEBUG]    |                                                                                                    |
[2023-03-02 05:05:58,795] [builder.py:501]            [DEBUG]    | Validating Method: delete_not_scheduled                                                            |
[2023-03-02 05:05:58,795] [builder.py:502]            [DEBUG]    | Value: False                                                                                       |
[2023-03-02 05:05:58,795] [builder.py:519]            [DEBUG]    |                                                                                                    |
[2023-03-02 05:05:58,795] [builder.py:520]            [DEBUG]    | Validating Method: schedule                                                                        |
[2023-03-02 05:05:58,795] [builder.py:524]            [DEBUG]    | Value: range(03/01-03/17)                                                                          |
[2023-03-02 05:05:58,796] [builder.py:558]            [DEBUG]    |                                                                                                    |
[2023-03-02 05:05:58,796] [builder.py:559]            [DEBUG]    | Validating Method: run_again                                                                       |
[2023-03-02 05:05:58,796] [builder.py:560]            [DEBUG]    | Value: True                                                                                        |
[2023-03-02 05:05:58,796] [builder.py:579]            [DEBUG]    |                                                                                                    |
[2023-03-02 05:05:58,796] [builder.py:580]            [DEBUG]    | Validating Method: sync_mode                                                                       |
[2023-03-02 05:05:58,796] [builder.py:584]            [DEBUG]    | Value: sync                                                                                        |
[2023-03-02 05:05:58,796] [builder.py:682]            [DEBUG]    |                                                                                                    |
[2023-03-02 05:05:58,796] [builder.py:683]            [DEBUG]    | Validating Method: collection_order                                                                |
[2023-03-02 05:05:58,796] [builder.py:684]            [DEBUG]    | Value: release.desc                                                                                |
[2023-03-02 05:05:58,797] [builder.py:715]            [DEBUG]    |                                                                                                    |
[2023-03-02 05:05:58,797] [builder.py:719]            [DEBUG]    | Validating Method: visible_home                                                                    |
[2023-03-02 05:05:58,797] [builder.py:720]            [DEBUG]    | Value: range(03/01-03/17)                                                                          |
[2023-03-02 05:05:58,797] [builder.py:715]            [DEBUG]    |                                                                                                    |
[2023-03-02 05:05:58,797] [builder.py:719]            [DEBUG]    | Validating Method: visible_shared                                                                  |
[2023-03-02 05:05:58,797] [builder.py:720]            [DEBUG]    | Value: range(03/01-03/17)                                                                          |
[2023-03-02 05:05:58,797] [builder.py:715]            [DEBUG]    |                                                                                                    |
[2023-03-02 05:05:58,797] [builder.py:719]            [DEBUG]    | Validating Method: imdb_list                                                                       |
[2023-03-02 05:05:58,798] [builder.py:720]            [DEBUG]    | Value: ['https://www.imdb.com/list/ls063934595/']                                                  |
[2023-03-02 05:06:01,284] [builder.py:715]            [DEBUG]    |                                                                                                    |
[2023-03-02 05:06:01,285] [builder.py:719]            [DEBUG]    | Validating Method: summary                                                                         |
[2023-03-02 05:06:01,285] [builder.py:720]            [DEBUG]    | Value: This collection revolves around the plot involving St. Patrick's Day.                       |
[2023-03-02 05:06:01,285] [builder.py:715]            [DEBUG]    |                                                                                                    |
[2023-03-02 05:06:01,285] [builder.py:719]            [DEBUG]    | Validating Method: sort_title                                                                      |
[2023-03-02 05:06:01,286] [builder.py:720]            [DEBUG]    | Value: St. Patrick's Day Movies                                                                    |
[2023-03-02 05:06:01,286] [builder.py:715]            [DEBUG]    |                                                                                                    |
[2023-03-02 05:06:01,286] [builder.py:719]            [DEBUG]    | Validating Method: url_poster                                                                      |
[2023-03-02 05:06:01,286] [builder.py:720]            [DEBUG]    | Value: https://theposterdb.com/api/assets/240644                                                   |
[2023-03-02 05:06:02,602] [builder.py:885]            [INFO]     |                                                                                                    |
[2023-03-02 05:06:02,602] [builder.py:886]            [INFO]     | Validation Successful                                                                              |
[2023-03-02 05:06:02,602] [plex_meta_manager.py:636]  [INFO]     |                                                                                                    |
[2023-03-02 05:06:02,602] [plex_meta_manager.py:638]  [INFO]     |=========================== Running St. Patrick's Day Movies Collection ============================|
[2023-03-02 05:06:02,602] [plex_meta_manager.py:652]  [INFO]     |                                                                                                    |
[2023-03-02 05:06:02,603] [plex_meta_manager.py:653]  [INFO]     | Sync Mode: sync                                                                                    |
[2023-03-02 05:06:02,603] [plex_meta_manager.py:656]  [DEBUG]    |                                                                                                    |
[2023-03-02 05:06:02,603] [plex_meta_manager.py:657]  [DEBUG]    | Builder: imdb_list: {'url': 'https://www.imdb.com/list/ls063934595/', 'limit': 0}                  |
[2023-03-02 05:06:02,603] [plex_meta_manager.py:658]  [INFO]     |                                                                                                    |
[2023-03-02 05:06:02,603] [imdb.py:205]               [INFO]     | Processing IMDb List: https://www.imdb.com/list/ls063934595/                                       |
[2023-03-02 05:06:10,187] [builder.py:1665]           [DEBUG]    |                                                                                                    |
[2023-03-02 05:06:10,187] [builder.py:1666]           [DEBUG]    | 100 IDs Found                                                                                      |
[2023-03-02 05:06:10,187] [builder.py:1668]           [DEBUG]    |                                                                                                    |
[2023-03-02 05:06:10,213] [plex_meta_manager.py:693]  [INFO]     |                                                                                                    |
[2023-03-02 05:06:10,213] [plex_meta_manager.py:694]  [INFO]     | Collection Minimum: 2 not met for St. Patrick's Day Movies Collection                              |
[2023-03-02 05:06:10,213] [plex_meta_manager.py:780]  [INFO]     |                                                                                                    |
[2023-03-02 05:06:10,214] [plex_meta_manager.py:781]  [INFO]     |====================================================================================================|
[2023-03-02 05:06:10,214] [plex_meta_manager.py:781]  [INFO]     |                            Finished St. Patrick's Day Movies Collection                            |
[2023-03-02 05:06:10,215] [plex_meta_manager.py:781]  [INFO]     |                                    Collection Run Time: 0:00:11                                    |
[2023-03-02 05:06:10,215] [plex_meta_manager.py:781]  [INFO]     |====================================================================================================|
