[2023-11-30 05:01:27,035] [builder.py:193]            [INFO]     |====================================================================================================|
[2023-11-30 05:01:27,035] [builder.py:193]            [INFO]     |                                 Studio Ghibli Collection in Movies                                 |
[2023-11-30 05:01:27,035] [builder.py:193]            [INFO]     |====================================================================================================|
[2023-11-30 05:01:27,035] [builder.py:194]            [INFO]     |                                                                                                    |
[2023-11-30 05:01:27,035] [builder.py:205]            [INFO]     |================================ Building Definition From Templates ================================|
[2023-11-30 05:01:27,036] [builder.py:206]            [DEBUG]    |                                                                                                    |
[2023-11-30 05:01:27,036] [builder.py:216]            [DEBUG]    | Templates Called: Studio                                                                           |
[2023-11-30 05:01:27,036] [builder.py:217]            [DEBUG]    |                                                                                                    |
[2023-11-30 05:01:27,036] [meta.py:550]               [DEBUG]    |==================================== Final Template Attributes =====================================|
[2023-11-30 05:01:27,037] [meta.py:551]               [DEBUG]    |                                                                                                    |
[2023-11-30 05:01:27,037] [meta.py:552]               [DEBUG]    | {'url_poster': 'https://theposterdb.com/api/assets/193453', 'sort_title': '++++++++_Studio Ghibli', 'collection_mode': 'hide', 'collection_order': 'release', 'delete_not_scheduled': True, 'run_again': True, 'visible_home': False, 'visible_shared': False, 'sync_mode': 'sync'} |
[2023-11-30 05:01:27,037] [meta.py:553]               [DEBUG]    |                                                                                                    |
[2023-11-30 05:01:27,037] [builder.py:233]            [INFO]     |=============================== Validating Studio Ghibli Attributes ================================|
[2023-11-30 05:01:27,166] [builder.py:500]            [DEBUG]    |                                                                                                    |
[2023-11-30 05:01:27,166] [builder.py:501]            [DEBUG]    | Validating Method: delete_not_scheduled                                                            |
[2023-11-30 05:01:27,166] [builder.py:502]            [DEBUG]    | Value: True                                                                                        |
[2023-11-30 05:01:27,166] [builder.py:558]            [DEBUG]    |                                                                                                    |
[2023-11-30 05:01:27,166] [builder.py:559]            [DEBUG]    | Validating Method: run_again                                                                       |
[2023-11-30 05:01:27,166] [builder.py:560]            [DEBUG]    | Value: True                                                                                        |
[2023-11-30 05:01:27,166] [builder.py:579]            [DEBUG]    |                                                                                                    |
[2023-11-30 05:01:27,166] [builder.py:580]            [DEBUG]    | Validating Method: sync_mode                                                                       |
[2023-11-30 05:01:27,166] [builder.py:584]            [DEBUG]    | Value: sync                                                                                        |
[2023-11-30 05:01:27,166] [builder.py:682]            [DEBUG]    |                                                                                                    |
[2023-11-30 05:01:27,167] [builder.py:683]            [DEBUG]    | Validating Method: collection_order                                                                |
[2023-11-30 05:01:27,167] [builder.py:684]            [DEBUG]    | Value: release                                                                                     |
[2023-11-30 05:01:27,167] [builder.py:715]            [DEBUG]    |                                                                                                    |
[2023-11-30 05:01:27,167] [builder.py:719]            [DEBUG]    | Validating Method: trakt_list                                                                      |
[2023-11-30 05:01:27,167] [builder.py:720]            [DEBUG]    | Value: https://trakt.tv/users/hitsquid/lists/studio-ghibli?sort=released,desc                      |
[2023-11-30 05:01:27,290] [builder.py:715]            [DEBUG]    |                                                                                                    |
[2023-11-30 05:01:27,291] [builder.py:719]            [DEBUG]    | Validating Method: summary                                                                         |
[2023-11-30 05:01:27,291] [builder.py:720]            [DEBUG]    | Value: Every release from Studio Ghibli                                                            |
[2023-11-30 05:01:27,291] [builder.py:715]            [DEBUG]    |                                                                                                    |
[2023-11-30 05:01:27,291] [builder.py:719]            [DEBUG]    | Validating Method: url_poster                                                                      |
[2023-11-30 05:01:27,291] [builder.py:720]            [DEBUG]    | Value: https://theposterdb.com/api/assets/193453                                                   |
[2023-11-30 05:01:27,768] [builder.py:715]            [DEBUG]    |                                                                                                    |
[2023-11-30 05:01:27,768] [builder.py:719]            [DEBUG]    | Validating Method: sort_title                                                                      |
[2023-11-30 05:01:27,768] [builder.py:720]            [DEBUG]    | Value: ++++++++_Studio Ghibli                                                                      |
[2023-11-30 05:01:27,768] [builder.py:715]            [DEBUG]    |                                                                                                    |
[2023-11-30 05:01:27,769] [builder.py:719]            [DEBUG]    | Validating Method: collection_mode                                                                 |
[2023-11-30 05:01:27,769] [builder.py:720]            [DEBUG]    | Value: hide                                                                                        |
[2023-11-30 05:01:27,769] [builder.py:715]            [DEBUG]    |                                                                                                    |
[2023-11-30 05:01:27,769] [builder.py:719]            [DEBUG]    | Validating Method: visible_home                                                                    |
[2023-11-30 05:01:27,769] [builder.py:720]            [DEBUG]    | Value: False                                                                                       |
[2023-11-30 05:01:27,769] [builder.py:715]            [DEBUG]    |                                                                                                    |
[2023-11-30 05:01:27,769] [builder.py:719]            [DEBUG]    | Validating Method: visible_shared                                                                  |
[2023-11-30 05:01:27,769] [builder.py:720]            [DEBUG]    | Value: False                                                                                       |
[2023-11-30 05:01:27,769] [builder.py:885]            [INFO]     |                                                                                                    |
[2023-11-30 05:01:27,769] [builder.py:886]            [INFO]     | Validation Successful                                                                              |
[2023-11-30 05:01:27,770] [plex_meta_manager.py:636]  [INFO]     |                                                                                                    |
[2023-11-30 05:01:27,770] [plex_meta_manager.py:638]  [INFO]     |================================= Running Studio Ghibli Collection =================================|
[2023-11-30 05:01:27,770] [plex_meta_manager.py:652]  [INFO]     |                                                                                                    |
[2023-11-30 05:01:27,770] [plex_meta_manager.py:653]  [INFO]     | Sync Mode: sync                                                                                    |
[2023-11-30 05:01:27,770] [plex_meta_manager.py:656]  [DEBUG]    |                                                                                                    |
[2023-11-30 05:01:27,770] [plex_meta_manager.py:657]  [DEBUG]    | Builder: trakt_list: https://trakt.tv/users/hitsquid/lists/studio-ghibli?sort=released,desc        |
[2023-11-30 05:01:27,770] [plex_meta_manager.py:658]  [INFO]     |                                                                                                    |
[2023-11-30 05:01:27,770] [trakt.py:493]              [INFO]     | Processing Trakt List: https://trakt.tv/users/hitsquid/lists/studio-ghibli?sort=released,desc      |
[2023-11-30 05:01:27,895] [builder.py:1665]           [DEBUG]    |                                                                                                    |
[2023-11-30 05:01:27,895] [builder.py:1666]           [DEBUG]    | 21 IDs Found                                                                                       |
[2023-11-30 05:01:27,895] [builder.py:1668]           [DEBUG]    |                                                                                                    |
[2023-11-30 05:01:27,895] [builder.py:2249]           [INFO]     |                                                                                                    |
[2023-11-30 05:01:27,895] [builder.py:2250]           [INFO]     |================================ Adding to Studio Ghibli Collection ================================|
[2023-11-30 05:01:27,895] [builder.py:2251]           [INFO]     |                                                                                                    |
[2023-11-30 05:01:27,895] [builder.py:2265]           [INFO]     | 1/7 | Studio Ghibli Collection | = | My Neighbor Totoro (1988)                                     |
[2023-11-30 05:01:27,896] [builder.py:2265]           [INFO]     | 2/7 | Studio Ghibli Collection | = | Howl's Moving Castle (2004)                                   |
[2023-11-30 05:01:27,896] [builder.py:2265]           [INFO]     | 3/7 | Studio Ghibli Collection | = | Kiki's Delivery Service (1989)                                |
[2023-11-30 05:01:27,896] [builder.py:2265]           [INFO]     | 4/7 | Studio Ghibli Collection | = | Spirited Away (2001)                                          |
[2023-11-30 05:01:27,896] [builder.py:2265]           [INFO]     | 5/7 | Studio Ghibli Collection | = | Nausicaä of the Valley of the Wind (1984)                     |
[2023-11-30 05:01:27,896] [builder.py:2265]           [INFO]     | 6/7 | Studio Ghibli Collection | = | Castle in the Sky (1986)                                      |
[2023-11-30 05:01:27,896] [builder.py:2265]           [INFO]     | 7/7 | Studio Ghibli Collection | = | Ponyo (2008)                                                  |
[2023-11-30 05:01:27,896] [builder.py:2285]           [INFO]     |                                                                                                    |
[2023-11-30 05:01:27,896] [builder.py:2287]           [INFO]     | 7 Movies Processed 0 Movies Added                                                                  |
[2023-11-30 05:01:27,933] [builder.py:2422]           [INFO]     |                                                                                                    |
[2023-11-30 05:01:27,934] [builder.py:2423]           [INFO]     | 14 Movies Missing                                                                                  |
[2023-11-30 05:01:28,018] [builder.py:2623]           [INFO]     |                                                                                                    |
[2023-11-30 05:01:28,018] [builder.py:2624]           [INFO]     |=========================== Updating Details of Studio Ghibli Collection ===========================|
[2023-11-30 05:01:28,018] [builder.py:2625]           [INFO]     |                                                                                                    |
[2023-11-30 05:01:28,023] [builder.py:2689]           [INFO]     | Collection Metadata Edits                                                                          |
[2023-11-30 05:01:28,026] [util.py:178]               [DEBUG]    | 2 posters found:                                                                                   |
[2023-11-30 05:01:28,026] [util.py:180]               [DEBUG]    | Method: url_poster Poster: https://theposterdb.com/api/assets/193453                               |
[2023-11-30 05:01:28,026] [util.py:180]               [DEBUG]    | Method: asset_directory Poster: {'attribute': 'asset_directory', 'location': '//config/assets/movies/Studio Ghibli/poster.jpg', 'prefix': "Studio Ghibli's ", 'is_poster': True, 'is_url': False, 'compare': 152996, 'message': "Studio Ghibli's poster to [File] //config/assets/movies/Studio Ghibli/poster.jpg"} |
[2023-11-30 05:01:28,026] [library.py:177]            [INFO]     | Detail: Studio Ghibli's poster update not needed                                                   |
[2023-11-30 05:01:28,151] [plex_meta_manager.py:780]  [INFO]     |                                                                                                    |
[2023-11-30 05:01:28,151] [plex_meta_manager.py:781]  [INFO]     |====================================================================================================|
[2023-11-30 05:01:28,151] [plex_meta_manager.py:781]  [INFO]     |                                 Finished Studio Ghibli Collection                                  |
[2023-11-30 05:01:28,151] [plex_meta_manager.py:781]  [INFO]     |                                    Collection Run Time: 0:00:01                                    |
[2023-11-30 05:01:28,151] [plex_meta_manager.py:781]  [INFO]     |====================================================================================================|
