[2023-03-24 02:09:21,015] [builder.py:193]            [INFO]     |====================================================================================================|
[2023-03-24 02:09:21,015] [builder.py:193]            [INFO]     |                                   Biography Collection in Movies                                   |
[2023-03-24 02:09:21,015] [builder.py:193]            [INFO]     |====================================================================================================|
[2023-03-24 02:09:21,015] [builder.py:194]            [INFO]     |                                                                                                    |
[2023-03-24 02:09:21,015] [builder.py:205]            [INFO]     |================================ Building Definition From Templates ================================|
[2023-03-24 02:09:21,015] [builder.py:206]            [DEBUG]    |                                                                                                    |
[2023-03-24 02:09:21,015] [builder.py:216]            [DEBUG]    | Templates Called: Genre                                                                            |
[2023-03-24 02:09:21,016] [builder.py:217]            [DEBUG]    |                                                                                                    |
[2023-03-24 02:09:21,016] [meta.py:550]               [DEBUG]    |==================================== Final Template Attributes =====================================|
[2023-03-24 02:09:21,016] [meta.py:551]               [DEBUG]    |                                                                                                    |
[2023-03-24 02:09:21,017] [meta.py:552]               [DEBUG]    | {'plex_search': {'genre': 'Biography'}, 'url_poster': 'https://theposterdb.com/api/assets/60369', 'sort_title': 'Biography', 'collection_order': 'alpha', 'schedule': 'weekly(sunday)'} |
[2023-03-24 02:09:21,017] [meta.py:553]               [DEBUG]    |                                                                                                    |
[2023-03-24 02:09:21,017] [builder.py:233]            [INFO]     |================================= Validating Biography Attributes ==================================|
[2023-03-24 02:09:21,029] [plex.py:857]               [DEBUG]    |                                                                                                    |
[2023-03-24 02:09:21,029] [plex.py:860]               [DEBUG]    | Looking for: Biography                                                                             |
[2023-03-24 02:09:21,029] [builder.py:519]            [DEBUG]    |                                                                                                    |
[2023-03-24 02:09:21,029] [builder.py:520]            [DEBUG]    | Validating Method: schedule                                                                        |
[2023-03-24 02:09:21,029] [builder.py:524]            [DEBUG]    | Value: weekly(sunday)                                                                              |
[2023-03-24 02:09:21,030] [plex_meta_manager.py:755]  [INFO]     |                                                                                                    |
                                                                 | Scheduled weekly on Sunday                                                                         |
                                                                 |                                                                                                    |
                                                                 | Collection Biography not scheduled to run                                                          |
[2023-03-24 02:09:21,030] [plex_meta_manager.py:780]  [INFO]     |                                                                                                    |
[2023-03-24 02:09:21,030] [plex_meta_manager.py:781]  [INFO]     |====================================================================================================|
[2023-03-24 02:09:21,030] [plex_meta_manager.py:781]  [INFO]     |                                   Finished Biography Collection                                    |
[2023-03-24 02:09:21,030] [plex_meta_manager.py:781]  [INFO]     |                                    Collection Run Time: 0:00:00                                    |
[2023-03-24 02:09:21,030] [plex_meta_manager.py:781]  [INFO]     |====================================================================================================|
