[2023-11-30 05:11:20,272] [plex_meta_manager.py:465]  [INFO]     |                                                                                                    |
[2023-11-30 05:11:20,272] [plex_meta_manager.py:466]  [INFO]     |====================================================================================================|
[2023-11-30 05:11:20,272] [plex_meta_manager.py:466]  [INFO]     |                                           Music Library                                            |
[2023-11-30 05:11:20,272] [plex_meta_manager.py:466]  [INFO]     |====================================================================================================|
[2023-11-30 05:11:20,272] [plex_meta_manager.py:468]  [DEBUG]    |                                                                                                    |
[2023-11-30 05:11:20,272] [plex_meta_manager.py:469]  [DEBUG]    | Mapping Name: Music                                                                                |
[2023-11-30 05:11:20,272] [plex_meta_manager.py:470]  [DEBUG]    | Folder Name: Music                                                                                 |
[2023-11-30 05:11:20,272] [plex_meta_manager.py:472]  [DEBUG]    | Asset Directory: //config/assets/music/                                                            |
[2023-11-30 05:11:20,272] [plex_meta_manager.py:473]  [DEBUG]    | Asset Folders: True                                                                                |
[2023-11-30 05:11:20,272] [plex_meta_manager.py:474]  [DEBUG]    | Create Asset Folders: True                                                                         |
[2023-11-30 05:11:20,272] [plex_meta_manager.py:475]  [DEBUG]    | Download URL Assets: True                                                                          |
[2023-11-30 05:11:20,273] [plex_meta_manager.py:476]  [DEBUG]    | Sync Mode: append                                                                                  |
[2023-11-30 05:11:20,273] [plex_meta_manager.py:477]  [DEBUG]    | Minimum Items: 2                                                                                   |
[2023-11-30 05:11:20,273] [plex_meta_manager.py:478]  [DEBUG]    | Delete Below Minimum: True                                                                         |
[2023-11-30 05:11:20,273] [plex_meta_manager.py:479]  [DEBUG]    | Delete Not Scheduled: False                                                                        |
[2023-11-30 05:11:20,273] [plex_meta_manager.py:480]  [DEBUG]    | Default Collection Order: None                                                                     |
[2023-11-30 05:11:20,273] [plex_meta_manager.py:481]  [DEBUG]    | Missing Only Released: False                                                                       |
[2023-11-30 05:11:20,273] [plex_meta_manager.py:482]  [DEBUG]    | Only Filter Missing: False                                                                         |
[2023-11-30 05:11:20,273] [plex_meta_manager.py:483]  [DEBUG]    | Show Unmanaged: True                                                                               |
[2023-11-30 05:11:20,273] [plex_meta_manager.py:484]  [DEBUG]    | Show Filtered: False                                                                               |
[2023-11-30 05:11:20,273] [plex_meta_manager.py:485]  [DEBUG]    | Show Missing: False                                                                                |
[2023-11-30 05:11:20,273] [plex_meta_manager.py:486]  [DEBUG]    | Show Missing Assets: True                                                                          |
[2023-11-30 05:11:20,273] [plex_meta_manager.py:487]  [DEBUG]    | Save Report: True                                                                                  |
[2023-11-30 05:11:20,273] [plex_meta_manager.py:488]  [DEBUG]    | Report Path: /config/reports/Music.yml                                                             |
[2023-11-30 05:11:20,273] [plex_meta_manager.py:489]  [DEBUG]    | Clean Bundles: False                                                                               |
[2023-11-30 05:11:20,273] [plex_meta_manager.py:490]  [DEBUG]    | Empty Trash: False                                                                                 |
[2023-11-30 05:11:20,273] [plex_meta_manager.py:491]  [DEBUG]    | Optimize: False                                                                                    |
[2023-11-30 05:11:20,274] [plex_meta_manager.py:492]  [DEBUG]    | Timeout: 60                                                                                        |
[2023-11-30 05:11:20,274] [library.py:287]            [INFO]     |                                                                                                    |
[2023-11-30 05:11:20,275] [library.py:288]            [INFO]     |=================================== Caching Music Library Items ====================================|
[2023-11-30 05:11:20,275] [library.py:289]            [INFO]     |                                                                                                    |
[2023-11-30 05:11:20,275] [plex.py:520]               [INFO]     | Loading All Artists from Library: Music                                                            |
[2023-11-30 05:11:20,312] [plex.py:529]               [INFO]     | Loaded 31 Artists                                                                                  |
[2023-11-30 05:11:20,312] [plex_meta_manager.py:568]  [INFO]     |                                                                                                    |
[2023-11-30 05:11:20,312] [plex_meta_manager.py:569]  [INFO]     |====================================================================================================|
[2023-11-30 05:11:20,312] [plex_meta_manager.py:569]  [INFO]     |                                    Running Fixes Metadata File                                     |
[2023-11-30 05:11:20,312] [plex_meta_manager.py:569]  [INFO]     |                                 //config/metadata/music/Fixes.yml                                  |
[2023-11-30 05:11:20,312] [plex_meta_manager.py:569]  [INFO]     |====================================================================================================|
[2023-11-30 05:11:20,312] [meta.py:1075]              [INFO]     |                                                                                                    |
[2023-11-30 05:11:20,312] [meta.py:1076]              [INFO]     |====================================================================================================|
[2023-11-30 05:11:20,312] [meta.py:1076]              [INFO]     |                                          Running Metadata                                          |
[2023-11-30 05:11:20,313] [meta.py:1076]              [INFO]     |====================================================================================================|
[2023-11-30 05:11:20,313] [meta.py:1077]              [INFO]     |                                                                                                    |
[2023-11-30 05:11:20,313] [meta.py:1082]              [INFO]     |                                                                                                    |
[2023-11-30 05:11:20,313] [meta.py:1110]              [INFO]     |======================================== Ice Cube Metadata =========================================|
[2023-11-30 05:11:20,313] [meta.py:1111]              [INFO]     |                                                                                                    |
[2023-11-30 05:11:20,375] [meta.py:1301]              [INFO]     | Artist: Ice Cube Details Update Not Needed                                                         |
[2023-11-30 05:11:20,390] [meta.py:1431]              [INFO]     |                                                                                                    |
[2023-11-30 05:11:20,391] [meta.py:1432]              [INFO]     | Updating album The Predator of Ice Cube...                                                         |
[2023-11-30 05:11:20,391] [meta.py:1459]              [INFO]     | Album: The Predator of Ice Cube Details Update Not Needed                                          |
[2023-11-30 05:11:20,403] [meta.py:1475]              [INFO]     |                                                                                                    |
[2023-11-30 05:11:20,404] [meta.py:1476]              [INFO]     | Updating track Gangsta’s Fairytale 2 on The Predator of Ice Cube...                                |
[2023-11-30 05:11:20,404] [meta.py:1498]              [INFO]     | Track: Gangsta’s Fairytale 2 on Album: Gangsta’s Fairytale 2 of Ice Cube Details Update Not Needed |
[2023-11-30 05:11:20,404] [meta.py:1475]              [INFO]     |                                                                                                    |
[2023-11-30 05:11:20,404] [meta.py:1476]              [INFO]     | Updating track Check Yo Self on The Predator of Ice Cube...                                        |
[2023-11-30 05:11:20,404] [meta.py:1498]              [INFO]     | Track: Check Yo Self on Album: Check Yo Self of Ice Cube Details Update Not Needed                 |
[2023-11-30 05:11:20,404] [meta.py:1475]              [INFO]     |                                                                                                    |
[2023-11-30 05:11:20,404] [meta.py:1476]              [INFO]     | Updating track Integration (insert) on The Predator of Ice Cube...                                 |
[2023-11-30 05:11:20,404] [meta.py:1498]              [INFO]     | Track: Integration (insert) on Album: Integration (insert) of Ice Cube Details Update Not Needed   |
[2023-11-30 05:11:20,404] [meta.py:1475]              [INFO]     |                                                                                                    |
[2023-11-30 05:11:20,404] [meta.py:1476]              [INFO]     | Updating track Say Hi to the Bad Guy on The Predator of Ice Cube...                                |
[2023-11-30 05:11:20,404] [meta.py:1498]              [INFO]     | Track: Say Hi to the Bad Guy on Album: Say Hi to the Bad Guy of Ice Cube Details Update Not Needed |
[2023-11-30 05:11:20,405] [meta.py:1475]              [INFO]     |                                                                                                    |
[2023-11-30 05:11:20,405] [meta.py:1476]              [INFO]     | Updating track Check Yo Self (“The Message” remix) on The Predator of Ice Cube...                  |
[2023-11-30 05:11:20,405] [meta.py:1498]              [INFO]     | Track: Check Yo Self (“The Message” remix) on Album: Check Yo Self (“The Message” remix) of Ice Cube Details Update Not Needed |
[2023-11-30 05:11:20,405] [meta.py:1082]              [INFO]     |                                                                                                    |
[2023-11-30 05:11:20,405] [meta.py:1110]              [INFO]     |=================================== The Halluci Nation Metadata ====================================|
[2023-11-30 05:11:20,405] [meta.py:1111]              [INFO]     |                                                                                                    |
[2023-11-30 05:11:20,458] [util.py:178]               [DEBUG]    | 2 posters found:                                                                                   |
[2023-11-30 05:11:20,459] [util.py:180]               [DEBUG]    | Method: url_poster Poster: https://earth-agency.com/wp-content/uploads/2021/03/logo-We-Are-The-Halluci-Nation-Seal-800x800.png |
[2023-11-30 05:11:20,459] [util.py:180]               [DEBUG]    | Method: asset_directory Poster: {'attribute': 'asset_directory', 'location': '//config/assets/music/The Halluci Nation/poster.png', 'prefix': "The Halluci Nation's ", 'is_poster': True, 'is_url': False, 'compare': 322144, 'message': "The Halluci Nation's poster to [File] //config/assets/music/The Halluci Nation/poster.png"} |
[2023-11-30 05:11:20,459] [library.py:177]            [INFO]     | Detail: The Halluci Nation's poster update not needed                                              |
[2023-11-30 05:11:20,459] [meta.py:1301]              [INFO]     | Artist: The Halluci Nation Details Update Not Needed                                               |
[2023-11-30 05:11:20,463] [meta.py:1431]              [INFO]     |                                                                                                    |
[2023-11-30 05:11:20,463] [meta.py:1432]              [INFO]     | Updating album We Are the Halluci Nation of The Halluci Nation...                                  |
[2023-11-30 05:11:20,464] [meta.py:1459]              [INFO]     | Album: We Are the Halluci Nation of The Halluci Nation Details Update Not Needed                   |
[2023-11-30 05:11:20,469] [meta.py:1475]              [INFO]     |                                                                                                    |
[2023-11-30 05:11:20,469] [meta.py:1476]              [INFO]     | Updating track R.E.D. (featuring Yasiin Bey, Narcy & Black Bear) on We Are the Halluci Nation of The Halluci Nation... |
[2023-11-30 05:11:20,469] [meta.py:1483]              [ERROR]    | Metadata Error: Track: R.E.D. (featuring Yasiin Bey, Narcy & Black Bear) not found                 |
[2023-11-30 05:11:20,469] [meta.py:1082]              [INFO]     |                                                                                                    |
[2023-11-30 05:11:20,469] [meta.py:1110]              [INFO]     |===================================== Various Artists Metadata =====================================|
[2023-11-30 05:11:20,470] [meta.py:1111]              [INFO]     |                                                                                                    |
[2023-11-30 05:11:20,505] [util.py:178]               [DEBUG]    | 2 posters found:                                                                                   |
[2023-11-30 05:11:20,505] [util.py:180]               [DEBUG]    | Method: url_poster Poster: https://www.theaudiodb.com/images/media/artist/thumb/vjqm9u1659326549.jpg |
[2023-11-30 05:11:20,505] [util.py:180]               [DEBUG]    | Method: asset_directory Poster: {'attribute': 'asset_directory', 'location': '//config/assets/music/Various Artists/poster.jpg', 'prefix': "Various Artists's ", 'is_poster': True, 'is_url': False, 'compare': 22541, 'message': "Various Artists's poster to [File] //config/assets/music/Various Artists/poster.jpg"} |
[2023-11-30 05:11:20,506] [library.py:177]            [INFO]     | Detail: Various Artists's poster update not needed                                                 |
[2023-11-30 05:11:20,506] [meta.py:1301]              [INFO]     | Artist: Various Artists Details Update Not Needed                                                  |
[2023-11-30 05:11:20,506] [operations.py:23]          [INFO]     |                                                                                                    |
[2023-11-30 05:11:20,506] [operations.py:24]          [INFO]     |====================================================================================================|
[2023-11-30 05:11:20,506] [operations.py:24]          [INFO]     |                                      Music Library Operations                                      |
[2023-11-30 05:11:20,506] [operations.py:24]          [INFO]     |====================================================================================================|
[2023-11-30 05:11:20,506] [operations.py:25]          [INFO]     |                                                                                                    |
[2023-11-30 05:11:20,507] [operations.py:26]          [DEBUG]    | Assets For All: None                                                                               |
[2023-11-30 05:11:20,507] [operations.py:27]          [DEBUG]    | Delete Collections: None                                                                           |
[2023-11-30 05:11:20,507] [operations.py:28]          [DEBUG]    | Show Unmanaged Collections: True                                                                   |
[2023-11-30 05:11:20,507] [operations.py:29]          [DEBUG]    | Show Unconfigured Collections: True                                                                |
[2023-11-30 05:11:20,507] [operations.py:30]          [DEBUG]    | Mass Genre Update: None                                                                            |
[2023-11-30 05:11:20,507] [operations.py:31]          [DEBUG]    | Mass Audience Rating Update: None                                                                  |
[2023-11-30 05:11:20,507] [operations.py:32]          [DEBUG]    | Mass Critic Rating Update: None                                                                    |
[2023-11-30 05:11:20,507] [operations.py:33]          [DEBUG]    | Mass User Rating Update: None                                                                      |
[2023-11-30 05:11:20,507] [operations.py:34]          [DEBUG]    | Mass Episode Audience Rating Update: None                                                          |
[2023-11-30 05:11:20,507] [operations.py:35]          [DEBUG]    | Mass Episode Critic Rating Update: None                                                            |
[2023-11-30 05:11:20,507] [operations.py:36]          [DEBUG]    | Mass Episode User Rating Update: None                                                              |
[2023-11-30 05:11:20,507] [operations.py:37]          [DEBUG]    | Mass Content Rating Update: None                                                                   |
[2023-11-30 05:11:20,507] [operations.py:38]          [DEBUG]    | Mass Original Title Update: None                                                                   |
[2023-11-30 05:11:20,507] [operations.py:39]          [DEBUG]    | Mass Originally Available Update: None                                                             |
[2023-11-30 05:11:20,507] [operations.py:40]          [DEBUG]    | Mass IMDb Parental Labels: None                                                                    |
[2023-11-30 05:11:20,507] [operations.py:41]          [DEBUG]    | Mass Poster Update: None                                                                           |
[2023-11-30 05:11:20,507] [operations.py:42]          [DEBUG]    | Mass Background Update: None                                                                       |
[2023-11-30 05:11:20,508] [operations.py:43]          [DEBUG]    | Mass Collection Mode Update: None                                                                  |
[2023-11-30 05:11:20,508] [operations.py:44]          [DEBUG]    | Split Duplicates: None                                                                             |
[2023-11-30 05:11:20,508] [operations.py:45]          [DEBUG]    | Radarr Add All Existing: None                                                                      |
[2023-11-30 05:11:20,508] [operations.py:46]          [DEBUG]    | Radarr Remove by Tag: None                                                                         |
[2023-11-30 05:11:20,508] [operations.py:47]          [DEBUG]    | Sonarr Add All Existing: None                                                                      |
[2023-11-30 05:11:20,508] [operations.py:48]          [DEBUG]    | Sonarr Remove by Tag: None                                                                         |
[2023-11-30 05:11:20,508] [operations.py:49]          [DEBUG]    | Update Blank Track Titles: None                                                                    |
[2023-11-30 05:11:20,508] [operations.py:50]          [DEBUG]    | Update Remove Title Parentheses: None                                                              |
[2023-11-30 05:11:20,508] [operations.py:51]          [DEBUG]    | Genre Mapper: None                                                                                 |
[2023-11-30 05:11:20,508] [operations.py:52]          [DEBUG]    | Content Rating Mapper: None                                                                        |
[2023-11-30 05:11:20,508] [operations.py:53]          [DEBUG]    | Metadata Backup: None                                                                              |
[2023-11-30 05:11:20,508] [operations.py:54]          [DEBUG]    | Item Operation: False                                                                              |
[2023-11-30 05:11:20,508] [operations.py:55]          [DEBUG]    |                                                                                                    |
[2023-11-30 05:11:20,511] [operations.py:776]         [INFO]     |                                                                                                    |
[2023-11-30 05:11:20,511] [operations.py:777]         [INFO]     |============================ No Unmanaged Collections in Music Library =============================|
[2023-11-30 05:11:20,511] [operations.py:778]         [INFO]     |                                                                                                    |
[2023-11-30 05:11:20,512] [operations.py:789]         [INFO]     |                                                                                                    |
[2023-11-30 05:11:20,512] [operations.py:790]         [INFO]     |=========================== No Unconfigured Collections in Music Library ===========================|
[2023-11-30 05:11:20,512] [operations.py:791]         [INFO]     |                                                                                                    |
[2023-11-30 05:11:20,512] [operations.py:871]         [INFO]     |                                                                                                    |
[2023-11-30 05:11:20,512] [operations.py:872]         [INFO]     |====================================================================================================|
[2023-11-30 05:11:20,512] [operations.py:872]         [INFO]     |                                 Finished Music Library Operations                                  |
[2023-11-30 05:11:20,512] [operations.py:872]         [INFO]     |                                    Operations Run Time: 0:00:00                                    |
[2023-11-30 05:11:20,512] [operations.py:872]         [INFO]     |====================================================================================================|
