[2023-11-07 05:00:13,433] [builder.py:193]            [INFO]     |====================================================================================================|
[2023-11-07 05:00:13,433] [builder.py:193]            [INFO]     |                                 New Releases Collection in Movies                                  |
[2023-11-07 05:00:13,433] [builder.py:193]            [INFO]     |====================================================================================================|
[2023-11-07 05:00:13,433] [builder.py:194]            [INFO]     |                                                                                                    |
[2023-11-07 05:00:13,433] [builder.py:205]            [INFO]     |================================ Building Definition From Templates ================================|
[2023-11-07 05:00:13,433] [builder.py:206]            [DEBUG]    |                                                                                                    |
[2023-11-07 05:00:13,433] [builder.py:216]            [DEBUG]    | Templates Called: Charts                                                                           |
[2023-11-07 05:00:13,433] [builder.py:217]            [DEBUG]    |                                                                                                    |
[2023-11-07 05:00:13,434] [meta.py:550]               [DEBUG]    |==================================== Final Template Attributes =====================================|
[2023-11-07 05:00:13,434] [meta.py:551]               [DEBUG]    |                                                                                                    |
[2023-11-07 05:00:13,434] [meta.py:552]               [DEBUG]    | {'url_poster': 'https://i.ibb.co/VNwwdZQ/New-Releases.jpg', 'collection_mode': 'hide', 'visible_home': False, 'visible_shared': False, 'sync_mode': 'sync'} |
[2023-11-07 05:00:13,434] [meta.py:553]               [DEBUG]    |                                                                                                    |
[2023-11-07 05:00:13,434] [builder.py:233]            [INFO]     |================================ Validating New Releases Attributes ================================|
[2023-11-07 05:00:13,457] [builder.py:473]            [DEBUG]    |                                                                                                    |
[2023-11-07 05:00:13,457] [builder.py:474]            [DEBUG]    | Validating Method: smart_label                                                                     |
[2023-11-07 05:00:13,457] [builder.py:479]            [DEBUG]    | Value: critic_rating.desc                                                                          |
[2023-11-07 05:00:13,486] [builder.py:579]            [DEBUG]    |                                                                                                    |
[2023-11-07 05:00:13,486] [builder.py:580]            [DEBUG]    | Validating Method: sync_mode                                                                       |
[2023-11-07 05:00:13,486] [builder.py:584]            [DEBUG]    | Value: sync                                                                                        |
[2023-11-07 05:00:13,487] [builder.py:715]            [DEBUG]    |                                                                                                    |
[2023-11-07 05:00:13,487] [builder.py:719]            [DEBUG]    | Validating Method: trakt_list                                                                      |
[2023-11-07 05:00:13,487] [builder.py:720]            [DEBUG]    | Value: https://trakt.tv/users/giladg/lists/latest-releases                                         |
[2023-11-07 05:00:13,679] [builder.py:715]            [DEBUG]    |                                                                                                    |
[2023-11-07 05:00:13,679] [builder.py:719]            [DEBUG]    | Validating Method: sort_title                                                                      |
[2023-11-07 05:00:13,679] [builder.py:720]            [DEBUG]    | Value: *101a                                                                                       |
[2023-11-07 05:00:13,679] [builder.py:715]            [DEBUG]    |                                                                                                    |
[2023-11-07 05:00:13,679] [builder.py:719]            [DEBUG]    | Validating Method: summary                                                                         |
[2023-11-07 05:00:13,679] [builder.py:720]            [DEBUG]    | Value: The most recent movie releases.                                                             |
[2023-11-07 05:00:13,679] [builder.py:715]            [DEBUG]    |                                                                                                    |
[2023-11-07 05:00:13,680] [builder.py:719]            [DEBUG]    | Validating Method: url_poster                                                                      |
[2023-11-07 05:00:13,680] [builder.py:720]            [DEBUG]    | Value: https://i.ibb.co/VNwwdZQ/New-Releases.jpg                                                   |
[2023-11-07 05:00:13,859] [builder.py:715]            [DEBUG]    |                                                                                                    |
[2023-11-07 05:00:13,859] [builder.py:719]            [DEBUG]    | Validating Method: collection_mode                                                                 |
[2023-11-07 05:00:13,859] [builder.py:720]            [DEBUG]    | Value: hide                                                                                        |
[2023-11-07 05:00:13,859] [builder.py:715]            [DEBUG]    |                                                                                                    |
[2023-11-07 05:00:13,859] [builder.py:719]            [DEBUG]    | Validating Method: visible_home                                                                    |
[2023-11-07 05:00:13,859] [builder.py:720]            [DEBUG]    | Value: False                                                                                       |
[2023-11-07 05:00:13,859] [builder.py:715]            [DEBUG]    |                                                                                                    |
[2023-11-07 05:00:13,859] [builder.py:719]            [DEBUG]    | Validating Method: visible_shared                                                                  |
[2023-11-07 05:00:13,860] [builder.py:720]            [DEBUG]    | Value: False                                                                                       |
[2023-11-07 05:00:13,900] [builder.py:885]            [INFO]     |                                                                                                    |
[2023-11-07 05:00:13,900] [builder.py:886]            [INFO]     | Validation Successful                                                                              |
[2023-11-07 05:00:13,900] [plex_meta_manager.py:636]  [INFO]     |                                                                                                    |
[2023-11-07 05:00:13,900] [plex_meta_manager.py:638]  [INFO]     |================================= Running New Releases Collection ==================================|
[2023-11-07 05:00:13,900] [plex_meta_manager.py:644]  [INFO]     |                                                                                                    |
[2023-11-07 05:00:13,900] [plex_meta_manager.py:645]  [INFO]     | Smart Movie Label                                                                                  |
                                                                 | Sort By: ['critic_rating.desc']                                                                    |
                                                                 | Filter:                                                                                            |
                                                                 |   Match all of the following:                                                                      |
                                                                 |     Label is New Releases                                                                          |
[2023-11-07 05:00:13,900] [plex_meta_manager.py:646]  [INFO]     |                                                                                                    |
[2023-11-07 05:00:13,901] [plex_meta_manager.py:647]  [INFO]     | Items Found: 6                                                                                     |
[2023-11-07 05:00:13,901] [plex_meta_manager.py:652]  [INFO]     |                                                                                                    |
[2023-11-07 05:00:13,901] [plex_meta_manager.py:653]  [INFO]     | Sync Mode: sync                                                                                    |
[2023-11-07 05:00:13,901] [plex_meta_manager.py:656]  [DEBUG]    |                                                                                                    |
[2023-11-07 05:00:13,901] [plex_meta_manager.py:657]  [DEBUG]    | Builder: trakt_list: https://trakt.tv/users/giladg/lists/latest-releases                           |
[2023-11-07 05:00:13,901] [plex_meta_manager.py:658]  [INFO]     |                                                                                                    |
[2023-11-07 05:00:13,901] [trakt.py:493]              [INFO]     | Processing Trakt List: https://trakt.tv/users/giladg/lists/latest-releases                         |
[2023-11-07 05:00:14,385] [builder.py:1665]           [DEBUG]    |                                                                                                    |
[2023-11-07 05:00:14,385] [builder.py:1666]           [DEBUG]    | 300 IDs Found                                                                                      |
[2023-11-07 05:00:14,385] [builder.py:1668]           [DEBUG]    |                                                                                                    |
[2023-11-07 05:00:14,386] [builder.py:2249]           [INFO]     |                                                                                                    |
[2023-11-07 05:00:14,386] [builder.py:2250]           [INFO]     |================================ Adding to New Releases Collection =================================|
[2023-11-07 05:00:14,387] [builder.py:2251]           [INFO]     |                                                                                                    |
[2023-11-07 05:00:14,409] [builder.py:2265]           [INFO]     | 1/6 | New Releases Collection | = | Spider-Man: Across the Spider-Verse (2023)                     |
[2023-11-07 05:00:14,409] [builder.py:2265]           [INFO]     | 2/6 | New Releases Collection | = | Teenage Mutant Ninja Turtles: Mutant Mayhem (2023)             |
[2023-11-07 05:00:14,409] [builder.py:2265]           [INFO]     | 3/6 | New Releases Collection | = | Barbie (2023)                                                  |
[2023-11-07 05:00:14,409] [builder.py:2265]           [INFO]     | 4/6 | New Releases Collection | = | Haunted Mansion (2023)                                         |
[2023-11-07 05:00:14,410] [builder.py:2265]           [INFO]     | 5/6 | New Releases Collection | = | Mission: Impossible - Dead Reckoning Part One (2023)           |
[2023-11-07 05:00:14,410] [builder.py:2265]           [INFO]     | 6/6 | New Releases Collection | = | A Haunting in Venice (2023)                                    |
[2023-11-07 05:00:14,410] [builder.py:2285]           [INFO]     |                                                                                                    |
[2023-11-07 05:00:14,410] [builder.py:2287]           [INFO]     | 6 Movies Processed 0 Movies Added                                                                  |
[2023-11-07 05:01:23,550] [builder.py:2422]           [INFO]     |                                                                                                    |
[2023-11-07 05:01:23,550] [builder.py:2423]           [INFO]     | 294 Movies Missing                                                                                 |
[2023-11-07 05:01:23,582] [builder.py:2623]           [INFO]     |                                                                                                    |
[2023-11-07 05:01:23,582] [builder.py:2624]           [INFO]     |=========================== Updating Details of New Releases Collection ============================|
[2023-11-07 05:01:23,583] [builder.py:2625]           [INFO]     |                                                                                                    |
[2023-11-07 05:01:23,590] [builder.py:2689]           [INFO]     | Collection Metadata Edits                                                                          |
[2023-11-07 05:01:23,593] [util.py:178]               [DEBUG]    | 2 posters found:                                                                                   |
[2023-11-07 05:01:23,593] [util.py:180]               [DEBUG]    | Method: url_poster Poster: https://i.ibb.co/VNwwdZQ/New-Releases.jpg                               |
[2023-11-07 05:01:23,593] [util.py:180]               [DEBUG]    | Method: asset_directory Poster: {'attribute': 'asset_directory', 'location': '//config/assets/movies/New Releases/poster.jpg', 'prefix': "New Releases's ", 'is_poster': True, 'is_url': False, 'compare': 92705, 'message': "New Releases's poster to [File] //config/assets/movies/New Releases/poster.jpg"} |
[2023-11-07 05:01:23,593] [util.py:178]               [DEBUG]    | 1 background found:                                                                                |
[2023-11-07 05:01:23,593] [util.py:180]               [DEBUG]    | Method: asset_directory Background: {'attribute': 'asset_directory', 'location': '//config/assets/movies/New Releases/background.jpg', 'prefix': "New Releases's ", 'is_poster': False, 'is_url': False, 'compare': 1173495, 'message': "New Releases's background to [File] //config/assets/movies/New Releases/background.jpg"} |
[2023-11-07 05:01:23,594] [library.py:177]            [INFO]     | Detail: New Releases's poster update not needed                                                    |
[2023-11-07 05:01:23,594] [library.py:193]            [INFO]     | Detail: New Releases's background update not needed                                                |
[2023-11-07 05:01:23,611] [plex_meta_manager.py:780]  [INFO]     |                                                                                                    |
[2023-11-07 05:01:23,611] [plex_meta_manager.py:781]  [INFO]     |====================================================================================================|
[2023-11-07 05:01:23,611] [plex_meta_manager.py:781]  [INFO]     |                                  Finished New Releases Collection                                  |
[2023-11-07 05:01:23,611] [plex_meta_manager.py:781]  [INFO]     |                                    Collection Run Time: 0:01:10                                    |
[2023-11-07 05:01:23,611] [plex_meta_manager.py:781]  [INFO]     |====================================================================================================|
