[2023-03-02 05:01:10,385] [builder.py:193]            [INFO]     |====================================================================================================|
[2023-03-02 05:01:10,385] [builder.py:193]            [INFO]     |                                   Die Hard Collection in Movies                                    |
[2023-03-02 05:01:10,385] [builder.py:193]            [INFO]     |====================================================================================================|
[2023-03-02 05:01:10,385] [builder.py:194]            [INFO]     |                                                                                                    |
[2023-03-02 05:01:10,385] [builder.py:205]            [INFO]     |================================ Building Definition From Templates ================================|
[2023-03-02 05:01:10,385] [builder.py:206]            [DEBUG]    |                                                                                                    |
[2023-03-02 05:01:10,385] [builder.py:216]            [DEBUG]    | Templates Called: Franchise                                                                        |
[2023-03-02 05:01:10,385] [builder.py:217]            [DEBUG]    |                                                                                                    |
[2023-03-02 05:01:10,386] [meta.py:550]               [DEBUG]    |==================================== Final Template Attributes =====================================|
[2023-03-02 05:01:10,386] [meta.py:551]               [DEBUG]    |                                                                                                    |
[2023-03-02 05:01:10,386] [meta.py:552]               [DEBUG]    | {'url_poster': 'https://theposterdb.com/api/assets/277766', 'sort_title': '++++_Die Hard', 'collection_mode': 'hide', 'collection_order': 'release', 'delete_not_scheduled': True, 'run_again': True, 'visible_home': False, 'visible_shared': True, 'sync_mode': 'sync'} |
[2023-03-02 05:01:10,386] [meta.py:553]               [DEBUG]    |                                                                                                    |
[2023-03-02 05:01:10,386] [builder.py:233]            [INFO]     |================================== Validating Die Hard Attributes ==================================|
[2023-03-02 05:01:10,476] [builder.py:500]            [DEBUG]    |                                                                                                    |
[2023-03-02 05:01:10,476] [builder.py:501]            [DEBUG]    | Validating Method: delete_not_scheduled                                                            |
[2023-03-02 05:01:10,476] [builder.py:502]            [DEBUG]    | Value: True                                                                                        |
[2023-03-02 05:01:10,476] [builder.py:558]            [DEBUG]    |                                                                                                    |
[2023-03-02 05:01:10,476] [builder.py:559]            [DEBUG]    | Validating Method: run_again                                                                       |
[2023-03-02 05:01:10,476] [builder.py:560]            [DEBUG]    | Value: True                                                                                        |
[2023-03-02 05:01:10,476] [builder.py:579]            [DEBUG]    |                                                                                                    |
[2023-03-02 05:01:10,476] [builder.py:580]            [DEBUG]    | Validating Method: sync_mode                                                                       |
[2023-03-02 05:01:10,476] [builder.py:584]            [DEBUG]    | Value: sync                                                                                        |
[2023-03-02 05:01:10,476] [builder.py:682]            [DEBUG]    |                                                                                                    |
[2023-03-02 05:01:10,476] [builder.py:683]            [DEBUG]    | Validating Method: collection_order                                                                |
[2023-03-02 05:01:10,476] [builder.py:684]            [DEBUG]    | Value: release                                                                                     |
[2023-03-02 05:01:10,477] [builder.py:715]            [DEBUG]    |                                                                                                    |
[2023-03-02 05:01:10,477] [builder.py:719]            [DEBUG]    | Validating Method: trakt_list                                                                      |
[2023-03-02 05:01:10,477] [builder.py:720]            [DEBUG]    | Value: https://trakt.tv/users/theriskoftime/lists/die-hard?sort=released,desc                      |
[2023-03-02 05:01:10,599] [builder.py:715]            [DEBUG]    |                                                                                                    |
[2023-03-02 05:01:10,599] [builder.py:719]            [DEBUG]    | Validating Method: summary                                                                         |
[2023-03-02 05:01:10,599] [builder.py:720]            [DEBUG]    | Value: An action film series centered around the character of John McClane, a New York City police detective who finds himself fighting a group of terrorists in each film. |
[2023-03-02 05:01:10,600] [builder.py:715]            [DEBUG]    |                                                                                                    |
[2023-03-02 05:01:10,600] [builder.py:719]            [DEBUG]    | Validating Method: url_poster                                                                      |
[2023-03-02 05:01:10,600] [builder.py:720]            [DEBUG]    | Value: https://theposterdb.com/api/assets/277766                                                   |
[2023-03-02 05:01:12,177] [builder.py:715]            [DEBUG]    |                                                                                                    |
[2023-03-02 05:01:12,177] [builder.py:719]            [DEBUG]    | Validating Method: sort_title                                                                      |
[2023-03-02 05:01:12,178] [builder.py:720]            [DEBUG]    | Value: ++++_Die Hard                                                                               |
[2023-03-02 05:01:12,178] [builder.py:715]            [DEBUG]    |                                                                                                    |
[2023-03-02 05:01:12,178] [builder.py:719]            [DEBUG]    | Validating Method: collection_mode                                                                 |
[2023-03-02 05:01:12,178] [builder.py:720]            [DEBUG]    | Value: hide                                                                                        |
[2023-03-02 05:01:12,178] [builder.py:715]            [DEBUG]    |                                                                                                    |
[2023-03-02 05:01:12,178] [builder.py:719]            [DEBUG]    | Validating Method: visible_home                                                                    |
[2023-03-02 05:01:12,178] [builder.py:720]            [DEBUG]    | Value: False                                                                                       |
[2023-03-02 05:01:12,178] [builder.py:715]            [DEBUG]    |                                                                                                    |
[2023-03-02 05:01:12,178] [builder.py:719]            [DEBUG]    | Validating Method: visible_shared                                                                  |
[2023-03-02 05:01:12,178] [builder.py:720]            [DEBUG]    | Value: True                                                                                        |
[2023-03-02 05:01:12,178] [builder.py:885]            [INFO]     |                                                                                                    |
[2023-03-02 05:01:12,179] [builder.py:886]            [INFO]     | Validation Successful                                                                              |
[2023-03-02 05:01:12,179] [plex_meta_manager.py:636]  [INFO]     |                                                                                                    |
[2023-03-02 05:01:12,179] [plex_meta_manager.py:638]  [INFO]     |=================================== Running Die Hard Collection ====================================|
[2023-03-02 05:01:12,179] [plex_meta_manager.py:652]  [INFO]     |                                                                                                    |
[2023-03-02 05:01:12,179] [plex_meta_manager.py:653]  [INFO]     | Sync Mode: sync                                                                                    |
[2023-03-02 05:01:12,179] [plex_meta_manager.py:656]  [DEBUG]    |                                                                                                    |
[2023-03-02 05:01:12,179] [plex_meta_manager.py:657]  [DEBUG]    | Builder: trakt_list: https://trakt.tv/users/theriskoftime/lists/die-hard?sort=released,desc        |
[2023-03-02 05:01:12,179] [plex_meta_manager.py:658]  [INFO]     |                                                                                                    |
[2023-03-02 05:01:12,179] [trakt.py:493]              [INFO]     | Processing Trakt List: https://trakt.tv/users/theriskoftime/lists/die-hard?sort=released,desc      |
[2023-03-02 05:01:12,305] [builder.py:1665]           [DEBUG]    |                                                                                                    |
[2023-03-02 05:01:12,305] [builder.py:1666]           [DEBUG]    | 5 IDs Found                                                                                        |
[2023-03-02 05:01:12,305] [builder.py:1668]           [DEBUG]    |                                                                                                    |
[2023-03-02 05:01:12,305] [builder.py:2249]           [INFO]     |                                                                                                    |
[2023-03-02 05:01:12,305] [builder.py:2250]           [INFO]     |================================== Adding to Die Hard Collection ===================================|
[2023-03-02 05:01:12,305] [builder.py:2251]           [INFO]     |                                                                                                    |
[2023-03-02 05:01:12,305] [builder.py:2265]           [INFO]     | 1/4 | Die Hard Collection | = | Die Hard (1988)                                                    |
[2023-03-02 05:01:12,305] [builder.py:2265]           [INFO]     | 2/4 | Die Hard Collection | = | Die Hard 2: Die Harder (1990)                                      |
[2023-03-02 05:01:12,306] [builder.py:2265]           [INFO]     | 3/4 | Die Hard Collection | = | Die Hard With A Vengeance (1995)                                   |
[2023-03-02 05:01:12,306] [builder.py:2265]           [INFO]     | 4/4 | Die Hard Collection | = | Die Hard: Live Free Or Die Hard (2007)                             |
[2023-03-02 05:01:12,306] [builder.py:2285]           [INFO]     |                                                                                                    |
[2023-03-02 05:01:12,306] [builder.py:2287]           [INFO]     | 4 Movies Processed 0 Movies Added                                                                  |
[2023-03-02 05:01:12,313] [builder.py:2623]           [INFO]     |                                                                                                    |
[2023-03-02 05:01:12,313] [builder.py:2624]           [INFO]     |============================= Updating Details of Die Hard Collection ==============================|
[2023-03-02 05:01:12,313] [builder.py:2625]           [INFO]     |                                                                                                    |
[2023-03-02 05:01:12,322] [builder.py:2689]           [INFO]     | Collection Metadata Edits                                                                          |
[2023-03-02 05:01:12,328] [util.py:178]               [DEBUG]    | 2 posters found:                                                                                   |
[2023-03-02 05:01:12,328] [util.py:180]               [DEBUG]    | Method: url_poster Poster: https://theposterdb.com/api/assets/277766                               |
[2023-03-02 05:01:12,328] [util.py:180]               [DEBUG]    | Method: asset_directory Poster: {'attribute': 'asset_directory', 'location': '//config/assets/movies/Die Hard/poster.jpg', 'prefix': "Die Hard's ", 'is_poster': True, 'is_url': False, 'compare': 76773, 'message': "Die Hard's poster to [File] //config/assets/movies/Die Hard/poster.jpg"} |
[2023-03-02 05:01:12,329] [library.py:177]            [INFO]     | Detail: Die Hard's poster update not needed                                                        |
[2023-03-02 05:01:12,412] [plex_meta_manager.py:780]  [INFO]     |                                                                                                    |
[2023-03-02 05:01:12,412] [plex_meta_manager.py:781]  [INFO]     |====================================================================================================|
[2023-03-02 05:01:12,412] [plex_meta_manager.py:781]  [INFO]     |                                    Finished Die Hard Collection                                    |
[2023-03-02 05:01:12,413] [plex_meta_manager.py:781]  [INFO]     |                                    Collection Run Time: 0:00:02                                    |
[2023-03-02 05:01:12,413] [plex_meta_manager.py:781]  [INFO]     |====================================================================================================|
