[2023-03-30 00:15:28,381] [builder.py:193]            [INFO]     |====================================================================================================|
[2023-03-30 00:15:28,381] [builder.py:193]            [INFO]     |                                 TMDb Top Rated Collection in Shows                                 |
[2023-03-30 00:15:28,381] [builder.py:193]            [INFO]     |====================================================================================================|
[2023-03-30 00:15:28,381] [builder.py:194]            [INFO]     |                                                                                                    |
[2023-03-30 00:15:28,381] [builder.py:205]            [INFO]     |================================ Building Definition From Templates ================================|
[2023-03-30 00:15:28,381] [builder.py:206]            [DEBUG]    |                                                                                                    |
[2023-03-30 00:15:28,382] [builder.py:216]            [DEBUG]    | Templates Called: tmdb, shared, arr, custom, translation                                           |
[2023-03-30 00:15:28,382] [builder.py:217]            [DEBUG]    |                                                                                                    |
[2023-03-30 00:15:28,382] [builder.py:220]            [DEBUG]    |                                                                                                    |
[2023-03-30 00:15:28,382] [builder.py:221]            [DEBUG]    | Validating Method: variables                                                                       |
[2023-03-30 00:15:28,398] [meta.py:550]               [DEBUG]    |==================================== Final Template Attributes =====================================|
[2023-03-30 00:15:28,398] [meta.py:551]               [DEBUG]    |                                                                                                    |
[2023-03-30 00:15:28,398] [meta.py:552]               [DEBUG]    | {'tmdb_top_rated': 100, 'ignore_blank_results': True, 'sort_title': '!01_TMDb Top Rated', 'url_poster': 'https://raw.githubusercontent.com/meisnate12/Plex-Meta-Manager-Images/master/chart/TMDb%20Top%20Rated.jpg', 'collection_order': 'custom', 'sync_mode': 'sync', 'cache_builders': 1, 'summary': 'A collection of the top rated shows according to TMDb.', 'name': 'TMDb Top Rated'} |
[2023-03-30 00:15:28,399] [meta.py:553]               [DEBUG]    |                                                                                                    |
[2023-03-30 00:15:28,399] [builder.py:233]            [INFO]     |=============================== Validating TMDb Top Rated Attributes ===============================|
[2023-03-30 00:15:28,399] [builder.py:236]            [DEBUG]    |                                                                                                    |
[2023-03-30 00:15:28,399] [builder.py:237]            [DEBUG]    | Validating Method: name                                                                            |
[2023-03-30 00:15:28,399] [builder.py:240]            [DEBUG]    | Value: TMDb Top Rated                                                                              |
[2023-03-30 00:15:28,402] [plex.py:857]               [DEBUG]    |                                                                                                    |
[2023-03-30 00:15:28,402] [plex.py:860]               [DEBUG]    | Looking for: TMDb Top Rated                                                                        |
[2023-03-30 00:15:28,402] [builder.py:463]            [DEBUG]    |                                                                                                    |
[2023-03-30 00:15:28,402] [builder.py:464]            [DEBUG]    | Validating Method: ignore_blank_results                                                            |
[2023-03-30 00:15:28,402] [builder.py:465]            [DEBUG]    | Value: True                                                                                        |
[2023-03-30 00:15:28,403] [builder.py:579]            [DEBUG]    |                                                                                                    |
[2023-03-30 00:15:28,403] [builder.py:580]            [DEBUG]    | Validating Method: sync_mode                                                                       |
[2023-03-30 00:15:28,403] [builder.py:584]            [DEBUG]    | Value: sync                                                                                        |
[2023-03-30 00:15:28,403] [builder.py:682]            [DEBUG]    |                                                                                                    |
[2023-03-30 00:15:28,403] [builder.py:683]            [DEBUG]    | Validating Method: collection_order                                                                |
[2023-03-30 00:15:28,403] [builder.py:684]            [DEBUG]    | Value: custom                                                                                      |
[2023-03-30 00:15:28,403] [builder.py:715]            [DEBUG]    |                                                                                                    |
[2023-03-30 00:15:28,403] [builder.py:719]            [DEBUG]    | Validating Method: tmdb_top_rated                                                                  |
[2023-03-30 00:15:28,404] [builder.py:720]            [DEBUG]    | Value: 100                                                                                         |
[2023-03-30 00:15:28,404] [builder.py:715]            [DEBUG]    |                                                                                                    |
[2023-03-30 00:15:28,404] [builder.py:719]            [DEBUG]    | Validating Method: sort_title                                                                      |
[2023-03-30 00:15:28,404] [builder.py:720]            [DEBUG]    | Value: !01_TMDb Top Rated                                                                          |
[2023-03-30 00:15:28,404] [builder.py:715]            [DEBUG]    |                                                                                                    |
[2023-03-30 00:15:28,404] [builder.py:719]            [DEBUG]    | Validating Method: url_poster                                                                      |
[2023-03-30 00:15:28,404] [builder.py:720]            [DEBUG]    | Value: https://raw.githubusercontent.com/meisnate12/Plex-Meta-Manager-Images/master/chart/TMDb%20Top%20Rated.jpg |
[2023-03-30 00:15:28,566] [builder.py:715]            [DEBUG]    |                                                                                                    |
[2023-03-30 00:15:28,566] [builder.py:719]            [DEBUG]    | Validating Method: cache_builders                                                                  |
[2023-03-30 00:15:28,566] [builder.py:720]            [DEBUG]    | Value: 1                                                                                           |
[2023-03-30 00:15:28,567] [builder.py:715]            [DEBUG]    |                                                                                                    |
[2023-03-30 00:15:28,567] [builder.py:719]            [DEBUG]    | Validating Method: summary                                                                         |
[2023-03-30 00:15:28,567] [builder.py:720]            [DEBUG]    | Value: A collection of the top rated shows according to TMDb.                                      |
[2023-03-30 00:15:28,567] [builder.py:885]            [INFO]     |                                                                                                    |
[2023-03-30 00:15:28,567] [builder.py:886]            [INFO]     | Validation Successful                                                                              |
[2023-03-30 00:15:28,567] [plex_meta_manager.py:636]  [INFO]     |                                                                                                    |
[2023-03-30 00:15:28,567] [plex_meta_manager.py:638]  [INFO]     |================================ Running TMDb Top Rated Collection =================================|
[2023-03-30 00:15:28,568] [plex_meta_manager.py:652]  [INFO]     |                                                                                                    |
[2023-03-30 00:15:28,568] [plex_meta_manager.py:653]  [INFO]     | Sync Mode: sync                                                                                    |
[2023-03-30 00:15:28,568] [plex_meta_manager.py:656]  [DEBUG]    |                                                                                                    |
[2023-03-30 00:15:28,568] [plex_meta_manager.py:657]  [DEBUG]    | Builder: tmdb_top_rated: 100                                                                       |
[2023-03-30 00:15:28,568] [plex_meta_manager.py:658]  [INFO]     |                                                                                                    |
[2023-03-30 00:15:29,155] [tmdb.py:353]               [INFO]     | Processing TMDb Top Rated: 100 Shows                                                               |
[2023-03-30 00:15:29,165] [builder.py:1665]           [DEBUG]    |                                                                                                    |
[2023-03-30 00:15:29,165] [builder.py:1666]           [DEBUG]    | 100 IDs Found                                                                                      |
[2023-03-30 00:15:29,165] [builder.py:1668]           [DEBUG]    |                                                                                                    |
[2023-03-30 00:15:38,053] [builder.py:1780]           [WARNING]  | Convert Error: No TVDb ID Found for TMDb ID: 137720                                                |
[2023-03-30 00:15:49,575] [builder.py:2249]           [INFO]     |                                                                                                    |
[2023-03-30 00:15:49,575] [builder.py:2250]           [INFO]     |=============================== Adding to TMDb Top Rated Collection ================================|
[2023-03-30 00:15:49,575] [builder.py:2251]           [INFO]     |                                                                                                    |
[2023-03-30 00:15:49,576] [builder.py:2265]           [INFO]     | 1/6 | TMDb Top Rated Collection | + | Breaking Bad                                                 |
[2023-03-30 00:15:49,598] [builder.py:2265]           [INFO]     | 2/6 | TMDb Top Rated Collection | + | The Last of Us                                               |
[2023-03-30 00:15:49,614] [builder.py:2265]           [INFO]     | 3/6 | TMDb Top Rated Collection | + | Rick and Morty                                               |
[2023-03-30 00:15:49,630] [builder.py:2265]           [INFO]     | 4/6 | TMDb Top Rated Collection | + | Stranger Things                                              |
[2023-03-30 00:15:49,646] [builder.py:2265]           [INFO]     | 5/6 | TMDb Top Rated Collection | + | Chernobyl                                                    |
[2023-03-30 00:15:49,663] [builder.py:2265]           [INFO]     | 6/6 | TMDb Top Rated Collection | + | Wednesday                                                    |
[2023-03-30 00:15:49,679] [builder.py:2285]           [INFO]     |                                                                                                    |
[2023-03-30 00:15:49,679] [builder.py:2287]           [INFO]     | 6 Shows Processed 6 Shows Added                                                                    |
[2023-03-30 00:15:49,683] [builder.py:2623]           [INFO]     |                                                                                                    |
[2023-03-30 00:15:49,683] [builder.py:2624]           [INFO]     |========================== Updating Details of TMDb Top Rated Collection ===========================|
[2023-03-30 00:15:49,683] [builder.py:2625]           [INFO]     |                                                                                                    |
[2023-03-30 00:15:49,688] [builder.py:2689]           [INFO]     | Collection Metadata Edits                                                                          |
                                                                 | Summary (summary) | A collection of the top rated shows according to TMDb.                         |
                                                                 | Sort Title | !01_TMDb Top Rated                                                                    |
                                                                 | Label | +PMM                                                                                       |
[2023-03-30 00:15:49,769] [builder.py:2693]           [INFO]     | Details: have been updated                                                                         |
[2023-03-30 00:15:49,769] [builder.py:2697]           [INFO]     |                                                                                                    |
[2023-03-30 00:15:49,841] [builder.py:2723]           [INFO]     | Collection Order | custom                                                                          |
[2023-03-30 00:15:49,841] [util.py:178]               [DEBUG]    | 1 poster found:                                                                                    |
[2023-03-30 00:15:49,841] [util.py:180]               [DEBUG]    | Method: url_poster Poster: https://raw.githubusercontent.com/meisnate12/Plex-Meta-Manager-Images/master/chart/TMDb%20Top%20Rated.jpg |
[2023-03-30 00:15:49,879] [library.py:175]            [INFO]     | Detail: url_poster updated poster to [URL] https://raw.githubusercontent.com/meisnate12/Plex-Meta-Manager-Images/master/chart/TMDb%20Top%20Rated.jpg |
[2023-03-30 00:15:49,902] [builder.py:2780]           [INFO]     |                                                                                                    |
[2023-03-30 00:15:49,902] [builder.py:2781]           [INFO]     |================================ Sorting TMDb Top Rated Collection =================================|
[2023-03-30 00:15:49,902] [builder.py:2782]           [INFO]     |                                                                                                    |
[2023-03-30 00:15:49,915] [builder.py:2809]           [INFO]     | Moving Breaking Bad to the beginning                                                               |
[2023-03-30 00:15:49,934] [builder.py:2809]           [INFO]     | Moving The Last of Us after Breaking Bad                                                           |
[2023-03-30 00:15:49,947] [builder.py:2809]           [INFO]     | Moving Rick and Morty after The Last of Us                                                         |
[2023-03-30 00:15:49,958] [builder.py:2809]           [INFO]     | Moving Stranger Things after Rick and Morty                                                        |
[2023-03-30 00:15:49,970] [builder.py:2809]           [INFO]     | Moving Chernobyl after Stranger Things                                                             |
[2023-03-30 00:15:49,981] [builder.py:2809]           [INFO]     | Moving Wednesday after Chernobyl                                                                   |
[2023-03-30 00:15:49,981] [plex_meta_manager.py:780]  [INFO]     |                                                                                                    |
[2023-03-30 00:15:49,981] [plex_meta_manager.py:781]  [INFO]     |====================================================================================================|
[2023-03-30 00:15:49,981] [plex_meta_manager.py:781]  [INFO]     |                                 Finished TMDb Top Rated Collection                                 |
[2023-03-30 00:15:49,981] [plex_meta_manager.py:781]  [INFO]     |                                    Collection Run Time: 0:00:21                                    |
[2023-03-30 00:15:49,982] [plex_meta_manager.py:781]  [INFO]     |====================================================================================================|
