[2023-11-30 05:01:30,888] [builder.py:193]            [INFO]     |====================================================================================================|
[2023-11-30 05:01:30,888] [builder.py:193]            [INFO]     |                               Christopher Nolan Collection in Movies                               |
[2023-11-30 05:01:30,888] [builder.py:193]            [INFO]     |====================================================================================================|
[2023-11-30 05:01:30,888] [builder.py:194]            [INFO]     |                                                                                                    |
[2023-11-30 05:01:30,888] [builder.py:205]            [INFO]     |================================ Building Definition From Templates ================================|
[2023-11-30 05:01:30,888] [builder.py:206]            [DEBUG]    |                                                                                                    |
[2023-11-30 05:01:30,888] [builder.py:216]            [DEBUG]    | Templates Called: Director                                                                         |
[2023-11-30 05:01:30,888] [builder.py:217]            [DEBUG]    |                                                                                                    |
[2023-11-30 05:01:30,889] [meta.py:550]               [DEBUG]    |==================================== Final Template Attributes =====================================|
[2023-11-30 05:01:30,889] [meta.py:551]               [DEBUG]    |                                                                                                    |
[2023-11-30 05:01:30,889] [meta.py:552]               [DEBUG]    | {'tmdb_person': 525, 'sort_title': '++_Christopher Nolan', 'collection_order': 'release', 'collection_mode': 'hide'} |
[2023-11-30 05:01:30,889] [meta.py:553]               [DEBUG]    |                                                                                                    |
[2023-11-30 05:01:30,889] [builder.py:233]            [INFO]     |============================= Validating Christopher Nolan Attributes ==============================|
[2023-11-30 05:01:31,037] [builder.py:591]            [DEBUG]    |                                                                                                    |
[2023-11-30 05:01:31,038] [builder.py:592]            [DEBUG]    | Validating Method: tmdb_person                                                                     |
[2023-11-30 05:01:31,038] [builder.py:596]            [DEBUG]    | Value: 525                                                                                         |
[2023-11-30 05:01:31,120] [builder.py:682]            [DEBUG]    |                                                                                                    |
[2023-11-30 05:01:31,120] [builder.py:683]            [DEBUG]    | Validating Method: collection_order                                                                |
[2023-11-30 05:01:31,120] [builder.py:684]            [DEBUG]    | Value: release                                                                                     |
[2023-11-30 05:01:31,120] [builder.py:715]            [DEBUG]    |                                                                                                    |
[2023-11-30 05:01:31,120] [builder.py:719]            [DEBUG]    | Validating Method: director                                                                        |
[2023-11-30 05:01:31,120] [builder.py:720]            [DEBUG]    | Value: tmdb                                                                                        |
[2023-11-30 05:01:31,201] [builder.py:715]            [DEBUG]    |                                                                                                    |
[2023-11-30 05:01:31,201] [builder.py:719]            [DEBUG]    | Validating Method: summary                                                                         |
[2023-11-30 05:01:31,201] [builder.py:720]            [DEBUG]    | Value: Christopher Edward Nolan, CBE (born 30 July 1970) is a British-American film director, screenwriter, and producer. He was born in Westminster, London, England and holds both British and American citizenship due to his American mother. Nolan is the founder of the production company Syncopy Films. He often collaborates with his wife, producer Emma Thomas, and his brother, screenwriter Jonathan Nolan. |
[2023-11-30 05:01:31,201] [builder.py:715]            [DEBUG]    |                                                                                                    |
[2023-11-30 05:01:31,201] [builder.py:719]            [DEBUG]    | Validating Method: sort_title                                                                      |
[2023-11-30 05:01:31,201] [builder.py:720]            [DEBUG]    | Value: ++_Christopher Nolan                                                                        |
[2023-11-30 05:01:31,201] [builder.py:715]            [DEBUG]    |                                                                                                    |
[2023-11-30 05:01:31,202] [builder.py:719]            [DEBUG]    | Validating Method: collection_mode                                                                 |
[2023-11-30 05:01:31,202] [builder.py:720]            [DEBUG]    | Value: hide                                                                                        |
[2023-11-30 05:01:31,202] [builder.py:885]            [INFO]     |                                                                                                    |
[2023-11-30 05:01:31,202] [builder.py:886]            [INFO]     | Validation Successful                                                                              |
[2023-11-30 05:01:31,202] [plex_meta_manager.py:636]  [INFO]     |                                                                                                    |
[2023-11-30 05:01:31,202] [plex_meta_manager.py:638]  [INFO]     |=============================== Running Christopher Nolan Collection ===============================|
[2023-11-30 05:01:31,202] [plex_meta_manager.py:652]  [INFO]     |                                                                                                    |
[2023-11-30 05:01:31,202] [plex_meta_manager.py:653]  [INFO]     | Sync Mode: append                                                                                  |
[2023-11-30 05:01:31,202] [plex_meta_manager.py:656]  [DEBUG]    |                                                                                                    |
[2023-11-30 05:01:31,202] [plex_meta_manager.py:657]  [DEBUG]    | Builder: plex_search: (1, "Plex Movie Search\nSort By: ['title.asc']\nFilter:\n  Match any of the following:\n    Director is Christopher Nolan", '?type=1&sort=titleSort&push=1&director=64526&pop=1') |
[2023-11-30 05:01:31,203] [plex_meta_manager.py:658]  [INFO]     |                                                                                                    |
[2023-11-30 05:01:31,203] [plex.py:946]               [INFO]     | Processing Plex Movie Search                                                                       |
                                                                 | Sort By: ['title.asc']                                                                             |
                                                                 | Filter:                                                                                            |
                                                                 |   Match any of the following:                                                                      |
                                                                 |     Director is Christopher Nolan                                                                  |
[2023-11-30 05:01:31,225] [builder.py:1665]           [DEBUG]    |                                                                                                    |
[2023-11-30 05:01:31,225] [builder.py:1666]           [DEBUG]    | 9 IDs Found                                                                                        |
[2023-11-30 05:01:31,225] [builder.py:1668]           [DEBUG]    |                                                                                                    |
[2023-11-30 05:01:31,226] [builder.py:2249]           [INFO]     |                                                                                                    |
[2023-11-30 05:01:31,226] [builder.py:2250]           [INFO]     |============================== Adding to Christopher Nolan Collection ==============================|
[2023-11-30 05:01:31,226] [builder.py:2251]           [INFO]     |                                                                                                    |
[2023-11-30 05:01:31,226] [builder.py:2265]           [INFO]     | 1/9 | Christopher Nolan Collection | = | Batman Begins (2005)                                      |
[2023-11-30 05:01:31,226] [builder.py:2265]           [INFO]     | 2/9 | Christopher Nolan Collection | = | The Dark Knight (2008)                                    |
[2023-11-30 05:01:31,226] [builder.py:2265]           [INFO]     | 3/9 | Christopher Nolan Collection | = | The Dark Knight Rises (2012)                              |
[2023-11-30 05:01:31,226] [builder.py:2265]           [INFO]     | 4/9 | Christopher Nolan Collection | = | Dunkirk (2017)                                            |
[2023-11-30 05:01:31,226] [builder.py:2265]           [INFO]     | 5/9 | Christopher Nolan Collection | = | Inception (2010)                                          |
[2023-11-30 05:01:31,227] [builder.py:2265]           [INFO]     | 6/9 | Christopher Nolan Collection | = | Interstellar (2014)                                       |
[2023-11-30 05:01:31,227] [builder.py:2265]           [INFO]     | 7/9 | Christopher Nolan Collection | = | Oppenheimer (2023)                                        |
[2023-11-30 05:01:31,227] [builder.py:2265]           [INFO]     | 8/9 | Christopher Nolan Collection | = | The Prestige (2006)                                       |
[2023-11-30 05:01:31,227] [builder.py:2265]           [INFO]     | 9/9 | Christopher Nolan Collection | = | Tenet (2020)                                              |
[2023-11-30 05:01:31,227] [builder.py:2285]           [INFO]     |                                                                                                    |
[2023-11-30 05:01:31,227] [builder.py:2287]           [INFO]     | 9 Movies Processed 0 Movies Added                                                                  |
[2023-11-30 05:01:31,231] [builder.py:2623]           [INFO]     |                                                                                                    |
[2023-11-30 05:01:31,231] [builder.py:2624]           [INFO]     |========================= Updating Details of Christopher Nolan Collection =========================|
[2023-11-30 05:01:31,231] [builder.py:2625]           [INFO]     |                                                                                                    |
[2023-11-30 05:01:31,237] [builder.py:2689]           [INFO]     | Collection Metadata Edits                                                                          |
[2023-11-30 05:01:31,237] [util.py:178]               [DEBUG]    | 1 poster found:                                                                                    |
[2023-11-30 05:01:31,237] [util.py:180]               [DEBUG]    | Method: tmdb_person Poster: https://image.tmdb.org/t/p/original/xuAIuYSmsUzKlUMBFGVZaWsY3DZ.jpg    |
[2023-11-30 05:01:31,237] [library.py:177]            [INFO]     | Detail: poster update not needed                                                                   |
[2023-11-30 05:01:31,383] [plex_meta_manager.py:780]  [INFO]     |                                                                                                    |
[2023-11-30 05:01:31,383] [plex_meta_manager.py:781]  [INFO]     |====================================================================================================|
[2023-11-30 05:01:31,383] [plex_meta_manager.py:781]  [INFO]     |                               Finished Christopher Nolan Collection                                |
[2023-11-30 05:01:31,383] [plex_meta_manager.py:781]  [INFO]     |                                    Collection Run Time: 0:00:00                                    |
[2023-11-30 05:01:31,383] [plex_meta_manager.py:781]  [INFO]     |====================================================================================================|
