[2023-03-02 05:04:50,726] [builder.py:193]            [INFO]     |====================================================================================================|
[2023-03-02 05:04:50,726] [builder.py:193]            [INFO]     |                                Disney+ Movies Collection in Movies                                 |
[2023-03-02 05:04:50,727] [builder.py:193]            [INFO]     |====================================================================================================|
[2023-03-02 05:04:50,727] [builder.py:194]            [INFO]     |                                                                                                    |
[2023-03-02 05:04:50,727] [builder.py:205]            [INFO]     |================================ Building Definition From Templates ================================|
[2023-03-02 05:04:50,727] [builder.py:206]            [DEBUG]    |                                                                                                    |
[2023-03-02 05:04:50,727] [builder.py:216]            [DEBUG]    | Templates Called: streaming                                                                        |
[2023-03-02 05:04:50,727] [builder.py:217]            [DEBUG]    |                                                                                                    |
[2023-03-02 05:04:50,728] [meta.py:550]               [DEBUG]    |==================================== Final Template Attributes =====================================|
[2023-03-02 05:04:50,728] [meta.py:551]               [DEBUG]    |                                                                                                    |
[2023-03-02 05:04:50,728] [meta.py:552]               [DEBUG]    | {'cache_builders': 1, 'smart_label': 'release.desc', 'sync_mode': 'sync', 'mdblist_list': 'https://mdblist.com/lists/plexmetamanager/disney-movies', 'url_poster': 'https://raw.githubusercontent.com/meisnate12/Plex-Meta-Manager-Images/master/streaming/Disney%2B.jpg'} |
[2023-03-02 05:04:50,728] [meta.py:553]               [DEBUG]    |                                                                                                    |
[2023-03-02 05:04:50,728] [builder.py:233]            [INFO]     |=============================== Validating Disney+ Movies Attributes ===============================|
[2023-03-02 05:04:51,131] [builder.py:473]            [DEBUG]    |                                                                                                    |
[2023-03-02 05:04:51,131] [builder.py:474]            [DEBUG]    | Validating Method: smart_label                                                                     |
[2023-03-02 05:04:51,132] [builder.py:479]            [DEBUG]    | Value: release.desc                                                                                |
[2023-03-02 05:04:51,151] [builder.py:579]            [DEBUG]    |                                                                                                    |
[2023-03-02 05:04:51,151] [builder.py:580]            [DEBUG]    | Validating Method: sync_mode                                                                       |
[2023-03-02 05:04:51,151] [builder.py:584]            [DEBUG]    | Value: sync                                                                                        |
[2023-03-02 05:04:51,151] [builder.py:715]            [DEBUG]    |                                                                                                    |
[2023-03-02 05:04:51,151] [builder.py:719]            [DEBUG]    | Validating Method: label                                                                           |
[2023-03-02 05:04:51,151] [builder.py:720]            [DEBUG]    | Value: Streaming                                                                                   |
[2023-03-02 05:04:51,151] [builder.py:715]            [DEBUG]    |                                                                                                    |
[2023-03-02 05:04:51,151] [builder.py:719]            [DEBUG]    | Validating Method: cache_builders                                                                  |
[2023-03-02 05:04:51,152] [builder.py:720]            [DEBUG]    | Value: 1                                                                                           |
[2023-03-02 05:04:51,152] [builder.py:715]            [DEBUG]    |                                                                                                    |
[2023-03-02 05:04:51,152] [builder.py:719]            [DEBUG]    | Validating Method: mdblist_list                                                                    |
[2023-03-02 05:04:51,152] [builder.py:720]            [DEBUG]    | Value: https://mdblist.com/lists/plexmetamanager/disney-movies                                     |
[2023-03-02 05:04:51,152] [builder.py:715]            [DEBUG]    |                                                                                                    |
[2023-03-02 05:04:51,152] [builder.py:719]            [DEBUG]    | Validating Method: url_poster                                                                      |
[2023-03-02 05:04:51,152] [builder.py:720]            [DEBUG]    | Value: https://raw.githubusercontent.com/meisnate12/Plex-Meta-Manager-Images/master/streaming/Disney%2B.jpg |
[2023-03-02 05:04:51,990] [builder.py:885]            [INFO]     |                                                                                                    |
[2023-03-02 05:04:51,990] [builder.py:886]            [INFO]     | Validation Successful                                                                              |
[2023-03-02 05:04:51,991] [plex_meta_manager.py:636]  [INFO]     |                                                                                                    |
[2023-03-02 05:04:51,991] [plex_meta_manager.py:638]  [INFO]     |================================ Running Disney+ Movies Collection =================================|
[2023-03-02 05:04:51,991] [plex_meta_manager.py:644]  [INFO]     |                                                                                                    |
[2023-03-02 05:04:51,991] [plex_meta_manager.py:645]  [INFO]     | Smart Movie Label                                                                                  |
                                                                 | Sort By: ['release.desc']                                                                          |
                                                                 | Filter:                                                                                            |
                                                                 |   Match all of the following:                                                                      |
                                                                 |     Label is Disney+ Movies                                                                        |
[2023-03-02 05:04:51,991] [plex_meta_manager.py:646]  [INFO]     |                                                                                                    |
[2023-03-02 05:04:51,991] [plex_meta_manager.py:647]  [INFO]     | Items Found: 168                                                                                   |
[2023-03-02 05:04:51,991] [plex_meta_manager.py:652]  [INFO]     |                                                                                                    |
[2023-03-02 05:04:51,991] [plex_meta_manager.py:653]  [INFO]     | Sync Mode: sync                                                                                    |
[2023-03-02 05:04:51,992] [plex_meta_manager.py:656]  [DEBUG]    |                                                                                                    |
[2023-03-02 05:04:51,992] [plex_meta_manager.py:657]  [DEBUG]    | Builder: mdblist_list: {'url': 'https://mdblist.com/lists/plexmetamanager/disney-movies', 'limit': 0, 'sort_by': 'rank.asc'} |
[2023-03-02 05:04:51,992] [plex_meta_manager.py:658]  [INFO]     |                                                                                                    |
[2023-03-02 05:04:51,992] [builder.py:1614]           [INFO]     | Builder: mdblist_list loaded from Cache                                                            |
[2023-03-02 05:04:51,995] [builder.py:1665]           [DEBUG]    |                                                                                                    |
[2023-03-02 05:04:51,995] [builder.py:1666]           [DEBUG]    | 880 IDs Found                                                                                      |
[2023-03-02 05:04:51,995] [builder.py:1668]           [DEBUG]    |                                                                                                    |
[2023-03-02 05:04:52,020] [builder.py:2249]           [INFO]     |                                                                                                    |
[2023-03-02 05:04:52,020] [builder.py:2250]           [INFO]     |=============================== Adding to Disney+ Movies Collection ================================|
[2023-03-02 05:04:52,020] [builder.py:2251]           [INFO]     |                                                                                                    |
[2023-03-02 05:04:52,472] [builder.py:2265]           [INFO]     |   1/168 | Disney+ Movies Collection | = | Disenchanted (2022)                                      |
[2023-03-02 05:04:52,473] [builder.py:2265]           [INFO]     |   2/168 | Disney+ Movies Collection | = | Black Panther: Wakanda Forever (2022)                    |
[2023-03-02 05:04:52,473] [builder.py:2265]           [INFO]     |   3/168 | Disney+ Movies Collection | = | Hocus Pocus 2 (2022)                                     |
[2023-03-02 05:04:52,473] [builder.py:2265]           [INFO]     |   4/168 | Disney+ Movies Collection | = | Pinocchio (2022)                                         |
[2023-03-02 05:04:52,474] [builder.py:2265]           [INFO]     |   5/168 | Disney+ Movies Collection | = | Lego Star Wars Summer Vacation (2022)                    |
[2023-03-02 05:04:52,474] [builder.py:2265]           [INFO]     |   6/168 | Disney+ Movies Collection | = | Thor: Love and Thunder (2022)                            |
[2023-03-02 05:04:52,475] [builder.py:2265]           [INFO]     |   7/168 | Disney+ Movies Collection | = | Lightyear (2022)                                         |
[2023-03-02 05:04:52,475] [builder.py:2265]           [INFO]     |   8/168 | Disney+ Movies Collection | = | Chip 'n Dale: Rescue Rangers (2022)                      |
[2023-03-02 05:04:52,475] [builder.py:2265]           [INFO]     |   9/168 | Disney+ Movies Collection | = | Doctor Strange in the Multiverse of Madness (2022)       |
[2023-03-02 05:04:52,476] [builder.py:2265]           [INFO]     |  10/168 | Disney+ Movies Collection | = | Turning Red (2022)                                       |
[2023-03-02 05:04:52,476] [builder.py:2265]           [INFO]     |  11/168 | Disney+ Movies Collection | = | Diary of a Wimpy Kid (2021)                              |
[2023-03-02 05:04:52,481] [builder.py:2265]           [INFO]     |  12/168 | Disney+ Movies Collection | = | Eternals (2021)                                          |
[2023-03-02 05:04:52,481] [builder.py:2265]           [INFO]     |  13/168 | Disney+ Movies Collection | = | Ron's Gone Wrong (2021)                                  |
[2023-03-02 05:04:52,482] [builder.py:2265]           [INFO]     |  14/168 | Disney+ Movies Collection | = | Encanto (2021)                                           |
[2023-03-02 05:04:52,483] [builder.py:2265]           [INFO]     |  15/168 | Disney+ Movies Collection | = | Shang-Chi and the Legend of the Ten Rings (2021)         |
[2023-03-02 05:04:52,483] [builder.py:2265]           [INFO]     |  16/168 | Disney+ Movies Collection | = | Free Guy (2021)                                          |
[2023-03-02 05:04:52,484] [builder.py:2265]           [INFO]     |  17/168 | Disney+ Movies Collection | = | Jungle Cruise (2021)                                     |
[2023-03-02 05:04:52,484] [builder.py:2265]           [INFO]     |  18/168 | Disney+ Movies Collection | = | Black Widow (2021)                                       |
[2023-03-02 05:04:52,485] [builder.py:2265]           [INFO]     |  19/168 | Disney+ Movies Collection | = | Summer of Soul (...Or, When the Revolution Could Not Be Televised) (2021) |
[2023-03-02 05:04:52,486] [builder.py:2265]           [INFO]     |  20/168 | Disney+ Movies Collection | = | Luca (2021)                                              |
[2023-03-02 05:04:52,486] [builder.py:2265]           [INFO]     |  21/168 | Disney+ Movies Collection | = | Raya and the Last Dragon (2021)                          |
[2023-03-02 05:04:52,487] [builder.py:2265]           [INFO]     |  22/168 | Disney+ Movies Collection | = | Soul (2020)                                              |
[2023-03-02 05:04:52,488] [builder.py:2265]           [INFO]     |  23/168 | Disney+ Movies Collection | = | The Lego Star Wars Holiday Special (2020)                |
[2023-03-02 05:04:52,488] [builder.py:2265]           [INFO]     |  24/168 | Disney+ Movies Collection | = | Mulan (2020)                                             |
[2023-03-02 05:04:52,489] [builder.py:2265]           [INFO]     |  25/168 | Disney+ Movies Collection | = | The New Mutants (2020)                                   |
[2023-03-02 05:04:52,489] [builder.py:2265]           [INFO]     |  26/168 | Disney+ Movies Collection | = | Onward (2020)                                            |
[2023-03-02 05:04:52,490] [builder.py:2265]           [INFO]     |  27/168 | Disney+ Movies Collection | = | The Call of the Wild (2020)                              |
[2023-03-02 05:04:52,490] [builder.py:2265]           [INFO]     |  28/168 | Disney+ Movies Collection | = | Star Wars: Episode IX - The Rise of Skywalker (2019)     |
[2023-03-02 05:04:52,491] [builder.py:2265]           [INFO]     |  29/168 | Disney+ Movies Collection | = | Spies in Disguise (2019)                                 |
[2023-03-02 05:04:52,491] [builder.py:2265]           [INFO]     |  30/168 | Disney+ Movies Collection | = | Frozen II (2019)                                         |
[2023-03-02 05:04:52,491] [builder.py:2265]           [INFO]     |  31/168 | Disney+ Movies Collection | = | The Art of Racing in the Rain (2019)                     |
[2023-03-02 05:04:52,492] [builder.py:2265]           [INFO]     |  32/168 | Disney+ Movies Collection | = | Toy Story 4 (2019)                                       |
[2023-03-02 05:04:52,492] [builder.py:2265]           [INFO]     |  33/168 | Disney+ Movies Collection | = | X-Men: Dark Phoenix (2019)                               |
[2023-03-02 05:04:52,493] [builder.py:2265]           [INFO]     |  34/168 | Disney+ Movies Collection | = | Avengers: Endgame (2019)                                 |
[2023-03-02 05:04:52,493] [builder.py:2265]           [INFO]     |  35/168 | Disney+ Movies Collection | = | Captain Marvel (2019)                                    |
[2023-03-02 05:04:52,493] [builder.py:2265]           [INFO]     |  36/168 | Disney+ Movies Collection | = | Mary Poppins Returns (2018)                              |
[2023-03-02 05:04:52,494] [builder.py:2265]           [INFO]     |  37/168 | Disney+ Movies Collection | = | Ralph Breaks the Internet (2018)                         |
[2023-03-02 05:04:52,494] [builder.py:2265]           [INFO]     |  38/168 | Disney+ Movies Collection | = | Christopher Robin (2018)                                 |
[2023-03-02 05:04:52,494] [builder.py:2265]           [INFO]     |  39/168 | Disney+ Movies Collection | = | Ant-Man and the Wasp (2018)                              |
[2023-03-02 05:04:52,494] [builder.py:2265]           [INFO]     |  40/168 | Disney+ Movies Collection | = | Incredibles 2 (2018)                                     |
[2023-03-02 05:04:52,495] [builder.py:2265]           [INFO]     |  41/168 | Disney+ Movies Collection | = | Solo: A Star Wars Story (2018)                           |
[2023-03-02 05:04:52,495] [builder.py:2265]           [INFO]     |  42/168 | Disney+ Movies Collection | = | Deadpool 2 (2018)                                        |
[2023-03-02 05:04:52,495] [builder.py:2265]           [INFO]     |  43/168 | Disney+ Movies Collection | = | Avengers: Infinity War (2018)                            |
[2023-03-02 05:04:52,496] [builder.py:2265]           [INFO]     |  44/168 | Disney+ Movies Collection | = | Black Panther (2018)                                     |
[2023-03-02 05:04:52,496] [builder.py:2265]           [INFO]     |  45/168 | Disney+ Movies Collection | = | Star Wars: The Last Jedi (2017)                          |
[2023-03-02 05:04:52,496] [builder.py:2265]           [INFO]     |  46/168 | Disney+ Movies Collection | = | Coco (2017)                                              |
[2023-03-02 05:04:52,497] [builder.py:2265]           [INFO]     |  47/168 | Disney+ Movies Collection | = | Thor: Ragnarok (2017)                                    |
[2023-03-02 05:04:52,497] [builder.py:2265]           [INFO]     |  48/168 | Disney+ Movies Collection | = | Cars 3 (2017)                                            |
[2023-03-02 05:04:52,497] [builder.py:2265]           [INFO]     |  49/168 | Disney+ Movies Collection | = | Guardians of the Galaxy Vol. 2 (2017)                    |
[2023-03-02 05:04:52,498] [builder.py:2265]           [INFO]     |  50/168 | Disney+ Movies Collection | = | Beauty and the Beast (2017)                              |
[2023-03-02 05:04:52,498] [builder.py:2265]           [INFO]     |  51/168 | Disney+ Movies Collection | = | Logan (2017)                                             |
[2023-03-02 05:04:52,498] [builder.py:2265]           [INFO]     |  52/168 | Disney+ Movies Collection | = | Rogue One: A Star Wars Story (2016)                      |
[2023-03-02 05:04:52,499] [builder.py:2265]           [INFO]     |  53/168 | Disney+ Movies Collection | = | Doctor Strange (2016)                                    |
[2023-03-02 05:04:52,499] [builder.py:2265]           [INFO]     |  54/168 | Disney+ Movies Collection | = | Moana (2016)                                             |
[2023-03-02 05:04:52,499] [builder.py:2265]           [INFO]     |  55/168 | Disney+ Movies Collection | = | Finding Dory (2016)                                      |
[2023-03-02 05:04:52,500] [builder.py:2265]           [INFO]     |  56/168 | Disney+ Movies Collection | = | X-Men: Apocalypse (2016)                                 |
[2023-03-02 05:04:52,500] [builder.py:2265]           [INFO]     |  57/168 | Disney+ Movies Collection | = | Captain America: Civil War (2016)                        |
[2023-03-02 05:04:52,501] [builder.py:2265]           [INFO]     |  58/168 | Disney+ Movies Collection | = | The Jungle Book (2016)                                   |
[2023-03-02 05:04:52,501] [builder.py:2265]           [INFO]     |  59/168 | Disney+ Movies Collection | = | Zootopia (2016)                                          |
[2023-03-02 05:04:52,502] [builder.py:2265]           [INFO]     |  60/168 | Disney+ Movies Collection | = | Deadpool (2016)                                          |
[2023-03-02 05:04:52,502] [builder.py:2265]           [INFO]     |  61/168 | Disney+ Movies Collection | = | Star Wars: Episode VII - The Force Awakens (2015)        |
[2023-03-02 05:04:52,502] [builder.py:2265]           [INFO]     |  62/168 | Disney+ Movies Collection | = | The Good Dinosaur (2015)                                 |
[2023-03-02 05:04:52,503] [builder.py:2265]           [INFO]     |  63/168 | Disney+ Movies Collection | = | Ant-Man (2015)                                           |
[2023-03-02 05:04:52,503] [builder.py:2265]           [INFO]     |  64/168 | Disney+ Movies Collection | = | Inside Out (2015)                                        |
[2023-03-02 05:04:52,503] [builder.py:2265]           [INFO]     |  65/168 | Disney+ Movies Collection | = | Avengers: Age of Ultron (2015)                           |
[2023-03-02 05:04:52,503] [builder.py:2265]           [INFO]     |  66/168 | Disney+ Movies Collection | = | Night at the Museum: Secret of the Tomb (2014)           |
[2023-03-02 05:04:52,504] [builder.py:2265]           [INFO]     |  67/168 | Disney+ Movies Collection | = | Big Hero 6 (2014)                                        |
[2023-03-02 05:04:52,504] [builder.py:2265]           [INFO]     |  68/168 | Disney+ Movies Collection | = | Guardians of the Galaxy (2014)                           |
[2023-03-02 05:04:52,504] [builder.py:2265]           [INFO]     |  69/168 | Disney+ Movies Collection | = | Planes: Fire & Rescue (2014)                             |
[2023-03-02 05:04:52,505] [builder.py:2265]           [INFO]     |  70/168 | Disney+ Movies Collection | = | X-Men: Days of Future Past (2014)                        |
[2023-03-02 05:04:52,505] [builder.py:2265]           [INFO]     |  71/168 | Disney+ Movies Collection | = | Bears (2014)                                             |
[2023-03-02 05:04:52,505] [builder.py:2265]           [INFO]     |  72/168 | Disney+ Movies Collection | = | Captain America: The Winter Soldier (2014)               |
[2023-03-02 05:04:52,506] [builder.py:2265]           [INFO]     |  73/168 | Disney+ Movies Collection | = | Frozen (2013)                                            |
[2023-03-02 05:04:52,506] [builder.py:2265]           [INFO]     |  74/168 | Disney+ Movies Collection | = | Thor: The Dark World (2013)                              |
[2023-03-02 05:04:52,507] [builder.py:2265]           [INFO]     |  75/168 | Disney+ Movies Collection | = | Planes (2013)                                            |
[2023-03-02 05:04:52,507] [builder.py:2265]           [INFO]     |  76/168 | Disney+ Movies Collection | = | The Wolverine (2013)                                     |
[2023-03-02 05:04:52,508] [builder.py:2265]           [INFO]     |  77/168 | Disney+ Movies Collection | = | Monsters University (2013)                               |
[2023-03-02 05:04:52,508] [builder.py:2265]           [INFO]     |  78/168 | Disney+ Movies Collection | = | Iron Man 3 (2013)                                        |
[2023-03-02 05:04:52,509] [builder.py:2265]           [INFO]     |  79/168 | Disney+ Movies Collection | = | Wreck-It Ralph (2012)                                    |
[2023-03-02 05:04:52,509] [builder.py:2265]           [INFO]     |  80/168 | Disney+ Movies Collection | = | Frankenweenie (2012)                                     |
[2023-03-02 05:04:52,509] [builder.py:2265]           [INFO]     |  81/168 | Disney+ Movies Collection | = | Brave (2012)                                             |
[2023-03-02 05:04:52,509] [builder.py:2265]           [INFO]     |  82/168 | Disney+ Movies Collection | = | The Avengers (2012)                                      |
[2023-03-02 05:04:52,510] [builder.py:2265]           [INFO]     |  83/168 | Disney+ Movies Collection | = | The Muppets (2011)                                       |
[2023-03-02 05:04:52,510] [builder.py:2265]           [INFO]     |  84/168 | Disney+ Movies Collection | = | Captain America: The First Avenger (2011)                |
[2023-03-02 05:04:52,510] [builder.py:2265]           [INFO]     |  85/168 | Disney+ Movies Collection | = | Cars 2 (2011)                                            |
[2023-03-02 05:04:52,511] [builder.py:2265]           [INFO]     |  86/168 | Disney+ Movies Collection | = | Thor (2011)                                              |
[2023-03-02 05:04:52,511] [builder.py:2265]           [INFO]     |  87/168 | Disney+ Movies Collection | = | Winnie the Pooh (2011)                                   |
[2023-03-02 05:04:52,512] [builder.py:2265]           [INFO]     |  88/168 | Disney+ Movies Collection | = | Tangled (2010)                                           |
[2023-03-02 05:04:52,513] [builder.py:2265]           [INFO]     |  89/168 | Disney+ Movies Collection | = | Toy Story 3 (2010)                                       |
[2023-03-02 05:04:52,513] [builder.py:2265]           [INFO]     |  90/168 | Disney+ Movies Collection | = | Iron Man 2 (2010)                                        |
[2023-03-02 05:04:52,513] [builder.py:2265]           [INFO]     |  91/168 | Disney+ Movies Collection | = | Percy Jackson and The Lightning Thief (2010)             |
[2023-03-02 05:04:52,514] [builder.py:2265]           [INFO]     |  92/168 | Disney+ Movies Collection | = | Avatar (2009)                                            |
[2023-03-02 05:04:52,514] [builder.py:2265]           [INFO]     |  93/168 | Disney+ Movies Collection | = | The Princess and the Frog (2009)                         |
[2023-03-02 05:04:52,514] [builder.py:2265]           [INFO]     |  94/168 | Disney+ Movies Collection | = | A Christmas Carol (2009)                                 |
[2023-03-02 05:04:52,515] [builder.py:2265]           [INFO]     |  95/168 | Disney+ Movies Collection | = | Up (2009)                                                |
[2023-03-02 05:04:52,515] [builder.py:2265]           [INFO]     |  96/168 | Disney+ Movies Collection | = | Bolt (2008)                                              |
[2023-03-02 05:04:52,516] [builder.py:2265]           [INFO]     |  97/168 | Disney+ Movies Collection | = | WALL·E (2008)                                            |
[2023-03-02 05:04:52,516] [builder.py:2265]           [INFO]     |  98/168 | Disney+ Movies Collection | = | Iron Man (2008)                                          |
[2023-03-02 05:04:52,516] [builder.py:2265]           [INFO]     |  99/168 | Disney+ Movies Collection | = | Alvin and the Chipmunks (2007)                           |
[2023-03-02 05:04:52,517] [builder.py:2265]           [INFO]     | 100/168 | Disney+ Movies Collection | = | Enchanted (2007)                                         |
[2023-03-02 05:04:52,517] [builder.py:2265]           [INFO]     | 101/168 | Disney+ Movies Collection | = | Dan in Real Life (2007)                                  |
[2023-03-02 05:04:52,517] [builder.py:2265]           [INFO]     | 102/168 | Disney+ Movies Collection | = | The Simpsons Movie (2007)                                |
[2023-03-02 05:04:52,518] [builder.py:2265]           [INFO]     | 103/168 | Disney+ Movies Collection | = | Ratatouille (2007)                                       |
[2023-03-02 05:04:52,518] [builder.py:2265]           [INFO]     | 104/168 | Disney+ Movies Collection | = | Meet the Robinsons (2007)                                |
[2023-03-02 05:04:52,518] [builder.py:2265]           [INFO]     | 105/168 | Disney+ Movies Collection | = | Bridge to Terabithia (2007)                              |
[2023-03-02 05:04:52,519] [builder.py:2265]           [INFO]     | 106/168 | Disney+ Movies Collection | = | Night at the Museum (2006)                               |
[2023-03-02 05:04:52,519] [builder.py:2265]           [INFO]     | 107/168 | Disney+ Movies Collection | = | The Santa Clause 3: The Escape Clause (2006)             |
[2023-03-02 05:04:52,520] [builder.py:2265]           [INFO]     | 108/168 | Disney+ Movies Collection | = | Cars (2006)                                              |
[2023-03-02 05:04:52,520] [builder.py:2265]           [INFO]     | 109/168 | Disney+ Movies Collection | = | X-Men: The Last Stand (2006)                             |
[2023-03-02 05:04:52,521] [builder.py:2265]           [INFO]     | 110/168 | Disney+ Movies Collection | = | The Chronicles of Narnia: The Lion, the Witch and the Wardrobe (2005) |
[2023-03-02 05:04:52,521] [builder.py:2265]           [INFO]     | 111/168 | Disney+ Movies Collection | = | Star Wars: Episode III - Revenge of the Sith (2005)      |
[2023-03-02 05:04:52,521] [builder.py:2265]           [INFO]     | 112/168 | Disney+ Movies Collection | = | The Incredibles (2004)                                   |
[2023-03-02 05:04:52,522] [builder.py:2265]           [INFO]     | 113/168 | Disney+ Movies Collection | = | Recess: Taking the Fifth Grade (2003)                    |
[2023-03-02 05:04:52,523] [builder.py:2265]           [INFO]     | 114/168 | Disney+ Movies Collection | = | Pirates of the Caribbean: The Curse of the Black Pearl (2003) |
[2023-03-02 05:04:52,523] [builder.py:2265]           [INFO]     | 115/168 | Disney+ Movies Collection | = | Finding Nemo (2003)                                      |
[2023-03-02 05:04:52,524] [builder.py:2265]           [INFO]     | 116/168 | Disney+ Movies Collection | = | X2: X-Men United (2003)                                  |
[2023-03-02 05:04:52,524] [builder.py:2265]           [INFO]     | 117/168 | Disney+ Movies Collection | = | Holes (2003)                                             |
[2023-03-02 05:04:52,524] [builder.py:2265]           [INFO]     | 118/168 | Disney+ Movies Collection | = | Treasure Planet (2002)                                   |
[2023-03-02 05:04:52,525] [builder.py:2265]           [INFO]     | 119/168 | Disney+ Movies Collection | = | The Santa Clause 2 (2002)                                |
[2023-03-02 05:04:52,526] [builder.py:2265]           [INFO]     | 120/168 | Disney+ Movies Collection | = | Tuck Everlasting (2002)                                  |
[2023-03-02 05:04:52,526] [builder.py:2265]           [INFO]     | 121/168 | Disney+ Movies Collection | = | Like Mike (2002)                                         |
[2023-03-02 05:04:52,527] [builder.py:2265]           [INFO]     | 122/168 | Disney+ Movies Collection | = | Star Wars: Episode II - Attack of the Clones (2002)      |
[2023-03-02 05:04:52,527] [builder.py:2265]           [INFO]     | 123/168 | Disney+ Movies Collection | = | The Rookie (2002)                                        |
[2023-03-02 05:04:52,528] [builder.py:2265]           [INFO]     | 124/168 | Disney+ Movies Collection | = | Peter Pan 2: Return to Never Land (2002)                 |
[2023-03-02 05:04:52,528] [builder.py:2265]           [INFO]     | 125/168 | Disney+ Movies Collection | = | Monsters, Inc. (2001)                                    |
[2023-03-02 05:04:52,529] [builder.py:2265]           [INFO]     | 126/168 | Disney+ Movies Collection | = | Toy Story 2 (1999)                                       |
[2023-03-02 05:04:52,529] [builder.py:2265]           [INFO]     | 127/168 | Disney+ Movies Collection | = | Star Wars: Episode I - The Phantom Menace (1999)         |
[2023-03-02 05:04:52,530] [builder.py:2265]           [INFO]     | 128/168 | Disney+ Movies Collection | = | A Bug's Life (1998)                                      |
[2023-03-02 05:04:52,530] [builder.py:2265]           [INFO]     | 129/168 | Disney+ Movies Collection | = | Halloweentown (1998)                                     |
[2023-03-02 05:04:52,530] [builder.py:2265]           [INFO]     | 130/168 | Disney+ Movies Collection | = | Mulan (1998)                                             |
[2023-03-02 05:04:52,530] [builder.py:2265]           [INFO]     | 131/168 | Disney+ Movies Collection | = | 101 Dalmatians (1996)                                    |
[2023-03-02 05:04:52,531] [builder.py:2265]           [INFO]     | 132/168 | Disney+ Movies Collection | = | Muppet Treasure Island (1996)                            |
[2023-03-02 05:04:52,531] [builder.py:2265]           [INFO]     | 133/168 | Disney+ Movies Collection | = | Toy Story (1995)                                         |
[2023-03-02 05:04:52,532] [builder.py:2265]           [INFO]     | 134/168 | Disney+ Movies Collection | = | While You Were Sleeping (1995)                           |
[2023-03-02 05:04:52,532] [builder.py:2265]           [INFO]     | 135/168 | Disney+ Movies Collection | = | The Santa Clause (1994)                                  |
[2023-03-02 05:04:52,533] [builder.py:2265]           [INFO]     | 136/168 | Disney+ Movies Collection | = | The Lion King (1994)                                     |
[2023-03-02 05:04:52,534] [builder.py:2265]           [INFO]     | 137/168 | Disney+ Movies Collection | = | The Nightmare Before Christmas (1993)                    |
[2023-03-02 05:04:52,534] [builder.py:2265]           [INFO]     | 138/168 | Disney+ Movies Collection | = | Cool Runnings (1993)                                     |
[2023-03-02 05:04:52,534] [builder.py:2265]           [INFO]     | 139/168 | Disney+ Movies Collection | = | Hocus Pocus (1993)                                       |
[2023-03-02 05:04:52,535] [builder.py:2265]           [INFO]     | 140/168 | Disney+ Movies Collection | = | The Muppet Christmas Carol (1992)                        |
[2023-03-02 05:04:52,535] [builder.py:2265]           [INFO]     | 141/168 | Disney+ Movies Collection | = | Aladdin (1992)                                           |
[2023-03-02 05:04:52,536] [builder.py:2265]           [INFO]     | 142/168 | Disney+ Movies Collection | = | Home Alone 2: Lost in New York (1992)                    |
[2023-03-02 05:04:52,536] [builder.py:2265]           [INFO]     | 143/168 | Disney+ Movies Collection | = | The Mighty Ducks (1992)                                  |
[2023-03-02 05:04:52,537] [builder.py:2265]           [INFO]     | 144/168 | Disney+ Movies Collection | = | Home Alone (1990)                                        |
[2023-03-02 05:04:52,537] [builder.py:2265]           [INFO]     | 145/168 | Disney+ Movies Collection | = | DuckTales the Movie: Treasure of the Lost Lamp (1990)    |
[2023-03-02 05:04:52,538] [builder.py:2265]           [INFO]     | 146/168 | Disney+ Movies Collection | = | Turner & Hooch (1989)                                    |
[2023-03-02 05:04:52,539] [builder.py:2265]           [INFO]     | 147/168 | Disney+ Movies Collection | = | Honey, I Shrunk the Kids (1989)                          |
[2023-03-02 05:04:52,539] [builder.py:2265]           [INFO]     | 148/168 | Disney+ Movies Collection | = | Who Framed Roger Rabbit (1988)                           |
[2023-03-02 05:04:52,540] [builder.py:2265]           [INFO]     | 149/168 | Disney+ Movies Collection | = | Willow (1988)                                            |
[2023-03-02 05:04:52,540] [builder.py:2265]           [INFO]     | 150/168 | Disney+ Movies Collection | = | The Princess Bride (1987)                                |
[2023-03-02 05:04:52,541] [builder.py:2265]           [INFO]     | 151/168 | Disney+ Movies Collection | = | Adventures in Babysitting (1987)                         |
[2023-03-02 05:04:52,541] [builder.py:2265]           [INFO]     | 152/168 | Disney+ Movies Collection | = | Flight of the Navigator (1986)                           |
[2023-03-02 05:04:52,541] [builder.py:2265]           [INFO]     | 153/168 | Disney+ Movies Collection | = | The Journey of Natty Gann (1985)                         |
[2023-03-02 05:04:52,542] [builder.py:2265]           [INFO]     | 154/168 | Disney+ Movies Collection | = | Mickey's Christmas Carol (1983)                          |
[2023-03-02 05:04:52,543] [builder.py:2265]           [INFO]     | 155/168 | Disney+ Movies Collection | = | Star Wars: Episode VI - Return of the Jedi (1983)        |
[2023-03-02 05:04:52,543] [builder.py:2265]           [INFO]     | 156/168 | Disney+ Movies Collection | = | Star Wars: Episode V - The Empire Strikes Back (1980)    |
[2023-03-02 05:04:52,544] [builder.py:2265]           [INFO]     | 157/168 | Disney+ Movies Collection | = | Candleshoe (1977)                                        |
[2023-03-02 05:04:52,544] [builder.py:2265]           [INFO]     | 158/168 | Disney+ Movies Collection | = | Star Wars: Episode IV - A New Hope (1977)                |
[2023-03-02 05:04:52,545] [builder.py:2265]           [INFO]     | 159/168 | Disney+ Movies Collection | = | The Many Adventures of Winnie the Pooh (1977)            |
[2023-03-02 05:04:52,545] [builder.py:2265]           [INFO]     | 160/168 | Disney+ Movies Collection | = | Robin Hood (1973)                                        |
[2023-03-02 05:04:52,545] [builder.py:2265]           [INFO]     | 161/168 | Disney+ Movies Collection | = | Bedknobs and Broomsticks (1971)                          |
[2023-03-02 05:04:52,546] [builder.py:2265]           [INFO]     | 162/168 | Disney+ Movies Collection | = | The Jungle Book (1967)                                   |
[2023-03-02 05:04:52,546] [builder.py:2265]           [INFO]     | 163/168 | Disney+ Movies Collection | = | The Sound of Music (1965)                                |
[2023-03-02 05:04:52,546] [builder.py:2265]           [INFO]     | 164/168 | Disney+ Movies Collection | = | Mary Poppins (1964)                                      |
[2023-03-02 05:04:52,547] [builder.py:2265]           [INFO]     | 165/168 | Disney+ Movies Collection | = | The Parent Trap (1961)                                   |
[2023-03-02 05:04:52,547] [builder.py:2265]           [INFO]     | 166/168 | Disney+ Movies Collection | = | Swiss Family Robinson (1960)                             |
[2023-03-02 05:04:52,548] [builder.py:2265]           [INFO]     | 167/168 | Disney+ Movies Collection | = | Peter Pan (1953)                                         |
[2023-03-02 05:04:52,548] [builder.py:2265]           [INFO]     | 168/168 | Disney+ Movies Collection | = | Bambi (1942)                                             |
[2023-03-02 05:04:52,548] [builder.py:2285]           [INFO]     |                                                                                                    |
[2023-03-02 05:04:52,549] [builder.py:2287]           [INFO]     | 168 Movies Processed 0 Movies Added                                                                |
[2023-03-02 05:04:52,581] [builder.py:2623]           [INFO]     |                                                                                                    |
[2023-03-02 05:04:52,581] [builder.py:2624]           [INFO]     |========================== Updating Details of Disney+ Movies Collection ===========================|
[2023-03-02 05:04:52,581] [builder.py:2625]           [INFO]     |                                                                                                    |
[2023-03-02 05:04:52,594] [builder.py:2689]           [INFO]     | Collection Metadata Edits                                                                          |
[2023-03-02 05:04:52,594] [util.py:178]               [DEBUG]    | 2 posters found:                                                                                   |
[2023-03-02 05:04:52,594] [util.py:180]               [DEBUG]    | Method: url_poster Poster: https://raw.githubusercontent.com/meisnate12/Plex-Meta-Manager-Images/master/streaming/Disney%2B.jpg |
[2023-03-02 05:04:52,594] [util.py:180]               [DEBUG]    | Method: asset_directory Poster: {'attribute': 'asset_directory', 'location': '//config/assets/movies/Disney+ Movies/poster.jpg', 'prefix': "Disney+ Movies's ", 'is_poster': True, 'is_url': False, 'compare': 204676, 'message': "Disney+ Movies's poster to [File] //config/assets/movies/Disney+ Movies/poster.jpg"} |
[2023-03-02 05:04:52,595] [library.py:177]            [INFO]     | Detail: Disney+ Movies's poster update not needed                                                  |
[2023-03-02 05:04:52,940] [plex_meta_manager.py:780]  [INFO]     |                                                                                                    |
[2023-03-02 05:04:52,940] [plex_meta_manager.py:781]  [INFO]     |====================================================================================================|
[2023-03-02 05:04:52,940] [plex_meta_manager.py:781]  [INFO]     |                                 Finished Disney+ Movies Collection                                 |
[2023-03-02 05:04:52,940] [plex_meta_manager.py:781]  [INFO]     |                                    Collection Run Time: 0:00:02                                    |
[2023-03-02 05:04:52,941] [plex_meta_manager.py:781]  [INFO]     |====================================================================================================|
