[2023-11-22 05:03:06,430] [builder.py:193]            [INFO]     |====================================================================================================|
[2023-11-22 05:03:06,430] [builder.py:193]            [INFO]     |                             Based on True Events Collection in Movies                              |
[2023-11-22 05:03:06,430] [builder.py:193]            [INFO]     |====================================================================================================|
[2023-11-22 05:03:06,430] [builder.py:194]            [INFO]     |                                                                                                    |
[2023-11-22 05:03:06,430] [builder.py:205]            [INFO]     |================================ Building Definition From Templates ================================|
[2023-11-22 05:03:06,430] [builder.py:206]            [DEBUG]    |                                                                                                    |
[2023-11-22 05:03:06,431] [builder.py:216]            [DEBUG]    | Templates Called: Specialty                                                                        |
[2023-11-22 05:03:06,431] [builder.py:217]            [DEBUG]    |                                                                                                    |
[2023-11-22 05:03:06,431] [meta.py:550]               [DEBUG]    |==================================== Final Template Attributes =====================================|
[2023-11-22 05:03:06,431] [meta.py:551]               [DEBUG]    |                                                                                                    |
[2023-11-22 05:03:06,432] [meta.py:552]               [DEBUG]    | {'url_poster': 'https://theposterdb.com/images/defaults/missing_poster.jpg', 'sort_title': 'Based on True Events', 'delete_not_scheduled': True, 'run_again': True, 'visible_home': False, 'visible_shared': False, 'sync_mode': 'sync'} |
[2023-11-22 05:03:06,432] [meta.py:553]               [DEBUG]    |                                                                                                    |
[2023-11-22 05:03:06,432] [builder.py:233]            [INFO]     |============================ Validating Based on True Events Attributes ============================|
[2023-11-22 05:03:06,572] [builder.py:500]            [DEBUG]    |                                                                                                    |
[2023-11-22 05:03:06,572] [builder.py:501]            [DEBUG]    | Validating Method: delete_not_scheduled                                                            |
[2023-11-22 05:03:06,572] [builder.py:502]            [DEBUG]    | Value: True                                                                                        |
[2023-11-22 05:03:06,572] [builder.py:558]            [DEBUG]    |                                                                                                    |
[2023-11-22 05:03:06,572] [builder.py:559]            [DEBUG]    | Validating Method: run_again                                                                       |
[2023-11-22 05:03:06,572] [builder.py:560]            [DEBUG]    | Value: True                                                                                        |
[2023-11-22 05:03:06,572] [builder.py:579]            [DEBUG]    |                                                                                                    |
[2023-11-22 05:03:06,572] [builder.py:580]            [DEBUG]    | Validating Method: sync_mode                                                                       |
[2023-11-22 05:03:06,573] [builder.py:584]            [DEBUG]    | Value: sync                                                                                        |
[2023-11-22 05:03:06,573] [builder.py:715]            [DEBUG]    |                                                                                                    |
[2023-11-22 05:03:06,573] [builder.py:719]            [DEBUG]    | Validating Method: trakt_list                                                                      |
[2023-11-22 05:03:06,573] [builder.py:720]            [DEBUG]    | Value: https://trakt.tv/users/manu101/lists/based-inspired-on-actual-events                        |
[2023-11-22 05:03:06,806] [builder.py:715]            [DEBUG]    |                                                                                                    |
[2023-11-22 05:03:06,806] [builder.py:719]            [DEBUG]    | Validating Method: summary                                                                         |
[2023-11-22 05:03:06,806] [builder.py:720]            [DEBUG]    | Value: Movies based on true events.                                                                |
[2023-11-22 05:03:06,806] [builder.py:715]            [DEBUG]    |                                                                                                    |
[2023-11-22 05:03:06,806] [builder.py:719]            [DEBUG]    | Validating Method: url_poster                                                                      |
[2023-11-22 05:03:06,806] [builder.py:720]            [DEBUG]    | Value: https://theposterdb.com/images/defaults/missing_poster.jpg                                  |
[2023-11-22 05:03:06,846] [builder.py:715]            [DEBUG]    |                                                                                                    |
[2023-11-22 05:03:06,846] [builder.py:719]            [DEBUG]    | Validating Method: sort_title                                                                      |
[2023-11-22 05:03:06,846] [builder.py:720]            [DEBUG]    | Value: Based on True Events                                                                        |
[2023-11-22 05:03:06,847] [builder.py:715]            [DEBUG]    |                                                                                                    |
[2023-11-22 05:03:06,847] [builder.py:719]            [DEBUG]    | Validating Method: visible_home                                                                    |
[2023-11-22 05:03:06,847] [builder.py:720]            [DEBUG]    | Value: False                                                                                       |
[2023-11-22 05:03:06,847] [builder.py:715]            [DEBUG]    |                                                                                                    |
[2023-11-22 05:03:06,847] [builder.py:719]            [DEBUG]    | Validating Method: visible_shared                                                                  |
[2023-11-22 05:03:06,847] [builder.py:720]            [DEBUG]    | Value: False                                                                                       |
[2023-11-22 05:03:06,847] [builder.py:885]            [INFO]     |                                                                                                    |
[2023-11-22 05:03:06,847] [builder.py:886]            [INFO]     | Validation Successful                                                                              |
[2023-11-22 05:03:06,847] [plex_meta_manager.py:636]  [INFO]     |                                                                                                    |
[2023-11-22 05:03:06,848] [plex_meta_manager.py:638]  [INFO]     |============================= Running Based on True Events Collection ==============================|
[2023-11-22 05:03:06,848] [plex_meta_manager.py:652]  [INFO]     |                                                                                                    |
[2023-11-22 05:03:06,848] [plex_meta_manager.py:653]  [INFO]     | Sync Mode: sync                                                                                    |
[2023-11-22 05:03:06,848] [plex_meta_manager.py:656]  [DEBUG]    |                                                                                                    |
[2023-11-22 05:03:06,848] [plex_meta_manager.py:657]  [DEBUG]    | Builder: trakt_list: https://trakt.tv/users/manu101/lists/based-inspired-on-actual-events          |
[2023-11-22 05:03:06,848] [plex_meta_manager.py:658]  [INFO]     |                                                                                                    |
[2023-11-22 05:03:06,848] [trakt.py:493]              [INFO]     | Processing Trakt List: https://trakt.tv/users/manu101/lists/based-inspired-on-actual-events        |
[2023-11-22 05:03:07,075] [builder.py:1665]           [DEBUG]    |                                                                                                    |
[2023-11-22 05:03:07,075] [builder.py:1666]           [DEBUG]    | 405 IDs Found                                                                                      |
[2023-11-22 05:03:07,076] [builder.py:1668]           [DEBUG]    |                                                                                                    |
[2023-11-22 05:03:07,077] [builder.py:2249]           [INFO]     |                                                                                                    |
[2023-11-22 05:03:07,077] [builder.py:2250]           [INFO]     |============================ Adding to Based on True Events Collection =============================|
[2023-11-22 05:03:07,078] [builder.py:2251]           [INFO]     |                                                                                                    |
[2023-11-22 05:03:07,078] [builder.py:2265]           [INFO]     |  1/26 | Based on True Events Collection | = | Schindler's List (1993)                              |
[2023-11-22 05:03:07,078] [builder.py:2265]           [INFO]     |  2/26 | Based on True Events Collection | = | Saving Private Ryan (1998)                           |
[2023-11-22 05:03:07,078] [builder.py:2265]           [INFO]     |  3/26 | Based on True Events Collection | = | Braveheart (1995)                                    |
[2023-11-22 05:03:07,078] [builder.py:2265]           [INFO]     |  4/26 | Based on True Events Collection | = | JFK (1991)                                           |
[2023-11-22 05:03:07,078] [builder.py:2265]           [INFO]     |  5/26 | Based on True Events Collection | = | 12 Years a Slave (2013)                              |
[2023-11-22 05:03:07,078] [builder.py:2265]           [INFO]     |  6/26 | Based on True Events Collection | = | Hotel Rwanda (2005)                                  |
[2023-11-22 05:03:07,078] [builder.py:2265]           [INFO]     |  7/26 | Based on True Events Collection | = | Enemy at the Gates (2001)                            |
[2023-11-22 05:03:07,079] [builder.py:2265]           [INFO]     |  8/26 | Based on True Events Collection | = | 300 (2007)                                           |
[2023-11-22 05:03:07,079] [builder.py:2265]           [INFO]     |  9/26 | Based on True Events Collection | = | Selma (2015)                                         |
[2023-11-22 05:03:07,079] [builder.py:2265]           [INFO]     | 10/26 | Based on True Events Collection | = | The Wolf of Wall Street (2013)                       |
[2023-11-22 05:03:07,079] [builder.py:2265]           [INFO]     | 11/26 | Based on True Events Collection | = | Straight Outta Compton (2015)                        |
[2023-11-22 05:03:07,079] [builder.py:2265]           [INFO]     | 12/26 | Based on True Events Collection | = | Lincoln (2012)                                       |
[2023-11-22 05:03:07,079] [builder.py:2265]           [INFO]     | 13/26 | Based on True Events Collection | = | Into the Wild (2007)                                 |
[2023-11-22 05:03:07,079] [builder.py:2265]           [INFO]     | 14/26 | Based on True Events Collection | = | Black Hawk Down (2002)                               |
[2023-11-22 05:03:07,080] [builder.py:2265]           [INFO]     | 15/26 | Based on True Events Collection | = | The Birth of a Nation (2016)                         |
[2023-11-22 05:03:07,080] [builder.py:2265]           [INFO]     | 16/26 | Based on True Events Collection | = | Anthropoid (2016)                                    |
[2023-11-22 05:03:07,080] [builder.py:2265]           [INFO]     | 17/26 | Based on True Events Collection | = | Gandhi (1982)                                        |
[2023-11-22 05:03:07,080] [builder.py:2265]           [INFO]     | 18/26 | Based on True Events Collection | = | The Big Sick (2017)                                  |
[2023-11-22 05:03:07,080] [builder.py:2265]           [INFO]     | 19/26 | Based on True Events Collection | = | Marshall (2017)                                      |
[2023-11-22 05:03:07,080] [builder.py:2265]           [INFO]     | 20/26 | Based on True Events Collection | = | Tag (2018)                                           |
[2023-11-22 05:03:07,081] [builder.py:2265]           [INFO]     | 21/26 | Based on True Events Collection | = | Being the Ricardos (2021)                            |
[2023-11-22 05:03:07,081] [builder.py:2265]           [INFO]     | 22/26 | Based on True Events Collection | = | Elvis (2022)                                         |
[2023-11-22 05:03:07,081] [builder.py:2265]           [INFO]     | 23/26 | Based on True Events Collection | + | Oppenheimer (2023)                                   |
[2023-11-22 05:03:07,113] [builder.py:2265]           [INFO]     | 24/26 | Based on True Events Collection | = | Weird: The Al Yankovic Story (2022)                  |
[2023-11-22 05:03:07,114] [builder.py:2265]           [INFO]     | 25/26 | Based on True Events Collection | = | Cocaine Bear (2023)                                  |
[2023-11-22 05:03:07,114] [builder.py:2265]           [INFO]     | 26/26 | Based on True Events Collection | = | The Last King of Scotland (2007)                     |
[2023-11-22 05:03:07,568] [builder.py:2285]           [INFO]     |                                                                                                    |
[2023-11-22 05:03:07,568] [builder.py:2287]           [INFO]     | 26 Movies Processed 1 Movies Added                                                                 |
[2023-11-22 05:03:09,237] [builder.py:2422]           [INFO]     |                                                                                                    |
[2023-11-22 05:03:09,237] [builder.py:2423]           [INFO]     | 362 Movies Missing                                                                                 |
[2023-11-22 05:03:09,724] [builder.py:2623]           [INFO]     |                                                                                                    |
[2023-11-22 05:03:09,724] [builder.py:2624]           [INFO]     |======================= Updating Details of Based on True Events Collection ========================|
[2023-11-22 05:03:09,724] [builder.py:2625]           [INFO]     |                                                                                                    |
[2023-11-22 05:03:09,729] [builder.py:2689]           [INFO]     | Collection Metadata Edits                                                                          |
[2023-11-22 05:03:09,732] [util.py:178]               [DEBUG]    | 2 posters found:                                                                                   |
[2023-11-22 05:03:09,732] [util.py:180]               [DEBUG]    | Method: url_poster Poster: https://theposterdb.com/images/defaults/missing_poster.jpg              |
[2023-11-22 05:03:09,732] [util.py:180]               [DEBUG]    | Method: asset_directory Poster: {'attribute': 'asset_directory', 'location': '//config/assets/movies/Based on True Events/poster.jpg', 'prefix': "Based on True Events's ", 'is_poster': True, 'is_url': False, 'compare': 37395, 'message': "Based on True Events's poster to [File] //config/assets/movies/Based on True Events/poster.jpg"} |
[2023-11-22 05:03:09,733] [library.py:177]            [INFO]     | Detail: Based on True Events's poster update not needed                                            |
[2023-11-22 05:03:09,871] [plex_meta_manager.py:780]  [INFO]     |                                                                                                    |
[2023-11-22 05:03:09,871] [plex_meta_manager.py:781]  [INFO]     |====================================================================================================|
[2023-11-22 05:03:09,872] [plex_meta_manager.py:781]  [INFO]     |                              Finished Based on True Events Collection                              |
[2023-11-22 05:03:09,872] [plex_meta_manager.py:781]  [INFO]     |                                    Collection Run Time: 0:00:03                                    |
[2023-11-22 05:03:09,872] [plex_meta_manager.py:781]  [INFO]     |====================================================================================================|
