[2023-11-30 05:11:21,083] [builder.py:193]            [INFO]     |====================================================================================================|
[2023-11-30 05:11:21,083] [builder.py:193]            [INFO]     |                                 Sketch Comedy Collection in Shows                                  |
[2023-11-30 05:11:21,083] [builder.py:193]            [INFO]     |====================================================================================================|
[2023-11-30 05:11:21,084] [builder.py:194]            [INFO]     |                                                                                                    |
[2023-11-30 05:11:21,084] [builder.py:205]            [INFO]     |================================ Building Definition From Templates ================================|
[2023-11-30 05:11:21,084] [builder.py:206]            [DEBUG]    |                                                                                                    |
[2023-11-30 05:11:21,084] [builder.py:216]            [DEBUG]    | Templates Called: Specialty                                                                        |
[2023-11-30 05:11:21,084] [builder.py:217]            [DEBUG]    |                                                                                                    |
[2023-11-30 05:11:21,085] [meta.py:550]               [DEBUG]    |==================================== Final Template Attributes =====================================|
[2023-11-30 05:11:21,085] [meta.py:551]               [DEBUG]    |                                                                                                    |
[2023-11-30 05:11:21,085] [meta.py:552]               [DEBUG]    | {'url_poster': 'https://theposterdb.com/images/defaults/missing_poster.jpg', 'sort_title': 'Sketch Comedy', 'collection_mode': 'hide', 'delete_not_scheduled': True, 'run_again': True, 'visible_home': False, 'visible_shared': False, 'sync_mode': 'sync'} |
[2023-11-30 05:11:21,085] [meta.py:553]               [DEBUG]    |                                                                                                    |
[2023-11-30 05:11:21,085] [builder.py:233]            [INFO]     |=============================== Validating Sketch Comedy Attributes ================================|
[2023-11-30 05:11:21,155] [builder.py:500]            [DEBUG]    |                                                                                                    |
[2023-11-30 05:11:21,156] [builder.py:501]            [DEBUG]    | Validating Method: delete_not_scheduled                                                            |
[2023-11-30 05:11:21,156] [builder.py:502]            [DEBUG]    | Value: True                                                                                        |
[2023-11-30 05:11:21,156] [builder.py:558]            [DEBUG]    |                                                                                                    |
[2023-11-30 05:11:21,156] [builder.py:559]            [DEBUG]    | Validating Method: run_again                                                                       |
[2023-11-30 05:11:21,156] [builder.py:560]            [DEBUG]    | Value: True                                                                                        |
[2023-11-30 05:11:21,156] [builder.py:579]            [DEBUG]    |                                                                                                    |
[2023-11-30 05:11:21,156] [builder.py:580]            [DEBUG]    | Validating Method: sync_mode                                                                       |
[2023-11-30 05:11:21,156] [builder.py:584]            [DEBUG]    | Value: sync                                                                                        |
[2023-11-30 05:11:21,156] [builder.py:715]            [DEBUG]    |                                                                                                    |
[2023-11-30 05:11:21,156] [builder.py:719]            [DEBUG]    | Validating Method: imdb_id                                                                         |
[2023-11-30 05:11:21,157] [builder.py:720]            [DEBUG]    | Value: ['tt0178126', 'tt0353049', 'tt0115148', 'tt0876298', 'tt10050772', 'tt0098830', 'tt1981558', 'tt0096626', 'tt11921588', 'tt0112084', 'tt0074028', 'tt1780441', 'tt0130421', 'tt0499410', 'tt4574708', 'tt0840979'] |
[2023-11-30 05:11:21,157] [builder.py:715]            [DEBUG]    |                                                                                                    |
[2023-11-30 05:11:21,157] [builder.py:719]            [DEBUG]    | Validating Method: summary                                                                         |
[2023-11-30 05:11:21,157] [builder.py:720]            [DEBUG]    | Value: Sketch comedy comprises a series of short, amusing scenes or vignettes, commonly between one and ten minutes long, performed by a group of comic actors or comedians. It has its origins in vaudeville and music hall, where many brief humorous acts were strung together to form a larger program. |
[2023-11-30 05:11:21,157] [builder.py:715]            [DEBUG]    |                                                                                                    |
[2023-11-30 05:11:21,157] [builder.py:719]            [DEBUG]    | Validating Method: url_poster                                                                      |
[2023-11-30 05:11:21,157] [builder.py:720]            [DEBUG]    | Value: https://theposterdb.com/images/defaults/missing_poster.jpg                                  |
[2023-11-30 05:11:21,196] [builder.py:715]            [DEBUG]    |                                                                                                    |
[2023-11-30 05:11:21,196] [builder.py:719]            [DEBUG]    | Validating Method: sort_title                                                                      |
[2023-11-30 05:11:21,196] [builder.py:720]            [DEBUG]    | Value: Sketch Comedy                                                                               |
[2023-11-30 05:11:21,196] [builder.py:715]            [DEBUG]    |                                                                                                    |
[2023-11-30 05:11:21,196] [builder.py:719]            [DEBUG]    | Validating Method: collection_mode                                                                 |
[2023-11-30 05:11:21,196] [builder.py:720]            [DEBUG]    | Value: hide                                                                                        |
[2023-11-30 05:11:21,196] [builder.py:715]            [DEBUG]    |                                                                                                    |
[2023-11-30 05:11:21,196] [builder.py:719]            [DEBUG]    | Validating Method: visible_home                                                                    |
[2023-11-30 05:11:21,197] [builder.py:720]            [DEBUG]    | Value: False                                                                                       |
[2023-11-30 05:11:21,197] [builder.py:715]            [DEBUG]    |                                                                                                    |
[2023-11-30 05:11:21,197] [builder.py:719]            [DEBUG]    | Validating Method: visible_shared                                                                  |
[2023-11-30 05:11:21,197] [builder.py:720]            [DEBUG]    | Value: False                                                                                       |
[2023-11-30 05:11:21,197] [builder.py:885]            [INFO]     |                                                                                                    |
[2023-11-30 05:11:21,197] [builder.py:886]            [INFO]     | Validation Successful                                                                              |
[2023-11-30 05:11:21,197] [plex_meta_manager.py:636]  [INFO]     |                                                                                                    |
[2023-11-30 05:11:21,197] [plex_meta_manager.py:638]  [INFO]     |================================= Running Sketch Comedy Collection =================================|
[2023-11-30 05:11:21,197] [plex_meta_manager.py:652]  [INFO]     |                                                                                                    |
[2023-11-30 05:11:21,197] [plex_meta_manager.py:653]  [INFO]     | Sync Mode: sync                                                                                    |
[2023-11-30 05:11:21,197] [plex_meta_manager.py:656]  [DEBUG]    |                                                                                                    |
[2023-11-30 05:11:21,197] [plex_meta_manager.py:657]  [DEBUG]    | Builder: imdb_id: tt0178126                                                                        |
[2023-11-30 05:11:21,198] [plex_meta_manager.py:658]  [INFO]     |                                                                                                    |
[2023-11-30 05:11:21,198] [imdb.py:201]               [INFO]     | Processing IMDb ID: tt0178126                                                                      |
[2023-11-30 05:11:21,198] [builder.py:1665]           [DEBUG]    |                                                                                                    |
[2023-11-30 05:11:21,198] [builder.py:1666]           [DEBUG]    | 1 IDs Found                                                                                        |
[2023-11-30 05:11:21,198] [builder.py:1668]           [DEBUG]    |                                                                                                    |
[2023-11-30 05:11:21,198] [plex_meta_manager.py:656]  [DEBUG]    |                                                                                                    |
[2023-11-30 05:11:21,198] [plex_meta_manager.py:657]  [DEBUG]    | Builder: imdb_id: tt0353049                                                                        |
[2023-11-30 05:11:21,198] [plex_meta_manager.py:658]  [INFO]     |                                                                                                    |
[2023-11-30 05:11:21,198] [imdb.py:201]               [INFO]     | Processing IMDb ID: tt0353049                                                                      |
[2023-11-30 05:11:21,198] [builder.py:1665]           [DEBUG]    |                                                                                                    |
[2023-11-30 05:11:21,198] [builder.py:1666]           [DEBUG]    | 1 IDs Found                                                                                        |
[2023-11-30 05:11:21,198] [builder.py:1668]           [DEBUG]    |                                                                                                    |
[2023-11-30 05:11:21,198] [plex_meta_manager.py:656]  [DEBUG]    |                                                                                                    |
[2023-11-30 05:11:21,198] [plex_meta_manager.py:657]  [DEBUG]    | Builder: imdb_id: tt0115148                                                                        |
[2023-11-30 05:11:21,198] [plex_meta_manager.py:658]  [INFO]     |                                                                                                    |
[2023-11-30 05:11:21,199] [imdb.py:201]               [INFO]     | Processing IMDb ID: tt0115148                                                                      |
[2023-11-30 05:11:21,199] [builder.py:1665]           [DEBUG]    |                                                                                                    |
[2023-11-30 05:11:21,199] [builder.py:1666]           [DEBUG]    | 1 IDs Found                                                                                        |
[2023-11-30 05:11:21,199] [builder.py:1668]           [DEBUG]    |                                                                                                    |
[2023-11-30 05:11:21,199] [plex_meta_manager.py:656]  [DEBUG]    |                                                                                                    |
[2023-11-30 05:11:21,199] [plex_meta_manager.py:657]  [DEBUG]    | Builder: imdb_id: tt0876298                                                                        |
[2023-11-30 05:11:21,199] [plex_meta_manager.py:658]  [INFO]     |                                                                                                    |
[2023-11-30 05:11:21,199] [imdb.py:201]               [INFO]     | Processing IMDb ID: tt0876298                                                                      |
[2023-11-30 05:11:21,199] [builder.py:1665]           [DEBUG]    |                                                                                                    |
[2023-11-30 05:11:21,199] [builder.py:1666]           [DEBUG]    | 1 IDs Found                                                                                        |
[2023-11-30 05:11:21,199] [builder.py:1668]           [DEBUG]    |                                                                                                    |
[2023-11-30 05:11:21,199] [plex_meta_manager.py:656]  [DEBUG]    |                                                                                                    |
[2023-11-30 05:11:21,199] [plex_meta_manager.py:657]  [DEBUG]    | Builder: imdb_id: tt10050772                                                                       |
[2023-11-30 05:11:21,199] [plex_meta_manager.py:658]  [INFO]     |                                                                                                    |
[2023-11-30 05:11:21,199] [imdb.py:201]               [INFO]     | Processing IMDb ID: tt10050772                                                                     |
[2023-11-30 05:11:21,200] [builder.py:1665]           [DEBUG]    |                                                                                                    |
[2023-11-30 05:11:21,200] [builder.py:1666]           [DEBUG]    | 1 IDs Found                                                                                        |
[2023-11-30 05:11:21,200] [builder.py:1668]           [DEBUG]    |                                                                                                    |
[2023-11-30 05:11:21,200] [plex_meta_manager.py:656]  [DEBUG]    |                                                                                                    |
[2023-11-30 05:11:21,200] [plex_meta_manager.py:657]  [DEBUG]    | Builder: imdb_id: tt0098830                                                                        |
[2023-11-30 05:11:21,200] [plex_meta_manager.py:658]  [INFO]     |                                                                                                    |
[2023-11-30 05:11:21,200] [imdb.py:201]               [INFO]     | Processing IMDb ID: tt0098830                                                                      |
[2023-11-30 05:11:21,200] [builder.py:1665]           [DEBUG]    |                                                                                                    |
[2023-11-30 05:11:21,200] [builder.py:1666]           [DEBUG]    | 1 IDs Found                                                                                        |
[2023-11-30 05:11:21,200] [builder.py:1668]           [DEBUG]    |                                                                                                    |
[2023-11-30 05:11:21,200] [plex_meta_manager.py:656]  [DEBUG]    |                                                                                                    |
[2023-11-30 05:11:21,200] [plex_meta_manager.py:657]  [DEBUG]    | Builder: imdb_id: tt1981558                                                                        |
[2023-11-30 05:11:21,200] [plex_meta_manager.py:658]  [INFO]     |                                                                                                    |
[2023-11-30 05:11:21,200] [imdb.py:201]               [INFO]     | Processing IMDb ID: tt1981558                                                                      |
[2023-11-30 05:11:21,200] [builder.py:1665]           [DEBUG]    |                                                                                                    |
[2023-11-30 05:11:21,201] [builder.py:1666]           [DEBUG]    | 1 IDs Found                                                                                        |
[2023-11-30 05:11:21,201] [builder.py:1668]           [DEBUG]    |                                                                                                    |
[2023-11-30 05:11:21,201] [plex_meta_manager.py:656]  [DEBUG]    |                                                                                                    |
[2023-11-30 05:11:21,201] [plex_meta_manager.py:657]  [DEBUG]    | Builder: imdb_id: tt0096626                                                                        |
[2023-11-30 05:11:21,201] [plex_meta_manager.py:658]  [INFO]     |                                                                                                    |
[2023-11-30 05:11:21,201] [imdb.py:201]               [INFO]     | Processing IMDb ID: tt0096626                                                                      |
[2023-11-30 05:11:21,201] [builder.py:1665]           [DEBUG]    |                                                                                                    |
[2023-11-30 05:11:21,201] [builder.py:1666]           [DEBUG]    | 1 IDs Found                                                                                        |
[2023-11-30 05:11:21,201] [builder.py:1668]           [DEBUG]    |                                                                                                    |
[2023-11-30 05:11:21,201] [plex_meta_manager.py:656]  [DEBUG]    |                                                                                                    |
[2023-11-30 05:11:21,201] [plex_meta_manager.py:657]  [DEBUG]    | Builder: imdb_id: tt11921588                                                                       |
[2023-11-30 05:11:21,201] [plex_meta_manager.py:658]  [INFO]     |                                                                                                    |
[2023-11-30 05:11:21,201] [imdb.py:201]               [INFO]     | Processing IMDb ID: tt11921588                                                                     |
[2023-11-30 05:11:21,201] [builder.py:1665]           [DEBUG]    |                                                                                                    |
[2023-11-30 05:11:21,201] [builder.py:1666]           [DEBUG]    | 1 IDs Found                                                                                        |
[2023-11-30 05:11:21,201] [builder.py:1668]           [DEBUG]    |                                                                                                    |
[2023-11-30 05:11:21,202] [plex_meta_manager.py:656]  [DEBUG]    |                                                                                                    |
[2023-11-30 05:11:21,202] [plex_meta_manager.py:657]  [DEBUG]    | Builder: imdb_id: tt0112084                                                                        |
[2023-11-30 05:11:21,202] [plex_meta_manager.py:658]  [INFO]     |                                                                                                    |
[2023-11-30 05:11:21,202] [imdb.py:201]               [INFO]     | Processing IMDb ID: tt0112084                                                                      |
[2023-11-30 05:11:21,202] [builder.py:1665]           [DEBUG]    |                                                                                                    |
[2023-11-30 05:11:21,202] [builder.py:1666]           [DEBUG]    | 1 IDs Found                                                                                        |
[2023-11-30 05:11:21,202] [builder.py:1668]           [DEBUG]    |                                                                                                    |
[2023-11-30 05:11:21,202] [plex_meta_manager.py:656]  [DEBUG]    |                                                                                                    |
[2023-11-30 05:11:21,202] [plex_meta_manager.py:657]  [DEBUG]    | Builder: imdb_id: tt0074028                                                                        |
[2023-11-30 05:11:21,202] [plex_meta_manager.py:658]  [INFO]     |                                                                                                    |
[2023-11-30 05:11:21,202] [imdb.py:201]               [INFO]     | Processing IMDb ID: tt0074028                                                                      |
[2023-11-30 05:11:21,202] [builder.py:1665]           [DEBUG]    |                                                                                                    |
[2023-11-30 05:11:21,202] [builder.py:1666]           [DEBUG]    | 1 IDs Found                                                                                        |
[2023-11-30 05:11:21,202] [builder.py:1668]           [DEBUG]    |                                                                                                    |
[2023-11-30 05:11:21,203] [plex_meta_manager.py:656]  [DEBUG]    |                                                                                                    |
[2023-11-30 05:11:21,203] [plex_meta_manager.py:657]  [DEBUG]    | Builder: imdb_id: tt1780441                                                                        |
[2023-11-30 05:11:21,203] [plex_meta_manager.py:658]  [INFO]     |                                                                                                    |
[2023-11-30 05:11:21,203] [imdb.py:201]               [INFO]     | Processing IMDb ID: tt1780441                                                                      |
[2023-11-30 05:11:21,203] [builder.py:1665]           [DEBUG]    |                                                                                                    |
[2023-11-30 05:11:21,203] [builder.py:1666]           [DEBUG]    | 1 IDs Found                                                                                        |
[2023-11-30 05:11:21,203] [builder.py:1668]           [DEBUG]    |                                                                                                    |
[2023-11-30 05:11:21,203] [plex_meta_manager.py:656]  [DEBUG]    |                                                                                                    |
[2023-11-30 05:11:21,203] [plex_meta_manager.py:657]  [DEBUG]    | Builder: imdb_id: tt0130421                                                                        |
[2023-11-30 05:11:21,203] [plex_meta_manager.py:658]  [INFO]     |                                                                                                    |
[2023-11-30 05:11:21,203] [imdb.py:201]               [INFO]     | Processing IMDb ID: tt0130421                                                                      |
[2023-11-30 05:11:21,203] [builder.py:1665]           [DEBUG]    |                                                                                                    |
[2023-11-30 05:11:21,203] [builder.py:1666]           [DEBUG]    | 1 IDs Found                                                                                        |
[2023-11-30 05:11:21,203] [builder.py:1668]           [DEBUG]    |                                                                                                    |
[2023-11-30 05:11:21,203] [plex_meta_manager.py:656]  [DEBUG]    |                                                                                                    |
[2023-11-30 05:11:21,204] [plex_meta_manager.py:657]  [DEBUG]    | Builder: imdb_id: tt0499410                                                                        |
[2023-11-30 05:11:21,204] [plex_meta_manager.py:658]  [INFO]     |                                                                                                    |
[2023-11-30 05:11:21,204] [imdb.py:201]               [INFO]     | Processing IMDb ID: tt0499410                                                                      |
[2023-11-30 05:11:21,204] [builder.py:1665]           [DEBUG]    |                                                                                                    |
[2023-11-30 05:11:21,204] [builder.py:1666]           [DEBUG]    | 1 IDs Found                                                                                        |
[2023-11-30 05:11:21,204] [builder.py:1668]           [DEBUG]    |                                                                                                    |
[2023-11-30 05:11:21,204] [plex_meta_manager.py:656]  [DEBUG]    |                                                                                                    |
[2023-11-30 05:11:21,204] [plex_meta_manager.py:657]  [DEBUG]    | Builder: imdb_id: tt4574708                                                                        |
[2023-11-30 05:11:21,204] [plex_meta_manager.py:658]  [INFO]     |                                                                                                    |
[2023-11-30 05:11:21,204] [imdb.py:201]               [INFO]     | Processing IMDb ID: tt4574708                                                                      |
[2023-11-30 05:11:21,204] [builder.py:1665]           [DEBUG]    |                                                                                                    |
[2023-11-30 05:11:21,204] [builder.py:1666]           [DEBUG]    | 1 IDs Found                                                                                        |
[2023-11-30 05:11:21,204] [builder.py:1668]           [DEBUG]    |                                                                                                    |
[2023-11-30 05:11:21,204] [plex_meta_manager.py:656]  [DEBUG]    |                                                                                                    |
[2023-11-30 05:11:21,204] [plex_meta_manager.py:657]  [DEBUG]    | Builder: imdb_id: tt0840979                                                                        |
[2023-11-30 05:11:21,205] [plex_meta_manager.py:658]  [INFO]     |                                                                                                    |
[2023-11-30 05:11:21,205] [imdb.py:201]               [INFO]     | Processing IMDb ID: tt0840979                                                                      |
[2023-11-30 05:11:21,205] [builder.py:1665]           [DEBUG]    |                                                                                                    |
[2023-11-30 05:11:21,205] [builder.py:1666]           [DEBUG]    | 1 IDs Found                                                                                        |
[2023-11-30 05:11:21,205] [builder.py:1668]           [DEBUG]    |                                                                                                    |
[2023-11-30 05:11:21,205] [builder.py:2249]           [INFO]     |                                                                                                    |
[2023-11-30 05:11:21,205] [builder.py:2250]           [INFO]     |================================ Adding to Sketch Comedy Collection ================================|
[2023-11-30 05:11:21,205] [builder.py:2251]           [INFO]     |                                                                                                    |
[2023-11-30 05:11:21,205] [builder.py:2265]           [INFO]     |  1/16 | Sketch Comedy Collection | = | Big Train                                                   |
[2023-11-30 05:11:21,205] [builder.py:2265]           [INFO]     |  2/16 | Sketch Comedy Collection | = | Chappelle's Show                                            |
[2023-11-30 05:11:21,205] [builder.py:2265]           [INFO]     |  3/16 | Sketch Comedy Collection | = | The Dana Carvey Show                                        |
[2023-11-30 05:11:21,205] [builder.py:2265]           [INFO]     |  4/16 | Sketch Comedy Collection | = | Human Giant                                                 |
[2023-11-30 05:11:21,206] [builder.py:2265]           [INFO]     |  5/16 | Sketch Comedy Collection | = | I Think You Should Leave with Tim Robinson                  |
[2023-11-30 05:11:21,206] [builder.py:2265]           [INFO]     |  6/16 | Sketch Comedy Collection | = | In Living Color                                             |
[2023-11-30 05:11:21,206] [builder.py:2265]           [INFO]     |  7/16 | Sketch Comedy Collection | = | Key & Peele                                                 |
[2023-11-30 05:11:21,206] [builder.py:2265]           [INFO]     |  8/16 | Sketch Comedy Collection | = | The Kids in the Hall                                        |
[2023-11-30 05:11:21,206] [builder.py:2265]           [INFO]     |  9/16 | Sketch Comedy Collection | = | The Kids in the Hall (2022)                                 |
[2023-11-30 05:11:21,206] [builder.py:2265]           [INFO]     | 10/16 | Sketch Comedy Collection | = | Mr. Show                                                    |
[2023-11-30 05:11:21,206] [builder.py:2265]           [INFO]     | 11/16 | Sketch Comedy Collection | = | The Muppet Show                                             |
[2023-11-30 05:11:21,206] [builder.py:2265]           [INFO]     | 12/16 | Sketch Comedy Collection | = | Portlandia                                                  |
[2023-11-30 05:11:21,206] [builder.py:2265]           [INFO]     | 13/16 | Sketch Comedy Collection | = | The State                                                   |
[2023-11-30 05:11:21,206] [builder.py:2265]           [INFO]     | 14/16 | Sketch Comedy Collection | = | That Mitchell and Webb Look                                 |
[2023-11-30 05:11:21,206] [builder.py:2265]           [INFO]     | 15/16 | Sketch Comedy Collection | = | W/ Bob & David                                              |
[2023-11-30 05:11:21,207] [builder.py:2265]           [INFO]     | 16/16 | Sketch Comedy Collection | = | The Whitest Kids U'Know                                     |
[2023-11-30 05:11:21,207] [builder.py:2285]           [INFO]     |                                                                                                    |
[2023-11-30 05:11:21,207] [builder.py:2287]           [INFO]     | 16 Shows Processed 0 Shows Added                                                                   |
[2023-11-30 05:11:21,211] [builder.py:2623]           [INFO]     |                                                                                                    |
[2023-11-30 05:11:21,211] [builder.py:2624]           [INFO]     |=========================== Updating Details of Sketch Comedy Collection ===========================|
[2023-11-30 05:11:21,211] [builder.py:2625]           [INFO]     |                                                                                                    |
[2023-11-30 05:11:21,216] [builder.py:2689]           [INFO]     | Collection Metadata Edits                                                                          |
[2023-11-30 05:11:21,218] [util.py:178]               [DEBUG]    | 1 poster found:                                                                                    |
[2023-11-30 05:11:21,219] [util.py:180]               [DEBUG]    | Method: url_poster Poster: https://theposterdb.com/images/defaults/missing_poster.jpg              |
[2023-11-30 05:11:21,219] [library.py:177]            [INFO]     | Detail: poster update not needed                                                                   |
[2023-11-30 05:11:21,283] [plex_meta_manager.py:780]  [INFO]     |                                                                                                    |
[2023-11-30 05:11:21,283] [plex_meta_manager.py:781]  [INFO]     |====================================================================================================|
[2023-11-30 05:11:21,283] [plex_meta_manager.py:781]  [INFO]     |                                 Finished Sketch Comedy Collection                                  |
[2023-11-30 05:11:21,283] [plex_meta_manager.py:781]  [INFO]     |                                    Collection Run Time: 0:00:00                                    |
[2023-11-30 05:11:21,283] [plex_meta_manager.py:781]  [INFO]     |====================================================================================================|
